[2024-10-18T23:36:05.588+0000] {taskinstance.py:1083} INFO - Dependencies all met for <TaskInstance: ambev_breweries_pipeline.run_silver scheduled__2024-10-17T09:00:00+00:00 [queued]>
[2024-10-18T23:36:05.593+0000] {taskinstance.py:1083} INFO - Dependencies all met for <TaskInstance: ambev_breweries_pipeline.run_silver scheduled__2024-10-17T09:00:00+00:00 [queued]>
[2024-10-18T23:36:05.594+0000] {taskinstance.py:1279} INFO - 
--------------------------------------------------------------------------------
[2024-10-18T23:36:05.594+0000] {taskinstance.py:1280} INFO - Starting attempt 1 of 1
[2024-10-18T23:36:05.594+0000] {taskinstance.py:1281} INFO - 
--------------------------------------------------------------------------------
[2024-10-18T23:36:05.602+0000] {taskinstance.py:1300} INFO - Executing <Task(BashOperator): run_silver> on 2024-10-17 09:00:00+00:00
[2024-10-18T23:36:05.605+0000] {standard_task_runner.py:55} INFO - Started process 216 to run task
[2024-10-18T23:36:05.607+0000] {standard_task_runner.py:82} INFO - Running: ['***', 'tasks', 'run', 'ambev_breweries_pipeline', 'run_silver', 'scheduled__2024-10-17T09:00:00+00:00', '--job-id', '3', '--raw', '--subdir', 'DAGS_FOLDER/dag_brewery.py', '--cfg-path', '/tmp/tmp0looyujs']
[2024-10-18T23:36:05.608+0000] {standard_task_runner.py:83} INFO - Job 3: Subtask run_silver
[2024-10-18T23:36:05.619+0000] {logging_mixin.py:137} WARNING - /usr/local/lib/python3.9/site-packages/***/settings.py:249 DeprecationWarning: The sql_alchemy_conn option in [core] has been moved to the sql_alchemy_conn option in [database] - the old setting has been used, but please update your config.
[2024-10-18T23:36:05.633+0000] {logging_mixin.py:137} WARNING - /usr/local/lib/python3.9/site-packages/***/utils/sqlalchemy.py:124 DeprecationWarning: The sql_alchemy_conn option in [core] has been moved to the sql_alchemy_conn option in [database] - the old setting has been used, but please update your config.
[2024-10-18T23:36:05.653+0000] {task_command.py:388} INFO - Running <TaskInstance: ambev_breweries_pipeline.run_silver scheduled__2024-10-17T09:00:00+00:00 [running]> on host 39b0b1bd9d5a
[2024-10-18T23:36:05.699+0000] {taskinstance.py:1507} INFO - Exporting the following env vars:
AIRFLOW_CTX_DAG_OWNER=Klaus_Rezende
AIRFLOW_CTX_DAG_ID=ambev_breweries_pipeline
AIRFLOW_CTX_TASK_ID=run_silver
AIRFLOW_CTX_EXECUTION_DATE=2024-10-17T09:00:00+00:00
AIRFLOW_CTX_TRY_NUMBER=1
AIRFLOW_CTX_DAG_RUN_ID=scheduled__2024-10-17T09:00:00+00:00
[2024-10-18T23:36:05.699+0000] {subprocess.py:63} INFO - Tmp dir root location: 
 /tmp
[2024-10-18T23:36:05.700+0000] {subprocess.py:75} INFO - Running command: ['/usr/bin/bash', '-c', 'python3 /opt/***/scripts/silver_brewery.py']
[2024-10-18T23:36:05.706+0000] {subprocess.py:86} INFO - Output:
[2024-10-18T23:36:07.268+0000] {subprocess.py:93} INFO - Setting default log level to "WARN".
[2024-10-18T23:36:07.268+0000] {subprocess.py:93} INFO - To adjust logging level use sc.setLogLevel(newLevel). For SparkR, use setLogLevel(newLevel).
[2024-10-18T23:36:07.438+0000] {subprocess.py:93} INFO - 24/10/18 23:36:07 WARN NativeCodeLoader: Unable to load native-hadoop library for your platform... using builtin-java classes where applicable
[2024-10-18T23:36:14.204+0000] {subprocess.py:93} INFO - [Stage 7:>                                                          (0 + 1) / 1]                                                                                has no null values
[2024-10-18T23:36:14.632+0000] {subprocess.py:97} INFO - Command exited with return code 0
[2024-10-18T23:36:14.653+0000] {taskinstance.py:1318} INFO - Marking task as SUCCESS. dag_id=ambev_breweries_pipeline, task_id=run_silver, execution_date=20241017T090000, start_date=20241018T233605, end_date=20241018T233614
[2024-10-18T23:36:14.690+0000] {local_task_job.py:208} INFO - Task exited with return code 0
[2024-10-18T23:36:14.709+0000] {taskinstance.py:2578} INFO - 1 downstream tasks scheduled from follow-on schedule check
