[2024-10-17T21:17:22.312+0000] {taskinstance.py:1083} INFO - Dependencies all met for <TaskInstance: ambev_breweries_pipeline.run_bronze scheduled__2024-09-03T09:00:00+00:00 [queued]>
[2024-10-17T21:17:22.319+0000] {taskinstance.py:1083} INFO - Dependencies all met for <TaskInstance: ambev_breweries_pipeline.run_bronze scheduled__2024-09-03T09:00:00+00:00 [queued]>
[2024-10-17T21:17:22.319+0000] {taskinstance.py:1279} INFO - 
--------------------------------------------------------------------------------
[2024-10-17T21:17:22.319+0000] {taskinstance.py:1280} INFO - Starting attempt 1 of 1
[2024-10-17T21:17:22.319+0000] {taskinstance.py:1281} INFO - 
--------------------------------------------------------------------------------
[2024-10-17T21:17:22.328+0000] {taskinstance.py:1300} INFO - Executing <Task(BashOperator): run_bronze> on 2024-09-03 09:00:00+00:00
[2024-10-17T21:17:22.331+0000] {standard_task_runner.py:55} INFO - Started process 102 to run task
[2024-10-17T21:17:22.333+0000] {standard_task_runner.py:82} INFO - Running: ['***', 'tasks', 'run', 'ambev_breweries_pipeline', 'run_bronze', 'scheduled__2024-09-03T09:00:00+00:00', '--job-id', '2', '--raw', '--subdir', 'DAGS_FOLDER/dag_brewery.py', '--cfg-path', '/tmp/tmpcu0rwfcm']
[2024-10-17T21:17:22.335+0000] {standard_task_runner.py:83} INFO - Job 2: Subtask run_bronze
[2024-10-17T21:17:22.345+0000] {logging_mixin.py:137} WARNING - /usr/local/lib/python3.9/site-packages/***/settings.py:249 DeprecationWarning: The sql_alchemy_conn option in [core] has been moved to the sql_alchemy_conn option in [database] - the old setting has been used, but please update your config.
[2024-10-17T21:17:22.359+0000] {logging_mixin.py:137} WARNING - /usr/local/lib/python3.9/site-packages/***/utils/sqlalchemy.py:124 DeprecationWarning: The sql_alchemy_conn option in [core] has been moved to the sql_alchemy_conn option in [database] - the old setting has been used, but please update your config.
[2024-10-17T21:17:22.380+0000] {task_command.py:388} INFO - Running <TaskInstance: ambev_breweries_pipeline.run_bronze scheduled__2024-09-03T09:00:00+00:00 [running]> on host d7db64b64b8c
[2024-10-17T21:17:22.427+0000] {taskinstance.py:1507} INFO - Exporting the following env vars:
AIRFLOW_CTX_DAG_OWNER=Klaus_Rezende
AIRFLOW_CTX_DAG_ID=ambev_breweries_pipeline
AIRFLOW_CTX_TASK_ID=run_bronze
AIRFLOW_CTX_EXECUTION_DATE=2024-09-03T09:00:00+00:00
AIRFLOW_CTX_TRY_NUMBER=1
AIRFLOW_CTX_DAG_RUN_ID=scheduled__2024-09-03T09:00:00+00:00
[2024-10-17T21:17:22.428+0000] {subprocess.py:63} INFO - Tmp dir root location: 
 /tmp
[2024-10-17T21:17:22.428+0000] {subprocess.py:75} INFO - Running command: ['/usr/bin/bash', '-c', 'python3 /opt/***/dags/scripts/bronze_brewery.py']
[2024-10-17T21:17:22.434+0000] {subprocess.py:86} INFO - Output:
[2024-10-17T21:17:22.460+0000] {subprocess.py:93} INFO - python3: can't open file '/opt/***/dags/scripts/bronze_brewery.py': [Errno 2] No such file or directory
[2024-10-17T21:17:22.462+0000] {subprocess.py:97} INFO - Command exited with return code 2
[2024-10-17T21:17:22.470+0000] {taskinstance.py:1768} ERROR - Task failed with exception
Traceback (most recent call last):
  File "/usr/local/lib/python3.9/site-packages/airflow/operators/bash.py", line 196, in execute
    raise AirflowException(
airflow.exceptions.AirflowException: Bash command failed. The command returned a non-zero exit code 2.
[2024-10-17T21:17:22.472+0000] {taskinstance.py:1318} INFO - Marking task as FAILED. dag_id=ambev_breweries_pipeline, task_id=run_bronze, execution_date=20240903T090000, start_date=20241017T211722, end_date=20241017T211722
[2024-10-17T21:17:22.480+0000] {standard_task_runner.py:100} ERROR - Failed to execute job 2 for task run_bronze (Bash command failed. The command returned a non-zero exit code 2.; 102)
[2024-10-17T21:17:22.505+0000] {local_task_job.py:208} INFO - Task exited with return code 1
[2024-10-17T21:17:22.522+0000] {taskinstance.py:2578} INFO - 0 downstream tasks scheduled from follow-on schedule check
[2024-10-17T21:53:18.010+0000] {taskinstance.py:1083} INFO - Dependencies all met for <TaskInstance: ambev_breweries_pipeline.run_bronze scheduled__2024-09-03T09:00:00+00:00 [queued]>
[2024-10-17T21:53:18.016+0000] {taskinstance.py:1083} INFO - Dependencies all met for <TaskInstance: ambev_breweries_pipeline.run_bronze scheduled__2024-09-03T09:00:00+00:00 [queued]>
[2024-10-17T21:53:18.017+0000] {taskinstance.py:1279} INFO - 
--------------------------------------------------------------------------------
[2024-10-17T21:53:18.017+0000] {taskinstance.py:1280} INFO - Starting attempt 1 of 1
[2024-10-17T21:53:18.017+0000] {taskinstance.py:1281} INFO - 
--------------------------------------------------------------------------------
[2024-10-17T21:53:18.026+0000] {taskinstance.py:1300} INFO - Executing <Task(BashOperator): run_bronze> on 2024-09-03 09:00:00+00:00
[2024-10-17T21:53:18.028+0000] {standard_task_runner.py:55} INFO - Started process 83 to run task
[2024-10-17T21:53:18.030+0000] {standard_task_runner.py:82} INFO - Running: ['***', 'tasks', 'run', 'ambev_breweries_pipeline', 'run_bronze', 'scheduled__2024-09-03T09:00:00+00:00', '--job-id', '2', '--raw', '--subdir', 'DAGS_FOLDER/dag_brewery.py', '--cfg-path', '/tmp/tmp84baquyr']
[2024-10-17T21:53:18.030+0000] {standard_task_runner.py:83} INFO - Job 2: Subtask run_bronze
[2024-10-17T21:53:18.041+0000] {logging_mixin.py:137} WARNING - /usr/local/lib/python3.9/site-packages/***/settings.py:249 DeprecationWarning: The sql_alchemy_conn option in [core] has been moved to the sql_alchemy_conn option in [database] - the old setting has been used, but please update your config.
[2024-10-17T21:53:18.056+0000] {logging_mixin.py:137} WARNING - /usr/local/lib/python3.9/site-packages/***/utils/sqlalchemy.py:124 DeprecationWarning: The sql_alchemy_conn option in [core] has been moved to the sql_alchemy_conn option in [database] - the old setting has been used, but please update your config.
[2024-10-17T21:53:18.079+0000] {task_command.py:388} INFO - Running <TaskInstance: ambev_breweries_pipeline.run_bronze scheduled__2024-09-03T09:00:00+00:00 [running]> on host ab5692cc8c7d
[2024-10-17T21:53:18.127+0000] {taskinstance.py:1507} INFO - Exporting the following env vars:
AIRFLOW_CTX_DAG_OWNER=Klaus_Rezende
AIRFLOW_CTX_DAG_ID=ambev_breweries_pipeline
AIRFLOW_CTX_TASK_ID=run_bronze
AIRFLOW_CTX_EXECUTION_DATE=2024-09-03T09:00:00+00:00
AIRFLOW_CTX_TRY_NUMBER=1
AIRFLOW_CTX_DAG_RUN_ID=scheduled__2024-09-03T09:00:00+00:00
[2024-10-17T21:53:18.127+0000] {subprocess.py:63} INFO - Tmp dir root location: 
 /tmp
[2024-10-17T21:53:18.128+0000] {subprocess.py:75} INFO - Running command: ['/usr/bin/bash', '-c', 'python3 /opt/***/scripts/bronze_brewery.py']
[2024-10-17T21:53:18.133+0000] {subprocess.py:86} INFO - Output:
[2024-10-17T21:53:18.590+0000] {subprocess.py:97} INFO - Command exited with return code 0
[2024-10-17T21:53:18.611+0000] {taskinstance.py:1318} INFO - Marking task as SUCCESS. dag_id=ambev_breweries_pipeline, task_id=run_bronze, execution_date=20240903T090000, start_date=20241017T215318, end_date=20241017T215318
[2024-10-17T21:53:18.644+0000] {local_task_job.py:208} INFO - Task exited with return code 0
[2024-10-17T21:53:18.663+0000] {taskinstance.py:2578} INFO - 1 downstream tasks scheduled from follow-on schedule check
