[2024-10-17T21:17:59.542+0000] {taskinstance.py:1083} INFO - Dependencies all met for <TaskInstance: ambev_breweries_pipeline.run_bronze scheduled__2024-09-03T09:00:00+00:00 [queued]>
[2024-10-17T21:17:59.549+0000] {taskinstance.py:1083} INFO - Dependencies all met for <TaskInstance: ambev_breweries_pipeline.run_bronze scheduled__2024-09-03T09:00:00+00:00 [queued]>
[2024-10-17T21:17:59.549+0000] {taskinstance.py:1279} INFO - 
--------------------------------------------------------------------------------
[2024-10-17T21:17:59.549+0000] {taskinstance.py:1280} INFO - Starting attempt 2 of 2
[2024-10-17T21:17:59.549+0000] {taskinstance.py:1281} INFO - 
--------------------------------------------------------------------------------
[2024-10-17T21:17:59.559+0000] {taskinstance.py:1300} INFO - Executing <Task(BashOperator): run_bronze> on 2024-09-03 09:00:00+00:00
[2024-10-17T21:17:59.562+0000] {standard_task_runner.py:55} INFO - Started process 110 to run task
[2024-10-17T21:17:59.563+0000] {standard_task_runner.py:82} INFO - Running: ['***', 'tasks', 'run', 'ambev_breweries_pipeline', 'run_bronze', 'scheduled__2024-09-03T09:00:00+00:00', '--job-id', '3', '--raw', '--subdir', 'DAGS_FOLDER/dag_brewery.py', '--cfg-path', '/tmp/tmpbakwwf6m']
[2024-10-17T21:17:59.564+0000] {standard_task_runner.py:83} INFO - Job 3: Subtask run_bronze
[2024-10-17T21:17:59.584+0000] {logging_mixin.py:137} WARNING - /usr/local/lib/python3.9/site-packages/***/settings.py:249 DeprecationWarning: The sql_alchemy_conn option in [core] has been moved to the sql_alchemy_conn option in [database] - the old setting has been used, but please update your config.
[2024-10-17T21:17:59.600+0000] {logging_mixin.py:137} WARNING - /usr/local/lib/python3.9/site-packages/***/utils/sqlalchemy.py:124 DeprecationWarning: The sql_alchemy_conn option in [core] has been moved to the sql_alchemy_conn option in [database] - the old setting has been used, but please update your config.
[2024-10-17T21:17:59.621+0000] {task_command.py:388} INFO - Running <TaskInstance: ambev_breweries_pipeline.run_bronze scheduled__2024-09-03T09:00:00+00:00 [running]> on host d7db64b64b8c
[2024-10-17T21:17:59.667+0000] {taskinstance.py:1507} INFO - Exporting the following env vars:
AIRFLOW_CTX_DAG_OWNER=Klaus_Rezende
AIRFLOW_CTX_DAG_ID=ambev_breweries_pipeline
AIRFLOW_CTX_TASK_ID=run_bronze
AIRFLOW_CTX_EXECUTION_DATE=2024-09-03T09:00:00+00:00
AIRFLOW_CTX_TRY_NUMBER=2
AIRFLOW_CTX_DAG_RUN_ID=scheduled__2024-09-03T09:00:00+00:00
[2024-10-17T21:17:59.667+0000] {subprocess.py:63} INFO - Tmp dir root location: 
 /tmp
[2024-10-17T21:17:59.668+0000] {subprocess.py:75} INFO - Running command: ['/usr/bin/bash', '-c', 'python3 /opt/***/scripts/bronze_brewery.py']
[2024-10-17T21:17:59.674+0000] {subprocess.py:86} INFO - Output:
[2024-10-17T21:18:00.636+0000] {subprocess.py:97} INFO - Command exited with return code 0
[2024-10-17T21:18:00.655+0000] {taskinstance.py:1318} INFO - Marking task as SUCCESS. dag_id=ambev_breweries_pipeline, task_id=run_bronze, execution_date=20240903T090000, start_date=20241017T211759, end_date=20241017T211800
[2024-10-17T21:18:00.698+0000] {local_task_job.py:208} INFO - Task exited with return code 0
[2024-10-17T21:18:00.716+0000] {taskinstance.py:2578} INFO - 1 downstream tasks scheduled from follow-on schedule check
