[2024-10-19T14:24:15.543+0000] {taskinstance.py:1083} INFO - Dependencies all met for <TaskInstance: ambev_breweries_pipeline.run_bronze scheduled__2024-10-18T09:00:00+00:00 [queued]>
[2024-10-19T14:24:15.551+0000] {taskinstance.py:1083} INFO - Dependencies all met for <TaskInstance: ambev_breweries_pipeline.run_bronze scheduled__2024-10-18T09:00:00+00:00 [queued]>
[2024-10-19T14:24:15.551+0000] {taskinstance.py:1279} INFO - 
--------------------------------------------------------------------------------
[2024-10-19T14:24:15.551+0000] {taskinstance.py:1280} INFO - Starting attempt 1 of 1
[2024-10-19T14:24:15.551+0000] {taskinstance.py:1281} INFO - 
--------------------------------------------------------------------------------
[2024-10-19T14:24:15.562+0000] {taskinstance.py:1300} INFO - Executing <Task(BashOperator): run_bronze> on 2024-10-18 09:00:00+00:00
[2024-10-19T14:24:15.565+0000] {standard_task_runner.py:55} INFO - Started process 209 to run task
[2024-10-19T14:24:15.567+0000] {standard_task_runner.py:82} INFO - Running: ['***', 'tasks', 'run', 'ambev_breweries_pipeline', 'run_bronze', 'scheduled__2024-10-18T09:00:00+00:00', '--job-id', '24', '--raw', '--subdir', 'DAGS_FOLDER/dag_brewery.py', '--cfg-path', '/tmp/tmpjudk_gft']
[2024-10-19T14:24:15.568+0000] {standard_task_runner.py:83} INFO - Job 24: Subtask run_bronze
[2024-10-19T14:24:15.579+0000] {logging_mixin.py:137} WARNING - /usr/local/lib/python3.9/site-packages/***/settings.py:249 DeprecationWarning: The sql_alchemy_conn option in [core] has been moved to the sql_alchemy_conn option in [database] - the old setting has been used, but please update your config.
[2024-10-19T14:24:15.596+0000] {logging_mixin.py:137} WARNING - /usr/local/lib/python3.9/site-packages/***/utils/sqlalchemy.py:124 DeprecationWarning: The sql_alchemy_conn option in [core] has been moved to the sql_alchemy_conn option in [database] - the old setting has been used, but please update your config.
[2024-10-19T14:24:15.619+0000] {task_command.py:388} INFO - Running <TaskInstance: ambev_breweries_pipeline.run_bronze scheduled__2024-10-18T09:00:00+00:00 [running]> on host 39b0b1bd9d5a
[2024-10-19T14:24:15.666+0000] {taskinstance.py:1507} INFO - Exporting the following env vars:
AIRFLOW_CTX_DAG_OWNER=Klaus_Rezende
AIRFLOW_CTX_DAG_ID=ambev_breweries_pipeline
AIRFLOW_CTX_TASK_ID=run_bronze
AIRFLOW_CTX_EXECUTION_DATE=2024-10-18T09:00:00+00:00
AIRFLOW_CTX_TRY_NUMBER=1
AIRFLOW_CTX_DAG_RUN_ID=scheduled__2024-10-18T09:00:00+00:00
[2024-10-19T14:24:15.667+0000] {subprocess.py:63} INFO - Tmp dir root location: 
 /tmp
[2024-10-19T14:24:15.668+0000] {subprocess.py:75} INFO - Running command: ['/usr/bin/bash', '-c', 'python3 /opt/***/scripts/bronze_brewery.py']
[2024-10-19T14:24:15.674+0000] {subprocess.py:86} INFO - Output:
[2024-10-19T14:24:16.320+0000] {subprocess.py:97} INFO - Command exited with return code 0
[2024-10-19T14:24:16.341+0000] {taskinstance.py:1318} INFO - Marking task as SUCCESS. dag_id=ambev_breweries_pipeline, task_id=run_bronze, execution_date=20241018T090000, start_date=20241019T142415, end_date=20241019T142416
[2024-10-19T14:24:16.381+0000] {local_task_job.py:208} INFO - Task exited with return code 0
[2024-10-19T14:24:16.399+0000] {taskinstance.py:2578} INFO - 1 downstream tasks scheduled from follow-on schedule check
[2024-10-20T00:50:56.296+0000] {taskinstance.py:1083} INFO - Dependencies all met for <TaskInstance: ambev_breweries_pipeline.run_bronze scheduled__2024-10-18T09:00:00+00:00 [queued]>
[2024-10-20T00:50:56.317+0000] {taskinstance.py:1083} INFO - Dependencies all met for <TaskInstance: ambev_breweries_pipeline.run_bronze scheduled__2024-10-18T09:00:00+00:00 [queued]>
[2024-10-20T00:50:56.318+0000] {taskinstance.py:1279} INFO - 
--------------------------------------------------------------------------------
[2024-10-20T00:50:56.319+0000] {taskinstance.py:1280} INFO - Starting attempt 1 of 1
[2024-10-20T00:50:56.320+0000] {taskinstance.py:1281} INFO - 
--------------------------------------------------------------------------------
[2024-10-20T00:50:56.340+0000] {taskinstance.py:1300} INFO - Executing <Task(BashOperator): run_bronze> on 2024-10-18 09:00:00+00:00
[2024-10-20T00:50:56.346+0000] {standard_task_runner.py:55} INFO - Started process 199 to run task
[2024-10-20T00:50:56.352+0000] {standard_task_runner.py:82} INFO - Running: ['***', 'tasks', 'run', 'ambev_breweries_pipeline', 'run_bronze', 'scheduled__2024-10-18T09:00:00+00:00', '--job-id', '2', '--raw', '--subdir', 'DAGS_FOLDER/dag_brewery.py', '--cfg-path', '/tmp/tmppkxhxxlc']
[2024-10-20T00:50:56.362+0000] {standard_task_runner.py:83} INFO - Job 2: Subtask run_bronze
[2024-10-20T00:50:56.411+0000] {logging_mixin.py:137} WARNING - /usr/local/lib/python3.9/site-packages/***/settings.py:249 DeprecationWarning: The sql_alchemy_conn option in [core] has been moved to the sql_alchemy_conn option in [database] - the old setting has been used, but please update your config.
[2024-10-20T00:50:56.484+0000] {logging_mixin.py:137} WARNING - /usr/local/lib/python3.9/site-packages/***/utils/sqlalchemy.py:124 DeprecationWarning: The sql_alchemy_conn option in [core] has been moved to the sql_alchemy_conn option in [database] - the old setting has been used, but please update your config.
[2024-10-20T00:50:56.547+0000] {task_command.py:388} INFO - Running <TaskInstance: ambev_breweries_pipeline.run_bronze scheduled__2024-10-18T09:00:00+00:00 [running]> on host 96311538d4eb
[2024-10-20T00:50:56.684+0000] {taskinstance.py:1507} INFO - Exporting the following env vars:
AIRFLOW_CTX_DAG_OWNER=Klaus_Rezende
AIRFLOW_CTX_DAG_ID=ambev_breweries_pipeline
AIRFLOW_CTX_TASK_ID=run_bronze
AIRFLOW_CTX_EXECUTION_DATE=2024-10-18T09:00:00+00:00
AIRFLOW_CTX_TRY_NUMBER=1
AIRFLOW_CTX_DAG_RUN_ID=scheduled__2024-10-18T09:00:00+00:00
[2024-10-20T00:50:56.689+0000] {subprocess.py:63} INFO - Tmp dir root location: 
 /tmp
[2024-10-20T00:50:56.691+0000] {subprocess.py:75} INFO - Running command: ['/usr/bin/bash', '-c', 'python3 /opt/***/scripts/bronze_brewery.py']
[2024-10-20T00:50:56.701+0000] {subprocess.py:86} INFO - Output:
[2024-10-20T00:50:57.679+0000] {subprocess.py:97} INFO - Command exited with return code 0
[2024-10-20T00:50:57.723+0000] {taskinstance.py:1318} INFO - Marking task as SUCCESS. dag_id=ambev_breweries_pipeline, task_id=run_bronze, execution_date=20241018T090000, start_date=20241020T005056, end_date=20241020T005057
[2024-10-20T00:50:57.756+0000] {local_task_job.py:208} INFO - Task exited with return code 0
[2024-10-20T00:50:57.792+0000] {taskinstance.py:2578} INFO - 1 downstream tasks scheduled from follow-on schedule check
[2024-10-20T02:54:31.200+0000] {taskinstance.py:1083} INFO - Dependencies all met for <TaskInstance: ambev_breweries_pipeline.run_bronze scheduled__2024-10-18T09:00:00+00:00 [queued]>
[2024-10-20T02:54:31.215+0000] {taskinstance.py:1083} INFO - Dependencies all met for <TaskInstance: ambev_breweries_pipeline.run_bronze scheduled__2024-10-18T09:00:00+00:00 [queued]>
[2024-10-20T02:54:31.216+0000] {taskinstance.py:1279} INFO - 
--------------------------------------------------------------------------------
[2024-10-20T02:54:31.216+0000] {taskinstance.py:1280} INFO - Starting attempt 1 of 1
[2024-10-20T02:54:31.217+0000] {taskinstance.py:1281} INFO - 
--------------------------------------------------------------------------------
[2024-10-20T02:54:31.235+0000] {taskinstance.py:1300} INFO - Executing <Task(BashOperator): run_bronze> on 2024-10-18 09:00:00+00:00
[2024-10-20T02:54:31.239+0000] {standard_task_runner.py:55} INFO - Started process 6406 to run task
[2024-10-20T02:54:31.242+0000] {standard_task_runner.py:82} INFO - Running: ['***', 'tasks', 'run', 'ambev_breweries_pipeline', 'run_bronze', 'scheduled__2024-10-18T09:00:00+00:00', '--job-id', '2', '--raw', '--subdir', 'DAGS_FOLDER/dag_brewery.py', '--cfg-path', '/tmp/tmp3hmshdu7']
[2024-10-20T02:54:31.245+0000] {standard_task_runner.py:83} INFO - Job 2: Subtask run_bronze
[2024-10-20T02:54:31.266+0000] {logging_mixin.py:137} WARNING - /usr/local/lib/python3.9/site-packages/***/settings.py:249 DeprecationWarning: The sql_alchemy_conn option in [core] has been moved to the sql_alchemy_conn option in [database] - the old setting has been used, but please update your config.
[2024-10-20T02:54:31.291+0000] {logging_mixin.py:137} WARNING - /usr/local/lib/python3.9/site-packages/***/utils/sqlalchemy.py:124 DeprecationWarning: The sql_alchemy_conn option in [core] has been moved to the sql_alchemy_conn option in [database] - the old setting has been used, but please update your config.
[2024-10-20T02:54:31.337+0000] {task_command.py:388} INFO - Running <TaskInstance: ambev_breweries_pipeline.run_bronze scheduled__2024-10-18T09:00:00+00:00 [running]> on host 939493bb965b
[2024-10-20T02:54:31.430+0000] {taskinstance.py:1507} INFO - Exporting the following env vars:
AIRFLOW_CTX_DAG_OWNER=Klaus_Rezende
AIRFLOW_CTX_DAG_ID=ambev_breweries_pipeline
AIRFLOW_CTX_TASK_ID=run_bronze
AIRFLOW_CTX_EXECUTION_DATE=2024-10-18T09:00:00+00:00
AIRFLOW_CTX_TRY_NUMBER=1
AIRFLOW_CTX_DAG_RUN_ID=scheduled__2024-10-18T09:00:00+00:00
[2024-10-20T02:54:31.432+0000] {subprocess.py:63} INFO - Tmp dir root location: 
 /tmp
[2024-10-20T02:54:31.433+0000] {subprocess.py:75} INFO - Running command: ['/usr/bin/bash', '-c', 'python3 /opt/***/scripts/bronze_brewery.py']
[2024-10-20T02:54:31.441+0000] {subprocess.py:86} INFO - Output:
[2024-10-20T02:54:32.903+0000] {subprocess.py:97} INFO - Command exited with return code 0
[2024-10-20T02:54:32.936+0000] {taskinstance.py:1318} INFO - Marking task as SUCCESS. dag_id=ambev_breweries_pipeline, task_id=run_bronze, execution_date=20241018T090000, start_date=20241020T025431, end_date=20241020T025432
[2024-10-20T02:54:32.958+0000] {local_task_job.py:208} INFO - Task exited with return code 0
[2024-10-20T02:54:32.988+0000] {taskinstance.py:2578} INFO - 1 downstream tasks scheduled from follow-on schedule check
