[2024-10-19T14:49:47.606+0000] {taskinstance.py:1083} INFO - Dependencies all met for <TaskInstance: ambev_breweries_pipeline.run_gold manual__2024-10-19T14:49:34.607038+00:00 [queued]>
[2024-10-19T14:49:47.613+0000] {taskinstance.py:1083} INFO - Dependencies all met for <TaskInstance: ambev_breweries_pipeline.run_gold manual__2024-10-19T14:49:34.607038+00:00 [queued]>
[2024-10-19T14:49:47.613+0000] {taskinstance.py:1279} INFO - 
--------------------------------------------------------------------------------
[2024-10-19T14:49:47.613+0000] {taskinstance.py:1280} INFO - Starting attempt 1 of 1
[2024-10-19T14:49:47.613+0000] {taskinstance.py:1281} INFO - 
--------------------------------------------------------------------------------
[2024-10-19T14:49:47.622+0000] {taskinstance.py:1300} INFO - Executing <Task(BashOperator): run_gold> on 2024-10-19 14:49:34.607038+00:00
[2024-10-19T14:49:47.625+0000] {standard_task_runner.py:55} INFO - Started process 18129 to run task
[2024-10-19T14:49:47.627+0000] {standard_task_runner.py:82} INFO - Running: ['***', 'tasks', 'run', 'ambev_breweries_pipeline', 'run_gold', 'manual__2024-10-19T14:49:34.607038+00:00', '--job-id', '33', '--raw', '--subdir', 'DAGS_FOLDER/dag_brewery.py', '--cfg-path', '/tmp/tmpymc2txd1']
[2024-10-19T14:49:47.628+0000] {standard_task_runner.py:83} INFO - Job 33: Subtask run_gold
[2024-10-19T14:49:47.638+0000] {logging_mixin.py:137} WARNING - /usr/local/lib/python3.9/site-packages/***/settings.py:249 DeprecationWarning: The sql_alchemy_conn option in [core] has been moved to the sql_alchemy_conn option in [database] - the old setting has been used, but please update your config.
[2024-10-19T14:49:47.671+0000] {task_command.py:388} INFO - Running <TaskInstance: ambev_breweries_pipeline.run_gold manual__2024-10-19T14:49:34.607038+00:00 [running]> on host 39b0b1bd9d5a
[2024-10-19T14:49:47.714+0000] {taskinstance.py:1507} INFO - Exporting the following env vars:
AIRFLOW_CTX_DAG_OWNER=Klaus_Rezende
AIRFLOW_CTX_DAG_ID=ambev_breweries_pipeline
AIRFLOW_CTX_TASK_ID=run_gold
AIRFLOW_CTX_EXECUTION_DATE=2024-10-19T14:49:34.607038+00:00
AIRFLOW_CTX_TRY_NUMBER=1
AIRFLOW_CTX_DAG_RUN_ID=manual__2024-10-19T14:49:34.607038+00:00
[2024-10-19T14:49:47.715+0000] {subprocess.py:63} INFO - Tmp dir root location: 
 /tmp
[2024-10-19T14:49:47.715+0000] {subprocess.py:75} INFO - Running command: ['/usr/bin/bash', '-c', 'python3 /opt/***/scripts/gold_brewery.py']
[2024-10-19T14:49:47.722+0000] {subprocess.py:86} INFO - Output:
[2024-10-19T14:49:48.999+0000] {subprocess.py:93} INFO - Setting default log level to "WARN".
[2024-10-19T14:49:49.000+0000] {subprocess.py:93} INFO - To adjust logging level use sc.setLogLevel(newLevel). For SparkR, use setLogLevel(newLevel).
[2024-10-19T14:49:49.131+0000] {subprocess.py:93} INFO - 24/10/19 14:49:49 WARN NativeCodeLoader: Unable to load native-hadoop library for your platform... using builtin-java classes where applicable
[2024-10-19T14:49:55.140+0000] {subprocess.py:93} INFO - [Stage 1:>                                                        (0 + 14) / 14][Stage 1:====>                                                    (1 + 13) / 14]
[2024-10-19T14:49:55.140+0000] {subprocess.py:97} INFO - Command exited with return code 0
[2024-10-19T14:49:55.161+0000] {taskinstance.py:1318} INFO - Marking task as SUCCESS. dag_id=ambev_breweries_pipeline, task_id=run_gold, execution_date=20241019T144934, start_date=20241019T144947, end_date=20241019T144955
[2024-10-19T14:49:55.173+0000] {local_task_job.py:208} INFO - Task exited with return code 0
[2024-10-19T14:49:55.191+0000] {taskinstance.py:2578} INFO - 1 downstream tasks scheduled from follow-on schedule check
