[2024-10-17T21:19:55.379+0000] {taskinstance.py:1083} INFO - Dependencies all met for <TaskInstance: ambev_breweries_pipeline.trigger_dataquality manual__2024-10-17T21:19:34.541116+00:00 [queued]>
[2024-10-17T21:19:55.386+0000] {taskinstance.py:1083} INFO - Dependencies all met for <TaskInstance: ambev_breweries_pipeline.trigger_dataquality manual__2024-10-17T21:19:34.541116+00:00 [queued]>
[2024-10-17T21:19:55.386+0000] {taskinstance.py:1279} INFO - 
--------------------------------------------------------------------------------
[2024-10-17T21:19:55.386+0000] {taskinstance.py:1280} INFO - Starting attempt 1 of 1
[2024-10-17T21:19:55.386+0000] {taskinstance.py:1281} INFO - 
--------------------------------------------------------------------------------
[2024-10-17T21:19:55.394+0000] {taskinstance.py:1300} INFO - Executing <Task(TriggerDagRunOperator): trigger_dataquality> on 2024-10-17 21:19:34.541116+00:00
[2024-10-17T21:19:55.398+0000] {standard_task_runner.py:55} INFO - Started process 823 to run task
[2024-10-17T21:19:55.400+0000] {standard_task_runner.py:82} INFO - Running: ['***', 'tasks', 'run', 'ambev_breweries_pipeline', 'trigger_dataquality', 'manual__2024-10-17T21:19:34.541116+00:00', '--job-id', '8', '--raw', '--subdir', 'DAGS_FOLDER/dag_brewery.py', '--cfg-path', '/tmp/tmpneutrjx9']
[2024-10-17T21:19:55.401+0000] {standard_task_runner.py:83} INFO - Job 8: Subtask trigger_dataquality
[2024-10-17T21:19:55.410+0000] {logging_mixin.py:137} WARNING - /usr/local/lib/python3.9/site-packages/***/settings.py:249 DeprecationWarning: The sql_alchemy_conn option in [core] has been moved to the sql_alchemy_conn option in [database] - the old setting has been used, but please update your config.
[2024-10-17T21:19:55.440+0000] {task_command.py:388} INFO - Running <TaskInstance: ambev_breweries_pipeline.trigger_dataquality manual__2024-10-17T21:19:34.541116+00:00 [running]> on host d7db64b64b8c
[2024-10-17T21:19:55.482+0000] {taskinstance.py:1507} INFO - Exporting the following env vars:
AIRFLOW_CTX_DAG_OWNER=Klaus_Rezende
AIRFLOW_CTX_DAG_ID=ambev_breweries_pipeline
AIRFLOW_CTX_TASK_ID=trigger_dataquality
AIRFLOW_CTX_EXECUTION_DATE=2024-10-17T21:19:34.541116+00:00
AIRFLOW_CTX_TRY_NUMBER=1
AIRFLOW_CTX_DAG_RUN_ID=manual__2024-10-17T21:19:34.541116+00:00
[2024-10-17T21:19:55.536+0000] {taskinstance.py:1318} INFO - Marking task as SUCCESS. dag_id=ambev_breweries_pipeline, task_id=trigger_dataquality, execution_date=20241017T211934, start_date=20241017T211955, end_date=20241017T211955
[2024-10-17T21:19:55.572+0000] {local_task_job.py:208} INFO - Task exited with return code 0
[2024-10-17T21:19:55.587+0000] {taskinstance.py:2578} INFO - 1 downstream tasks scheduled from follow-on schedule check
