[2024-10-17T22:08:17.944+0000] {taskinstance.py:1083} INFO - Dependencies all met for <TaskInstance: ambev_breweries_pipeline.run_silver scheduled__2024-10-16T09:00:00+00:00 [queued]>
[2024-10-17T22:08:17.950+0000] {taskinstance.py:1083} INFO - Dependencies all met for <TaskInstance: ambev_breweries_pipeline.run_silver scheduled__2024-10-16T09:00:00+00:00 [queued]>
[2024-10-17T22:08:17.950+0000] {taskinstance.py:1279} INFO - 
--------------------------------------------------------------------------------
[2024-10-17T22:08:17.950+0000] {taskinstance.py:1280} INFO - Starting attempt 1 of 1
[2024-10-17T22:08:17.950+0000] {taskinstance.py:1281} INFO - 
--------------------------------------------------------------------------------
[2024-10-17T22:08:17.959+0000] {taskinstance.py:1300} INFO - Executing <Task(BashOperator): run_silver> on 2024-10-16 09:00:00+00:00
[2024-10-17T22:08:17.962+0000] {standard_task_runner.py:55} INFO - Started process 226 to run task
[2024-10-17T22:08:17.964+0000] {standard_task_runner.py:82} INFO - Running: ['***', 'tasks', 'run', 'ambev_breweries_pipeline', 'run_silver', 'scheduled__2024-10-16T09:00:00+00:00', '--job-id', '3', '--raw', '--subdir', 'DAGS_FOLDER/dag_brewery.py', '--cfg-path', '/tmp/tmpcn5cklk7']
[2024-10-17T22:08:17.965+0000] {standard_task_runner.py:83} INFO - Job 3: Subtask run_silver
[2024-10-17T22:08:17.975+0000] {logging_mixin.py:137} WARNING - /usr/local/lib/python3.9/site-packages/***/settings.py:249 DeprecationWarning: The sql_alchemy_conn option in [core] has been moved to the sql_alchemy_conn option in [database] - the old setting has been used, but please update your config.
[2024-10-17T22:08:17.989+0000] {logging_mixin.py:137} WARNING - /usr/local/lib/python3.9/site-packages/***/utils/sqlalchemy.py:124 DeprecationWarning: The sql_alchemy_conn option in [core] has been moved to the sql_alchemy_conn option in [database] - the old setting has been used, but please update your config.
[2024-10-17T22:08:18.009+0000] {task_command.py:388} INFO - Running <TaskInstance: ambev_breweries_pipeline.run_silver scheduled__2024-10-16T09:00:00+00:00 [running]> on host 50b4891d6c83
[2024-10-17T22:08:18.056+0000] {taskinstance.py:1507} INFO - Exporting the following env vars:
AIRFLOW_CTX_DAG_OWNER=Klaus_Rezende
AIRFLOW_CTX_DAG_ID=ambev_breweries_pipeline
AIRFLOW_CTX_TASK_ID=run_silver
AIRFLOW_CTX_EXECUTION_DATE=2024-10-16T09:00:00+00:00
AIRFLOW_CTX_TRY_NUMBER=1
AIRFLOW_CTX_DAG_RUN_ID=scheduled__2024-10-16T09:00:00+00:00
[2024-10-17T22:08:18.057+0000] {subprocess.py:63} INFO - Tmp dir root location: 
 /tmp
[2024-10-17T22:08:18.058+0000] {subprocess.py:75} INFO - Running command: ['/usr/bin/bash', '-c', 'python3 /opt/***/scripts/silver_brewery.py']
[2024-10-17T22:08:18.064+0000] {subprocess.py:86} INFO - Output:
[2024-10-17T22:08:19.785+0000] {subprocess.py:93} INFO - Setting default log level to "WARN".
[2024-10-17T22:08:19.786+0000] {subprocess.py:93} INFO - To adjust logging level use sc.setLogLevel(newLevel). For SparkR, use setLogLevel(newLevel).
[2024-10-17T22:08:19.929+0000] {subprocess.py:93} INFO - 24/10/17 22:08:19 WARN NativeCodeLoader: Unable to load native-hadoop library for your platform... using builtin-java classes where applicable
[2024-10-17T22:08:26.874+0000] {subprocess.py:93} INFO - [Stage 7:>                                                          (0 + 1) / 1]                                                                                has no null values
[2024-10-17T22:08:27.321+0000] {subprocess.py:97} INFO - Command exited with return code 0
[2024-10-17T22:08:27.340+0000] {taskinstance.py:1318} INFO - Marking task as SUCCESS. dag_id=ambev_breweries_pipeline, task_id=run_silver, execution_date=20241016T090000, start_date=20241017T220817, end_date=20241017T220827
[2024-10-17T22:08:27.357+0000] {local_task_job.py:208} INFO - Task exited with return code 0
[2024-10-17T22:08:27.375+0000] {taskinstance.py:2578} INFO - 1 downstream tasks scheduled from follow-on schedule check
[2024-10-17T23:34:00.049+0000] {taskinstance.py:1083} INFO - Dependencies all met for <TaskInstance: ambev_breweries_pipeline.run_silver scheduled__2024-10-16T09:00:00+00:00 [queued]>
[2024-10-17T23:34:00.055+0000] {taskinstance.py:1083} INFO - Dependencies all met for <TaskInstance: ambev_breweries_pipeline.run_silver scheduled__2024-10-16T09:00:00+00:00 [queued]>
[2024-10-17T23:34:00.056+0000] {taskinstance.py:1279} INFO - 
--------------------------------------------------------------------------------
[2024-10-17T23:34:00.056+0000] {taskinstance.py:1280} INFO - Starting attempt 1 of 1
[2024-10-17T23:34:00.056+0000] {taskinstance.py:1281} INFO - 
--------------------------------------------------------------------------------
[2024-10-17T23:34:00.065+0000] {taskinstance.py:1300} INFO - Executing <Task(BashOperator): run_silver> on 2024-10-16 09:00:00+00:00
[2024-10-17T23:34:00.069+0000] {standard_task_runner.py:55} INFO - Started process 2930 to run task
[2024-10-17T23:34:00.070+0000] {standard_task_runner.py:82} INFO - Running: ['***', 'tasks', 'run', 'ambev_breweries_pipeline', 'run_silver', 'scheduled__2024-10-16T09:00:00+00:00', '--job-id', '3', '--raw', '--subdir', 'DAGS_FOLDER/dag_brewery.py', '--cfg-path', '/tmp/tmpjw2cm4bg']
[2024-10-17T23:34:00.072+0000] {standard_task_runner.py:83} INFO - Job 3: Subtask run_silver
[2024-10-17T23:34:00.084+0000] {logging_mixin.py:137} WARNING - /usr/local/lib/python3.9/site-packages/***/settings.py:249 DeprecationWarning: The sql_alchemy_conn option in [core] has been moved to the sql_alchemy_conn option in [database] - the old setting has been used, but please update your config.
[2024-10-17T23:34:00.100+0000] {logging_mixin.py:137} WARNING - /usr/local/lib/python3.9/site-packages/***/utils/sqlalchemy.py:124 DeprecationWarning: The sql_alchemy_conn option in [core] has been moved to the sql_alchemy_conn option in [database] - the old setting has been used, but please update your config.
[2024-10-17T23:34:00.122+0000] {task_command.py:388} INFO - Running <TaskInstance: ambev_breweries_pipeline.run_silver scheduled__2024-10-16T09:00:00+00:00 [running]> on host 3d61c8644578
[2024-10-17T23:34:00.171+0000] {taskinstance.py:1507} INFO - Exporting the following env vars:
AIRFLOW_CTX_DAG_OWNER=Klaus_Rezende
AIRFLOW_CTX_DAG_ID=ambev_breweries_pipeline
AIRFLOW_CTX_TASK_ID=run_silver
AIRFLOW_CTX_EXECUTION_DATE=2024-10-16T09:00:00+00:00
AIRFLOW_CTX_TRY_NUMBER=1
AIRFLOW_CTX_DAG_RUN_ID=scheduled__2024-10-16T09:00:00+00:00
[2024-10-17T23:34:00.172+0000] {subprocess.py:63} INFO - Tmp dir root location: 
 /tmp
[2024-10-17T23:34:00.173+0000] {subprocess.py:75} INFO - Running command: ['/usr/bin/bash', '-c', 'python3 /opt/***/scripts/silver_brewery.py']
[2024-10-17T23:34:00.180+0000] {subprocess.py:86} INFO - Output:
[2024-10-17T23:34:01.924+0000] {subprocess.py:93} INFO - Setting default log level to "WARN".
[2024-10-17T23:34:01.925+0000] {subprocess.py:93} INFO - To adjust logging level use sc.setLogLevel(newLevel). For SparkR, use setLogLevel(newLevel).
[2024-10-17T23:34:02.093+0000] {subprocess.py:93} INFO - 24/10/17 23:34:02 WARN NativeCodeLoader: Unable to load native-hadoop library for your platform... using builtin-java classes where applicable
[2024-10-17T23:34:02.538+0000] {subprocess.py:93} INFO - 24/10/17 23:34:02 WARN Utils: Service 'SparkUI' could not bind on port 4040. Attempting port 4041.
[2024-10-17T23:34:09.417+0000] {subprocess.py:93} INFO - [Stage 7:>                                                          (0 + 1) / 1]                                                                                has no null values
[2024-10-17T23:34:09.860+0000] {subprocess.py:97} INFO - Command exited with return code 0
[2024-10-17T23:34:09.881+0000] {taskinstance.py:1318} INFO - Marking task as SUCCESS. dag_id=ambev_breweries_pipeline, task_id=run_silver, execution_date=20241016T090000, start_date=20241017T233400, end_date=20241017T233409
[2024-10-17T23:34:09.917+0000] {local_task_job.py:208} INFO - Task exited with return code 0
[2024-10-17T23:34:09.936+0000] {taskinstance.py:2578} INFO - 1 downstream tasks scheduled from follow-on schedule check
