[2024-10-17T22:08:28.312+0000] {taskinstance.py:1083} INFO - Dependencies all met for <TaskInstance: ambev_breweries_pipeline.run_gold scheduled__2024-10-16T09:00:00+00:00 [queued]>
[2024-10-17T22:08:28.318+0000] {taskinstance.py:1083} INFO - Dependencies all met for <TaskInstance: ambev_breweries_pipeline.run_gold scheduled__2024-10-16T09:00:00+00:00 [queued]>
[2024-10-17T22:08:28.319+0000] {taskinstance.py:1279} INFO - 
--------------------------------------------------------------------------------
[2024-10-17T22:08:28.319+0000] {taskinstance.py:1280} INFO - Starting attempt 1 of 1
[2024-10-17T22:08:28.319+0000] {taskinstance.py:1281} INFO - 
--------------------------------------------------------------------------------
[2024-10-17T22:08:28.327+0000] {taskinstance.py:1300} INFO - Executing <Task(BashOperator): run_gold> on 2024-10-16 09:00:00+00:00
[2024-10-17T22:08:28.331+0000] {standard_task_runner.py:55} INFO - Started process 643 to run task
[2024-10-17T22:08:28.333+0000] {standard_task_runner.py:82} INFO - Running: ['***', 'tasks', 'run', 'ambev_breweries_pipeline', 'run_gold', 'scheduled__2024-10-16T09:00:00+00:00', '--job-id', '4', '--raw', '--subdir', 'DAGS_FOLDER/dag_brewery.py', '--cfg-path', '/tmp/tmp6ne2q6re']
[2024-10-17T22:08:28.334+0000] {standard_task_runner.py:83} INFO - Job 4: Subtask run_gold
[2024-10-17T22:08:28.345+0000] {logging_mixin.py:137} WARNING - /usr/local/lib/python3.9/site-packages/***/settings.py:249 DeprecationWarning: The sql_alchemy_conn option in [core] has been moved to the sql_alchemy_conn option in [database] - the old setting has been used, but please update your config.
[2024-10-17T22:08:28.359+0000] {logging_mixin.py:137} WARNING - /usr/local/lib/python3.9/site-packages/***/utils/sqlalchemy.py:124 DeprecationWarning: The sql_alchemy_conn option in [core] has been moved to the sql_alchemy_conn option in [database] - the old setting has been used, but please update your config.
[2024-10-17T22:08:28.378+0000] {task_command.py:388} INFO - Running <TaskInstance: ambev_breweries_pipeline.run_gold scheduled__2024-10-16T09:00:00+00:00 [running]> on host 50b4891d6c83
[2024-10-17T22:08:28.421+0000] {taskinstance.py:1507} INFO - Exporting the following env vars:
AIRFLOW_CTX_DAG_OWNER=Klaus_Rezende
AIRFLOW_CTX_DAG_ID=ambev_breweries_pipeline
AIRFLOW_CTX_TASK_ID=run_gold
AIRFLOW_CTX_EXECUTION_DATE=2024-10-16T09:00:00+00:00
AIRFLOW_CTX_TRY_NUMBER=1
AIRFLOW_CTX_DAG_RUN_ID=scheduled__2024-10-16T09:00:00+00:00
[2024-10-17T22:08:28.422+0000] {subprocess.py:63} INFO - Tmp dir root location: 
 /tmp
[2024-10-17T22:08:28.422+0000] {subprocess.py:75} INFO - Running command: ['/usr/bin/bash', '-c', 'python3 /opt/***/scripts/gold_brewery.py']
[2024-10-17T22:08:28.429+0000] {subprocess.py:86} INFO - Output:
[2024-10-17T22:08:29.762+0000] {subprocess.py:93} INFO - Setting default log level to "WARN".
[2024-10-17T22:08:29.762+0000] {subprocess.py:93} INFO - To adjust logging level use sc.setLogLevel(newLevel). For SparkR, use setLogLevel(newLevel).
[2024-10-17T22:08:29.953+0000] {subprocess.py:93} INFO - 24/10/17 22:08:29 WARN NativeCodeLoader: Unable to load native-hadoop library for your platform... using builtin-java classes where applicable
[2024-10-17T22:08:35.941+0000] {subprocess.py:93} INFO - +------------+--------------+-----+
[2024-10-17T22:08:35.942+0000] {subprocess.py:93} INFO - |brewery_type|    name_state|count|
[2024-10-17T22:08:35.942+0000] {subprocess.py:93} INFO - +------------+--------------+-----+
[2024-10-17T22:08:35.942+0000] {subprocess.py:93} INFO - |       micro|     Wisconsin|    2|
[2024-10-17T22:08:35.943+0000] {subprocess.py:93} INFO - |      closed|    California|    1|
[2024-10-17T22:08:35.943+0000] {subprocess.py:93} INFO - |       large|        Oregon|    4|
[2024-10-17T22:08:35.943+0000] {subprocess.py:93} INFO - |      closed|    Washington|    1|
[2024-10-17T22:08:35.943+0000] {subprocess.py:93} INFO - |       micro|      Virginia|    1|
[2024-10-17T22:08:35.943+0000] {subprocess.py:93} INFO - |       micro| Massachusetts|    1|
[2024-10-17T22:08:35.944+0000] {subprocess.py:93} INFO - |       micro|          Iowa|    1|
[2024-10-17T22:08:35.944+0000] {subprocess.py:93} INFO - |       micro|      Oklahoma|    1|
[2024-10-17T22:08:35.944+0000] {subprocess.py:93} INFO - |       micro|      Michigan|    1|
[2024-10-17T22:08:35.944+0000] {subprocess.py:93} INFO - |       micro|North Carolina|    1|
[2024-10-17T22:08:35.945+0000] {subprocess.py:93} INFO - |     brewpub|      New York|    2|
[2024-10-17T22:08:35.945+0000] {subprocess.py:93} INFO - |       micro|     Minnesota|    3|
[2024-10-17T22:08:35.945+0000] {subprocess.py:93} INFO - |       micro|      Colorado|    1|
[2024-10-17T22:08:35.945+0000] {subprocess.py:93} INFO - |       micro|         Laois|    1|
[2024-10-17T22:08:35.946+0000] {subprocess.py:93} INFO - |       micro|  Pennsylvania|    1|
[2024-10-17T22:08:35.946+0000] {subprocess.py:93} INFO - |       micro|    California|    2|
[2024-10-17T22:08:35.946+0000] {subprocess.py:93} INFO - |       micro|        Nevada|    1|
[2024-10-17T22:08:35.946+0000] {subprocess.py:93} INFO - |       micro|       Vermont|    1|
[2024-10-17T22:08:35.946+0000] {subprocess.py:93} INFO - |     brewpub|South Carolina|    1|
[2024-10-17T22:08:35.947+0000] {subprocess.py:93} INFO - |       large|      Colorado|    1|
[2024-10-17T22:08:35.947+0000] {subprocess.py:93} INFO - +------------+--------------+-----+
[2024-10-17T22:08:35.947+0000] {subprocess.py:93} INFO - only showing top 20 rows
[2024-10-17T22:08:35.947+0000] {subprocess.py:93} INFO - 
[2024-10-17T22:08:36.378+0000] {subprocess.py:97} INFO - Command exited with return code 0
[2024-10-17T22:08:36.399+0000] {taskinstance.py:1318} INFO - Marking task as SUCCESS. dag_id=ambev_breweries_pipeline, task_id=run_gold, execution_date=20241016T090000, start_date=20241017T220828, end_date=20241017T220836
[2024-10-17T22:08:36.441+0000] {local_task_job.py:208} INFO - Task exited with return code 0
[2024-10-17T22:08:36.460+0000] {taskinstance.py:2578} INFO - 1 downstream tasks scheduled from follow-on schedule check
[2024-10-17T23:34:11.051+0000] {taskinstance.py:1083} INFO - Dependencies all met for <TaskInstance: ambev_breweries_pipeline.run_gold scheduled__2024-10-16T09:00:00+00:00 [queued]>
[2024-10-17T23:34:11.058+0000] {taskinstance.py:1083} INFO - Dependencies all met for <TaskInstance: ambev_breweries_pipeline.run_gold scheduled__2024-10-16T09:00:00+00:00 [queued]>
[2024-10-17T23:34:11.058+0000] {taskinstance.py:1279} INFO - 
--------------------------------------------------------------------------------
[2024-10-17T23:34:11.059+0000] {taskinstance.py:1280} INFO - Starting attempt 1 of 1
[2024-10-17T23:34:11.059+0000] {taskinstance.py:1281} INFO - 
--------------------------------------------------------------------------------
[2024-10-17T23:34:11.068+0000] {taskinstance.py:1300} INFO - Executing <Task(BashOperator): run_gold> on 2024-10-16 09:00:00+00:00
[2024-10-17T23:34:11.072+0000] {standard_task_runner.py:55} INFO - Started process 3449 to run task
[2024-10-17T23:34:11.074+0000] {standard_task_runner.py:82} INFO - Running: ['***', 'tasks', 'run', 'ambev_breweries_pipeline', 'run_gold', 'scheduled__2024-10-16T09:00:00+00:00', '--job-id', '4', '--raw', '--subdir', 'DAGS_FOLDER/dag_brewery.py', '--cfg-path', '/tmp/tmpnm3qye_9']
[2024-10-17T23:34:11.075+0000] {standard_task_runner.py:83} INFO - Job 4: Subtask run_gold
[2024-10-17T23:34:11.087+0000] {logging_mixin.py:137} WARNING - /usr/local/lib/python3.9/site-packages/***/settings.py:249 DeprecationWarning: The sql_alchemy_conn option in [core] has been moved to the sql_alchemy_conn option in [database] - the old setting has been used, but please update your config.
[2024-10-17T23:34:11.103+0000] {logging_mixin.py:137} WARNING - /usr/local/lib/python3.9/site-packages/***/utils/sqlalchemy.py:124 DeprecationWarning: The sql_alchemy_conn option in [core] has been moved to the sql_alchemy_conn option in [database] - the old setting has been used, but please update your config.
[2024-10-17T23:34:11.127+0000] {task_command.py:388} INFO - Running <TaskInstance: ambev_breweries_pipeline.run_gold scheduled__2024-10-16T09:00:00+00:00 [running]> on host 3d61c8644578
[2024-10-17T23:34:11.177+0000] {taskinstance.py:1507} INFO - Exporting the following env vars:
AIRFLOW_CTX_DAG_OWNER=Klaus_Rezende
AIRFLOW_CTX_DAG_ID=ambev_breweries_pipeline
AIRFLOW_CTX_TASK_ID=run_gold
AIRFLOW_CTX_EXECUTION_DATE=2024-10-16T09:00:00+00:00
AIRFLOW_CTX_TRY_NUMBER=1
AIRFLOW_CTX_DAG_RUN_ID=scheduled__2024-10-16T09:00:00+00:00
[2024-10-17T23:34:11.178+0000] {subprocess.py:63} INFO - Tmp dir root location: 
 /tmp
[2024-10-17T23:34:11.179+0000] {subprocess.py:75} INFO - Running command: ['/usr/bin/bash', '-c', 'python3 /opt/***/scripts/gold_brewery.py']
[2024-10-17T23:34:11.186+0000] {subprocess.py:86} INFO - Output:
[2024-10-17T23:34:12.560+0000] {subprocess.py:93} INFO - Setting default log level to "WARN".
[2024-10-17T23:34:12.561+0000] {subprocess.py:93} INFO - To adjust logging level use sc.setLogLevel(newLevel). For SparkR, use setLogLevel(newLevel).
[2024-10-17T23:34:12.750+0000] {subprocess.py:93} INFO - 24/10/17 23:34:12 WARN NativeCodeLoader: Unable to load native-hadoop library for your platform... using builtin-java classes where applicable
[2024-10-17T23:34:13.269+0000] {subprocess.py:93} INFO - 24/10/17 23:34:13 WARN Utils: Service 'SparkUI' could not bind on port 4040. Attempting port 4041.
[2024-10-17T23:34:19.347+0000] {subprocess.py:93} INFO - [Stage 1:====>                                                    (1 + 13) / 14]                                                                                +------------+--------------+-----+
[2024-10-17T23:34:19.348+0000] {subprocess.py:93} INFO - |brewery_type|    name_state|count|
[2024-10-17T23:34:19.348+0000] {subprocess.py:93} INFO - +------------+--------------+-----+
[2024-10-17T23:34:19.348+0000] {subprocess.py:93} INFO - |       micro|     Wisconsin|    2|
[2024-10-17T23:34:19.349+0000] {subprocess.py:93} INFO - |      closed|    California|    1|
[2024-10-17T23:34:19.349+0000] {subprocess.py:93} INFO - |       large|        Oregon|    4|
[2024-10-17T23:34:19.349+0000] {subprocess.py:93} INFO - |      closed|    Washington|    1|
[2024-10-17T23:34:19.349+0000] {subprocess.py:93} INFO - |       micro|      Virginia|    1|
[2024-10-17T23:34:19.350+0000] {subprocess.py:93} INFO - |       micro| Massachusetts|    1|
[2024-10-17T23:34:19.350+0000] {subprocess.py:93} INFO - |       micro|          Iowa|    1|
[2024-10-17T23:34:19.350+0000] {subprocess.py:93} INFO - |       micro|      Oklahoma|    1|
[2024-10-17T23:34:19.350+0000] {subprocess.py:93} INFO - |       micro|      Michigan|    1|
[2024-10-17T23:34:19.350+0000] {subprocess.py:93} INFO - |       micro|North Carolina|    1|
[2024-10-17T23:34:19.351+0000] {subprocess.py:93} INFO - |     brewpub|      New York|    2|
[2024-10-17T23:34:19.351+0000] {subprocess.py:93} INFO - |       micro|     Minnesota|    3|
[2024-10-17T23:34:19.351+0000] {subprocess.py:93} INFO - |       micro|      Colorado|    1|
[2024-10-17T23:34:19.351+0000] {subprocess.py:93} INFO - |       micro|         Laois|    1|
[2024-10-17T23:34:19.352+0000] {subprocess.py:93} INFO - |       micro|  Pennsylvania|    1|
[2024-10-17T23:34:19.352+0000] {subprocess.py:93} INFO - |       micro|    California|    2|
[2024-10-17T23:34:19.352+0000] {subprocess.py:93} INFO - |       micro|        Nevada|    1|
[2024-10-17T23:34:19.352+0000] {subprocess.py:93} INFO - |       micro|       Vermont|    1|
[2024-10-17T23:34:19.353+0000] {subprocess.py:93} INFO - |     brewpub|South Carolina|    1|
[2024-10-17T23:34:19.353+0000] {subprocess.py:93} INFO - |       large|      Colorado|    1|
[2024-10-17T23:34:19.353+0000] {subprocess.py:93} INFO - +------------+--------------+-----+
[2024-10-17T23:34:19.353+0000] {subprocess.py:93} INFO - only showing top 20 rows
[2024-10-17T23:34:19.353+0000] {subprocess.py:93} INFO - 
[2024-10-17T23:34:19.787+0000] {subprocess.py:97} INFO - Command exited with return code 0
[2024-10-17T23:34:19.808+0000] {taskinstance.py:1318} INFO - Marking task as SUCCESS. dag_id=ambev_breweries_pipeline, task_id=run_gold, execution_date=20241016T090000, start_date=20241017T233411, end_date=20241017T233419
[2024-10-17T23:34:19.828+0000] {local_task_job.py:208} INFO - Task exited with return code 0
[2024-10-17T23:34:19.851+0000] {taskinstance.py:2578} INFO - 1 downstream tasks scheduled from follow-on schedule check
