[2024-10-17T21:19:37.089+0000] {taskinstance.py:1083} INFO - Dependencies all met for <TaskInstance: ambev_breweries_pipeline.run_silver manual__2024-10-17T21:19:34.541116+00:00 [queued]>
[2024-10-17T21:19:37.095+0000] {taskinstance.py:1083} INFO - Dependencies all met for <TaskInstance: ambev_breweries_pipeline.run_silver manual__2024-10-17T21:19:34.541116+00:00 [queued]>
[2024-10-17T21:19:37.095+0000] {taskinstance.py:1279} INFO - 
--------------------------------------------------------------------------------
[2024-10-17T21:19:37.096+0000] {taskinstance.py:1280} INFO - Starting attempt 1 of 1
[2024-10-17T21:19:37.096+0000] {taskinstance.py:1281} INFO - 
--------------------------------------------------------------------------------
[2024-10-17T21:19:37.105+0000] {taskinstance.py:1300} INFO - Executing <Task(BashOperator): run_silver> on 2024-10-17 21:19:34.541116+00:00
[2024-10-17T21:19:37.108+0000] {standard_task_runner.py:55} INFO - Started process 139 to run task
[2024-10-17T21:19:37.109+0000] {standard_task_runner.py:82} INFO - Running: ['***', 'tasks', 'run', 'ambev_breweries_pipeline', 'run_silver', 'manual__2024-10-17T21:19:34.541116+00:00', '--job-id', '6', '--raw', '--subdir', 'DAGS_FOLDER/dag_brewery.py', '--cfg-path', '/tmp/tmpvq80gja8']
[2024-10-17T21:19:37.110+0000] {standard_task_runner.py:83} INFO - Job 6: Subtask run_silver
[2024-10-17T21:19:37.120+0000] {logging_mixin.py:137} WARNING - /usr/local/lib/python3.9/site-packages/***/settings.py:249 DeprecationWarning: The sql_alchemy_conn option in [core] has been moved to the sql_alchemy_conn option in [database] - the old setting has been used, but please update your config.
[2024-10-17T21:19:37.154+0000] {task_command.py:388} INFO - Running <TaskInstance: ambev_breweries_pipeline.run_silver manual__2024-10-17T21:19:34.541116+00:00 [running]> on host d7db64b64b8c
[2024-10-17T21:19:37.219+0000] {taskinstance.py:1507} INFO - Exporting the following env vars:
AIRFLOW_CTX_DAG_OWNER=Klaus_Rezende
AIRFLOW_CTX_DAG_ID=ambev_breweries_pipeline
AIRFLOW_CTX_TASK_ID=run_silver
AIRFLOW_CTX_EXECUTION_DATE=2024-10-17T21:19:34.541116+00:00
AIRFLOW_CTX_TRY_NUMBER=1
AIRFLOW_CTX_DAG_RUN_ID=manual__2024-10-17T21:19:34.541116+00:00
[2024-10-17T21:19:37.220+0000] {subprocess.py:63} INFO - Tmp dir root location: 
 /tmp
[2024-10-17T21:19:37.221+0000] {subprocess.py:75} INFO - Running command: ['/usr/bin/bash', '-c', 'python3 /opt/***/scripts/silver_brewery.py']
[2024-10-17T21:19:37.227+0000] {subprocess.py:86} INFO - Output:
[2024-10-17T21:19:38.780+0000] {subprocess.py:93} INFO - Setting default log level to "WARN".
[2024-10-17T21:19:38.781+0000] {subprocess.py:93} INFO - To adjust logging level use sc.setLogLevel(newLevel). For SparkR, use setLogLevel(newLevel).
[2024-10-17T21:19:38.873+0000] {subprocess.py:93} INFO - 24/10/17 21:19:38 WARN NativeCodeLoader: Unable to load native-hadoop library for your platform... using builtin-java classes where applicable
[2024-10-17T21:19:45.217+0000] {subprocess.py:93} INFO - [Stage 7:>                                                          (0 + 1) / 1]                                                                                has no null values
[2024-10-17T21:19:45.643+0000] {subprocess.py:97} INFO - Command exited with return code 0
[2024-10-17T21:19:45.661+0000] {taskinstance.py:1318} INFO - Marking task as SUCCESS. dag_id=ambev_breweries_pipeline, task_id=run_silver, execution_date=20241017T211934, start_date=20241017T211937, end_date=20241017T211945
[2024-10-17T21:19:45.703+0000] {local_task_job.py:208} INFO - Task exited with return code 0
[2024-10-17T21:19:45.722+0000] {taskinstance.py:2578} INFO - 1 downstream tasks scheduled from follow-on schedule check
