[2024-10-17T22:08:37.566+0000] {taskinstance.py:1083} INFO - Dependencies all met for <TaskInstance: ambev_breweries_pipeline.trigger_dataquality scheduled__2024-10-16T09:00:00+00:00 [queued]>
[2024-10-17T22:08:37.572+0000] {taskinstance.py:1083} INFO - Dependencies all met for <TaskInstance: ambev_breweries_pipeline.trigger_dataquality scheduled__2024-10-16T09:00:00+00:00 [queued]>
[2024-10-17T22:08:37.572+0000] {taskinstance.py:1279} INFO - 
--------------------------------------------------------------------------------
[2024-10-17T22:08:37.572+0000] {taskinstance.py:1280} INFO - Starting attempt 1 of 1
[2024-10-17T22:08:37.573+0000] {taskinstance.py:1281} INFO - 
--------------------------------------------------------------------------------
[2024-10-17T22:08:37.581+0000] {taskinstance.py:1300} INFO - Executing <Task(TriggerDagRunOperator): trigger_dataquality> on 2024-10-16 09:00:00+00:00
[2024-10-17T22:08:37.584+0000] {standard_task_runner.py:55} INFO - Started process 889 to run task
[2024-10-17T22:08:37.586+0000] {standard_task_runner.py:82} INFO - Running: ['***', 'tasks', 'run', 'ambev_breweries_pipeline', 'trigger_dataquality', 'scheduled__2024-10-16T09:00:00+00:00', '--job-id', '5', '--raw', '--subdir', 'DAGS_FOLDER/dag_brewery.py', '--cfg-path', '/tmp/tmp34tru5rw']
[2024-10-17T22:08:37.587+0000] {standard_task_runner.py:83} INFO - Job 5: Subtask trigger_dataquality
[2024-10-17T22:08:37.597+0000] {logging_mixin.py:137} WARNING - /usr/local/lib/python3.9/site-packages/***/settings.py:249 DeprecationWarning: The sql_alchemy_conn option in [core] has been moved to the sql_alchemy_conn option in [database] - the old setting has been used, but please update your config.
[2024-10-17T22:08:37.613+0000] {logging_mixin.py:137} WARNING - /usr/local/lib/python3.9/site-packages/***/utils/sqlalchemy.py:124 DeprecationWarning: The sql_alchemy_conn option in [core] has been moved to the sql_alchemy_conn option in [database] - the old setting has been used, but please update your config.
[2024-10-17T22:08:37.632+0000] {task_command.py:388} INFO - Running <TaskInstance: ambev_breweries_pipeline.trigger_dataquality scheduled__2024-10-16T09:00:00+00:00 [running]> on host 50b4891d6c83
[2024-10-17T22:08:37.677+0000] {taskinstance.py:1507} INFO - Exporting the following env vars:
AIRFLOW_CTX_DAG_OWNER=Klaus_Rezende
AIRFLOW_CTX_DAG_ID=ambev_breweries_pipeline
AIRFLOW_CTX_TASK_ID=trigger_dataquality
AIRFLOW_CTX_EXECUTION_DATE=2024-10-16T09:00:00+00:00
AIRFLOW_CTX_TRY_NUMBER=1
AIRFLOW_CTX_DAG_RUN_ID=scheduled__2024-10-16T09:00:00+00:00
[2024-10-17T22:08:37.691+0000] {taskinstance.py:1768} ERROR - Task failed with exception
Traceback (most recent call last):
  File "/usr/local/lib/python3.9/site-packages/airflow/operators/trigger_dagrun.py", line 139, in execute
    dag_run = trigger_dag(
  File "/usr/local/lib/python3.9/site-packages/airflow/api/common/trigger_dag.py", line 119, in trigger_dag
    raise DagNotFound(f"Dag id {dag_id} not found in DagModel")
airflow.exceptions.DagNotFound: Dag id dataquality_breweries_pipeline not found in DagModel
[2024-10-17T22:08:37.693+0000] {taskinstance.py:1318} INFO - Marking task as FAILED. dag_id=ambev_breweries_pipeline, task_id=trigger_dataquality, execution_date=20241016T090000, start_date=20241017T220837, end_date=20241017T220837
[2024-10-17T22:08:37.700+0000] {standard_task_runner.py:100} ERROR - Failed to execute job 5 for task trigger_dataquality (Dag id dataquality_breweries_pipeline not found in DagModel; 889)
[2024-10-17T22:08:37.718+0000] {local_task_job.py:208} INFO - Task exited with return code 1
[2024-10-17T22:08:37.734+0000] {taskinstance.py:2578} INFO - 0 downstream tasks scheduled from follow-on schedule check
[2024-10-17T23:34:20.186+0000] {taskinstance.py:1083} INFO - Dependencies all met for <TaskInstance: ambev_breweries_pipeline.trigger_dataquality scheduled__2024-10-16T09:00:00+00:00 [queued]>
[2024-10-17T23:34:20.193+0000] {taskinstance.py:1083} INFO - Dependencies all met for <TaskInstance: ambev_breweries_pipeline.trigger_dataquality scheduled__2024-10-16T09:00:00+00:00 [queued]>
[2024-10-17T23:34:20.194+0000] {taskinstance.py:1279} INFO - 
--------------------------------------------------------------------------------
[2024-10-17T23:34:20.194+0000] {taskinstance.py:1280} INFO - Starting attempt 1 of 1
[2024-10-17T23:34:20.194+0000] {taskinstance.py:1281} INFO - 
--------------------------------------------------------------------------------
[2024-10-17T23:34:20.203+0000] {taskinstance.py:1300} INFO - Executing <Task(TriggerDagRunOperator): trigger_dataquality> on 2024-10-16 09:00:00+00:00
[2024-10-17T23:34:20.207+0000] {standard_task_runner.py:55} INFO - Started process 3792 to run task
[2024-10-17T23:34:20.209+0000] {standard_task_runner.py:82} INFO - Running: ['***', 'tasks', 'run', 'ambev_breweries_pipeline', 'trigger_dataquality', 'scheduled__2024-10-16T09:00:00+00:00', '--job-id', '5', '--raw', '--subdir', 'DAGS_FOLDER/dag_brewery.py', '--cfg-path', '/tmp/tmpd3qbzk_1']
[2024-10-17T23:34:20.210+0000] {standard_task_runner.py:83} INFO - Job 5: Subtask trigger_dataquality
[2024-10-17T23:34:20.221+0000] {logging_mixin.py:137} WARNING - /usr/local/lib/python3.9/site-packages/***/settings.py:249 DeprecationWarning: The sql_alchemy_conn option in [core] has been moved to the sql_alchemy_conn option in [database] - the old setting has been used, but please update your config.
[2024-10-17T23:34:20.236+0000] {logging_mixin.py:137} WARNING - /usr/local/lib/python3.9/site-packages/***/utils/sqlalchemy.py:124 DeprecationWarning: The sql_alchemy_conn option in [core] has been moved to the sql_alchemy_conn option in [database] - the old setting has been used, but please update your config.
[2024-10-17T23:34:20.259+0000] {task_command.py:388} INFO - Running <TaskInstance: ambev_breweries_pipeline.trigger_dataquality scheduled__2024-10-16T09:00:00+00:00 [running]> on host 3d61c8644578
[2024-10-17T23:34:20.311+0000] {taskinstance.py:1507} INFO - Exporting the following env vars:
AIRFLOW_CTX_DAG_OWNER=Klaus_Rezende
AIRFLOW_CTX_DAG_ID=ambev_breweries_pipeline
AIRFLOW_CTX_TASK_ID=trigger_dataquality
AIRFLOW_CTX_EXECUTION_DATE=2024-10-16T09:00:00+00:00
AIRFLOW_CTX_TRY_NUMBER=1
AIRFLOW_CTX_DAG_RUN_ID=scheduled__2024-10-16T09:00:00+00:00
[2024-10-17T23:34:20.375+0000] {taskinstance.py:1318} INFO - Marking task as SUCCESS. dag_id=ambev_breweries_pipeline, task_id=trigger_dataquality, execution_date=20241016T090000, start_date=20241017T233420, end_date=20241017T233420
[2024-10-17T23:34:20.421+0000] {local_task_job.py:208} INFO - Task exited with return code 0
[2024-10-17T23:34:20.438+0000] {taskinstance.py:2578} INFO - 1 downstream tasks scheduled from follow-on schedule check
