[2024-10-20T18:28:28.554+0000] {processor.py:153} INFO - Started process (PID=1822) to work on /opt/airflow/dags/dag_brewery.py
[2024-10-20T18:28:28.556+0000] {processor.py:743} INFO - Processing file /opt/airflow/dags/dag_brewery.py for tasks to queue
[2024-10-20T18:28:28.557+0000] {logging_mixin.py:137} INFO - [2024-10-20T18:28:28.557+0000] {dagbag.py:538} INFO - Filling up the DagBag from /opt/airflow/dags/dag_brewery.py
[2024-10-20T18:28:28.628+0000] {processor.py:753} INFO - DAG(s) dict_keys(['ambev_breweries_pipeline']) retrieved from /opt/airflow/dags/dag_brewery.py
[2024-10-20T18:28:28.662+0000] {logging_mixin.py:137} INFO - [2024-10-20T18:28:28.662+0000] {dag.py:2690} INFO - Sync 1 DAGs
[2024-10-20T18:28:28.694+0000] {logging_mixin.py:137} INFO - [2024-10-20T18:28:28.694+0000] {dag.py:3437} INFO - Setting next_dagrun for ambev_breweries_pipeline to 2024-10-20T09:00:00+00:00, run_after=2024-10-21T09:00:00+00:00
[2024-10-20T18:28:28.728+0000] {processor.py:175} INFO - Processing /opt/airflow/dags/dag_brewery.py took 0.180 seconds
[2024-10-20T18:28:59.023+0000] {processor.py:153} INFO - Started process (PID=2213) to work on /opt/airflow/dags/dag_brewery.py
[2024-10-20T18:28:59.024+0000] {processor.py:743} INFO - Processing file /opt/airflow/dags/dag_brewery.py for tasks to queue
[2024-10-20T18:28:59.025+0000] {logging_mixin.py:137} INFO - [2024-10-20T18:28:59.025+0000] {dagbag.py:538} INFO - Filling up the DagBag from /opt/airflow/dags/dag_brewery.py
[2024-10-20T18:28:59.093+0000] {processor.py:753} INFO - DAG(s) dict_keys(['ambev_breweries_pipeline']) retrieved from /opt/airflow/dags/dag_brewery.py
[2024-10-20T18:28:59.126+0000] {logging_mixin.py:137} INFO - [2024-10-20T18:28:59.125+0000] {dag.py:2690} INFO - Sync 1 DAGs
[2024-10-20T18:28:59.157+0000] {logging_mixin.py:137} INFO - [2024-10-20T18:28:59.157+0000] {dag.py:3437} INFO - Setting next_dagrun for ambev_breweries_pipeline to 2024-10-20T09:00:00+00:00, run_after=2024-10-21T09:00:00+00:00
[2024-10-20T18:28:59.186+0000] {processor.py:175} INFO - Processing /opt/airflow/dags/dag_brewery.py took 0.167 seconds
[2024-10-20T18:29:29.484+0000] {processor.py:153} INFO - Started process (PID=2599) to work on /opt/airflow/dags/dag_brewery.py
[2024-10-20T18:29:29.485+0000] {processor.py:743} INFO - Processing file /opt/airflow/dags/dag_brewery.py for tasks to queue
[2024-10-20T18:29:29.487+0000] {logging_mixin.py:137} INFO - [2024-10-20T18:29:29.487+0000] {dagbag.py:538} INFO - Filling up the DagBag from /opt/airflow/dags/dag_brewery.py
[2024-10-20T18:29:29.566+0000] {processor.py:753} INFO - DAG(s) dict_keys(['ambev_breweries_pipeline']) retrieved from /opt/airflow/dags/dag_brewery.py
[2024-10-20T18:29:29.602+0000] {logging_mixin.py:137} INFO - [2024-10-20T18:29:29.601+0000] {dag.py:2690} INFO - Sync 1 DAGs
[2024-10-20T18:29:29.641+0000] {logging_mixin.py:137} INFO - [2024-10-20T18:29:29.640+0000] {dag.py:3437} INFO - Setting next_dagrun for ambev_breweries_pipeline to 2024-10-20T09:00:00+00:00, run_after=2024-10-21T09:00:00+00:00
[2024-10-20T18:29:29.668+0000] {processor.py:175} INFO - Processing /opt/airflow/dags/dag_brewery.py took 0.189 seconds
