[2024-10-17T21:19:46.578+0000] {taskinstance.py:1083} INFO - Dependencies all met for <TaskInstance: ambev_breweries_pipeline.run_gold manual__2024-10-17T21:19:34.541116+00:00 [queued]>
[2024-10-17T21:19:46.585+0000] {taskinstance.py:1083} INFO - Dependencies all met for <TaskInstance: ambev_breweries_pipeline.run_gold manual__2024-10-17T21:19:34.541116+00:00 [queued]>
[2024-10-17T21:19:46.586+0000] {taskinstance.py:1279} INFO - 
--------------------------------------------------------------------------------
[2024-10-17T21:19:46.586+0000] {taskinstance.py:1280} INFO - Starting attempt 1 of 1
[2024-10-17T21:19:46.586+0000] {taskinstance.py:1281} INFO - 
--------------------------------------------------------------------------------
[2024-10-17T21:19:46.595+0000] {taskinstance.py:1300} INFO - Executing <Task(BashOperator): run_gold> on 2024-10-17 21:19:34.541116+00:00
[2024-10-17T21:19:46.599+0000] {standard_task_runner.py:55} INFO - Started process 550 to run task
[2024-10-17T21:19:46.600+0000] {standard_task_runner.py:82} INFO - Running: ['***', 'tasks', 'run', 'ambev_breweries_pipeline', 'run_gold', 'manual__2024-10-17T21:19:34.541116+00:00', '--job-id', '7', '--raw', '--subdir', 'DAGS_FOLDER/dag_brewery.py', '--cfg-path', '/tmp/tmpwz5pygea']
[2024-10-17T21:19:46.601+0000] {standard_task_runner.py:83} INFO - Job 7: Subtask run_gold
[2024-10-17T21:19:46.611+0000] {logging_mixin.py:137} WARNING - /usr/local/lib/python3.9/site-packages/***/settings.py:249 DeprecationWarning: The sql_alchemy_conn option in [core] has been moved to the sql_alchemy_conn option in [database] - the old setting has been used, but please update your config.
[2024-10-17T21:19:46.644+0000] {task_command.py:388} INFO - Running <TaskInstance: ambev_breweries_pipeline.run_gold manual__2024-10-17T21:19:34.541116+00:00 [running]> on host d7db64b64b8c
[2024-10-17T21:19:46.688+0000] {taskinstance.py:1507} INFO - Exporting the following env vars:
AIRFLOW_CTX_DAG_OWNER=Klaus_Rezende
AIRFLOW_CTX_DAG_ID=ambev_breweries_pipeline
AIRFLOW_CTX_TASK_ID=run_gold
AIRFLOW_CTX_EXECUTION_DATE=2024-10-17T21:19:34.541116+00:00
AIRFLOW_CTX_TRY_NUMBER=1
AIRFLOW_CTX_DAG_RUN_ID=manual__2024-10-17T21:19:34.541116+00:00
[2024-10-17T21:19:46.688+0000] {subprocess.py:63} INFO - Tmp dir root location: 
 /tmp
[2024-10-17T21:19:46.689+0000] {subprocess.py:75} INFO - Running command: ['/usr/bin/bash', '-c', 'python3 /opt/***/scripts/gold_brewery.py']
[2024-10-17T21:19:46.695+0000] {subprocess.py:86} INFO - Output:
[2024-10-17T21:19:48.121+0000] {subprocess.py:93} INFO - Setting default log level to "WARN".
[2024-10-17T21:19:48.121+0000] {subprocess.py:93} INFO - To adjust logging level use sc.setLogLevel(newLevel). For SparkR, use setLogLevel(newLevel).
[2024-10-17T21:19:48.318+0000] {subprocess.py:93} INFO - 24/10/17 21:19:48 WARN NativeCodeLoader: Unable to load native-hadoop library for your platform... using builtin-java classes where applicable
[2024-10-17T21:19:54.228+0000] {subprocess.py:93} INFO - +------------+--------------+-----+
[2024-10-17T21:19:54.228+0000] {subprocess.py:93} INFO - |brewery_type|    name_state|count|
[2024-10-17T21:19:54.228+0000] {subprocess.py:93} INFO - +------------+--------------+-----+
[2024-10-17T21:19:54.229+0000] {subprocess.py:93} INFO - |       micro|     Wisconsin|    2|
[2024-10-17T21:19:54.229+0000] {subprocess.py:93} INFO - |      closed|    California|    1|
[2024-10-17T21:19:54.229+0000] {subprocess.py:93} INFO - |       large|        Oregon|    4|
[2024-10-17T21:19:54.229+0000] {subprocess.py:93} INFO - |      closed|    Washington|    1|
[2024-10-17T21:19:54.230+0000] {subprocess.py:93} INFO - |       micro|      Virginia|    1|
[2024-10-17T21:19:54.230+0000] {subprocess.py:93} INFO - |       micro| Massachusetts|    1|
[2024-10-17T21:19:54.230+0000] {subprocess.py:93} INFO - |       micro|          Iowa|    1|
[2024-10-17T21:19:54.230+0000] {subprocess.py:93} INFO - |       micro|      Oklahoma|    1|
[2024-10-17T21:19:54.230+0000] {subprocess.py:93} INFO - |       micro|      Michigan|    1|
[2024-10-17T21:19:54.231+0000] {subprocess.py:93} INFO - |       micro|North Carolina|    1|
[2024-10-17T21:19:54.231+0000] {subprocess.py:93} INFO - |     brewpub|      New York|    2|
[2024-10-17T21:19:54.231+0000] {subprocess.py:93} INFO - |       micro|     Minnesota|    3|
[2024-10-17T21:19:54.231+0000] {subprocess.py:93} INFO - |       micro|      Colorado|    1|
[2024-10-17T21:19:54.231+0000] {subprocess.py:93} INFO - |       micro|         Laois|    1|
[2024-10-17T21:19:54.232+0000] {subprocess.py:93} INFO - |       micro|  Pennsylvania|    1|
[2024-10-17T21:19:54.232+0000] {subprocess.py:93} INFO - |       micro|    California|    2|
[2024-10-17T21:19:54.232+0000] {subprocess.py:93} INFO - |       micro|        Nevada|    1|
[2024-10-17T21:19:54.232+0000] {subprocess.py:93} INFO - |       micro|       Vermont|    1|
[2024-10-17T21:19:54.232+0000] {subprocess.py:93} INFO - |     brewpub|South Carolina|    1|
[2024-10-17T21:19:54.233+0000] {subprocess.py:93} INFO - |       large|      Colorado|    1|
[2024-10-17T21:19:54.233+0000] {subprocess.py:93} INFO - +------------+--------------+-----+
[2024-10-17T21:19:54.233+0000] {subprocess.py:93} INFO - only showing top 20 rows
[2024-10-17T21:19:54.233+0000] {subprocess.py:93} INFO - 
[2024-10-17T21:19:54.639+0000] {subprocess.py:97} INFO - Command exited with return code 0
[2024-10-17T21:19:54.657+0000] {taskinstance.py:1318} INFO - Marking task as SUCCESS. dag_id=ambev_breweries_pipeline, task_id=run_gold, execution_date=20241017T211934, start_date=20241017T211946, end_date=20241017T211954
[2024-10-17T21:19:54.707+0000] {local_task_job.py:208} INFO - Task exited with return code 0
[2024-10-17T21:19:54.724+0000] {taskinstance.py:2578} INFO - 1 downstream tasks scheduled from follow-on schedule check
