[2024-10-18T23:56:50.018+0000] {taskinstance.py:1083} INFO - Dependencies all met for <TaskInstance: ambev_breweries_pipeline.run_silver scheduled__2024-10-17T09:00:00+00:00 [queued]>
[2024-10-18T23:56:50.024+0000] {taskinstance.py:1083} INFO - Dependencies all met for <TaskInstance: ambev_breweries_pipeline.run_silver scheduled__2024-10-17T09:00:00+00:00 [queued]>
[2024-10-18T23:56:50.025+0000] {taskinstance.py:1279} INFO - 
--------------------------------------------------------------------------------
[2024-10-18T23:56:50.025+0000] {taskinstance.py:1280} INFO - Starting attempt 2 of 2
[2024-10-18T23:56:50.025+0000] {taskinstance.py:1281} INFO - 
--------------------------------------------------------------------------------
[2024-10-18T23:56:50.033+0000] {taskinstance.py:1300} INFO - Executing <Task(BashOperator): run_silver> on 2024-10-17 09:00:00+00:00
[2024-10-18T23:56:50.037+0000] {standard_task_runner.py:55} INFO - Started process 18674 to run task
[2024-10-18T23:56:50.039+0000] {standard_task_runner.py:82} INFO - Running: ['***', 'tasks', 'run', 'ambev_breweries_pipeline', 'run_silver', 'scheduled__2024-10-17T09:00:00+00:00', '--job-id', '6', '--raw', '--subdir', 'DAGS_FOLDER/dag_brewery.py', '--cfg-path', '/tmp/tmpjyk7zxuq']
[2024-10-18T23:56:50.040+0000] {standard_task_runner.py:83} INFO - Job 6: Subtask run_silver
[2024-10-18T23:56:50.051+0000] {logging_mixin.py:137} WARNING - /usr/local/lib/python3.9/site-packages/***/settings.py:249 DeprecationWarning: The sql_alchemy_conn option in [core] has been moved to the sql_alchemy_conn option in [database] - the old setting has been used, but please update your config.
[2024-10-18T23:56:50.066+0000] {logging_mixin.py:137} WARNING - /usr/local/lib/python3.9/site-packages/***/utils/sqlalchemy.py:124 DeprecationWarning: The sql_alchemy_conn option in [core] has been moved to the sql_alchemy_conn option in [database] - the old setting has been used, but please update your config.
[2024-10-18T23:56:50.087+0000] {task_command.py:388} INFO - Running <TaskInstance: ambev_breweries_pipeline.run_silver scheduled__2024-10-17T09:00:00+00:00 [running]> on host 39b0b1bd9d5a
[2024-10-18T23:56:50.131+0000] {taskinstance.py:1507} INFO - Exporting the following env vars:
AIRFLOW_CTX_DAG_OWNER=Klaus_Rezende
AIRFLOW_CTX_DAG_ID=ambev_breweries_pipeline
AIRFLOW_CTX_TASK_ID=run_silver
AIRFLOW_CTX_EXECUTION_DATE=2024-10-17T09:00:00+00:00
AIRFLOW_CTX_TRY_NUMBER=2
AIRFLOW_CTX_DAG_RUN_ID=scheduled__2024-10-17T09:00:00+00:00
[2024-10-18T23:56:50.132+0000] {subprocess.py:63} INFO - Tmp dir root location: 
 /tmp
[2024-10-18T23:56:50.132+0000] {subprocess.py:75} INFO - Running command: ['/usr/bin/bash', '-c', 'python3 /opt/***/scripts/silver_brewery.py']
[2024-10-18T23:56:50.139+0000] {subprocess.py:86} INFO - Output:
[2024-10-18T23:56:51.761+0000] {subprocess.py:93} INFO - Setting default log level to "WARN".
[2024-10-18T23:56:51.762+0000] {subprocess.py:93} INFO - To adjust logging level use sc.setLogLevel(newLevel). For SparkR, use setLogLevel(newLevel).
[2024-10-18T23:56:51.892+0000] {subprocess.py:93} INFO - 24/10/18 23:56:51 WARN NativeCodeLoader: Unable to load native-hadoop library for your platform... using builtin-java classes where applicable
[2024-10-18T23:56:52.330+0000] {subprocess.py:93} INFO - 24/10/18 23:56:52 WARN Utils: Service 'SparkUI' could not bind on port 4040. Attempting port 4041.
[2024-10-18T23:56:52.330+0000] {subprocess.py:93} INFO - 24/10/18 23:56:52 WARN Utils: Service 'SparkUI' could not bind on port 4041. Attempting port 4042.
[2024-10-18T23:56:58.687+0000] {subprocess.py:93} INFO - [Stage 1:>                                                          (0 + 1) / 1]
[2024-10-18T23:56:58.688+0000] {subprocess.py:97} INFO - Command exited with return code 0
[2024-10-18T23:56:58.707+0000] {taskinstance.py:1318} INFO - Marking task as SUCCESS. dag_id=ambev_breweries_pipeline, task_id=run_silver, execution_date=20241017T090000, start_date=20241018T235650, end_date=20241018T235658
[2024-10-18T23:56:58.722+0000] {local_task_job.py:208} INFO - Task exited with return code 0
[2024-10-18T23:56:58.740+0000] {taskinstance.py:2578} INFO - 1 downstream tasks scheduled from follow-on schedule check
