[2024-10-17T21:53:41.619+0000] {taskinstance.py:1083} INFO - Dependencies all met for <TaskInstance: ambev_breweries_pipeline.trigger_dataquality scheduled__2024-09-03T09:00:00+00:00 [queued]>
[2024-10-17T21:53:41.625+0000] {taskinstance.py:1083} INFO - Dependencies all met for <TaskInstance: ambev_breweries_pipeline.trigger_dataquality scheduled__2024-09-03T09:00:00+00:00 [queued]>
[2024-10-17T21:53:41.625+0000] {taskinstance.py:1279} INFO - 
--------------------------------------------------------------------------------
[2024-10-17T21:53:41.626+0000] {taskinstance.py:1280} INFO - Starting attempt 1 of 1
[2024-10-17T21:53:41.626+0000] {taskinstance.py:1281} INFO - 
--------------------------------------------------------------------------------
[2024-10-17T21:53:41.636+0000] {taskinstance.py:1300} INFO - Executing <Task(TriggerDagRunOperator): trigger_dataquality> on 2024-09-03 09:00:00+00:00
[2024-10-17T21:53:41.641+0000] {standard_task_runner.py:55} INFO - Started process 787 to run task
[2024-10-17T21:53:41.642+0000] {standard_task_runner.py:82} INFO - Running: ['***', 'tasks', 'run', 'ambev_breweries_pipeline', 'trigger_dataquality', 'scheduled__2024-09-03T09:00:00+00:00', '--job-id', '5', '--raw', '--subdir', 'DAGS_FOLDER/dag_brewery.py', '--cfg-path', '/tmp/tmp6r1jmy8f']
[2024-10-17T21:53:41.643+0000] {standard_task_runner.py:83} INFO - Job 5: Subtask trigger_dataquality
[2024-10-17T21:53:41.654+0000] {logging_mixin.py:137} WARNING - /usr/local/lib/python3.9/site-packages/***/settings.py:249 DeprecationWarning: The sql_alchemy_conn option in [core] has been moved to the sql_alchemy_conn option in [database] - the old setting has been used, but please update your config.
[2024-10-17T21:53:41.669+0000] {logging_mixin.py:137} WARNING - /usr/local/lib/python3.9/site-packages/***/utils/sqlalchemy.py:124 DeprecationWarning: The sql_alchemy_conn option in [core] has been moved to the sql_alchemy_conn option in [database] - the old setting has been used, but please update your config.
[2024-10-17T21:53:41.691+0000] {task_command.py:388} INFO - Running <TaskInstance: ambev_breweries_pipeline.trigger_dataquality scheduled__2024-09-03T09:00:00+00:00 [running]> on host ab5692cc8c7d
[2024-10-17T21:53:41.735+0000] {taskinstance.py:1507} INFO - Exporting the following env vars:
AIRFLOW_CTX_DAG_OWNER=Klaus_Rezende
AIRFLOW_CTX_DAG_ID=ambev_breweries_pipeline
AIRFLOW_CTX_TASK_ID=trigger_dataquality
AIRFLOW_CTX_EXECUTION_DATE=2024-09-03T09:00:00+00:00
AIRFLOW_CTX_TRY_NUMBER=1
AIRFLOW_CTX_DAG_RUN_ID=scheduled__2024-09-03T09:00:00+00:00
[2024-10-17T21:53:41.791+0000] {taskinstance.py:1318} INFO - Marking task as SUCCESS. dag_id=ambev_breweries_pipeline, task_id=trigger_dataquality, execution_date=20240903T090000, start_date=20241017T215341, end_date=20241017T215341
[2024-10-17T21:53:41.815+0000] {local_task_job.py:208} INFO - Task exited with return code 0
[2024-10-17T21:53:41.832+0000] {taskinstance.py:2578} INFO - 1 downstream tasks scheduled from follow-on schedule check
