[2024-10-19T00:01:50.334+0000] {taskinstance.py:1083} INFO - Dependencies all met for <TaskInstance: ambev_breweries_pipeline.run_gold manual__2024-10-19T00:00:43.465408+00:00 [queued]>
[2024-10-19T00:01:50.340+0000] {taskinstance.py:1083} INFO - Dependencies all met for <TaskInstance: ambev_breweries_pipeline.run_gold manual__2024-10-19T00:00:43.465408+00:00 [queued]>
[2024-10-19T00:01:50.340+0000] {taskinstance.py:1279} INFO - 
--------------------------------------------------------------------------------
[2024-10-19T00:01:50.341+0000] {taskinstance.py:1280} INFO - Starting attempt 2 of 2
[2024-10-19T00:01:50.341+0000] {taskinstance.py:1281} INFO - 
--------------------------------------------------------------------------------
[2024-10-19T00:01:50.350+0000] {taskinstance.py:1300} INFO - Executing <Task(BashOperator): run_gold> on 2024-10-19 00:00:43.465408+00:00
[2024-10-19T00:01:50.353+0000] {standard_task_runner.py:55} INFO - Started process 23743 to run task
[2024-10-19T00:01:50.355+0000] {standard_task_runner.py:82} INFO - Running: ['***', 'tasks', 'run', 'ambev_breweries_pipeline', 'run_gold', 'manual__2024-10-19T00:00:43.465408+00:00', '--job-id', '14', '--raw', '--subdir', 'DAGS_FOLDER/dag_brewery.py', '--cfg-path', '/tmp/tmp45vnpc9r']
[2024-10-19T00:01:50.356+0000] {standard_task_runner.py:83} INFO - Job 14: Subtask run_gold
[2024-10-19T00:01:50.368+0000] {logging_mixin.py:137} WARNING - /usr/local/lib/python3.9/site-packages/***/settings.py:249 DeprecationWarning: The sql_alchemy_conn option in [core] has been moved to the sql_alchemy_conn option in [database] - the old setting has been used, but please update your config.
[2024-10-19T00:01:50.405+0000] {task_command.py:388} INFO - Running <TaskInstance: ambev_breweries_pipeline.run_gold manual__2024-10-19T00:00:43.465408+00:00 [running]> on host 39b0b1bd9d5a
[2024-10-19T00:01:50.451+0000] {taskinstance.py:1507} INFO - Exporting the following env vars:
AIRFLOW_CTX_DAG_OWNER=Klaus_Rezende
AIRFLOW_CTX_DAG_ID=ambev_breweries_pipeline
AIRFLOW_CTX_TASK_ID=run_gold
AIRFLOW_CTX_EXECUTION_DATE=2024-10-19T00:00:43.465408+00:00
AIRFLOW_CTX_TRY_NUMBER=2
AIRFLOW_CTX_DAG_RUN_ID=manual__2024-10-19T00:00:43.465408+00:00
[2024-10-19T00:01:50.452+0000] {subprocess.py:63} INFO - Tmp dir root location: 
 /tmp
[2024-10-19T00:01:50.453+0000] {subprocess.py:75} INFO - Running command: ['/usr/bin/bash', '-c', 'python3 /opt/***/scripts/gold_brewery.py']
[2024-10-19T00:01:50.459+0000] {subprocess.py:86} INFO - Output:
[2024-10-19T00:01:51.862+0000] {subprocess.py:93} INFO - Setting default log level to "WARN".
[2024-10-19T00:01:51.863+0000] {subprocess.py:93} INFO - To adjust logging level use sc.setLogLevel(newLevel). For SparkR, use setLogLevel(newLevel).
[2024-10-19T00:01:51.999+0000] {subprocess.py:93} INFO - 24/10/19 00:01:51 WARN NativeCodeLoader: Unable to load native-hadoop library for your platform... using builtin-java classes where applicable
[2024-10-19T00:01:57.533+0000] {subprocess.py:93} INFO - [Stage 1:====>                                                    (1 + 13) / 14]
[2024-10-19T00:01:57.533+0000] {subprocess.py:97} INFO - Command exited with return code 0
[2024-10-19T00:01:57.552+0000] {taskinstance.py:1318} INFO - Marking task as SUCCESS. dag_id=ambev_breweries_pipeline, task_id=run_gold, execution_date=20241019T000043, start_date=20241019T000150, end_date=20241019T000157
[2024-10-19T00:01:57.583+0000] {local_task_job.py:208} INFO - Task exited with return code 0
[2024-10-19T00:01:57.600+0000] {taskinstance.py:2578} INFO - 1 downstream tasks scheduled from follow-on schedule check
