[2024-10-17T22:08:16.405+0000] {taskinstance.py:1083} INFO - Dependencies all met for <TaskInstance: ambev_breweries_pipeline.run_bronze scheduled__2024-10-16T09:00:00+00:00 [queued]>
[2024-10-17T22:08:16.412+0000] {taskinstance.py:1083} INFO - Dependencies all met for <TaskInstance: ambev_breweries_pipeline.run_bronze scheduled__2024-10-16T09:00:00+00:00 [queued]>
[2024-10-17T22:08:16.412+0000] {taskinstance.py:1279} INFO - 
--------------------------------------------------------------------------------
[2024-10-17T22:08:16.412+0000] {taskinstance.py:1280} INFO - Starting attempt 1 of 1
[2024-10-17T22:08:16.412+0000] {taskinstance.py:1281} INFO - 
--------------------------------------------------------------------------------
[2024-10-17T22:08:16.420+0000] {taskinstance.py:1300} INFO - Executing <Task(BashOperator): run_bronze> on 2024-10-16 09:00:00+00:00
[2024-10-17T22:08:16.424+0000] {standard_task_runner.py:55} INFO - Started process 223 to run task
[2024-10-17T22:08:16.426+0000] {standard_task_runner.py:82} INFO - Running: ['***', 'tasks', 'run', 'ambev_breweries_pipeline', 'run_bronze', 'scheduled__2024-10-16T09:00:00+00:00', '--job-id', '2', '--raw', '--subdir', 'DAGS_FOLDER/dag_brewery.py', '--cfg-path', '/tmp/tmpppkvlrsd']
[2024-10-17T22:08:16.428+0000] {standard_task_runner.py:83} INFO - Job 2: Subtask run_bronze
[2024-10-17T22:08:16.440+0000] {logging_mixin.py:137} WARNING - /usr/local/lib/python3.9/site-packages/***/settings.py:249 DeprecationWarning: The sql_alchemy_conn option in [core] has been moved to the sql_alchemy_conn option in [database] - the old setting has been used, but please update your config.
[2024-10-17T22:08:16.457+0000] {logging_mixin.py:137} WARNING - /usr/local/lib/python3.9/site-packages/***/utils/sqlalchemy.py:124 DeprecationWarning: The sql_alchemy_conn option in [core] has been moved to the sql_alchemy_conn option in [database] - the old setting has been used, but please update your config.
[2024-10-17T22:08:16.480+0000] {task_command.py:388} INFO - Running <TaskInstance: ambev_breweries_pipeline.run_bronze scheduled__2024-10-16T09:00:00+00:00 [running]> on host 50b4891d6c83
[2024-10-17T22:08:16.530+0000] {taskinstance.py:1507} INFO - Exporting the following env vars:
AIRFLOW_CTX_DAG_OWNER=Klaus_Rezende
AIRFLOW_CTX_DAG_ID=ambev_breweries_pipeline
AIRFLOW_CTX_TASK_ID=run_bronze
AIRFLOW_CTX_EXECUTION_DATE=2024-10-16T09:00:00+00:00
AIRFLOW_CTX_TRY_NUMBER=1
AIRFLOW_CTX_DAG_RUN_ID=scheduled__2024-10-16T09:00:00+00:00
[2024-10-17T22:08:16.531+0000] {subprocess.py:63} INFO - Tmp dir root location: 
 /tmp
[2024-10-17T22:08:16.532+0000] {subprocess.py:75} INFO - Running command: ['/usr/bin/bash', '-c', 'python3 /opt/***/scripts/bronze_brewery.py']
[2024-10-17T22:08:16.539+0000] {subprocess.py:86} INFO - Output:
[2024-10-17T22:08:17.378+0000] {subprocess.py:97} INFO - Command exited with return code 0
[2024-10-17T22:08:17.397+0000] {taskinstance.py:1318} INFO - Marking task as SUCCESS. dag_id=ambev_breweries_pipeline, task_id=run_bronze, execution_date=20241016T090000, start_date=20241017T220816, end_date=20241017T220817
[2024-10-17T22:08:17.441+0000] {local_task_job.py:208} INFO - Task exited with return code 0
[2024-10-17T22:08:17.460+0000] {taskinstance.py:2578} INFO - 1 downstream tasks scheduled from follow-on schedule check
[2024-10-17T23:33:57.979+0000] {taskinstance.py:1083} INFO - Dependencies all met for <TaskInstance: ambev_breweries_pipeline.run_bronze scheduled__2024-10-16T09:00:00+00:00 [queued]>
[2024-10-17T23:33:57.986+0000] {taskinstance.py:1083} INFO - Dependencies all met for <TaskInstance: ambev_breweries_pipeline.run_bronze scheduled__2024-10-16T09:00:00+00:00 [queued]>
[2024-10-17T23:33:57.986+0000] {taskinstance.py:1279} INFO - 
--------------------------------------------------------------------------------
[2024-10-17T23:33:57.986+0000] {taskinstance.py:1280} INFO - Starting attempt 1 of 1
[2024-10-17T23:33:57.986+0000] {taskinstance.py:1281} INFO - 
--------------------------------------------------------------------------------
[2024-10-17T23:33:57.996+0000] {taskinstance.py:1300} INFO - Executing <Task(BashOperator): run_bronze> on 2024-10-16 09:00:00+00:00
[2024-10-17T23:33:57.999+0000] {standard_task_runner.py:55} INFO - Started process 2907 to run task
[2024-10-17T23:33:58.001+0000] {standard_task_runner.py:82} INFO - Running: ['***', 'tasks', 'run', 'ambev_breweries_pipeline', 'run_bronze', 'scheduled__2024-10-16T09:00:00+00:00', '--job-id', '2', '--raw', '--subdir', 'DAGS_FOLDER/dag_brewery.py', '--cfg-path', '/tmp/tmp_mshivfo']
[2024-10-17T23:33:58.003+0000] {standard_task_runner.py:83} INFO - Job 2: Subtask run_bronze
[2024-10-17T23:33:58.014+0000] {logging_mixin.py:137} WARNING - /usr/local/lib/python3.9/site-packages/***/settings.py:249 DeprecationWarning: The sql_alchemy_conn option in [core] has been moved to the sql_alchemy_conn option in [database] - the old setting has been used, but please update your config.
[2024-10-17T23:33:58.030+0000] {logging_mixin.py:137} WARNING - /usr/local/lib/python3.9/site-packages/***/utils/sqlalchemy.py:124 DeprecationWarning: The sql_alchemy_conn option in [core] has been moved to the sql_alchemy_conn option in [database] - the old setting has been used, but please update your config.
[2024-10-17T23:33:58.052+0000] {task_command.py:388} INFO - Running <TaskInstance: ambev_breweries_pipeline.run_bronze scheduled__2024-10-16T09:00:00+00:00 [running]> on host 3d61c8644578
[2024-10-17T23:33:58.100+0000] {taskinstance.py:1507} INFO - Exporting the following env vars:
AIRFLOW_CTX_DAG_OWNER=Klaus_Rezende
AIRFLOW_CTX_DAG_ID=ambev_breweries_pipeline
AIRFLOW_CTX_TASK_ID=run_bronze
AIRFLOW_CTX_EXECUTION_DATE=2024-10-16T09:00:00+00:00
AIRFLOW_CTX_TRY_NUMBER=1
AIRFLOW_CTX_DAG_RUN_ID=scheduled__2024-10-16T09:00:00+00:00
[2024-10-17T23:33:58.101+0000] {subprocess.py:63} INFO - Tmp dir root location: 
 /tmp
[2024-10-17T23:33:58.102+0000] {subprocess.py:75} INFO - Running command: ['/usr/bin/bash', '-c', 'python3 /opt/***/scripts/bronze_brewery.py']
[2024-10-17T23:33:58.108+0000] {subprocess.py:86} INFO - Output:
[2024-10-17T23:33:58.917+0000] {subprocess.py:97} INFO - Command exited with return code 0
[2024-10-17T23:33:58.941+0000] {taskinstance.py:1318} INFO - Marking task as SUCCESS. dag_id=ambev_breweries_pipeline, task_id=run_bronze, execution_date=20241016T090000, start_date=20241017T233357, end_date=20241017T233358
[2024-10-17T23:33:58.976+0000] {local_task_job.py:208} INFO - Task exited with return code 0
[2024-10-17T23:33:58.996+0000] {taskinstance.py:2578} INFO - 1 downstream tasks scheduled from follow-on schedule check
