[2024-10-18T23:56:48.697+0000] {taskinstance.py:1083} INFO - Dependencies all met for <TaskInstance: ambev_breweries_pipeline.run_bronze scheduled__2024-10-17T09:00:00+00:00 [queued]>
[2024-10-18T23:56:48.703+0000] {taskinstance.py:1083} INFO - Dependencies all met for <TaskInstance: ambev_breweries_pipeline.run_bronze scheduled__2024-10-17T09:00:00+00:00 [queued]>
[2024-10-18T23:56:48.703+0000] {taskinstance.py:1279} INFO - 
--------------------------------------------------------------------------------
[2024-10-18T23:56:48.703+0000] {taskinstance.py:1280} INFO - Starting attempt 2 of 2
[2024-10-18T23:56:48.703+0000] {taskinstance.py:1281} INFO - 
--------------------------------------------------------------------------------
[2024-10-18T23:56:48.711+0000] {taskinstance.py:1300} INFO - Executing <Task(BashOperator): run_bronze> on 2024-10-17 09:00:00+00:00
[2024-10-18T23:56:48.715+0000] {standard_task_runner.py:55} INFO - Started process 18654 to run task
[2024-10-18T23:56:48.717+0000] {standard_task_runner.py:82} INFO - Running: ['***', 'tasks', 'run', 'ambev_breweries_pipeline', 'run_bronze', 'scheduled__2024-10-17T09:00:00+00:00', '--job-id', '5', '--raw', '--subdir', 'DAGS_FOLDER/dag_brewery.py', '--cfg-path', '/tmp/tmppfx79g5w']
[2024-10-18T23:56:48.718+0000] {standard_task_runner.py:83} INFO - Job 5: Subtask run_bronze
[2024-10-18T23:56:48.743+0000] {logging_mixin.py:137} WARNING - /usr/local/lib/python3.9/site-packages/***/settings.py:249 DeprecationWarning: The sql_alchemy_conn option in [core] has been moved to the sql_alchemy_conn option in [database] - the old setting has been used, but please update your config.
[2024-10-18T23:56:48.766+0000] {logging_mixin.py:137} WARNING - /usr/local/lib/python3.9/site-packages/***/utils/sqlalchemy.py:124 DeprecationWarning: The sql_alchemy_conn option in [core] has been moved to the sql_alchemy_conn option in [database] - the old setting has been used, but please update your config.
[2024-10-18T23:56:48.797+0000] {task_command.py:388} INFO - Running <TaskInstance: ambev_breweries_pipeline.run_bronze scheduled__2024-10-17T09:00:00+00:00 [running]> on host 39b0b1bd9d5a
[2024-10-18T23:56:48.847+0000] {taskinstance.py:1507} INFO - Exporting the following env vars:
AIRFLOW_CTX_DAG_OWNER=Klaus_Rezende
AIRFLOW_CTX_DAG_ID=ambev_breweries_pipeline
AIRFLOW_CTX_TASK_ID=run_bronze
AIRFLOW_CTX_EXECUTION_DATE=2024-10-17T09:00:00+00:00
AIRFLOW_CTX_TRY_NUMBER=2
AIRFLOW_CTX_DAG_RUN_ID=scheduled__2024-10-17T09:00:00+00:00
[2024-10-18T23:56:48.847+0000] {subprocess.py:63} INFO - Tmp dir root location: 
 /tmp
[2024-10-18T23:56:48.848+0000] {subprocess.py:75} INFO - Running command: ['/usr/bin/bash', '-c', 'python3 /opt/***/scripts/bronze_brewery.py']
[2024-10-18T23:56:48.855+0000] {subprocess.py:86} INFO - Output:
[2024-10-18T23:56:49.357+0000] {subprocess.py:97} INFO - Command exited with return code 0
[2024-10-18T23:56:49.378+0000] {taskinstance.py:1318} INFO - Marking task as SUCCESS. dag_id=ambev_breweries_pipeline, task_id=run_bronze, execution_date=20241017T090000, start_date=20241018T235648, end_date=20241018T235649
[2024-10-18T23:56:49.411+0000] {local_task_job.py:208} INFO - Task exited with return code 0
[2024-10-18T23:56:49.432+0000] {taskinstance.py:2578} INFO - 1 downstream tasks scheduled from follow-on schedule check
