[2024-10-19T02:55:31.841+0000] {taskinstance.py:1083} INFO - Dependencies all met for <TaskInstance: ambev_breweries_pipeline.run_silver manual__2024-10-19T02:55:28.522442+00:00 [queued]>
[2024-10-19T02:55:31.848+0000] {taskinstance.py:1083} INFO - Dependencies all met for <TaskInstance: ambev_breweries_pipeline.run_silver manual__2024-10-19T02:55:28.522442+00:00 [queued]>
[2024-10-19T02:55:31.848+0000] {taskinstance.py:1279} INFO - 
--------------------------------------------------------------------------------
[2024-10-19T02:55:31.849+0000] {taskinstance.py:1280} INFO - Starting attempt 1 of 1
[2024-10-19T02:55:31.849+0000] {taskinstance.py:1281} INFO - 
--------------------------------------------------------------------------------
[2024-10-19T02:55:31.859+0000] {taskinstance.py:1300} INFO - Executing <Task(BashOperator): run_silver> on 2024-10-19 02:55:28.522442+00:00
[2024-10-19T02:55:31.863+0000] {standard_task_runner.py:55} INFO - Started process 53546 to run task
[2024-10-19T02:55:31.865+0000] {standard_task_runner.py:82} INFO - Running: ['***', 'tasks', 'run', 'ambev_breweries_pipeline', 'run_silver', 'manual__2024-10-19T02:55:28.522442+00:00', '--job-id', '20', '--raw', '--subdir', 'DAGS_FOLDER/dag_brewery.py', '--cfg-path', '/tmp/tmp56m9qo7m']
[2024-10-19T02:55:31.866+0000] {standard_task_runner.py:83} INFO - Job 20: Subtask run_silver
[2024-10-19T02:55:31.877+0000] {logging_mixin.py:137} WARNING - /usr/local/lib/python3.9/site-packages/***/settings.py:249 DeprecationWarning: The sql_alchemy_conn option in [core] has been moved to the sql_alchemy_conn option in [database] - the old setting has been used, but please update your config.
[2024-10-19T02:55:31.916+0000] {task_command.py:388} INFO - Running <TaskInstance: ambev_breweries_pipeline.run_silver manual__2024-10-19T02:55:28.522442+00:00 [running]> on host 39b0b1bd9d5a
[2024-10-19T02:55:31.969+0000] {taskinstance.py:1507} INFO - Exporting the following env vars:
AIRFLOW_CTX_DAG_OWNER=Klaus_Rezende
AIRFLOW_CTX_DAG_ID=ambev_breweries_pipeline
AIRFLOW_CTX_TASK_ID=run_silver
AIRFLOW_CTX_EXECUTION_DATE=2024-10-19T02:55:28.522442+00:00
AIRFLOW_CTX_TRY_NUMBER=1
AIRFLOW_CTX_DAG_RUN_ID=manual__2024-10-19T02:55:28.522442+00:00
[2024-10-19T02:55:31.969+0000] {subprocess.py:63} INFO - Tmp dir root location: 
 /tmp
[2024-10-19T02:55:31.970+0000] {subprocess.py:75} INFO - Running command: ['/usr/bin/bash', '-c', 'python3 /opt/***/scripts/silver_brewery.py']
[2024-10-19T02:55:31.977+0000] {subprocess.py:86} INFO - Output:
[2024-10-19T02:55:34.039+0000] {subprocess.py:93} INFO - Setting default log level to "WARN".
[2024-10-19T02:55:34.039+0000] {subprocess.py:93} INFO - To adjust logging level use sc.setLogLevel(newLevel). For SparkR, use setLogLevel(newLevel).
[2024-10-19T02:55:34.213+0000] {subprocess.py:93} INFO - 24/10/19 02:55:34 WARN NativeCodeLoader: Unable to load native-hadoop library for your platform... using builtin-java classes where applicable
[2024-10-19T02:55:34.813+0000] {subprocess.py:93} INFO - 24/10/19 02:55:34 WARN Utils: Service 'SparkUI' could not bind on port 4040. Attempting port 4041.
[2024-10-19T02:55:34.814+0000] {subprocess.py:93} INFO - 24/10/19 02:55:34 WARN Utils: Service 'SparkUI' could not bind on port 4041. Attempting port 4042.
[2024-10-19T02:55:41.203+0000] {subprocess.py:93} INFO - [Stage 4:>                                                          (0 + 1) / 1]                                                                                Dataframe has data, processing...
[2024-10-19T02:55:41.628+0000] {subprocess.py:97} INFO - Command exited with return code 0
[2024-10-19T02:55:41.649+0000] {taskinstance.py:1318} INFO - Marking task as SUCCESS. dag_id=ambev_breweries_pipeline, task_id=run_silver, execution_date=20241019T025528, start_date=20241019T025531, end_date=20241019T025541
[2024-10-19T02:55:41.701+0000] {local_task_job.py:208} INFO - Task exited with return code 0
[2024-10-19T02:55:41.719+0000] {taskinstance.py:2578} INFO - 1 downstream tasks scheduled from follow-on schedule check
