[2024-10-19T14:24:32.512+0000] {taskinstance.py:1083} INFO - Dependencies all met for <TaskInstance: ambev_breweries_pipeline.run_bronze manual__2024-10-19T14:24:30.114463+00:00 [queued]>
[2024-10-19T14:24:32.518+0000] {taskinstance.py:1083} INFO - Dependencies all met for <TaskInstance: ambev_breweries_pipeline.run_bronze manual__2024-10-19T14:24:30.114463+00:00 [queued]>
[2024-10-19T14:24:32.519+0000] {taskinstance.py:1279} INFO - 
--------------------------------------------------------------------------------
[2024-10-19T14:24:32.519+0000] {taskinstance.py:1280} INFO - Starting attempt 1 of 1
[2024-10-19T14:24:32.519+0000] {taskinstance.py:1281} INFO - 
--------------------------------------------------------------------------------
[2024-10-19T14:24:32.528+0000] {taskinstance.py:1300} INFO - Executing <Task(BashOperator): run_bronze> on 2024-10-19 14:24:30.114463+00:00
[2024-10-19T14:24:32.531+0000] {standard_task_runner.py:55} INFO - Started process 431 to run task
[2024-10-19T14:24:32.532+0000] {standard_task_runner.py:82} INFO - Running: ['***', 'tasks', 'run', 'ambev_breweries_pipeline', 'run_bronze', 'manual__2024-10-19T14:24:30.114463+00:00', '--job-id', '26', '--raw', '--subdir', 'DAGS_FOLDER/dag_brewery.py', '--cfg-path', '/tmp/tmpdd8j7lhh']
[2024-10-19T14:24:32.534+0000] {standard_task_runner.py:83} INFO - Job 26: Subtask run_bronze
[2024-10-19T14:24:32.543+0000] {logging_mixin.py:137} WARNING - /usr/local/lib/python3.9/site-packages/***/settings.py:249 DeprecationWarning: The sql_alchemy_conn option in [core] has been moved to the sql_alchemy_conn option in [database] - the old setting has been used, but please update your config.
[2024-10-19T14:24:32.575+0000] {task_command.py:388} INFO - Running <TaskInstance: ambev_breweries_pipeline.run_bronze manual__2024-10-19T14:24:30.114463+00:00 [running]> on host 39b0b1bd9d5a
[2024-10-19T14:24:32.618+0000] {taskinstance.py:1507} INFO - Exporting the following env vars:
AIRFLOW_CTX_DAG_OWNER=Klaus_Rezende
AIRFLOW_CTX_DAG_ID=ambev_breweries_pipeline
AIRFLOW_CTX_TASK_ID=run_bronze
AIRFLOW_CTX_EXECUTION_DATE=2024-10-19T14:24:30.114463+00:00
AIRFLOW_CTX_TRY_NUMBER=1
AIRFLOW_CTX_DAG_RUN_ID=manual__2024-10-19T14:24:30.114463+00:00
[2024-10-19T14:24:32.619+0000] {subprocess.py:63} INFO - Tmp dir root location: 
 /tmp
[2024-10-19T14:24:32.619+0000] {subprocess.py:75} INFO - Running command: ['/usr/bin/bash', '-c', 'python3 /opt/***/scripts/bronze_brewery.py']
[2024-10-19T14:24:32.625+0000] {subprocess.py:86} INFO - Output:
[2024-10-19T14:24:33.049+0000] {subprocess.py:97} INFO - Command exited with return code 0
[2024-10-19T14:24:33.068+0000] {taskinstance.py:1318} INFO - Marking task as SUCCESS. dag_id=ambev_breweries_pipeline, task_id=run_bronze, execution_date=20241019T142430, start_date=20241019T142432, end_date=20241019T142433
[2024-10-19T14:24:33.105+0000] {local_task_job.py:208} INFO - Task exited with return code 0
[2024-10-19T14:24:33.124+0000] {taskinstance.py:2578} INFO - 1 downstream tasks scheduled from follow-on schedule check
