[2024-10-17T21:53:31.484+0000] {taskinstance.py:1083} INFO - Dependencies all met for <TaskInstance: ambev_breweries_pipeline.run_gold scheduled__2024-09-03T09:00:00+00:00 [queued]>
[2024-10-17T21:53:31.490+0000] {taskinstance.py:1083} INFO - Dependencies all met for <TaskInstance: ambev_breweries_pipeline.run_gold scheduled__2024-09-03T09:00:00+00:00 [queued]>
[2024-10-17T21:53:31.490+0000] {taskinstance.py:1279} INFO - 
--------------------------------------------------------------------------------
[2024-10-17T21:53:31.491+0000] {taskinstance.py:1280} INFO - Starting attempt 1 of 1
[2024-10-17T21:53:31.491+0000] {taskinstance.py:1281} INFO - 
--------------------------------------------------------------------------------
[2024-10-17T21:53:31.499+0000] {taskinstance.py:1300} INFO - Executing <Task(BashOperator): run_gold> on 2024-09-03 09:00:00+00:00
[2024-10-17T21:53:31.503+0000] {standard_task_runner.py:55} INFO - Started process 525 to run task
[2024-10-17T21:53:31.505+0000] {standard_task_runner.py:82} INFO - Running: ['***', 'tasks', 'run', 'ambev_breweries_pipeline', 'run_gold', 'scheduled__2024-09-03T09:00:00+00:00', '--job-id', '4', '--raw', '--subdir', 'DAGS_FOLDER/dag_brewery.py', '--cfg-path', '/tmp/tmp_sqs8gqi']
[2024-10-17T21:53:31.506+0000] {standard_task_runner.py:83} INFO - Job 4: Subtask run_gold
[2024-10-17T21:53:31.516+0000] {logging_mixin.py:137} WARNING - /usr/local/lib/python3.9/site-packages/***/settings.py:249 DeprecationWarning: The sql_alchemy_conn option in [core] has been moved to the sql_alchemy_conn option in [database] - the old setting has been used, but please update your config.
[2024-10-17T21:53:31.531+0000] {logging_mixin.py:137} WARNING - /usr/local/lib/python3.9/site-packages/***/utils/sqlalchemy.py:124 DeprecationWarning: The sql_alchemy_conn option in [core] has been moved to the sql_alchemy_conn option in [database] - the old setting has been used, but please update your config.
[2024-10-17T21:53:31.558+0000] {task_command.py:388} INFO - Running <TaskInstance: ambev_breweries_pipeline.run_gold scheduled__2024-09-03T09:00:00+00:00 [running]> on host ab5692cc8c7d
[2024-10-17T21:53:31.615+0000] {taskinstance.py:1507} INFO - Exporting the following env vars:
AIRFLOW_CTX_DAG_OWNER=Klaus_Rezende
AIRFLOW_CTX_DAG_ID=ambev_breweries_pipeline
AIRFLOW_CTX_TASK_ID=run_gold
AIRFLOW_CTX_EXECUTION_DATE=2024-09-03T09:00:00+00:00
AIRFLOW_CTX_TRY_NUMBER=1
AIRFLOW_CTX_DAG_RUN_ID=scheduled__2024-09-03T09:00:00+00:00
[2024-10-17T21:53:31.616+0000] {subprocess.py:63} INFO - Tmp dir root location: 
 /tmp
[2024-10-17T21:53:31.617+0000] {subprocess.py:75} INFO - Running command: ['/usr/bin/bash', '-c', 'python3 /opt/***/scripts/gold_brewery.py']
[2024-10-17T21:53:31.623+0000] {subprocess.py:86} INFO - Output:
[2024-10-17T21:53:33.119+0000] {subprocess.py:93} INFO - Setting default log level to "WARN".
[2024-10-17T21:53:33.119+0000] {subprocess.py:93} INFO - To adjust logging level use sc.setLogLevel(newLevel). For SparkR, use setLogLevel(newLevel).
[2024-10-17T21:53:33.300+0000] {subprocess.py:93} INFO - 24/10/17 21:53:33 WARN NativeCodeLoader: Unable to load native-hadoop library for your platform... using builtin-java classes where applicable
[2024-10-17T21:53:39.505+0000] {subprocess.py:93} INFO - [Stage 1:====>                                                    (1 + 13) / 14]                                                                                +------------+--------------+-----+
[2024-10-17T21:53:39.505+0000] {subprocess.py:93} INFO - |brewery_type|    name_state|count|
[2024-10-17T21:53:39.506+0000] {subprocess.py:93} INFO - +------------+--------------+-----+
[2024-10-17T21:53:39.506+0000] {subprocess.py:93} INFO - |       micro|     Wisconsin|    2|
[2024-10-17T21:53:39.506+0000] {subprocess.py:93} INFO - |      closed|    California|    1|
[2024-10-17T21:53:39.506+0000] {subprocess.py:93} INFO - |       large|        Oregon|    4|
[2024-10-17T21:53:39.507+0000] {subprocess.py:93} INFO - |      closed|    Washington|    1|
[2024-10-17T21:53:39.507+0000] {subprocess.py:93} INFO - |       micro|      Virginia|    1|
[2024-10-17T21:53:39.507+0000] {subprocess.py:93} INFO - |       micro| Massachusetts|    1|
[2024-10-17T21:53:39.508+0000] {subprocess.py:93} INFO - |       micro|          Iowa|    1|
[2024-10-17T21:53:39.508+0000] {subprocess.py:93} INFO - |       micro|      Oklahoma|    1|
[2024-10-17T21:53:39.508+0000] {subprocess.py:93} INFO - |       micro|      Michigan|    1|
[2024-10-17T21:53:39.509+0000] {subprocess.py:93} INFO - |       micro|North Carolina|    1|
[2024-10-17T21:53:39.509+0000] {subprocess.py:93} INFO - |     brewpub|      New York|    2|
[2024-10-17T21:53:39.509+0000] {subprocess.py:93} INFO - |       micro|     Minnesota|    3|
[2024-10-17T21:53:39.509+0000] {subprocess.py:93} INFO - |       micro|      Colorado|    1|
[2024-10-17T21:53:39.510+0000] {subprocess.py:93} INFO - |       micro|         Laois|    1|
[2024-10-17T21:53:39.510+0000] {subprocess.py:93} INFO - |       micro|  Pennsylvania|    1|
[2024-10-17T21:53:39.510+0000] {subprocess.py:93} INFO - |       micro|    California|    2|
[2024-10-17T21:53:39.510+0000] {subprocess.py:93} INFO - |       micro|        Nevada|    1|
[2024-10-17T21:53:39.510+0000] {subprocess.py:93} INFO - |       micro|       Vermont|    1|
[2024-10-17T21:53:39.511+0000] {subprocess.py:93} INFO - |     brewpub|South Carolina|    1|
[2024-10-17T21:53:39.511+0000] {subprocess.py:93} INFO - |       large|      Colorado|    1|
[2024-10-17T21:53:39.511+0000] {subprocess.py:93} INFO - +------------+--------------+-----+
[2024-10-17T21:53:39.511+0000] {subprocess.py:93} INFO - only showing top 20 rows
[2024-10-17T21:53:39.512+0000] {subprocess.py:93} INFO - 
[2024-10-17T21:53:39.931+0000] {subprocess.py:97} INFO - Command exited with return code 0
[2024-10-17T21:53:39.951+0000] {taskinstance.py:1318} INFO - Marking task as SUCCESS. dag_id=ambev_breweries_pipeline, task_id=run_gold, execution_date=20240903T090000, start_date=20241017T215331, end_date=20241017T215339
[2024-10-17T21:53:39.975+0000] {local_task_job.py:208} INFO - Task exited with return code 0
[2024-10-17T21:53:39.993+0000] {taskinstance.py:2578} INFO - 1 downstream tasks scheduled from follow-on schedule check
