[2024-10-19T14:49:37.769+0000] {taskinstance.py:1083} INFO - Dependencies all met for <TaskInstance: ambev_breweries_pipeline.run_silver manual__2024-10-19T14:49:34.607038+00:00 [queued]>
[2024-10-19T14:49:37.775+0000] {taskinstance.py:1083} INFO - Dependencies all met for <TaskInstance: ambev_breweries_pipeline.run_silver manual__2024-10-19T14:49:34.607038+00:00 [queued]>
[2024-10-19T14:49:37.776+0000] {taskinstance.py:1279} INFO - 
--------------------------------------------------------------------------------
[2024-10-19T14:49:37.776+0000] {taskinstance.py:1280} INFO - Starting attempt 1 of 1
[2024-10-19T14:49:37.776+0000] {taskinstance.py:1281} INFO - 
--------------------------------------------------------------------------------
[2024-10-19T14:49:37.784+0000] {taskinstance.py:1300} INFO - Executing <Task(BashOperator): run_silver> on 2024-10-19 14:49:34.607038+00:00
[2024-10-19T14:49:37.788+0000] {standard_task_runner.py:55} INFO - Started process 17625 to run task
[2024-10-19T14:49:37.789+0000] {standard_task_runner.py:82} INFO - Running: ['***', 'tasks', 'run', 'ambev_breweries_pipeline', 'run_silver', 'manual__2024-10-19T14:49:34.607038+00:00', '--job-id', '32', '--raw', '--subdir', 'DAGS_FOLDER/dag_brewery.py', '--cfg-path', '/tmp/tmprz01fmp6']
[2024-10-19T14:49:37.790+0000] {standard_task_runner.py:83} INFO - Job 32: Subtask run_silver
[2024-10-19T14:49:37.800+0000] {logging_mixin.py:137} WARNING - /usr/local/lib/python3.9/site-packages/***/settings.py:249 DeprecationWarning: The sql_alchemy_conn option in [core] has been moved to the sql_alchemy_conn option in [database] - the old setting has been used, but please update your config.
[2024-10-19T14:49:37.834+0000] {task_command.py:388} INFO - Running <TaskInstance: ambev_breweries_pipeline.run_silver manual__2024-10-19T14:49:34.607038+00:00 [running]> on host 39b0b1bd9d5a
[2024-10-19T14:49:37.878+0000] {taskinstance.py:1507} INFO - Exporting the following env vars:
AIRFLOW_CTX_DAG_OWNER=Klaus_Rezende
AIRFLOW_CTX_DAG_ID=ambev_breweries_pipeline
AIRFLOW_CTX_TASK_ID=run_silver
AIRFLOW_CTX_EXECUTION_DATE=2024-10-19T14:49:34.607038+00:00
AIRFLOW_CTX_TRY_NUMBER=1
AIRFLOW_CTX_DAG_RUN_ID=manual__2024-10-19T14:49:34.607038+00:00
[2024-10-19T14:49:37.878+0000] {subprocess.py:63} INFO - Tmp dir root location: 
 /tmp
[2024-10-19T14:49:37.879+0000] {subprocess.py:75} INFO - Running command: ['/usr/bin/bash', '-c', 'python3 /opt/***/scripts/silver_brewery.py']
[2024-10-19T14:49:37.885+0000] {subprocess.py:86} INFO - Output:
[2024-10-19T14:49:39.552+0000] {subprocess.py:93} INFO - Setting default log level to "WARN".
[2024-10-19T14:49:39.552+0000] {subprocess.py:93} INFO - To adjust logging level use sc.setLogLevel(newLevel). For SparkR, use setLogLevel(newLevel).
[2024-10-19T14:49:39.733+0000] {subprocess.py:93} INFO - 24/10/19 14:49:39 WARN NativeCodeLoader: Unable to load native-hadoop library for your platform... using builtin-java classes where applicable
[2024-10-19T14:49:46.880+0000] {subprocess.py:93} INFO - [Stage 4:>                                                          (0 + 1) / 1]                                                                                Dataframe has data, processing...
[2024-10-19T14:49:47.299+0000] {subprocess.py:97} INFO - Command exited with return code 0
[2024-10-19T14:49:47.320+0000] {taskinstance.py:1318} INFO - Marking task as SUCCESS. dag_id=ambev_breweries_pipeline, task_id=run_silver, execution_date=20241019T144934, start_date=20241019T144937, end_date=20241019T144947
[2024-10-19T14:49:47.341+0000] {local_task_job.py:208} INFO - Task exited with return code 0
[2024-10-19T14:49:47.359+0000] {taskinstance.py:2578} INFO - 1 downstream tasks scheduled from follow-on schedule check
