[2024-10-17T21:18:01.490+0000] {taskinstance.py:1083} INFO - Dependencies all met for <TaskInstance: ambev_breweries_pipeline.run_silver scheduled__2024-09-03T09:00:00+00:00 [queued]>
[2024-10-17T21:18:01.497+0000] {taskinstance.py:1083} INFO - Dependencies all met for <TaskInstance: ambev_breweries_pipeline.run_silver scheduled__2024-09-03T09:00:00+00:00 [queued]>
[2024-10-17T21:18:01.497+0000] {taskinstance.py:1279} INFO - 
--------------------------------------------------------------------------------
[2024-10-17T21:18:01.497+0000] {taskinstance.py:1280} INFO - Starting attempt 1 of 1
[2024-10-17T21:18:01.497+0000] {taskinstance.py:1281} INFO - 
--------------------------------------------------------------------------------
[2024-10-17T21:18:01.506+0000] {taskinstance.py:1300} INFO - Executing <Task(BashOperator): run_silver> on 2024-09-03 09:00:00+00:00
[2024-10-17T21:18:01.510+0000] {standard_task_runner.py:55} INFO - Started process 113 to run task
[2024-10-17T21:18:01.511+0000] {standard_task_runner.py:82} INFO - Running: ['***', 'tasks', 'run', 'ambev_breweries_pipeline', 'run_silver', 'scheduled__2024-09-03T09:00:00+00:00', '--job-id', '4', '--raw', '--subdir', 'DAGS_FOLDER/dag_brewery.py', '--cfg-path', '/tmp/tmp58epgx6v']
[2024-10-17T21:18:01.513+0000] {standard_task_runner.py:83} INFO - Job 4: Subtask run_silver
[2024-10-17T21:18:01.523+0000] {logging_mixin.py:137} WARNING - /usr/local/lib/python3.9/site-packages/***/settings.py:249 DeprecationWarning: The sql_alchemy_conn option in [core] has been moved to the sql_alchemy_conn option in [database] - the old setting has been used, but please update your config.
[2024-10-17T21:18:01.536+0000] {logging_mixin.py:137} WARNING - /usr/local/lib/python3.9/site-packages/***/utils/sqlalchemy.py:124 DeprecationWarning: The sql_alchemy_conn option in [core] has been moved to the sql_alchemy_conn option in [database] - the old setting has been used, but please update your config.
[2024-10-17T21:18:01.556+0000] {task_command.py:388} INFO - Running <TaskInstance: ambev_breweries_pipeline.run_silver scheduled__2024-09-03T09:00:00+00:00 [running]> on host d7db64b64b8c
[2024-10-17T21:18:01.602+0000] {taskinstance.py:1507} INFO - Exporting the following env vars:
AIRFLOW_CTX_DAG_OWNER=Klaus_Rezende
AIRFLOW_CTX_DAG_ID=ambev_breweries_pipeline
AIRFLOW_CTX_TASK_ID=run_silver
AIRFLOW_CTX_EXECUTION_DATE=2024-09-03T09:00:00+00:00
AIRFLOW_CTX_TRY_NUMBER=1
AIRFLOW_CTX_DAG_RUN_ID=scheduled__2024-09-03T09:00:00+00:00
[2024-10-17T21:18:01.603+0000] {subprocess.py:63} INFO - Tmp dir root location: 
 /tmp
[2024-10-17T21:18:01.603+0000] {subprocess.py:75} INFO - Running command: ['/usr/bin/bash', '-c', 'python3 /opt/***/scripts/silver_brewery.py']
[2024-10-17T21:18:01.609+0000] {subprocess.py:86} INFO - Output:
[2024-10-17T21:18:01.892+0000] {subprocess.py:93} INFO - Traceback (most recent call last):
[2024-10-17T21:18:01.892+0000] {subprocess.py:93} INFO -   File "/opt/***/scripts/silver_brewery.py", line 5, in <module>
[2024-10-17T21:18:01.893+0000] {subprocess.py:93} INFO -     from dags.libs.log import notification_discord
[2024-10-17T21:18:01.894+0000] {subprocess.py:93} INFO - ModuleNotFoundError: No module named 'dags.libs'
[2024-10-17T21:18:01.911+0000] {subprocess.py:97} INFO - Command exited with return code 1
[2024-10-17T21:18:01.919+0000] {taskinstance.py:1768} ERROR - Task failed with exception
Traceback (most recent call last):
  File "/usr/local/lib/python3.9/site-packages/airflow/operators/bash.py", line 196, in execute
    raise AirflowException(
airflow.exceptions.AirflowException: Bash command failed. The command returned a non-zero exit code 1.
[2024-10-17T21:18:01.921+0000] {taskinstance.py:1318} INFO - Marking task as FAILED. dag_id=ambev_breweries_pipeline, task_id=run_silver, execution_date=20240903T090000, start_date=20241017T211801, end_date=20241017T211801
[2024-10-17T21:18:01.929+0000] {standard_task_runner.py:100} ERROR - Failed to execute job 4 for task run_silver (Bash command failed. The command returned a non-zero exit code 1.; 113)
[2024-10-17T21:18:01.965+0000] {local_task_job.py:208} INFO - Task exited with return code 1
[2024-10-17T21:18:01.981+0000] {taskinstance.py:2578} INFO - 0 downstream tasks scheduled from follow-on schedule check
[2024-10-17T21:53:20.329+0000] {taskinstance.py:1083} INFO - Dependencies all met for <TaskInstance: ambev_breweries_pipeline.run_silver scheduled__2024-09-03T09:00:00+00:00 [queued]>
[2024-10-17T21:53:20.335+0000] {taskinstance.py:1083} INFO - Dependencies all met for <TaskInstance: ambev_breweries_pipeline.run_silver scheduled__2024-09-03T09:00:00+00:00 [queued]>
[2024-10-17T21:53:20.335+0000] {taskinstance.py:1279} INFO - 
--------------------------------------------------------------------------------
[2024-10-17T21:53:20.335+0000] {taskinstance.py:1280} INFO - Starting attempt 1 of 1
[2024-10-17T21:53:20.335+0000] {taskinstance.py:1281} INFO - 
--------------------------------------------------------------------------------
[2024-10-17T21:53:20.344+0000] {taskinstance.py:1300} INFO - Executing <Task(BashOperator): run_silver> on 2024-09-03 09:00:00+00:00
[2024-10-17T21:53:20.346+0000] {standard_task_runner.py:55} INFO - Started process 101 to run task
[2024-10-17T21:53:20.348+0000] {standard_task_runner.py:82} INFO - Running: ['***', 'tasks', 'run', 'ambev_breweries_pipeline', 'run_silver', 'scheduled__2024-09-03T09:00:00+00:00', '--job-id', '3', '--raw', '--subdir', 'DAGS_FOLDER/dag_brewery.py', '--cfg-path', '/tmp/tmponvxq3yg']
[2024-10-17T21:53:20.349+0000] {standard_task_runner.py:83} INFO - Job 3: Subtask run_silver
[2024-10-17T21:53:20.359+0000] {logging_mixin.py:137} WARNING - /usr/local/lib/python3.9/site-packages/***/settings.py:249 DeprecationWarning: The sql_alchemy_conn option in [core] has been moved to the sql_alchemy_conn option in [database] - the old setting has been used, but please update your config.
[2024-10-17T21:53:20.374+0000] {logging_mixin.py:137} WARNING - /usr/local/lib/python3.9/site-packages/***/utils/sqlalchemy.py:124 DeprecationWarning: The sql_alchemy_conn option in [core] has been moved to the sql_alchemy_conn option in [database] - the old setting has been used, but please update your config.
[2024-10-17T21:53:20.395+0000] {task_command.py:388} INFO - Running <TaskInstance: ambev_breweries_pipeline.run_silver scheduled__2024-09-03T09:00:00+00:00 [running]> on host ab5692cc8c7d
[2024-10-17T21:53:20.488+0000] {taskinstance.py:1507} INFO - Exporting the following env vars:
AIRFLOW_CTX_DAG_OWNER=Klaus_Rezende
AIRFLOW_CTX_DAG_ID=ambev_breweries_pipeline
AIRFLOW_CTX_TASK_ID=run_silver
AIRFLOW_CTX_EXECUTION_DATE=2024-09-03T09:00:00+00:00
AIRFLOW_CTX_TRY_NUMBER=1
AIRFLOW_CTX_DAG_RUN_ID=scheduled__2024-09-03T09:00:00+00:00
[2024-10-17T21:53:20.488+0000] {subprocess.py:63} INFO - Tmp dir root location: 
 /tmp
[2024-10-17T21:53:20.489+0000] {subprocess.py:75} INFO - Running command: ['/usr/bin/bash', '-c', 'python3 /opt/***/scripts/silver_brewery.py']
[2024-10-17T21:53:20.494+0000] {subprocess.py:86} INFO - Output:
[2024-10-17T21:53:22.134+0000] {subprocess.py:93} INFO - Setting default log level to "WARN".
[2024-10-17T21:53:22.135+0000] {subprocess.py:93} INFO - To adjust logging level use sc.setLogLevel(newLevel). For SparkR, use setLogLevel(newLevel).
[2024-10-17T21:53:22.294+0000] {subprocess.py:93} INFO - 24/10/17 21:53:22 WARN NativeCodeLoader: Unable to load native-hadoop library for your platform... using builtin-java classes where applicable
[2024-10-17T21:53:29.236+0000] {subprocess.py:93} INFO - [Stage 7:>                                                          (0 + 1) / 1]                                                                                has no null values
[2024-10-17T21:53:29.718+0000] {subprocess.py:97} INFO - Command exited with return code 0
[2024-10-17T21:53:29.740+0000] {taskinstance.py:1318} INFO - Marking task as SUCCESS. dag_id=ambev_breweries_pipeline, task_id=run_silver, execution_date=20240903T090000, start_date=20241017T215320, end_date=20241017T215329
[2024-10-17T21:53:29.788+0000] {local_task_job.py:208} INFO - Task exited with return code 0
[2024-10-17T21:53:29.809+0000] {taskinstance.py:2578} INFO - 1 downstream tasks scheduled from follow-on schedule check
