[2024-10-19T14:48:26.490+0000] {taskinstance.py:1083} INFO - Dependencies all met for <TaskInstance: ambev_breweries_pipeline.run_bronze manual__2024-10-19T14:48:24.795785+00:00 [queued]>
[2024-10-19T14:48:26.497+0000] {taskinstance.py:1083} INFO - Dependencies all met for <TaskInstance: ambev_breweries_pipeline.run_bronze manual__2024-10-19T14:48:24.795785+00:00 [queued]>
[2024-10-19T14:48:26.497+0000] {taskinstance.py:1279} INFO - 
--------------------------------------------------------------------------------
[2024-10-19T14:48:26.497+0000] {taskinstance.py:1280} INFO - Starting attempt 1 of 1
[2024-10-19T14:48:26.498+0000] {taskinstance.py:1281} INFO - 
--------------------------------------------------------------------------------
[2024-10-19T14:48:26.506+0000] {taskinstance.py:1300} INFO - Executing <Task(BashOperator): run_bronze> on 2024-10-19 14:48:24.795785+00:00
[2024-10-19T14:48:26.509+0000] {standard_task_runner.py:55} INFO - Started process 16260 to run task
[2024-10-19T14:48:26.511+0000] {standard_task_runner.py:82} INFO - Running: ['***', 'tasks', 'run', 'ambev_breweries_pipeline', 'run_bronze', 'manual__2024-10-19T14:48:24.795785+00:00', '--job-id', '28', '--raw', '--subdir', 'DAGS_FOLDER/dag_brewery.py', '--cfg-path', '/tmp/tmpko55ix_4']
[2024-10-19T14:48:26.512+0000] {standard_task_runner.py:83} INFO - Job 28: Subtask run_bronze
[2024-10-19T14:48:26.524+0000] {logging_mixin.py:137} WARNING - /usr/local/lib/python3.9/site-packages/***/settings.py:249 DeprecationWarning: The sql_alchemy_conn option in [core] has been moved to the sql_alchemy_conn option in [database] - the old setting has been used, but please update your config.
[2024-10-19T14:48:26.561+0000] {task_command.py:388} INFO - Running <TaskInstance: ambev_breweries_pipeline.run_bronze manual__2024-10-19T14:48:24.795785+00:00 [running]> on host 39b0b1bd9d5a
[2024-10-19T14:48:26.609+0000] {taskinstance.py:1507} INFO - Exporting the following env vars:
AIRFLOW_CTX_DAG_OWNER=Klaus_Rezende
AIRFLOW_CTX_DAG_ID=ambev_breweries_pipeline
AIRFLOW_CTX_TASK_ID=run_bronze
AIRFLOW_CTX_EXECUTION_DATE=2024-10-19T14:48:24.795785+00:00
AIRFLOW_CTX_TRY_NUMBER=1
AIRFLOW_CTX_DAG_RUN_ID=manual__2024-10-19T14:48:24.795785+00:00
[2024-10-19T14:48:26.610+0000] {subprocess.py:63} INFO - Tmp dir root location: 
 /tmp
[2024-10-19T14:48:26.612+0000] {subprocess.py:75} INFO - Running command: ['/usr/bin/bash', '-c', 'python3 /opt/***/scripts/bronze_brewery.py']
[2024-10-19T14:48:26.618+0000] {subprocess.py:86} INFO - Output:
[2024-10-19T14:48:27.186+0000] {subprocess.py:97} INFO - Command exited with return code 0
[2024-10-19T14:48:27.205+0000] {taskinstance.py:1318} INFO - Marking task as SUCCESS. dag_id=ambev_breweries_pipeline, task_id=run_bronze, execution_date=20241019T144824, start_date=20241019T144826, end_date=20241019T144827
[2024-10-19T14:48:27.245+0000] {local_task_job.py:208} INFO - Task exited with return code 0
[2024-10-19T14:48:27.263+0000] {taskinstance.py:2578} INFO - 1 downstream tasks scheduled from follow-on schedule check
