[2024-10-20T00:50:01.188+0000] {manager.py:483} INFO - Processing files using up to 2 processes at a time 
[2024-10-20T00:50:01.200+0000] {manager.py:484} INFO - Process each file at most once every 30 seconds
[2024-10-20T00:50:01.201+0000] {manager.py:485} INFO - Checking for new files in /opt/airflow/dags every 300 seconds
[2024-10-20T00:50:01.205+0000] {manager.py:726} INFO - Searching for files in /opt/airflow/dags
[2024-10-20T00:50:01.327+0000] {manager.py:729} INFO - There are 2 files in /opt/airflow/dags
[2024-10-20T00:50:02.403+0000] {manager.py:854} INFO - 
================================================================================
DAG File Processing Stats

File Path                               PID  Runtime      # DAGs    # Errors  Last Runtime    Last Run
------------------------------------  -----  ---------  --------  ----------  --------------  ----------
/opt/airflow/dags/dag_brewery.py        169  0.89s             0           0
/opt/airflow/dags/dag_dataquality.py    166  0.94s             0           0
================================================================================
[2024-10-20T00:50:32.156+0000] {manager.py:854} INFO - 
================================================================================
DAG File Processing Stats

File Path                             PID    Runtime      # DAGs    # Errors  Last Runtime    Last Run
------------------------------------  -----  ---------  --------  ----------  --------------  -------------------
/opt/airflow/dags/dag_brewery.py                               1           0  1.95s           2024-10-20T00:50:03
/opt/airflow/dags/dag_dataquality.py                           1           0  2.02s           2024-10-20T00:50:03
================================================================================
[2024-10-20T00:51:01.980+0000] {manager.py:854} INFO - 
================================================================================
DAG File Processing Stats

File Path                             PID    Runtime      # DAGs    # Errors  Last Runtime    Last Run
------------------------------------  -----  ---------  --------  ----------  --------------  -------------------
/opt/airflow/dags/dag_brewery.py                               1           0  0.29s           2024-10-20T00:50:34
/opt/airflow/dags/dag_dataquality.py                           1           0  0.29s           2024-10-20T00:50:34
================================================================================
[2024-10-20T00:51:31.827+0000] {manager.py:854} INFO - 
================================================================================
DAG File Processing Stats

File Path                             PID    Runtime      # DAGs    # Errors  Last Runtime    Last Run
------------------------------------  -----  ---------  --------  ----------  --------------  -------------------
/opt/airflow/dags/dag_brewery.py                               1           0  0.34s           2024-10-20T00:51:05
/opt/airflow/dags/dag_dataquality.py                           1           0  0.37s           2024-10-20T00:51:05
================================================================================
[2024-10-20T00:52:01.595+0000] {manager.py:854} INFO - 
================================================================================
DAG File Processing Stats

File Path                             PID    Runtime      # DAGs    # Errors  Last Runtime    Last Run
------------------------------------  -----  ---------  --------  ----------  --------------  -------------------
/opt/airflow/dags/dag_brewery.py                               1           0  0.30s           2024-10-20T00:51:36
/opt/airflow/dags/dag_dataquality.py                           1           0  0.30s           2024-10-20T00:51:36
================================================================================
[2024-10-20T00:52:31.096+0000] {manager.py:854} INFO - 
================================================================================
DAG File Processing Stats

File Path                             PID    Runtime      # DAGs    # Errors  Last Runtime    Last Run
------------------------------------  -----  ---------  --------  ----------  --------------  -------------------
/opt/airflow/dags/dag_brewery.py                               1           0  0.35s           2024-10-20T00:52:04
/opt/airflow/dags/dag_dataquality.py                           1           0  0.32s           2024-10-20T00:52:06
================================================================================
[2024-10-20T00:53:01.867+0000] {manager.py:854} INFO - 
================================================================================
DAG File Processing Stats

File Path                             PID    Runtime      # DAGs    # Errors  Last Runtime    Last Run
------------------------------------  -----  ---------  --------  ----------  --------------  -------------------
/opt/airflow/dags/dag_brewery.py                               1           0  0.63s           2024-10-20T00:52:35
/opt/airflow/dags/dag_dataquality.py                           1           0  1.19s           2024-10-20T00:52:38
================================================================================
[2024-10-20T00:53:31.079+0000] {manager.py:854} INFO - 
================================================================================
DAG File Processing Stats

File Path                             PID    Runtime      # DAGs    # Errors  Last Runtime    Last Run
------------------------------------  -----  ---------  --------  ----------  --------------  -------------------
/opt/airflow/dags/dag_brewery.py                               1           0  2.10s           2024-10-20T00:53:07
/opt/airflow/dags/dag_dataquality.py                           1           0  1.43s           2024-10-20T00:53:09
================================================================================
[2024-10-20T00:54:00.314+0000] {manager.py:854} INFO - 
================================================================================
DAG File Processing Stats

File Path                             PID    Runtime      # DAGs    # Errors  Last Runtime    Last Run
------------------------------------  -----  ---------  --------  ----------  --------------  -------------------
/opt/airflow/dags/dag_brewery.py                               1           0  1.33s           2024-10-20T00:53:38
/opt/airflow/dags/dag_dataquality.py                           1           0  1.97s           2024-10-20T00:53:40
================================================================================
[2024-10-20T00:54:30.201+0000] {manager.py:854} INFO - 
================================================================================
DAG File Processing Stats

File Path                             PID    Runtime      # DAGs    # Errors  Last Runtime    Last Run
------------------------------------  -----  ---------  --------  ----------  --------------  -------------------
/opt/airflow/dags/dag_brewery.py                               1           0  0.81s           2024-10-20T00:54:10
/opt/airflow/dags/dag_dataquality.py                           1           0  1.10s           2024-10-20T00:54:11
================================================================================
[2024-10-20T00:54:59.641+0000] {manager.py:854} INFO - 
================================================================================
DAG File Processing Stats

File Path                             PID    Runtime      # DAGs    # Errors  Last Runtime    Last Run
------------------------------------  -----  ---------  --------  ----------  --------------  -------------------
/opt/airflow/dags/dag_brewery.py                               1           0  0.65s           2024-10-20T00:54:41
/opt/airflow/dags/dag_dataquality.py                           1           0  0.77s           2024-10-20T00:54:43
================================================================================
[2024-10-20T00:55:01.224+0000] {manager.py:726} INFO - Searching for files in /opt/airflow/dags
[2024-10-20T00:55:01.477+0000] {manager.py:729} INFO - There are 2 files in /opt/airflow/dags
[2024-10-20T00:55:29.402+0000] {manager.py:854} INFO - 
================================================================================
DAG File Processing Stats

File Path                             PID    Runtime      # DAGs    # Errors  Last Runtime    Last Run
------------------------------------  -----  ---------  --------  ----------  --------------  -------------------
/opt/airflow/dags/dag_brewery.py                               1           0  0.78s           2024-10-20T00:55:12
/opt/airflow/dags/dag_dataquality.py                           1           0  0.59s           2024-10-20T00:55:14
================================================================================
[2024-10-20T00:55:58.768+0000] {manager.py:854} INFO - 
================================================================================
DAG File Processing Stats

File Path                             PID    Runtime      # DAGs    # Errors  Last Runtime    Last Run
------------------------------------  -----  ---------  --------  ----------  --------------  -------------------
/opt/airflow/dags/dag_brewery.py                               1           0  0.43s           2024-10-20T00:55:43
/opt/airflow/dags/dag_dataquality.py                           1           0  0.57s           2024-10-20T00:55:45
================================================================================
[2024-10-20T00:56:28.494+0000] {manager.py:854} INFO - 
================================================================================
DAG File Processing Stats

File Path                             PID    Runtime      # DAGs    # Errors  Last Runtime    Last Run
------------------------------------  -----  ---------  --------  ----------  --------------  -------------------
/opt/airflow/dags/dag_brewery.py                               1           0  0.45s           2024-10-20T00:56:14
/opt/airflow/dags/dag_dataquality.py                           1           0  0.40s           2024-10-20T00:56:16
================================================================================
[2024-10-20T00:56:57.749+0000] {manager.py:854} INFO - 
================================================================================
DAG File Processing Stats

File Path                             PID    Runtime      # DAGs    # Errors  Last Runtime    Last Run
------------------------------------  -----  ---------  --------  ----------  --------------  -------------------
/opt/airflow/dags/dag_brewery.py                               1           0  0.30s           2024-10-20T00:56:45
/opt/airflow/dags/dag_dataquality.py                           1           0  0.39s           2024-10-20T00:56:47
================================================================================
[2024-10-20T00:57:27.013+0000] {manager.py:854} INFO - 
================================================================================
DAG File Processing Stats

File Path                             PID    Runtime      # DAGs    # Errors  Last Runtime    Last Run
------------------------------------  -----  ---------  --------  ----------  --------------  -------------------
/opt/airflow/dags/dag_brewery.py                               1           0  0.43s           2024-10-20T00:57:15
/opt/airflow/dags/dag_dataquality.py                           1           0  0.58s           2024-10-20T00:57:08
================================================================================
[2024-10-20T01:05:59.219+0000] {manager.py:726} INFO - Searching for files in /opt/airflow/dags
[2024-10-20T01:05:59.331+0000] {manager.py:729} INFO - There are 2 files in /opt/airflow/dags
[2024-10-20T01:06:18.350+0000] {manager.py:854} INFO - 
================================================================================
DAG File Processing Stats

File Path                             PID    Runtime      # DAGs    # Errors  Last Runtime    Last Run
------------------------------------  -----  ---------  --------  ----------  --------------  -------------------
/opt/airflow/dags/dag_brewery.py                               1           0  1.49s           2024-10-20T01:06:00
/opt/airflow/dags/dag_dataquality.py                           1           0  1.33s           2024-10-20T01:06:00
================================================================================
[2024-10-20T01:06:48.014+0000] {manager.py:854} INFO - 
================================================================================
DAG File Processing Stats

File Path                             PID    Runtime      # DAGs    # Errors  Last Runtime    Last Run
------------------------------------  -----  ---------  --------  ----------  --------------  -------------------
/opt/airflow/dags/dag_brewery.py                               1           0  0.43s           2024-10-20T01:06:32
/opt/airflow/dags/dag_dataquality.py                           1           0  0.45s           2024-10-20T01:06:32
================================================================================
[2024-10-20T01:07:18.051+0000] {manager.py:854} INFO - 
================================================================================
DAG File Processing Stats

File Path                             PID    Runtime      # DAGs    # Errors  Last Runtime    Last Run
------------------------------------  -----  ---------  --------  ----------  --------------  -------------------
/opt/airflow/dags/dag_brewery.py                               1           0  0.35s           2024-10-20T01:07:02
/opt/airflow/dags/dag_dataquality.py                           1           0  0.38s           2024-10-20T01:07:02
================================================================================
[2024-10-20T01:07:48.116+0000] {manager.py:854} INFO - 
================================================================================
DAG File Processing Stats

File Path                             PID    Runtime      # DAGs    # Errors  Last Runtime    Last Run
------------------------------------  -----  ---------  --------  ----------  --------------  -------------------
/opt/airflow/dags/dag_brewery.py                               1           0  0.35s           2024-10-20T01:07:33
/opt/airflow/dags/dag_dataquality.py                           1           0  0.34s           2024-10-20T01:07:33
================================================================================
[2024-10-20T01:08:17.907+0000] {manager.py:854} INFO - 
================================================================================
DAG File Processing Stats

File Path                             PID    Runtime      # DAGs    # Errors  Last Runtime    Last Run
------------------------------------  -----  ---------  --------  ----------  --------------  -------------------
/opt/airflow/dags/dag_brewery.py                               1           0  0.36s           2024-10-20T01:08:04
/opt/airflow/dags/dag_dataquality.py                           1           0  0.36s           2024-10-20T01:08:04
================================================================================
[2024-10-20T01:08:47.762+0000] {manager.py:854} INFO - 
================================================================================
DAG File Processing Stats

File Path                             PID    Runtime      # DAGs    # Errors  Last Runtime    Last Run
------------------------------------  -----  ---------  --------  ----------  --------------  -------------------
/opt/airflow/dags/dag_brewery.py                               1           0  0.40s           2024-10-20T01:08:35
/opt/airflow/dags/dag_dataquality.py                           1           0  0.40s           2024-10-20T01:08:35
================================================================================
[2024-10-20T01:09:17.118+0000] {manager.py:854} INFO - 
================================================================================
DAG File Processing Stats

File Path                             PID    Runtime      # DAGs    # Errors  Last Runtime    Last Run
------------------------------------  -----  ---------  --------  ----------  --------------  -------------------
/opt/airflow/dags/dag_brewery.py                               1           0  0.52s           2024-10-20T01:09:06
/opt/airflow/dags/dag_dataquality.py                           1           0  0.52s           2024-10-20T01:09:06
================================================================================
[2024-10-20T01:09:46.747+0000] {manager.py:854} INFO - 
================================================================================
DAG File Processing Stats

File Path                             PID    Runtime      # DAGs    # Errors  Last Runtime    Last Run
------------------------------------  -----  ---------  --------  ----------  --------------  -------------------
/opt/airflow/dags/dag_brewery.py                               1           0  0.42s           2024-10-20T01:09:37
/opt/airflow/dags/dag_dataquality.py                           1           0  0.42s           2024-10-20T01:09:37
================================================================================
[2024-10-20T01:10:16.426+0000] {manager.py:854} INFO - 
================================================================================
DAG File Processing Stats

File Path                             PID    Runtime      # DAGs    # Errors  Last Runtime    Last Run
------------------------------------  -----  ---------  --------  ----------  --------------  -------------------
/opt/airflow/dags/dag_brewery.py                               1           0  0.33s           2024-10-20T01:10:08
/opt/airflow/dags/dag_dataquality.py                           1           0  0.33s           2024-10-20T01:10:08
================================================================================
[2024-10-20T01:10:46.463+0000] {manager.py:854} INFO - 
================================================================================
DAG File Processing Stats

File Path                             PID    Runtime      # DAGs    # Errors  Last Runtime    Last Run
------------------------------------  -----  ---------  --------  ----------  --------------  -------------------
/opt/airflow/dags/dag_brewery.py                               1           0  0.33s           2024-10-20T01:10:39
/opt/airflow/dags/dag_dataquality.py                           1           0  0.35s           2024-10-20T01:10:39
================================================================================
[2024-10-20T01:10:59.870+0000] {manager.py:726} INFO - Searching for files in /opt/airflow/dags
[2024-10-20T01:11:00.205+0000] {manager.py:729} INFO - There are 2 files in /opt/airflow/dags
[2024-10-20T01:11:15.800+0000] {manager.py:854} INFO - 
================================================================================
DAG File Processing Stats

File Path                             PID    Runtime      # DAGs    # Errors  Last Runtime    Last Run
------------------------------------  -----  ---------  --------  ----------  --------------  -------------------
/opt/airflow/dags/dag_brewery.py                               1           0  0.32s           2024-10-20T01:11:09
/opt/airflow/dags/dag_dataquality.py                           1           0  0.31s           2024-10-20T01:11:09
================================================================================
[2024-10-20T01:11:45.462+0000] {manager.py:854} INFO - 
================================================================================
DAG File Processing Stats

File Path                             PID    Runtime      # DAGs    # Errors  Last Runtime    Last Run
------------------------------------  -----  ---------  --------  ----------  --------------  -------------------
/opt/airflow/dags/dag_brewery.py                               1           0  0.32s           2024-10-20T01:11:40
/opt/airflow/dags/dag_dataquality.py                           1           0  0.32s           2024-10-20T01:11:40
================================================================================
[2024-10-20T01:12:15.075+0000] {manager.py:854} INFO - 
================================================================================
DAG File Processing Stats

File Path                             PID    Runtime      # DAGs    # Errors  Last Runtime    Last Run
------------------------------------  -----  ---------  --------  ----------  --------------  -------------------
/opt/airflow/dags/dag_brewery.py                               1           0  0.34s           2024-10-20T01:12:11
/opt/airflow/dags/dag_dataquality.py                           1           0  0.36s           2024-10-20T01:12:11
================================================================================
[2024-10-20T01:12:44.580+0000] {manager.py:854} INFO - 
================================================================================
DAG File Processing Stats

File Path                             PID    Runtime      # DAGs    # Errors  Last Runtime    Last Run
------------------------------------  -----  ---------  --------  ----------  --------------  -------------------
/opt/airflow/dags/dag_brewery.py                               1           0  0.31s           2024-10-20T01:12:41
/opt/airflow/dags/dag_dataquality.py                           1           0  0.31s           2024-10-20T01:12:41
================================================================================
[2024-10-20T01:13:14.497+0000] {manager.py:854} INFO - 
================================================================================
DAG File Processing Stats

File Path                             PID    Runtime      # DAGs    # Errors  Last Runtime    Last Run
------------------------------------  -----  ---------  --------  ----------  --------------  -------------------
/opt/airflow/dags/dag_brewery.py                               1           0  0.36s           2024-10-20T01:13:12
/opt/airflow/dags/dag_dataquality.py                           1           0  0.38s           2024-10-20T01:13:12
================================================================================
[2024-10-20T01:13:44.151+0000] {manager.py:854} INFO - 
================================================================================
DAG File Processing Stats

File Path                             PID    Runtime      # DAGs    # Errors  Last Runtime    Last Run
------------------------------------  -----  ---------  --------  ----------  --------------  -------------------
/opt/airflow/dags/dag_brewery.py                               1           0  0.40s           2024-10-20T01:13:43
/opt/airflow/dags/dag_dataquality.py                           1           0  0.40s           2024-10-20T01:13:43
================================================================================
[2024-10-20T01:14:13.774+0000] {manager.py:854} INFO - 
================================================================================
DAG File Processing Stats

File Path                               PID  Runtime      # DAGs    # Errors  Last Runtime    Last Run
------------------------------------  -----  ---------  --------  ----------  --------------  -------------------
/opt/airflow/dags/dag_brewery.py       8813  0.01s             1           0  0.40s           2024-10-20T01:13:43
/opt/airflow/dags/dag_dataquality.py   8810  0.01s             1           0  0.40s           2024-10-20T01:13:43
================================================================================
[2024-10-20T01:14:43.346+0000] {manager.py:854} INFO - 
================================================================================
DAG File Processing Stats

File Path                             PID    Runtime      # DAGs    # Errors  Last Runtime    Last Run
------------------------------------  -----  ---------  --------  ----------  --------------  -------------------
/opt/airflow/dags/dag_brewery.py                               1           0  0.30s           2024-10-20T01:14:14
/opt/airflow/dags/dag_dataquality.py                           1           0  0.32s           2024-10-20T01:14:14
================================================================================
[2024-10-20T01:15:13.267+0000] {manager.py:854} INFO - 
================================================================================
DAG File Processing Stats

File Path                             PID    Runtime      # DAGs    # Errors  Last Runtime    Last Run
------------------------------------  -----  ---------  --------  ----------  --------------  -------------------
/opt/airflow/dags/dag_brewery.py                               1           0  0.32s           2024-10-20T01:14:44
/opt/airflow/dags/dag_dataquality.py                           1           0  0.34s           2024-10-20T01:14:44
================================================================================
[2024-10-20T01:15:43.176+0000] {manager.py:854} INFO - 
================================================================================
DAG File Processing Stats

File Path                             PID    Runtime      # DAGs    # Errors  Last Runtime    Last Run
------------------------------------  -----  ---------  --------  ----------  --------------  -------------------
/opt/airflow/dags/dag_brewery.py                               1           0  0.32s           2024-10-20T01:15:15
/opt/airflow/dags/dag_dataquality.py                           1           0  0.32s           2024-10-20T01:15:15
================================================================================
[2024-10-20T01:16:00.472+0000] {manager.py:726} INFO - Searching for files in /opt/airflow/dags
[2024-10-20T01:16:00.602+0000] {manager.py:729} INFO - There are 2 files in /opt/airflow/dags
[2024-10-20T01:16:13.006+0000] {manager.py:854} INFO - 
================================================================================
DAG File Processing Stats

File Path                             PID    Runtime      # DAGs    # Errors  Last Runtime    Last Run
------------------------------------  -----  ---------  --------  ----------  --------------  -------------------
/opt/airflow/dags/dag_brewery.py                               1           0  0.28s           2024-10-20T01:15:46
/opt/airflow/dags/dag_dataquality.py                           1           0  0.27s           2024-10-20T01:15:46
================================================================================
[2024-10-20T01:16:42.661+0000] {manager.py:854} INFO - 
================================================================================
DAG File Processing Stats

File Path                             PID    Runtime      # DAGs    # Errors  Last Runtime    Last Run
------------------------------------  -----  ---------  --------  ----------  --------------  -------------------
/opt/airflow/dags/dag_brewery.py                               1           0  0.31s           2024-10-20T01:16:17
/opt/airflow/dags/dag_dataquality.py                           1           0  0.33s           2024-10-20T01:16:17
================================================================================
[2024-10-20T01:17:13.110+0000] {manager.py:854} INFO - 
================================================================================
DAG File Processing Stats

File Path                             PID    Runtime      # DAGs    # Errors  Last Runtime    Last Run
------------------------------------  -----  ---------  --------  ----------  --------------  -------------------
/opt/airflow/dags/dag_brewery.py                               1           0  0.24s           2024-10-20T01:16:47
/opt/airflow/dags/dag_dataquality.py                           1           0  0.26s           2024-10-20T01:16:47
================================================================================
[2024-10-20T01:17:42.852+0000] {manager.py:854} INFO - 
================================================================================
DAG File Processing Stats

File Path                             PID    Runtime      # DAGs    # Errors  Last Runtime    Last Run
------------------------------------  -----  ---------  --------  ----------  --------------  -------------------
/opt/airflow/dags/dag_brewery.py                               1           0  0.27s           2024-10-20T01:17:18
/opt/airflow/dags/dag_dataquality.py                           1           0  0.28s           2024-10-20T01:17:18
================================================================================
[2024-10-20T01:18:12.515+0000] {manager.py:854} INFO - 
================================================================================
DAG File Processing Stats

File Path                             PID    Runtime      # DAGs    # Errors  Last Runtime    Last Run
------------------------------------  -----  ---------  --------  ----------  --------------  -------------------
/opt/airflow/dags/dag_brewery.py                               1           0  0.26s           2024-10-20T01:17:49
/opt/airflow/dags/dag_dataquality.py                           1           0  0.26s           2024-10-20T01:17:49
================================================================================
[2024-10-20T01:18:42.301+0000] {manager.py:854} INFO - 
================================================================================
DAG File Processing Stats

File Path                             PID    Runtime      # DAGs    # Errors  Last Runtime    Last Run
------------------------------------  -----  ---------  --------  ----------  --------------  -------------------
/opt/airflow/dags/dag_brewery.py                               1           0  0.27s           2024-10-20T01:18:20
/opt/airflow/dags/dag_dataquality.py                           1           0  0.28s           2024-10-20T01:18:20
================================================================================
[2024-10-20T01:19:11.914+0000] {manager.py:854} INFO - 
================================================================================
DAG File Processing Stats

File Path                             PID    Runtime      # DAGs    # Errors  Last Runtime    Last Run
------------------------------------  -----  ---------  --------  ----------  --------------  -------------------
/opt/airflow/dags/dag_brewery.py                               1           0  0.28s           2024-10-20T01:18:50
/opt/airflow/dags/dag_dataquality.py                           1           0  0.30s           2024-10-20T01:18:50
================================================================================
[2024-10-20T01:19:41.703+0000] {manager.py:854} INFO - 
================================================================================
DAG File Processing Stats

File Path                             PID    Runtime      # DAGs    # Errors  Last Runtime    Last Run
------------------------------------  -----  ---------  --------  ----------  --------------  -------------------
/opt/airflow/dags/dag_brewery.py                               1           0  0.33s           2024-10-20T01:19:21
/opt/airflow/dags/dag_dataquality.py                           1           0  0.36s           2024-10-20T01:19:21
================================================================================
[2024-10-20T01:20:11.317+0000] {manager.py:854} INFO - 
================================================================================
DAG File Processing Stats

File Path                             PID    Runtime      # DAGs    # Errors  Last Runtime    Last Run
------------------------------------  -----  ---------  --------  ----------  --------------  -------------------
/opt/airflow/dags/dag_brewery.py                               1           0  0.30s           2024-10-20T01:19:52
/opt/airflow/dags/dag_dataquality.py                           1           0  0.32s           2024-10-20T01:19:52
================================================================================
[2024-10-20T01:20:41.193+0000] {manager.py:854} INFO - 
================================================================================
DAG File Processing Stats

File Path                             PID    Runtime      # DAGs    # Errors  Last Runtime    Last Run
------------------------------------  -----  ---------  --------  ----------  --------------  -------------------
/opt/airflow/dags/dag_brewery.py                               1           0  0.42s           2024-10-20T01:20:23
/opt/airflow/dags/dag_dataquality.py                           1           0  0.46s           2024-10-20T01:20:23
================================================================================
[2024-10-20T01:21:00.955+0000] {manager.py:726} INFO - Searching for files in /opt/airflow/dags
[2024-10-20T01:21:01.032+0000] {manager.py:729} INFO - There are 2 files in /opt/airflow/dags
[2024-10-20T01:21:11.187+0000] {manager.py:854} INFO - 
================================================================================
DAG File Processing Stats

File Path                             PID    Runtime      # DAGs    # Errors  Last Runtime    Last Run
------------------------------------  -----  ---------  --------  ----------  --------------  -------------------
/opt/airflow/dags/dag_brewery.py                               1           0  0.30s           2024-10-20T01:20:53
/opt/airflow/dags/dag_dataquality.py                           1           0  0.30s           2024-10-20T01:20:53
================================================================================
[2024-10-20T01:21:40.747+0000] {manager.py:854} INFO - 
================================================================================
DAG File Processing Stats

File Path                             PID    Runtime      # DAGs    # Errors  Last Runtime    Last Run
------------------------------------  -----  ---------  --------  ----------  --------------  -------------------
/opt/airflow/dags/dag_brewery.py                               1           0  -0.61s          2024-10-20T01:21:23
/opt/airflow/dags/dag_dataquality.py                           1           0  -0.61s          2024-10-20T01:21:23
================================================================================
[2024-10-20T01:22:10.271+0000] {manager.py:854} INFO - 
================================================================================
DAG File Processing Stats

File Path                             PID    Runtime      # DAGs    # Errors  Last Runtime    Last Run
------------------------------------  -----  ---------  --------  ----------  --------------  -------------------
/opt/airflow/dags/dag_brewery.py                               1           0  0.91s           2024-10-20T01:21:54
/opt/airflow/dags/dag_dataquality.py                           1           0  0.91s           2024-10-20T01:21:54
================================================================================
[2024-10-20T01:22:39.709+0000] {manager.py:854} INFO - 
================================================================================
DAG File Processing Stats

File Path                             PID    Runtime      # DAGs    # Errors  Last Runtime    Last Run
------------------------------------  -----  ---------  --------  ----------  --------------  -------------------
/opt/airflow/dags/dag_brewery.py                               1           0  0.36s           2024-10-20T01:22:25
/opt/airflow/dags/dag_dataquality.py                           1           0  0.35s           2024-10-20T01:22:25
================================================================================
[2024-10-20T01:23:09.362+0000] {manager.py:854} INFO - 
================================================================================
DAG File Processing Stats

File Path                             PID    Runtime      # DAGs    # Errors  Last Runtime    Last Run
------------------------------------  -----  ---------  --------  ----------  --------------  -------------------
/opt/airflow/dags/dag_brewery.py                               1           0  0.44s           2024-10-20T01:22:56
/opt/airflow/dags/dag_dataquality.py                           1           0  0.44s           2024-10-20T01:22:56
================================================================================
[2024-10-20T01:23:39.224+0000] {manager.py:854} INFO - 
================================================================================
DAG File Processing Stats

File Path                             PID    Runtime      # DAGs    # Errors  Last Runtime    Last Run
------------------------------------  -----  ---------  --------  ----------  --------------  -------------------
/opt/airflow/dags/dag_brewery.py                               1           0  0.29s           2024-10-20T01:23:27
/opt/airflow/dags/dag_dataquality.py                           1           0  0.29s           2024-10-20T01:23:27
================================================================================
[2024-10-20T01:24:09.245+0000] {manager.py:854} INFO - 
================================================================================
DAG File Processing Stats

File Path                             PID    Runtime      # DAGs    # Errors  Last Runtime    Last Run
------------------------------------  -----  ---------  --------  ----------  --------------  -------------------
/opt/airflow/dags/dag_brewery.py                               1           0  0.39s           2024-10-20T01:23:57
/opt/airflow/dags/dag_dataquality.py                           1           0  0.41s           2024-10-20T01:23:57
================================================================================
[2024-10-20T01:24:38.862+0000] {manager.py:854} INFO - 
================================================================================
DAG File Processing Stats

File Path                             PID    Runtime      # DAGs    # Errors  Last Runtime    Last Run
------------------------------------  -----  ---------  --------  ----------  --------------  -------------------
/opt/airflow/dags/dag_brewery.py                               1           0  0.22s           2024-10-20T01:24:28
/opt/airflow/dags/dag_dataquality.py                           1           0  0.22s           2024-10-20T01:24:28
================================================================================
[2024-10-20T01:25:08.505+0000] {manager.py:854} INFO - 
================================================================================
DAG File Processing Stats

File Path                             PID    Runtime      # DAGs    # Errors  Last Runtime    Last Run
------------------------------------  -----  ---------  --------  ----------  --------------  -------------------
/opt/airflow/dags/dag_brewery.py                               1           0  0.23s           2024-10-20T01:24:59
/opt/airflow/dags/dag_dataquality.py                           1           0  0.23s           2024-10-20T01:24:59
================================================================================
[2024-10-20T01:25:38.240+0000] {manager.py:854} INFO - 
================================================================================
DAG File Processing Stats

File Path                             PID    Runtime      # DAGs    # Errors  Last Runtime    Last Run
------------------------------------  -----  ---------  --------  ----------  --------------  -------------------
/opt/airflow/dags/dag_brewery.py                               1           0  0.26s           2024-10-20T01:25:30
/opt/airflow/dags/dag_dataquality.py                           1           0  0.20s           2024-10-20T01:25:29
================================================================================
[2024-10-20T01:26:01.587+0000] {manager.py:726} INFO - Searching for files in /opt/airflow/dags
[2024-10-20T01:26:01.640+0000] {manager.py:729} INFO - There are 2 files in /opt/airflow/dags
[2024-10-20T01:26:07.891+0000] {manager.py:854} INFO - 
================================================================================
DAG File Processing Stats

File Path                             PID    Runtime      # DAGs    # Errors  Last Runtime    Last Run
------------------------------------  -----  ---------  --------  ----------  --------------  -------------------
/opt/airflow/dags/dag_brewery.py                               1           0  0.19s           2024-10-20T01:26:00
/opt/airflow/dags/dag_dataquality.py                           1           0  0.19s           2024-10-20T01:26:00
================================================================================
[2024-10-20T01:26:38.415+0000] {manager.py:854} INFO - 
================================================================================
DAG File Processing Stats

File Path                             PID    Runtime      # DAGs    # Errors  Last Runtime    Last Run
------------------------------------  -----  ---------  --------  ----------  --------------  -------------------
/opt/airflow/dags/dag_brewery.py                               1           0  0.23s           2024-10-20T01:26:31
/opt/airflow/dags/dag_dataquality.py                           1           0  0.21s           2024-10-20T01:26:31
================================================================================
[2024-10-20T01:27:07.971+0000] {manager.py:854} INFO - 
================================================================================
DAG File Processing Stats

File Path                             PID    Runtime      # DAGs    # Errors  Last Runtime    Last Run
------------------------------------  -----  ---------  --------  ----------  --------------  -------------------
/opt/airflow/dags/dag_brewery.py                               1           0  0.21s           2024-10-20T01:27:02
/opt/airflow/dags/dag_dataquality.py                           1           0  0.21s           2024-10-20T01:27:02
================================================================================
[2024-10-20T01:27:37.591+0000] {manager.py:854} INFO - 
================================================================================
DAG File Processing Stats

File Path                             PID    Runtime      # DAGs    # Errors  Last Runtime    Last Run
------------------------------------  -----  ---------  --------  ----------  --------------  -------------------
/opt/airflow/dags/dag_brewery.py                               1           0  0.22s           2024-10-20T01:27:32
/opt/airflow/dags/dag_dataquality.py                           1           0  0.24s           2024-10-20T01:27:32
================================================================================
[2024-10-20T01:28:07.171+0000] {manager.py:854} INFO - 
================================================================================
DAG File Processing Stats

File Path                             PID    Runtime      # DAGs    # Errors  Last Runtime    Last Run
------------------------------------  -----  ---------  --------  ----------  --------------  -------------------
/opt/airflow/dags/dag_brewery.py                               1           0  0.21s           2024-10-20T01:28:03
/opt/airflow/dags/dag_dataquality.py                           1           0  0.22s           2024-10-20T01:28:03
================================================================================
[2024-10-20T01:28:36.801+0000] {manager.py:854} INFO - 
================================================================================
DAG File Processing Stats

File Path                             PID    Runtime      # DAGs    # Errors  Last Runtime    Last Run
------------------------------------  -----  ---------  --------  ----------  --------------  -------------------
/opt/airflow/dags/dag_brewery.py                               1           0  0.21s           2024-10-20T01:28:33
/opt/airflow/dags/dag_dataquality.py                           1           0  0.23s           2024-10-20T01:28:33
================================================================================
[2024-10-20T01:29:06.485+0000] {manager.py:854} INFO - 
================================================================================
DAG File Processing Stats

File Path                             PID    Runtime      # DAGs    # Errors  Last Runtime    Last Run
------------------------------------  -----  ---------  --------  ----------  --------------  -------------------
/opt/airflow/dags/dag_brewery.py                               1           0  0.17s           2024-10-20T01:29:04
/opt/airflow/dags/dag_dataquality.py                           1           0  0.19s           2024-10-20T01:29:04
================================================================================
[2024-10-20T01:29:36.024+0000] {manager.py:854} INFO - 
================================================================================
DAG File Processing Stats

File Path                             PID    Runtime      # DAGs    # Errors  Last Runtime    Last Run
------------------------------------  -----  ---------  --------  ----------  --------------  -------------------
/opt/airflow/dags/dag_brewery.py                               1           0  0.18s           2024-10-20T01:29:35
/opt/airflow/dags/dag_dataquality.py                           1           0  0.19s           2024-10-20T01:29:35
================================================================================
[2024-10-20T01:30:05.542+0000] {manager.py:854} INFO - 
================================================================================
DAG File Processing Stats

File Path                               PID  Runtime      # DAGs    # Errors  Last Runtime    Last Run
------------------------------------  -----  ---------  --------  ----------  --------------  -------------------
/opt/airflow/dags/dag_brewery.py      17629  0.00s             1           0  0.18s           2024-10-20T01:29:35
/opt/airflow/dags/dag_dataquality.py  17626  0.01s             1           0  0.19s           2024-10-20T01:29:35
================================================================================
[2024-10-20T01:30:35.244+0000] {manager.py:854} INFO - 
================================================================================
DAG File Processing Stats

File Path                             PID    Runtime      # DAGs    # Errors  Last Runtime    Last Run
------------------------------------  -----  ---------  --------  ----------  --------------  -------------------
/opt/airflow/dags/dag_brewery.py                               1           0  0.17s           2024-10-20T01:30:05
/opt/airflow/dags/dag_dataquality.py                           1           0  0.17s           2024-10-20T01:30:05
================================================================================
[2024-10-20T01:31:01.734+0000] {manager.py:726} INFO - Searching for files in /opt/airflow/dags
[2024-10-20T01:31:01.789+0000] {manager.py:729} INFO - There are 2 files in /opt/airflow/dags
[2024-10-20T01:31:04.838+0000] {manager.py:854} INFO - 
================================================================================
DAG File Processing Stats

File Path                             PID    Runtime      # DAGs    # Errors  Last Runtime    Last Run
------------------------------------  -----  ---------  --------  ----------  --------------  -------------------
/opt/airflow/dags/dag_brewery.py                               1           0  0.17s           2024-10-20T01:30:36
/opt/airflow/dags/dag_dataquality.py                           1           0  0.17s           2024-10-20T01:30:36
================================================================================
[2024-10-20T01:31:34.357+0000] {manager.py:854} INFO - 
================================================================================
DAG File Processing Stats

File Path                             PID    Runtime      # DAGs    # Errors  Last Runtime    Last Run
------------------------------------  -----  ---------  --------  ----------  --------------  -------------------
/opt/airflow/dags/dag_brewery.py                               1           0  0.16s           2024-10-20T01:31:07
/opt/airflow/dags/dag_dataquality.py                           1           0  0.16s           2024-10-20T01:31:07
================================================================================
[2024-10-20T01:32:04.077+0000] {manager.py:854} INFO - 
================================================================================
DAG File Processing Stats

File Path                             PID    Runtime      # DAGs    # Errors  Last Runtime    Last Run
------------------------------------  -----  ---------  --------  ----------  --------------  -------------------
/opt/airflow/dags/dag_brewery.py                               1           0  0.22s           2024-10-20T01:31:37
/opt/airflow/dags/dag_dataquality.py                           1           0  0.23s           2024-10-20T01:31:37
================================================================================
[2024-10-20T01:32:33.723+0000] {manager.py:854} INFO - 
================================================================================
DAG File Processing Stats

File Path                             PID    Runtime      # DAGs    # Errors  Last Runtime    Last Run
------------------------------------  -----  ---------  --------  ----------  --------------  -------------------
/opt/airflow/dags/dag_brewery.py                               1           0  0.17s           2024-10-20T01:32:08
/opt/airflow/dags/dag_dataquality.py                           1           0  0.17s           2024-10-20T01:32:08
================================================================================
[2024-10-20T01:33:03.236+0000] {manager.py:854} INFO - 
================================================================================
DAG File Processing Stats

File Path                             PID    Runtime      # DAGs    # Errors  Last Runtime    Last Run
------------------------------------  -----  ---------  --------  ----------  --------------  -------------------
/opt/airflow/dags/dag_brewery.py                               1           0  0.16s           2024-10-20T01:32:38
/opt/airflow/dags/dag_dataquality.py                           1           0  0.17s           2024-10-20T01:32:38
================================================================================
[2024-10-20T01:33:32.853+0000] {manager.py:854} INFO - 
================================================================================
DAG File Processing Stats

File Path                             PID    Runtime      # DAGs    # Errors  Last Runtime    Last Run
------------------------------------  -----  ---------  --------  ----------  --------------  -------------------
/opt/airflow/dags/dag_brewery.py                               1           0  0.18s           2024-10-20T01:33:09
/opt/airflow/dags/dag_dataquality.py                           1           0  0.19s           2024-10-20T01:33:09
================================================================================
[2024-10-20T01:34:02.402+0000] {manager.py:854} INFO - 
================================================================================
DAG File Processing Stats

File Path                             PID    Runtime      # DAGs    # Errors  Last Runtime    Last Run
------------------------------------  -----  ---------  --------  ----------  --------------  -------------------
/opt/airflow/dags/dag_brewery.py                               1           0  0.16s           2024-10-20T01:33:40
/opt/airflow/dags/dag_dataquality.py                           1           0  0.18s           2024-10-20T01:33:40
================================================================================
[2024-10-20T01:34:32.030+0000] {manager.py:854} INFO - 
================================================================================
DAG File Processing Stats

File Path                             PID    Runtime      # DAGs    # Errors  Last Runtime    Last Run
------------------------------------  -----  ---------  --------  ----------  --------------  -------------------
/opt/airflow/dags/dag_brewery.py                               1           0  0.20s           2024-10-20T01:34:10
/opt/airflow/dags/dag_dataquality.py                           1           0  0.20s           2024-10-20T01:34:10
================================================================================
[2024-10-20T01:35:01.583+0000] {manager.py:854} INFO - 
================================================================================
DAG File Processing Stats

File Path                             PID    Runtime      # DAGs    # Errors  Last Runtime    Last Run
------------------------------------  -----  ---------  --------  ----------  --------------  -------------------
/opt/airflow/dags/dag_brewery.py                               1           0  0.17s           2024-10-20T01:34:41
/opt/airflow/dags/dag_dataquality.py                           1           0  0.17s           2024-10-20T01:34:41
================================================================================
[2024-10-20T01:35:32.023+0000] {manager.py:854} INFO - 
================================================================================
DAG File Processing Stats

File Path                             PID    Runtime      # DAGs    # Errors  Last Runtime    Last Run
------------------------------------  -----  ---------  --------  ----------  --------------  -------------------
/opt/airflow/dags/dag_brewery.py                               1           0  0.18s           2024-10-20T01:35:11
/opt/airflow/dags/dag_dataquality.py                           1           0  0.18s           2024-10-20T01:35:11
================================================================================
[2024-10-20T01:36:01.557+0000] {manager.py:854} INFO - 
================================================================================
DAG File Processing Stats

File Path                             PID    Runtime      # DAGs    # Errors  Last Runtime    Last Run
------------------------------------  -----  ---------  --------  ----------  --------------  -------------------
/opt/airflow/dags/dag_brewery.py                               1           0  0.17s           2024-10-20T01:35:42
/opt/airflow/dags/dag_dataquality.py                           1           0  0.17s           2024-10-20T01:35:42
================================================================================
[2024-10-20T01:36:02.567+0000] {manager.py:726} INFO - Searching for files in /opt/airflow/dags
[2024-10-20T01:36:02.613+0000] {manager.py:729} INFO - There are 2 files in /opt/airflow/dags
[2024-10-20T01:36:31.162+0000] {manager.py:854} INFO - 
================================================================================
DAG File Processing Stats

File Path                             PID    Runtime      # DAGs    # Errors  Last Runtime    Last Run
------------------------------------  -----  ---------  --------  ----------  --------------  -------------------
/opt/airflow/dags/dag_brewery.py                               1           0  0.17s           2024-10-20T01:36:13
/opt/airflow/dags/dag_dataquality.py                           1           0  0.16s           2024-10-20T01:36:13
================================================================================
[2024-10-20T01:37:00.763+0000] {manager.py:854} INFO - 
================================================================================
DAG File Processing Stats

File Path                             PID    Runtime      # DAGs    # Errors  Last Runtime    Last Run
------------------------------------  -----  ---------  --------  ----------  --------------  -------------------
/opt/airflow/dags/dag_brewery.py                               1           0  0.19s           2024-10-20T01:36:43
/opt/airflow/dags/dag_dataquality.py                           1           0  0.19s           2024-10-20T01:36:43
================================================================================
[2024-10-20T01:37:30.497+0000] {manager.py:854} INFO - 
================================================================================
DAG File Processing Stats

File Path                             PID    Runtime      # DAGs    # Errors  Last Runtime    Last Run
------------------------------------  -----  ---------  --------  ----------  --------------  -------------------
/opt/airflow/dags/dag_brewery.py                               1           0  0.17s           2024-10-20T01:37:14
/opt/airflow/dags/dag_dataquality.py                           1           0  0.18s           2024-10-20T01:37:14
================================================================================
[2024-10-20T01:38:00.049+0000] {manager.py:854} INFO - 
================================================================================
DAG File Processing Stats

File Path                             PID    Runtime      # DAGs    # Errors  Last Runtime    Last Run
------------------------------------  -----  ---------  --------  ----------  --------------  -------------------
/opt/airflow/dags/dag_brewery.py                               1           0  0.18s           2024-10-20T01:37:45
/opt/airflow/dags/dag_dataquality.py                           1           0  0.18s           2024-10-20T01:37:45
================================================================================
[2024-10-20T01:38:29.701+0000] {manager.py:854} INFO - 
================================================================================
DAG File Processing Stats

File Path                             PID    Runtime      # DAGs    # Errors  Last Runtime    Last Run
------------------------------------  -----  ---------  --------  ----------  --------------  -------------------
/opt/airflow/dags/dag_brewery.py                               1           0  0.17s           2024-10-20T01:38:15
/opt/airflow/dags/dag_dataquality.py                           1           0  0.19s           2024-10-20T01:38:15
================================================================================
[2024-10-20T01:38:59.282+0000] {manager.py:854} INFO - 
================================================================================
DAG File Processing Stats

File Path                             PID    Runtime      # DAGs    # Errors  Last Runtime    Last Run
------------------------------------  -----  ---------  --------  ----------  --------------  -------------------
/opt/airflow/dags/dag_brewery.py                               1           0  0.17s           2024-10-20T01:38:46
/opt/airflow/dags/dag_dataquality.py                           1           0  0.17s           2024-10-20T01:38:46
================================================================================
[2024-10-20T01:39:28.912+0000] {manager.py:854} INFO - 
================================================================================
DAG File Processing Stats

File Path                             PID    Runtime      # DAGs    # Errors  Last Runtime    Last Run
------------------------------------  -----  ---------  --------  ----------  --------------  -------------------
/opt/airflow/dags/dag_brewery.py                               1           0  0.17s           2024-10-20T01:39:16
/opt/airflow/dags/dag_dataquality.py                           1           0  0.17s           2024-10-20T01:39:16
================================================================================
[2024-10-20T01:39:58.498+0000] {manager.py:854} INFO - 
================================================================================
DAG File Processing Stats

File Path                             PID    Runtime      # DAGs    # Errors  Last Runtime    Last Run
------------------------------------  -----  ---------  --------  ----------  --------------  -------------------
/opt/airflow/dags/dag_brewery.py                               1           0  0.17s           2024-10-20T01:39:47
/opt/airflow/dags/dag_dataquality.py                           1           0  0.18s           2024-10-20T01:39:47
================================================================================
[2024-10-20T01:40:28.172+0000] {manager.py:854} INFO - 
================================================================================
DAG File Processing Stats

File Path                             PID    Runtime      # DAGs    # Errors  Last Runtime    Last Run
------------------------------------  -----  ---------  --------  ----------  --------------  -------------------
/opt/airflow/dags/dag_brewery.py                               1           0  0.17s           2024-10-20T01:40:18
/opt/airflow/dags/dag_dataquality.py                           1           0  0.17s           2024-10-20T01:40:18
================================================================================
[2024-10-20T01:40:57.690+0000] {manager.py:854} INFO - 
================================================================================
DAG File Processing Stats

File Path                             PID    Runtime      # DAGs    # Errors  Last Runtime    Last Run
------------------------------------  -----  ---------  --------  ----------  --------------  -------------------
/opt/airflow/dags/dag_brewery.py                               1           0  0.26s           2024-10-20T01:40:48
/opt/airflow/dags/dag_dataquality.py                           1           0  0.26s           2024-10-20T01:40:48
================================================================================
[2024-10-20T01:41:02.736+0000] {manager.py:726} INFO - Searching for files in /opt/airflow/dags
[2024-10-20T01:41:02.792+0000] {manager.py:729} INFO - There are 2 files in /opt/airflow/dags
[2024-10-20T01:41:27.437+0000] {manager.py:854} INFO - 
================================================================================
DAG File Processing Stats

File Path                             PID    Runtime      # DAGs    # Errors  Last Runtime    Last Run
------------------------------------  -----  ---------  --------  ----------  --------------  -------------------
/opt/airflow/dags/dag_brewery.py                               1           0  0.19s           2024-10-20T01:41:19
/opt/airflow/dags/dag_dataquality.py                           1           0  0.20s           2024-10-20T01:41:19
================================================================================
[2024-10-20T01:41:57.010+0000] {manager.py:854} INFO - 
================================================================================
DAG File Processing Stats

File Path                             PID    Runtime      # DAGs    # Errors  Last Runtime    Last Run
------------------------------------  -----  ---------  --------  ----------  --------------  -------------------
/opt/airflow/dags/dag_brewery.py                               1           0  0.17s           2024-10-20T01:41:50
/opt/airflow/dags/dag_dataquality.py                           1           0  0.16s           2024-10-20T01:41:50
================================================================================
[2024-10-20T01:42:26.702+0000] {manager.py:854} INFO - 
================================================================================
DAG File Processing Stats

File Path                             PID    Runtime      # DAGs    # Errors  Last Runtime    Last Run
------------------------------------  -----  ---------  --------  ----------  --------------  -------------------
/opt/airflow/dags/dag_brewery.py                               1           0  0.20s           2024-10-20T01:42:20
/opt/airflow/dags/dag_dataquality.py                           1           0  0.21s           2024-10-20T01:42:20
================================================================================
[2024-10-20T01:42:56.271+0000] {manager.py:854} INFO - 
================================================================================
DAG File Processing Stats

File Path                             PID    Runtime      # DAGs    # Errors  Last Runtime    Last Run
------------------------------------  -----  ---------  --------  ----------  --------------  -------------------
/opt/airflow/dags/dag_brewery.py                               1           0  0.18s           2024-10-20T01:42:51
/opt/airflow/dags/dag_dataquality.py                           1           0  0.20s           2024-10-20T01:42:51
================================================================================
[2024-10-20T01:43:25.946+0000] {manager.py:854} INFO - 
================================================================================
DAG File Processing Stats

File Path                             PID    Runtime      # DAGs    # Errors  Last Runtime    Last Run
------------------------------------  -----  ---------  --------  ----------  --------------  -------------------
/opt/airflow/dags/dag_brewery.py                               1           0  0.17s           2024-10-20T01:43:21
/opt/airflow/dags/dag_dataquality.py                           1           0  0.17s           2024-10-20T01:43:21
================================================================================
[2024-10-20T01:43:55.471+0000] {manager.py:854} INFO - 
================================================================================
DAG File Processing Stats

File Path                             PID    Runtime      # DAGs    # Errors  Last Runtime    Last Run
------------------------------------  -----  ---------  --------  ----------  --------------  -------------------
/opt/airflow/dags/dag_brewery.py                               1           0  0.16s           2024-10-20T01:43:52
/opt/airflow/dags/dag_dataquality.py                           1           0  0.16s           2024-10-20T01:43:52
================================================================================
[2024-10-20T01:44:25.900+0000] {manager.py:854} INFO - 
================================================================================
DAG File Processing Stats

File Path                             PID    Runtime      # DAGs    # Errors  Last Runtime    Last Run
------------------------------------  -----  ---------  --------  ----------  --------------  -------------------
/opt/airflow/dags/dag_brewery.py                               1           0  0.17s           2024-10-20T01:44:23
/opt/airflow/dags/dag_dataquality.py                           1           0  0.18s           2024-10-20T01:44:23
================================================================================
[2024-10-20T01:44:55.523+0000] {manager.py:854} INFO - 
================================================================================
DAG File Processing Stats

File Path                             PID    Runtime      # DAGs    # Errors  Last Runtime    Last Run
------------------------------------  -----  ---------  --------  ----------  --------------  -------------------
/opt/airflow/dags/dag_brewery.py                               1           0  0.18s           2024-10-20T01:44:53
/opt/airflow/dags/dag_dataquality.py                           1           0  0.18s           2024-10-20T01:44:53
================================================================================
[2024-10-20T01:45:25.167+0000] {manager.py:854} INFO - 
================================================================================
DAG File Processing Stats

File Path                             PID    Runtime      # DAGs    # Errors  Last Runtime    Last Run
------------------------------------  -----  ---------  --------  ----------  --------------  -------------------
/opt/airflow/dags/dag_brewery.py                               1           0  0.16s           2024-10-20T01:45:24
/opt/airflow/dags/dag_dataquality.py                           1           0  0.17s           2024-10-20T01:45:24
================================================================================
[2024-10-20T01:45:54.760+0000] {manager.py:854} INFO - 
================================================================================
DAG File Processing Stats

File Path                               PID  Runtime      # DAGs    # Errors  Last Runtime    Last Run
------------------------------------  -----  ---------  --------  ----------  --------------  -------------------
/opt/airflow/dags/dag_brewery.py      26968  0.00s             1           0  0.16s           2024-10-20T01:45:24
/opt/airflow/dags/dag_dataquality.py  26965  0.01s             1           0  0.17s           2024-10-20T01:45:24
================================================================================
[2024-10-20T01:46:03.034+0000] {manager.py:726} INFO - Searching for files in /opt/airflow/dags
[2024-10-20T01:46:03.082+0000] {manager.py:729} INFO - There are 2 files in /opt/airflow/dags
[2024-10-20T01:46:24.343+0000] {manager.py:854} INFO - 
================================================================================
DAG File Processing Stats

File Path                             PID    Runtime      # DAGs    # Errors  Last Runtime    Last Run
------------------------------------  -----  ---------  --------  ----------  --------------  -------------------
/opt/airflow/dags/dag_brewery.py                               1           0  0.16s           2024-10-20T01:45:54
/opt/airflow/dags/dag_dataquality.py                           1           0  0.18s           2024-10-20T01:45:54
================================================================================
[2024-10-20T01:46:53.846+0000] {manager.py:854} INFO - 
================================================================================
DAG File Processing Stats

File Path                             PID    Runtime      # DAGs    # Errors  Last Runtime    Last Run
------------------------------------  -----  ---------  --------  ----------  --------------  -------------------
/opt/airflow/dags/dag_brewery.py                               1           0  0.16s           2024-10-20T01:46:25
/opt/airflow/dags/dag_dataquality.py                           1           0  0.17s           2024-10-20T01:46:25
================================================================================
[2024-10-20T02:45:45.160+0000] {manager.py:483} INFO - Processing files using up to 2 processes at a time 
[2024-10-20T02:45:45.165+0000] {manager.py:484} INFO - Process each file at most once every 30 seconds
[2024-10-20T02:45:45.166+0000] {manager.py:485} INFO - Checking for new files in /opt/airflow/dags every 300 seconds
[2024-10-20T02:45:45.167+0000] {manager.py:726} INFO - Searching for files in /opt/airflow/dags
[2024-10-20T02:45:45.415+0000] {manager.py:729} INFO - There are 2 files in /opt/airflow/dags
[2024-10-20T02:45:45.760+0000] {manager.py:854} INFO - 
================================================================================
DAG File Processing Stats

File Path                               PID  Runtime      # DAGs    # Errors  Last Runtime    Last Run
------------------------------------  -----  ---------  --------  ----------  --------------  ----------
/opt/airflow/dags/dag_brewery.py        634  0.28s             0           0
/opt/airflow/dags/dag_dataquality.py    631  0.28s             0           0
================================================================================
[2024-10-20T02:46:16.010+0000] {manager.py:854} INFO - 
================================================================================
DAG File Processing Stats

File Path                             PID    Runtime      # DAGs    # Errors  Last Runtime    Last Run
------------------------------------  -----  ---------  --------  ----------  --------------  -------------------
/opt/airflow/dags/dag_brewery.py                               1           0  0.83s           2024-10-20T02:45:46
/opt/airflow/dags/dag_dataquality.py                           1           0  0.87s           2024-10-20T02:45:46
================================================================================
[2024-10-20T02:46:46.184+0000] {manager.py:854} INFO - 
================================================================================
DAG File Processing Stats

File Path                             PID    Runtime      # DAGs    # Errors  Last Runtime    Last Run
------------------------------------  -----  ---------  --------  ----------  --------------  -------------------
/opt/airflow/dags/dag_brewery.py                               1           0  0.28s           2024-10-20T02:46:17
/opt/airflow/dags/dag_dataquality.py                           1           0  0.30s           2024-10-20T02:46:17
================================================================================
[2024-10-20T02:47:15.822+0000] {manager.py:854} INFO - 
================================================================================
DAG File Processing Stats

File Path                             PID    Runtime      # DAGs    # Errors  Last Runtime    Last Run
------------------------------------  -----  ---------  --------  ----------  --------------  -------------------
/opt/airflow/dags/dag_brewery.py                               1           0  4.18s           2024-10-20T02:46:52
/opt/airflow/dags/dag_dataquality.py                           1           0  4.23s           2024-10-20T02:46:52
================================================================================
[2024-10-20T02:47:45.479+0000] {manager.py:854} INFO - 
================================================================================
DAG File Processing Stats

File Path                             PID    Runtime      # DAGs    # Errors  Last Runtime    Last Run
------------------------------------  -----  ---------  --------  ----------  --------------  -------------------
/opt/airflow/dags/dag_brewery.py                               1           0  0.32s           2024-10-20T02:47:22
/opt/airflow/dags/dag_dataquality.py                           1           0  0.33s           2024-10-20T02:47:22
================================================================================
[2024-10-20T02:48:15.113+0000] {manager.py:854} INFO - 
================================================================================
DAG File Processing Stats

File Path                             PID    Runtime      # DAGs    # Errors  Last Runtime    Last Run
------------------------------------  -----  ---------  --------  ----------  --------------  -------------------
/opt/airflow/dags/dag_brewery.py                               1           0  0.19s           2024-10-20T02:47:53
/opt/airflow/dags/dag_dataquality.py                           1           0  0.20s           2024-10-20T02:47:53
================================================================================
[2024-10-20T02:48:44.887+0000] {manager.py:854} INFO - 
================================================================================
DAG File Processing Stats

File Path                             PID    Runtime      # DAGs    # Errors  Last Runtime    Last Run
------------------------------------  -----  ---------  --------  ----------  --------------  -------------------
/opt/airflow/dags/dag_brewery.py                               1           0  0.19s           2024-10-20T02:48:23
/opt/airflow/dags/dag_dataquality.py                           1           0  0.18s           2024-10-20T02:48:23
================================================================================
[2024-10-20T02:49:14.528+0000] {manager.py:854} INFO - 
================================================================================
DAG File Processing Stats

File Path                             PID    Runtime      # DAGs    # Errors  Last Runtime    Last Run
------------------------------------  -----  ---------  --------  ----------  --------------  -------------------
/opt/airflow/dags/dag_brewery.py                               1           0  0.17s           2024-10-20T02:48:54
/opt/airflow/dags/dag_dataquality.py                           1           0  0.17s           2024-10-20T02:48:54
================================================================================
[2024-10-20T02:49:44.289+0000] {manager.py:854} INFO - 
================================================================================
DAG File Processing Stats

File Path                             PID    Runtime      # DAGs    # Errors  Last Runtime    Last Run
------------------------------------  -----  ---------  --------  ----------  --------------  -------------------
/opt/airflow/dags/dag_brewery.py                               1           0  0.17s           2024-10-20T02:49:24
/opt/airflow/dags/dag_dataquality.py                           1           0  0.17s           2024-10-20T02:49:24
================================================================================
[2024-10-20T02:50:14.144+0000] {manager.py:854} INFO - 
================================================================================
DAG File Processing Stats

File Path                             PID    Runtime      # DAGs    # Errors  Last Runtime    Last Run
------------------------------------  -----  ---------  --------  ----------  --------------  -------------------
/opt/airflow/dags/dag_brewery.py                               1           0  0.16s           2024-10-20T02:49:55
/opt/airflow/dags/dag_dataquality.py                           1           0  0.16s           2024-10-20T02:49:55
================================================================================
[2024-10-20T02:50:43.924+0000] {manager.py:854} INFO - 
================================================================================
DAG File Processing Stats

File Path                             PID    Runtime      # DAGs    # Errors  Last Runtime    Last Run
------------------------------------  -----  ---------  --------  ----------  --------------  -------------------
/opt/airflow/dags/dag_brewery.py                               1           0  0.16s           2024-10-20T02:50:26
/opt/airflow/dags/dag_dataquality.py                           1           0  0.16s           2024-10-20T02:50:26
================================================================================
[2024-10-20T02:50:45.937+0000] {manager.py:726} INFO - Searching for files in /opt/airflow/dags
[2024-10-20T02:50:45.994+0000] {manager.py:729} INFO - There are 2 files in /opt/airflow/dags
[2024-10-20T02:51:13.889+0000] {manager.py:854} INFO - 
================================================================================
DAG File Processing Stats

File Path                             PID    Runtime      # DAGs    # Errors  Last Runtime    Last Run
------------------------------------  -----  ---------  --------  ----------  --------------  -------------------
/opt/airflow/dags/dag_brewery.py                               1           0  0.28s           2024-10-20T02:50:57
/opt/airflow/dags/dag_dataquality.py                           1           0  0.27s           2024-10-20T02:50:57
================================================================================
[2024-10-20T02:51:43.577+0000] {manager.py:854} INFO - 
================================================================================
DAG File Processing Stats

File Path                             PID    Runtime      # DAGs    # Errors  Last Runtime    Last Run
------------------------------------  -----  ---------  --------  ----------  --------------  -------------------
/opt/airflow/dags/dag_brewery.py                               1           0  0.17s           2024-10-20T02:51:28
/opt/airflow/dags/dag_dataquality.py                           1           0  0.17s           2024-10-20T02:51:28
================================================================================
[2024-10-20T02:52:13.413+0000] {manager.py:854} INFO - 
================================================================================
DAG File Processing Stats

File Path                             PID    Runtime      # DAGs    # Errors  Last Runtime    Last Run
------------------------------------  -----  ---------  --------  ----------  --------------  -------------------
/opt/airflow/dags/dag_brewery.py                               1           0  0.16s           2024-10-20T02:51:58
/opt/airflow/dags/dag_dataquality.py                           1           0  0.19s           2024-10-20T02:51:58
================================================================================
[2024-10-20T02:52:43.046+0000] {manager.py:854} INFO - 
================================================================================
DAG File Processing Stats

File Path                             PID    Runtime      # DAGs    # Errors  Last Runtime    Last Run
------------------------------------  -----  ---------  --------  ----------  --------------  -------------------
/opt/airflow/dags/dag_brewery.py                               1           0  0.17s           2024-10-20T02:52:29
/opt/airflow/dags/dag_dataquality.py                           1           0  0.17s           2024-10-20T02:52:29
================================================================================
[2024-10-20T02:53:12.827+0000] {manager.py:854} INFO - 
================================================================================
DAG File Processing Stats

File Path                             PID    Runtime      # DAGs    # Errors  Last Runtime    Last Run
------------------------------------  -----  ---------  --------  ----------  --------------  -------------------
/opt/airflow/dags/dag_brewery.py                               1           0  0.16s           2024-10-20T02:53:00
/opt/airflow/dags/dag_dataquality.py                           1           0  0.17s           2024-10-20T02:53:00
================================================================================
[2024-10-20T02:53:42.711+0000] {manager.py:854} INFO - 
================================================================================
DAG File Processing Stats

File Path                             PID    Runtime      # DAGs    # Errors  Last Runtime    Last Run
------------------------------------  -----  ---------  --------  ----------  --------------  -------------------
/opt/airflow/dags/dag_brewery.py                               1           0  0.17s           2024-10-20T02:53:31
/opt/airflow/dags/dag_dataquality.py                           1           0  0.18s           2024-10-20T02:53:31
================================================================================
[2024-10-20T02:54:12.368+0000] {manager.py:854} INFO - 
================================================================================
DAG File Processing Stats

File Path                             PID    Runtime      # DAGs    # Errors  Last Runtime    Last Run
------------------------------------  -----  ---------  --------  ----------  --------------  -------------------
/opt/airflow/dags/dag_brewery.py                               1           0  0.17s           2024-10-20T02:54:02
/opt/airflow/dags/dag_dataquality.py                           1           0  0.17s           2024-10-20T02:54:02
================================================================================
[2024-10-20T02:54:42.113+0000] {manager.py:854} INFO - 
================================================================================
DAG File Processing Stats

File Path                             PID    Runtime      # DAGs    # Errors  Last Runtime    Last Run
------------------------------------  -----  ---------  --------  ----------  --------------  -------------------
/opt/airflow/dags/dag_brewery.py                               1           0  0.18s           2024-10-20T02:54:32
/opt/airflow/dags/dag_dataquality.py                           1           0  0.18s           2024-10-20T02:54:32
================================================================================
[2024-10-20T02:55:12.614+0000] {manager.py:854} INFO - 
================================================================================
DAG File Processing Stats

File Path                             PID    Runtime      # DAGs    # Errors  Last Runtime    Last Run
------------------------------------  -----  ---------  --------  ----------  --------------  -------------------
/opt/airflow/dags/dag_brewery.py                               1           0  0.21s           2024-10-20T02:55:03
/opt/airflow/dags/dag_dataquality.py                           1           0  0.20s           2024-10-20T02:55:03
================================================================================
[2024-10-20T02:55:42.746+0000] {manager.py:854} INFO - 
================================================================================
DAG File Processing Stats

File Path                             PID    Runtime      # DAGs    # Errors  Last Runtime    Last Run
------------------------------------  -----  ---------  --------  ----------  --------------  -------------------
/opt/airflow/dags/dag_brewery.py                               1           0  0.26s           2024-10-20T02:55:18
/opt/airflow/dags/dag_dataquality.py                           1           0  0.26s           2024-10-20T02:55:18
================================================================================
[2024-10-20T02:55:46.065+0000] {manager.py:726} INFO - Searching for files in /opt/airflow/dags
[2024-10-20T02:55:46.108+0000] {manager.py:729} INFO - There are 2 files in /opt/airflow/dags
[2024-10-20T02:56:12.434+0000] {manager.py:854} INFO - 
================================================================================
DAG File Processing Stats

File Path                             PID    Runtime      # DAGs    # Errors  Last Runtime    Last Run
------------------------------------  -----  ---------  --------  ----------  --------------  -------------------
/opt/airflow/dags/dag_brewery.py                               1           0  0.15s           2024-10-20T02:55:49
/opt/airflow/dags/dag_dataquality.py                           1           0  0.17s           2024-10-20T02:55:49
================================================================================
[2024-10-20T02:56:41.946+0000] {manager.py:854} INFO - 
================================================================================
DAG File Processing Stats

File Path                             PID    Runtime      # DAGs    # Errors  Last Runtime    Last Run
------------------------------------  -----  ---------  --------  ----------  --------------  -------------------
/opt/airflow/dags/dag_brewery.py                               1           0  0.17s           2024-10-20T02:56:19
/opt/airflow/dags/dag_dataquality.py                           1           0  0.17s           2024-10-20T02:56:19
================================================================================
[2024-10-20T02:57:11.466+0000] {manager.py:854} INFO - 
================================================================================
DAG File Processing Stats

File Path                             PID    Runtime      # DAGs    # Errors  Last Runtime    Last Run
------------------------------------  -----  ---------  --------  ----------  --------------  -------------------
/opt/airflow/dags/dag_brewery.py                               1           0  0.16s           2024-10-20T02:56:50
/opt/airflow/dags/dag_dataquality.py                           1           0  0.18s           2024-10-20T02:56:50
================================================================================
[2024-10-20T02:57:41.123+0000] {manager.py:854} INFO - 
================================================================================
DAG File Processing Stats

File Path                             PID    Runtime      # DAGs    # Errors  Last Runtime    Last Run
------------------------------------  -----  ---------  --------  ----------  --------------  -------------------
/opt/airflow/dags/dag_brewery.py                               1           0  0.20s           2024-10-20T02:57:20
/opt/airflow/dags/dag_dataquality.py                           1           0  0.21s           2024-10-20T02:57:20
================================================================================
[2024-10-20T02:58:10.816+0000] {manager.py:854} INFO - 
================================================================================
DAG File Processing Stats

File Path                             PID    Runtime      # DAGs    # Errors  Last Runtime    Last Run
------------------------------------  -----  ---------  --------  ----------  --------------  -------------------
/opt/airflow/dags/dag_brewery.py                               1           0  0.33s           2024-10-20T02:57:51
/opt/airflow/dags/dag_dataquality.py                           1           0  0.31s           2024-10-20T02:57:51
================================================================================
[2024-10-20T02:58:40.444+0000] {manager.py:854} INFO - 
================================================================================
DAG File Processing Stats

File Path                             PID    Runtime      # DAGs    # Errors  Last Runtime    Last Run
------------------------------------  -----  ---------  --------  ----------  --------------  -------------------
/opt/airflow/dags/dag_brewery.py                               1           0  0.17s           2024-10-20T02:58:22
/opt/airflow/dags/dag_dataquality.py                           1           0  0.17s           2024-10-20T02:58:22
================================================================================
[2024-10-20T02:59:09.898+0000] {manager.py:854} INFO - 
================================================================================
DAG File Processing Stats

File Path                             PID    Runtime      # DAGs    # Errors  Last Runtime    Last Run
------------------------------------  -----  ---------  --------  ----------  --------------  -------------------
/opt/airflow/dags/dag_brewery.py                               1           0  0.16s           2024-10-20T02:58:52
/opt/airflow/dags/dag_dataquality.py                           1           0  0.16s           2024-10-20T02:58:52
================================================================================
[2024-10-20T02:59:39.471+0000] {manager.py:854} INFO - 
================================================================================
DAG File Processing Stats

File Path                             PID    Runtime      # DAGs    # Errors  Last Runtime    Last Run
------------------------------------  -----  ---------  --------  ----------  --------------  -------------------
/opt/airflow/dags/dag_brewery.py                               1           0  0.17s           2024-10-20T02:59:23
/opt/airflow/dags/dag_dataquality.py                           1           0  0.18s           2024-10-20T02:59:23
================================================================================
[2024-10-20T03:00:09.089+0000] {manager.py:854} INFO - 
================================================================================
DAG File Processing Stats

File Path                             PID    Runtime      # DAGs    # Errors  Last Runtime    Last Run
------------------------------------  -----  ---------  --------  ----------  --------------  -------------------
/opt/airflow/dags/dag_brewery.py                               1           0  0.18s           2024-10-20T02:59:53
/opt/airflow/dags/dag_dataquality.py                           1           0  0.19s           2024-10-20T02:59:53
================================================================================
[2024-10-20T03:00:38.680+0000] {manager.py:854} INFO - 
================================================================================
DAG File Processing Stats

File Path                             PID    Runtime      # DAGs    # Errors  Last Runtime    Last Run
------------------------------------  -----  ---------  --------  ----------  --------------  -------------------
/opt/airflow/dags/dag_brewery.py                               1           0  0.16s           2024-10-20T03:00:24
/opt/airflow/dags/dag_dataquality.py                           1           0  0.16s           2024-10-20T03:00:24
================================================================================
[2024-10-20T03:00:46.790+0000] {manager.py:726} INFO - Searching for files in /opt/airflow/dags
[2024-10-20T03:00:46.886+0000] {manager.py:729} INFO - There are 2 files in /opt/airflow/dags
[2024-10-20T03:01:08.350+0000] {manager.py:854} INFO - 
================================================================================
DAG File Processing Stats

File Path                             PID    Runtime      # DAGs    # Errors  Last Runtime    Last Run
------------------------------------  -----  ---------  --------  ----------  --------------  -------------------
/opt/airflow/dags/dag_brewery.py                               1           0  0.17s           2024-10-20T03:00:55
/opt/airflow/dags/dag_dataquality.py                           1           0  0.17s           2024-10-20T03:00:55
================================================================================
[2024-10-20T03:01:38.107+0000] {manager.py:854} INFO - 
================================================================================
DAG File Processing Stats

File Path                             PID    Runtime      # DAGs    # Errors  Last Runtime    Last Run
------------------------------------  -----  ---------  --------  ----------  --------------  -------------------
/opt/airflow/dags/dag_brewery.py                               1           0  0.18s           2024-10-20T03:01:25
/opt/airflow/dags/dag_dataquality.py                           1           0  0.18s           2024-10-20T03:01:25
================================================================================
[2024-10-20T03:02:07.645+0000] {manager.py:854} INFO - 
================================================================================
DAG File Processing Stats

File Path                             PID    Runtime      # DAGs    # Errors  Last Runtime    Last Run
------------------------------------  -----  ---------  --------  ----------  --------------  -------------------
/opt/airflow/dags/dag_brewery.py                               1           0  0.25s           2024-10-20T03:01:56
/opt/airflow/dags/dag_dataquality.py                           1           0  0.25s           2024-10-20T03:01:56
================================================================================
[2024-10-20T03:02:37.142+0000] {manager.py:854} INFO - 
================================================================================
DAG File Processing Stats

File Path                             PID    Runtime      # DAGs    # Errors  Last Runtime    Last Run
------------------------------------  -----  ---------  --------  ----------  --------------  -------------------
/opt/airflow/dags/dag_brewery.py                               1           0  0.18s           2024-10-20T03:02:27
/opt/airflow/dags/dag_dataquality.py                           1           0  0.17s           2024-10-20T03:02:27
================================================================================
[2024-10-20T03:03:07.318+0000] {manager.py:854} INFO - 
================================================================================
DAG File Processing Stats

File Path                             PID    Runtime      # DAGs    # Errors  Last Runtime    Last Run
------------------------------------  -----  ---------  --------  ----------  --------------  -------------------
/opt/airflow/dags/dag_brewery.py                               1           0  0.65s           2024-10-20T03:02:58
/opt/airflow/dags/dag_dataquality.py                           1           0  0.65s           2024-10-20T03:02:57
================================================================================
[2024-10-20T03:03:37.001+0000] {manager.py:854} INFO - 
================================================================================
DAG File Processing Stats

File Path                             PID    Runtime      # DAGs    # Errors  Last Runtime    Last Run
------------------------------------  -----  ---------  --------  ----------  --------------  -------------------
/opt/airflow/dags/dag_brewery.py                               1           0  0.30s           2024-10-20T03:03:28
/opt/airflow/dags/dag_dataquality.py                           1           0  0.31s           2024-10-20T03:03:28
================================================================================
