[2024-10-19T15:11:22.415+0000] {taskinstance.py:1083} INFO - Dependencies all met for <TaskInstance: ambev_breweries_pipeline.run_silver manual__2024-10-19T15:11:20.306407+00:00 [queued]>
[2024-10-19T15:11:22.421+0000] {taskinstance.py:1083} INFO - Dependencies all met for <TaskInstance: ambev_breweries_pipeline.run_silver manual__2024-10-19T15:11:20.306407+00:00 [queued]>
[2024-10-19T15:11:22.421+0000] {taskinstance.py:1279} INFO - 
--------------------------------------------------------------------------------
[2024-10-19T15:11:22.422+0000] {taskinstance.py:1280} INFO - Starting attempt 1 of 1
[2024-10-19T15:11:22.422+0000] {taskinstance.py:1281} INFO - 
--------------------------------------------------------------------------------
[2024-10-19T15:11:22.431+0000] {taskinstance.py:1300} INFO - Executing <Task(BashOperator): run_silver> on 2024-10-19 15:11:20.306407+00:00
[2024-10-19T15:11:22.434+0000] {standard_task_runner.py:55} INFO - Started process 35656 to run task
[2024-10-19T15:11:22.436+0000] {standard_task_runner.py:82} INFO - Running: ['***', 'tasks', 'run', 'ambev_breweries_pipeline', 'run_silver', 'manual__2024-10-19T15:11:20.306407+00:00', '--job-id', '55', '--raw', '--subdir', 'DAGS_FOLDER/dag_brewery.py', '--cfg-path', '/tmp/tmpiauqfptn']
[2024-10-19T15:11:22.437+0000] {standard_task_runner.py:83} INFO - Job 55: Subtask run_silver
[2024-10-19T15:11:22.447+0000] {logging_mixin.py:137} WARNING - /usr/local/lib/python3.9/site-packages/***/settings.py:249 DeprecationWarning: The sql_alchemy_conn option in [core] has been moved to the sql_alchemy_conn option in [database] - the old setting has been used, but please update your config.
[2024-10-19T15:11:22.480+0000] {task_command.py:388} INFO - Running <TaskInstance: ambev_breweries_pipeline.run_silver manual__2024-10-19T15:11:20.306407+00:00 [running]> on host 39b0b1bd9d5a
[2024-10-19T15:11:22.524+0000] {taskinstance.py:1507} INFO - Exporting the following env vars:
AIRFLOW_CTX_DAG_OWNER=Klaus_Rezende
AIRFLOW_CTX_DAG_ID=ambev_breweries_pipeline
AIRFLOW_CTX_TASK_ID=run_silver
AIRFLOW_CTX_EXECUTION_DATE=2024-10-19T15:11:20.306407+00:00
AIRFLOW_CTX_TRY_NUMBER=1
AIRFLOW_CTX_DAG_RUN_ID=manual__2024-10-19T15:11:20.306407+00:00
[2024-10-19T15:11:22.525+0000] {subprocess.py:63} INFO - Tmp dir root location: 
 /tmp
[2024-10-19T15:11:22.525+0000] {subprocess.py:75} INFO - Running command: ['/usr/bin/bash', '-c', 'python3 /opt/***/scripts/silver_brewery.py']
[2024-10-19T15:11:22.531+0000] {subprocess.py:86} INFO - Output:
[2024-10-19T15:11:24.047+0000] {subprocess.py:93} INFO - Setting default log level to "WARN".
[2024-10-19T15:11:24.048+0000] {subprocess.py:93} INFO - To adjust logging level use sc.setLogLevel(newLevel). For SparkR, use setLogLevel(newLevel).
[2024-10-19T15:11:24.157+0000] {subprocess.py:93} INFO - 24/10/19 15:11:24 WARN NativeCodeLoader: Unable to load native-hadoop library for your platform... using builtin-java classes where applicable
[2024-10-19T15:11:24.571+0000] {subprocess.py:93} INFO - 24/10/19 15:11:24 WARN Utils: Service 'SparkUI' could not bind on port 4040. Attempting port 4041.
[2024-10-19T15:11:31.373+0000] {subprocess.py:93} INFO - [Stage 4:>                                                          (0 + 1) / 1]                                                                                Dataframe has data, processing...
[2024-10-19T15:11:31.798+0000] {subprocess.py:97} INFO - Command exited with return code 0
[2024-10-19T15:11:31.817+0000] {taskinstance.py:1318} INFO - Marking task as SUCCESS. dag_id=ambev_breweries_pipeline, task_id=run_silver, execution_date=20241019T151120, start_date=20241019T151122, end_date=20241019T151131
[2024-10-19T15:11:31.832+0000] {local_task_job.py:208} INFO - Task exited with return code 0
[2024-10-19T15:11:31.850+0000] {taskinstance.py:2578} INFO - 1 downstream tasks scheduled from follow-on schedule check
