[2024-10-18T23:35:42.662+0000] {processor.py:153} INFO - Started process (PID=198) to work on /opt/airflow/dags/dag_brewery.py
[2024-10-18T23:35:42.663+0000] {processor.py:743} INFO - Processing file /opt/airflow/dags/dag_brewery.py for tasks to queue
[2024-10-18T23:35:42.664+0000] {logging_mixin.py:137} INFO - [2024-10-18T23:35:42.664+0000] {dagbag.py:538} INFO - Filling up the DagBag from /opt/airflow/dags/dag_brewery.py
[2024-10-18T23:35:42.830+0000] {processor.py:753} INFO - DAG(s) dict_keys(['ambev_breweries_pipeline']) retrieved from /opt/airflow/dags/dag_brewery.py
[2024-10-18T23:35:42.916+0000] {logging_mixin.py:137} INFO - [2024-10-18T23:35:42.916+0000] {manager.py:504} INFO - Created Permission View: can read on DAG:ambev_breweries_pipeline
[2024-10-18T23:35:42.923+0000] {logging_mixin.py:137} INFO - [2024-10-18T23:35:42.923+0000] {manager.py:504} INFO - Created Permission View: can delete on DAG:ambev_breweries_pipeline
[2024-10-18T23:35:42.930+0000] {logging_mixin.py:137} INFO - [2024-10-18T23:35:42.930+0000] {manager.py:504} INFO - Created Permission View: can edit on DAG:ambev_breweries_pipeline
[2024-10-18T23:35:42.930+0000] {logging_mixin.py:137} INFO - [2024-10-18T23:35:42.930+0000] {dag.py:2690} INFO - Sync 1 DAGs
[2024-10-18T23:35:42.939+0000] {logging_mixin.py:137} INFO - [2024-10-18T23:35:42.939+0000] {dag.py:2711} INFO - Creating ORM DAG for ambev_breweries_pipeline
[2024-10-18T23:35:42.947+0000] {logging_mixin.py:137} INFO - [2024-10-18T23:35:42.947+0000] {dag.py:3437} INFO - Setting next_dagrun for ambev_breweries_pipeline to 2024-10-17T09:00:00+00:00, run_after=2024-10-18T09:00:00+00:00
[2024-10-18T23:35:42.960+0000] {processor.py:175} INFO - Processing /opt/airflow/dags/dag_brewery.py took 0.305 seconds
[2024-10-18T23:36:13.111+0000] {processor.py:153} INFO - Started process (PID=562) to work on /opt/airflow/dags/dag_brewery.py
[2024-10-18T23:36:13.111+0000] {processor.py:743} INFO - Processing file /opt/airflow/dags/dag_brewery.py for tasks to queue
[2024-10-18T23:36:13.112+0000] {logging_mixin.py:137} INFO - [2024-10-18T23:36:13.112+0000] {dagbag.py:538} INFO - Filling up the DagBag from /opt/airflow/dags/dag_brewery.py
[2024-10-18T23:36:13.151+0000] {processor.py:753} INFO - DAG(s) dict_keys(['ambev_breweries_pipeline']) retrieved from /opt/airflow/dags/dag_brewery.py
[2024-10-18T23:36:13.171+0000] {logging_mixin.py:137} INFO - [2024-10-18T23:36:13.171+0000] {dag.py:2690} INFO - Sync 1 DAGs
[2024-10-18T23:36:13.191+0000] {logging_mixin.py:137} INFO - [2024-10-18T23:36:13.191+0000] {dag.py:3437} INFO - Setting next_dagrun for ambev_breweries_pipeline to 2024-10-18T09:00:00+00:00, run_after=2024-10-19T09:00:00+00:00
[2024-10-18T23:36:13.206+0000] {processor.py:175} INFO - Processing /opt/airflow/dags/dag_brewery.py took 0.097 seconds
[2024-10-18T23:36:21.491+0000] {processor.py:153} INFO - Started process (PID=835) to work on /opt/airflow/dags/dag_brewery.py
[2024-10-18T23:36:21.491+0000] {processor.py:743} INFO - Processing file /opt/airflow/dags/dag_brewery.py for tasks to queue
[2024-10-18T23:36:21.492+0000] {logging_mixin.py:137} INFO - [2024-10-18T23:36:21.492+0000] {dagbag.py:538} INFO - Filling up the DagBag from /opt/airflow/dags/dag_brewery.py
[2024-10-18T23:36:21.527+0000] {processor.py:753} INFO - DAG(s) dict_keys(['ambev_breweries_pipeline']) retrieved from /opt/airflow/dags/dag_brewery.py
[2024-10-18T23:36:21.539+0000] {logging_mixin.py:137} INFO - [2024-10-18T23:36:21.538+0000] {dag.py:1318} INFO - Executing dag callback function: <function log_callback_fail at 0x7f41619badc0>
[2024-10-18T23:36:21.545+0000] {logging_mixin.py:137} WARNING - /usr/local/lib/python3.9/site-packages/airflow/utils/sqlalchemy.py:124 DeprecationWarning: The sql_alchemy_conn option in [core] has been moved to the sql_alchemy_conn option in [database] - the old setting has been used, but please update your config.
[2024-10-18T23:36:21.881+0000] {logging_mixin.py:137} INFO - [2024-10-18T23:36:21.881+0000] {dag.py:2690} INFO - Sync 1 DAGs
[2024-10-18T23:36:21.895+0000] {logging_mixin.py:137} INFO - [2024-10-18T23:36:21.895+0000] {dag.py:3437} INFO - Setting next_dagrun for ambev_breweries_pipeline to 2024-10-18T09:00:00+00:00, run_after=2024-10-19T09:00:00+00:00
[2024-10-18T23:36:21.907+0000] {processor.py:175} INFO - Processing /opt/airflow/dags/dag_brewery.py took 0.418 seconds
[2024-10-18T23:36:52.650+0000] {processor.py:153} INFO - Started process (PID=845) to work on /opt/airflow/dags/dag_brewery.py
[2024-10-18T23:36:52.651+0000] {processor.py:743} INFO - Processing file /opt/airflow/dags/dag_brewery.py for tasks to queue
[2024-10-18T23:36:52.652+0000] {logging_mixin.py:137} INFO - [2024-10-18T23:36:52.651+0000] {dagbag.py:538} INFO - Filling up the DagBag from /opt/airflow/dags/dag_brewery.py
[2024-10-18T23:36:52.686+0000] {processor.py:753} INFO - DAG(s) dict_keys(['ambev_breweries_pipeline']) retrieved from /opt/airflow/dags/dag_brewery.py
[2024-10-18T23:36:52.702+0000] {logging_mixin.py:137} INFO - [2024-10-18T23:36:52.702+0000] {dag.py:2690} INFO - Sync 1 DAGs
[2024-10-18T23:36:52.718+0000] {logging_mixin.py:137} INFO - [2024-10-18T23:36:52.718+0000] {dag.py:3437} INFO - Setting next_dagrun for ambev_breweries_pipeline to 2024-10-18T09:00:00+00:00, run_after=2024-10-19T09:00:00+00:00
[2024-10-18T23:36:52.731+0000] {processor.py:175} INFO - Processing /opt/airflow/dags/dag_brewery.py took 0.082 seconds
[2024-10-18T23:37:22.886+0000] {processor.py:153} INFO - Started process (PID=855) to work on /opt/airflow/dags/dag_brewery.py
[2024-10-18T23:37:22.886+0000] {processor.py:743} INFO - Processing file /opt/airflow/dags/dag_brewery.py for tasks to queue
[2024-10-18T23:37:22.887+0000] {logging_mixin.py:137} INFO - [2024-10-18T23:37:22.887+0000] {dagbag.py:538} INFO - Filling up the DagBag from /opt/airflow/dags/dag_brewery.py
[2024-10-18T23:37:22.926+0000] {processor.py:753} INFO - DAG(s) dict_keys(['ambev_breweries_pipeline']) retrieved from /opt/airflow/dags/dag_brewery.py
[2024-10-18T23:37:22.943+0000] {logging_mixin.py:137} INFO - [2024-10-18T23:37:22.942+0000] {dag.py:2690} INFO - Sync 1 DAGs
[2024-10-18T23:37:22.962+0000] {logging_mixin.py:137} INFO - [2024-10-18T23:37:22.961+0000] {dag.py:3437} INFO - Setting next_dagrun for ambev_breweries_pipeline to 2024-10-18T09:00:00+00:00, run_after=2024-10-19T09:00:00+00:00
[2024-10-18T23:37:22.977+0000] {processor.py:175} INFO - Processing /opt/airflow/dags/dag_brewery.py took 0.094 seconds
[2024-10-18T23:37:53.140+0000] {processor.py:153} INFO - Started process (PID=2187) to work on /opt/airflow/dags/dag_brewery.py
[2024-10-18T23:37:53.141+0000] {processor.py:743} INFO - Processing file /opt/airflow/dags/dag_brewery.py for tasks to queue
[2024-10-18T23:37:53.142+0000] {logging_mixin.py:137} INFO - [2024-10-18T23:37:53.141+0000] {dagbag.py:538} INFO - Filling up the DagBag from /opt/airflow/dags/dag_brewery.py
[2024-10-18T23:37:53.176+0000] {processor.py:753} INFO - DAG(s) dict_keys(['ambev_breweries_pipeline']) retrieved from /opt/airflow/dags/dag_brewery.py
[2024-10-18T23:37:53.192+0000] {logging_mixin.py:137} INFO - [2024-10-18T23:37:53.192+0000] {dag.py:2690} INFO - Sync 1 DAGs
[2024-10-18T23:37:53.208+0000] {logging_mixin.py:137} INFO - [2024-10-18T23:37:53.208+0000] {dag.py:3437} INFO - Setting next_dagrun for ambev_breweries_pipeline to 2024-10-18T09:00:00+00:00, run_after=2024-10-19T09:00:00+00:00
[2024-10-18T23:37:53.222+0000] {processor.py:175} INFO - Processing /opt/airflow/dags/dag_brewery.py took 0.083 seconds
[2024-10-18T23:38:23.373+0000] {processor.py:153} INFO - Started process (PID=2525) to work on /opt/airflow/dags/dag_brewery.py
[2024-10-18T23:38:23.373+0000] {processor.py:743} INFO - Processing file /opt/airflow/dags/dag_brewery.py for tasks to queue
[2024-10-18T23:38:23.374+0000] {logging_mixin.py:137} INFO - [2024-10-18T23:38:23.374+0000] {dagbag.py:538} INFO - Filling up the DagBag from /opt/airflow/dags/dag_brewery.py
[2024-10-18T23:38:23.410+0000] {processor.py:753} INFO - DAG(s) dict_keys(['ambev_breweries_pipeline']) retrieved from /opt/airflow/dags/dag_brewery.py
[2024-10-18T23:38:23.427+0000] {logging_mixin.py:137} INFO - [2024-10-18T23:38:23.427+0000] {dag.py:2690} INFO - Sync 1 DAGs
[2024-10-18T23:38:23.445+0000] {logging_mixin.py:137} INFO - [2024-10-18T23:38:23.445+0000] {dag.py:3437} INFO - Setting next_dagrun for ambev_breweries_pipeline to 2024-10-18T09:00:00+00:00, run_after=2024-10-19T09:00:00+00:00
[2024-10-18T23:38:23.459+0000] {processor.py:175} INFO - Processing /opt/airflow/dags/dag_brewery.py took 0.089 seconds
[2024-10-18T23:38:53.613+0000] {processor.py:153} INFO - Started process (PID=3059) to work on /opt/airflow/dags/dag_brewery.py
[2024-10-18T23:38:53.614+0000] {processor.py:743} INFO - Processing file /opt/airflow/dags/dag_brewery.py for tasks to queue
[2024-10-18T23:38:53.615+0000] {logging_mixin.py:137} INFO - [2024-10-18T23:38:53.614+0000] {dagbag.py:538} INFO - Filling up the DagBag from /opt/airflow/dags/dag_brewery.py
[2024-10-18T23:38:53.648+0000] {processor.py:753} INFO - DAG(s) dict_keys(['ambev_breweries_pipeline']) retrieved from /opt/airflow/dags/dag_brewery.py
[2024-10-18T23:38:53.664+0000] {logging_mixin.py:137} INFO - [2024-10-18T23:38:53.664+0000] {dag.py:2690} INFO - Sync 1 DAGs
[2024-10-18T23:38:53.680+0000] {logging_mixin.py:137} INFO - [2024-10-18T23:38:53.680+0000] {dag.py:3437} INFO - Setting next_dagrun for ambev_breweries_pipeline to 2024-10-18T09:00:00+00:00, run_after=2024-10-19T09:00:00+00:00
[2024-10-18T23:38:53.693+0000] {processor.py:175} INFO - Processing /opt/airflow/dags/dag_brewery.py took 0.081 seconds
[2024-10-18T23:39:23.845+0000] {processor.py:153} INFO - Started process (PID=3572) to work on /opt/airflow/dags/dag_brewery.py
[2024-10-18T23:39:23.846+0000] {processor.py:743} INFO - Processing file /opt/airflow/dags/dag_brewery.py for tasks to queue
[2024-10-18T23:39:23.846+0000] {logging_mixin.py:137} INFO - [2024-10-18T23:39:23.846+0000] {dagbag.py:538} INFO - Filling up the DagBag from /opt/airflow/dags/dag_brewery.py
[2024-10-18T23:39:23.882+0000] {processor.py:753} INFO - DAG(s) dict_keys(['ambev_breweries_pipeline']) retrieved from /opt/airflow/dags/dag_brewery.py
[2024-10-18T23:39:23.898+0000] {logging_mixin.py:137} INFO - [2024-10-18T23:39:23.898+0000] {dag.py:2690} INFO - Sync 1 DAGs
[2024-10-18T23:39:23.914+0000] {logging_mixin.py:137} INFO - [2024-10-18T23:39:23.914+0000] {dag.py:3437} INFO - Setting next_dagrun for ambev_breweries_pipeline to 2024-10-18T09:00:00+00:00, run_after=2024-10-19T09:00:00+00:00
[2024-10-18T23:39:23.927+0000] {processor.py:175} INFO - Processing /opt/airflow/dags/dag_brewery.py took 0.084 seconds
[2024-10-18T23:39:54.087+0000] {processor.py:153} INFO - Started process (PID=4449) to work on /opt/airflow/dags/dag_brewery.py
[2024-10-18T23:39:54.088+0000] {processor.py:743} INFO - Processing file /opt/airflow/dags/dag_brewery.py for tasks to queue
[2024-10-18T23:39:54.089+0000] {logging_mixin.py:137} INFO - [2024-10-18T23:39:54.089+0000] {dagbag.py:538} INFO - Filling up the DagBag from /opt/airflow/dags/dag_brewery.py
[2024-10-18T23:39:54.126+0000] {processor.py:753} INFO - DAG(s) dict_keys(['ambev_breweries_pipeline']) retrieved from /opt/airflow/dags/dag_brewery.py
[2024-10-18T23:39:54.142+0000] {logging_mixin.py:137} INFO - [2024-10-18T23:39:54.142+0000] {dag.py:2690} INFO - Sync 1 DAGs
[2024-10-18T23:39:54.159+0000] {logging_mixin.py:137} INFO - [2024-10-18T23:39:54.158+0000] {dag.py:3437} INFO - Setting next_dagrun for ambev_breweries_pipeline to 2024-10-18T09:00:00+00:00, run_after=2024-10-19T09:00:00+00:00
[2024-10-18T23:39:54.171+0000] {processor.py:175} INFO - Processing /opt/airflow/dags/dag_brewery.py took 0.086 seconds
[2024-10-18T23:40:24.346+0000] {processor.py:153} INFO - Started process (PID=5342) to work on /opt/airflow/dags/dag_brewery.py
[2024-10-18T23:40:24.347+0000] {processor.py:743} INFO - Processing file /opt/airflow/dags/dag_brewery.py for tasks to queue
[2024-10-18T23:40:24.348+0000] {logging_mixin.py:137} INFO - [2024-10-18T23:40:24.347+0000] {dagbag.py:538} INFO - Filling up the DagBag from /opt/airflow/dags/dag_brewery.py
[2024-10-18T23:40:24.387+0000] {processor.py:753} INFO - DAG(s) dict_keys(['ambev_breweries_pipeline']) retrieved from /opt/airflow/dags/dag_brewery.py
[2024-10-18T23:40:24.407+0000] {logging_mixin.py:137} INFO - [2024-10-18T23:40:24.407+0000] {dag.py:2690} INFO - Sync 1 DAGs
[2024-10-18T23:40:24.426+0000] {logging_mixin.py:137} INFO - [2024-10-18T23:40:24.426+0000] {dag.py:3437} INFO - Setting next_dagrun for ambev_breweries_pipeline to 2024-10-18T09:00:00+00:00, run_after=2024-10-19T09:00:00+00:00
[2024-10-18T23:40:24.443+0000] {processor.py:175} INFO - Processing /opt/airflow/dags/dag_brewery.py took 0.099 seconds
[2024-10-18T23:40:55.057+0000] {processor.py:153} INFO - Started process (PID=5892) to work on /opt/airflow/dags/dag_brewery.py
[2024-10-18T23:40:55.058+0000] {processor.py:743} INFO - Processing file /opt/airflow/dags/dag_brewery.py for tasks to queue
[2024-10-18T23:40:55.058+0000] {logging_mixin.py:137} INFO - [2024-10-18T23:40:55.058+0000] {dagbag.py:538} INFO - Filling up the DagBag from /opt/airflow/dags/dag_brewery.py
[2024-10-18T23:40:55.093+0000] {processor.py:753} INFO - DAG(s) dict_keys(['ambev_breweries_pipeline']) retrieved from /opt/airflow/dags/dag_brewery.py
[2024-10-18T23:40:55.108+0000] {logging_mixin.py:137} INFO - [2024-10-18T23:40:55.108+0000] {dag.py:2690} INFO - Sync 1 DAGs
[2024-10-18T23:40:55.125+0000] {logging_mixin.py:137} INFO - [2024-10-18T23:40:55.125+0000] {dag.py:3437} INFO - Setting next_dagrun for ambev_breweries_pipeline to 2024-10-18T09:00:00+00:00, run_after=2024-10-19T09:00:00+00:00
[2024-10-18T23:40:55.138+0000] {processor.py:175} INFO - Processing /opt/airflow/dags/dag_brewery.py took 0.083 seconds
[2024-10-18T23:41:25.305+0000] {processor.py:153} INFO - Started process (PID=6391) to work on /opt/airflow/dags/dag_brewery.py
[2024-10-18T23:41:25.306+0000] {processor.py:743} INFO - Processing file /opt/airflow/dags/dag_brewery.py for tasks to queue
[2024-10-18T23:41:25.306+0000] {logging_mixin.py:137} INFO - [2024-10-18T23:41:25.306+0000] {dagbag.py:538} INFO - Filling up the DagBag from /opt/airflow/dags/dag_brewery.py
[2024-10-18T23:41:25.342+0000] {processor.py:753} INFO - DAG(s) dict_keys(['ambev_breweries_pipeline']) retrieved from /opt/airflow/dags/dag_brewery.py
[2024-10-18T23:41:25.357+0000] {logging_mixin.py:137} INFO - [2024-10-18T23:41:25.357+0000] {dag.py:2690} INFO - Sync 1 DAGs
[2024-10-18T23:41:25.374+0000] {logging_mixin.py:137} INFO - [2024-10-18T23:41:25.374+0000] {dag.py:3437} INFO - Setting next_dagrun for ambev_breweries_pipeline to 2024-10-18T09:00:00+00:00, run_after=2024-10-19T09:00:00+00:00
[2024-10-18T23:41:25.387+0000] {processor.py:175} INFO - Processing /opt/airflow/dags/dag_brewery.py took 0.084 seconds
[2024-10-18T23:41:55.562+0000] {processor.py:153} INFO - Started process (PID=6713) to work on /opt/airflow/dags/dag_brewery.py
[2024-10-18T23:41:55.563+0000] {processor.py:743} INFO - Processing file /opt/airflow/dags/dag_brewery.py for tasks to queue
[2024-10-18T23:41:55.563+0000] {logging_mixin.py:137} INFO - [2024-10-18T23:41:55.563+0000] {dagbag.py:538} INFO - Filling up the DagBag from /opt/airflow/dags/dag_brewery.py
[2024-10-18T23:41:55.597+0000] {processor.py:753} INFO - DAG(s) dict_keys(['ambev_breweries_pipeline']) retrieved from /opt/airflow/dags/dag_brewery.py
[2024-10-18T23:41:55.613+0000] {logging_mixin.py:137} INFO - [2024-10-18T23:41:55.613+0000] {dag.py:2690} INFO - Sync 1 DAGs
[2024-10-18T23:41:55.628+0000] {logging_mixin.py:137} INFO - [2024-10-18T23:41:55.628+0000] {dag.py:3437} INFO - Setting next_dagrun for ambev_breweries_pipeline to 2024-10-18T09:00:00+00:00, run_after=2024-10-19T09:00:00+00:00
[2024-10-18T23:41:55.640+0000] {processor.py:175} INFO - Processing /opt/airflow/dags/dag_brewery.py took 0.080 seconds
[2024-10-18T23:42:25.815+0000] {processor.py:153} INFO - Started process (PID=7228) to work on /opt/airflow/dags/dag_brewery.py
[2024-10-18T23:42:25.816+0000] {processor.py:743} INFO - Processing file /opt/airflow/dags/dag_brewery.py for tasks to queue
[2024-10-18T23:42:25.816+0000] {logging_mixin.py:137} INFO - [2024-10-18T23:42:25.816+0000] {dagbag.py:538} INFO - Filling up the DagBag from /opt/airflow/dags/dag_brewery.py
[2024-10-18T23:42:25.860+0000] {processor.py:753} INFO - DAG(s) dict_keys(['ambev_breweries_pipeline']) retrieved from /opt/airflow/dags/dag_brewery.py
[2024-10-18T23:42:25.881+0000] {logging_mixin.py:137} INFO - [2024-10-18T23:42:25.880+0000] {dag.py:2690} INFO - Sync 1 DAGs
[2024-10-18T23:42:25.899+0000] {logging_mixin.py:137} INFO - [2024-10-18T23:42:25.899+0000] {dag.py:3437} INFO - Setting next_dagrun for ambev_breweries_pipeline to 2024-10-18T09:00:00+00:00, run_after=2024-10-19T09:00:00+00:00
[2024-10-18T23:42:25.912+0000] {processor.py:175} INFO - Processing /opt/airflow/dags/dag_brewery.py took 0.099 seconds
[2024-10-18T23:42:56.061+0000] {processor.py:153} INFO - Started process (PID=7575) to work on /opt/airflow/dags/dag_brewery.py
[2024-10-18T23:42:56.062+0000] {processor.py:743} INFO - Processing file /opt/airflow/dags/dag_brewery.py for tasks to queue
[2024-10-18T23:42:56.062+0000] {logging_mixin.py:137} INFO - [2024-10-18T23:42:56.062+0000] {dagbag.py:538} INFO - Filling up the DagBag from /opt/airflow/dags/dag_brewery.py
[2024-10-18T23:42:56.098+0000] {processor.py:753} INFO - DAG(s) dict_keys(['ambev_breweries_pipeline']) retrieved from /opt/airflow/dags/dag_brewery.py
[2024-10-18T23:42:56.113+0000] {logging_mixin.py:137} INFO - [2024-10-18T23:42:56.113+0000] {dag.py:2690} INFO - Sync 1 DAGs
[2024-10-18T23:42:56.130+0000] {logging_mixin.py:137} INFO - [2024-10-18T23:42:56.130+0000] {dag.py:3437} INFO - Setting next_dagrun for ambev_breweries_pipeline to 2024-10-18T09:00:00+00:00, run_after=2024-10-19T09:00:00+00:00
[2024-10-18T23:42:56.142+0000] {processor.py:175} INFO - Processing /opt/airflow/dags/dag_brewery.py took 0.082 seconds
[2024-10-18T23:43:26.306+0000] {processor.py:153} INFO - Started process (PID=7880) to work on /opt/airflow/dags/dag_brewery.py
[2024-10-18T23:43:26.307+0000] {processor.py:743} INFO - Processing file /opt/airflow/dags/dag_brewery.py for tasks to queue
[2024-10-18T23:43:26.307+0000] {logging_mixin.py:137} INFO - [2024-10-18T23:43:26.307+0000] {dagbag.py:538} INFO - Filling up the DagBag from /opt/airflow/dags/dag_brewery.py
[2024-10-18T23:43:26.342+0000] {processor.py:753} INFO - DAG(s) dict_keys(['ambev_breweries_pipeline']) retrieved from /opt/airflow/dags/dag_brewery.py
[2024-10-18T23:43:26.357+0000] {logging_mixin.py:137} INFO - [2024-10-18T23:43:26.357+0000] {dag.py:2690} INFO - Sync 1 DAGs
[2024-10-18T23:43:26.373+0000] {logging_mixin.py:137} INFO - [2024-10-18T23:43:26.373+0000] {dag.py:3437} INFO - Setting next_dagrun for ambev_breweries_pipeline to 2024-10-18T09:00:00+00:00, run_after=2024-10-19T09:00:00+00:00
[2024-10-18T23:43:26.386+0000] {processor.py:175} INFO - Processing /opt/airflow/dags/dag_brewery.py took 0.082 seconds
[2024-10-18T23:43:56.544+0000] {processor.py:153} INFO - Started process (PID=8208) to work on /opt/airflow/dags/dag_brewery.py
[2024-10-18T23:43:56.545+0000] {processor.py:743} INFO - Processing file /opt/airflow/dags/dag_brewery.py for tasks to queue
[2024-10-18T23:43:56.546+0000] {logging_mixin.py:137} INFO - [2024-10-18T23:43:56.545+0000] {dagbag.py:538} INFO - Filling up the DagBag from /opt/airflow/dags/dag_brewery.py
[2024-10-18T23:43:56.581+0000] {processor.py:753} INFO - DAG(s) dict_keys(['ambev_breweries_pipeline']) retrieved from /opt/airflow/dags/dag_brewery.py
[2024-10-18T23:43:56.597+0000] {logging_mixin.py:137} INFO - [2024-10-18T23:43:56.597+0000] {dag.py:2690} INFO - Sync 1 DAGs
[2024-10-18T23:43:56.615+0000] {logging_mixin.py:137} INFO - [2024-10-18T23:43:56.615+0000] {dag.py:3437} INFO - Setting next_dagrun for ambev_breweries_pipeline to 2024-10-18T09:00:00+00:00, run_after=2024-10-19T09:00:00+00:00
[2024-10-18T23:43:56.627+0000] {processor.py:175} INFO - Processing /opt/airflow/dags/dag_brewery.py took 0.085 seconds
[2024-10-18T23:44:26.787+0000] {processor.py:153} INFO - Started process (PID=8522) to work on /opt/airflow/dags/dag_brewery.py
[2024-10-18T23:44:26.788+0000] {processor.py:743} INFO - Processing file /opt/airflow/dags/dag_brewery.py for tasks to queue
[2024-10-18T23:44:26.788+0000] {logging_mixin.py:137} INFO - [2024-10-18T23:44:26.788+0000] {dagbag.py:538} INFO - Filling up the DagBag from /opt/airflow/dags/dag_brewery.py
[2024-10-18T23:44:26.827+0000] {processor.py:753} INFO - DAG(s) dict_keys(['ambev_breweries_pipeline']) retrieved from /opt/airflow/dags/dag_brewery.py
[2024-10-18T23:44:26.847+0000] {logging_mixin.py:137} INFO - [2024-10-18T23:44:26.847+0000] {dag.py:2690} INFO - Sync 1 DAGs
[2024-10-18T23:44:26.869+0000] {logging_mixin.py:137} INFO - [2024-10-18T23:44:26.869+0000] {dag.py:3437} INFO - Setting next_dagrun for ambev_breweries_pipeline to 2024-10-18T09:00:00+00:00, run_after=2024-10-19T09:00:00+00:00
[2024-10-18T23:44:26.883+0000] {processor.py:175} INFO - Processing /opt/airflow/dags/dag_brewery.py took 0.098 seconds
[2024-10-18T23:44:57.032+0000] {processor.py:153} INFO - Started process (PID=8843) to work on /opt/airflow/dags/dag_brewery.py
[2024-10-18T23:44:57.032+0000] {processor.py:743} INFO - Processing file /opt/airflow/dags/dag_brewery.py for tasks to queue
[2024-10-18T23:44:57.033+0000] {logging_mixin.py:137} INFO - [2024-10-18T23:44:57.033+0000] {dagbag.py:538} INFO - Filling up the DagBag from /opt/airflow/dags/dag_brewery.py
[2024-10-18T23:44:57.067+0000] {processor.py:753} INFO - DAG(s) dict_keys(['ambev_breweries_pipeline']) retrieved from /opt/airflow/dags/dag_brewery.py
[2024-10-18T23:44:57.084+0000] {logging_mixin.py:137} INFO - [2024-10-18T23:44:57.084+0000] {dag.py:2690} INFO - Sync 1 DAGs
[2024-10-18T23:44:57.100+0000] {logging_mixin.py:137} INFO - [2024-10-18T23:44:57.100+0000] {dag.py:3437} INFO - Setting next_dagrun for ambev_breweries_pipeline to 2024-10-18T09:00:00+00:00, run_after=2024-10-19T09:00:00+00:00
[2024-10-18T23:44:57.113+0000] {processor.py:175} INFO - Processing /opt/airflow/dags/dag_brewery.py took 0.083 seconds
[2024-10-18T23:45:27.286+0000] {processor.py:153} INFO - Started process (PID=9395) to work on /opt/airflow/dags/dag_brewery.py
[2024-10-18T23:45:27.287+0000] {processor.py:743} INFO - Processing file /opt/airflow/dags/dag_brewery.py for tasks to queue
[2024-10-18T23:45:27.288+0000] {logging_mixin.py:137} INFO - [2024-10-18T23:45:27.287+0000] {dagbag.py:538} INFO - Filling up the DagBag from /opt/airflow/dags/dag_brewery.py
[2024-10-18T23:45:27.329+0000] {processor.py:753} INFO - DAG(s) dict_keys(['ambev_breweries_pipeline']) retrieved from /opt/airflow/dags/dag_brewery.py
[2024-10-18T23:45:27.348+0000] {logging_mixin.py:137} INFO - [2024-10-18T23:45:27.348+0000] {dag.py:2690} INFO - Sync 1 DAGs
[2024-10-18T23:45:27.367+0000] {logging_mixin.py:137} INFO - [2024-10-18T23:45:27.367+0000] {dag.py:3437} INFO - Setting next_dagrun for ambev_breweries_pipeline to 2024-10-18T09:00:00+00:00, run_after=2024-10-19T09:00:00+00:00
[2024-10-18T23:45:27.382+0000] {processor.py:175} INFO - Processing /opt/airflow/dags/dag_brewery.py took 0.103 seconds
[2024-10-18T23:45:57.957+0000] {processor.py:153} INFO - Started process (PID=9918) to work on /opt/airflow/dags/dag_brewery.py
[2024-10-18T23:45:57.958+0000] {processor.py:743} INFO - Processing file /opt/airflow/dags/dag_brewery.py for tasks to queue
[2024-10-18T23:45:57.959+0000] {logging_mixin.py:137} INFO - [2024-10-18T23:45:57.958+0000] {dagbag.py:538} INFO - Filling up the DagBag from /opt/airflow/dags/dag_brewery.py
[2024-10-18T23:45:57.998+0000] {processor.py:753} INFO - DAG(s) dict_keys(['ambev_breweries_pipeline']) retrieved from /opt/airflow/dags/dag_brewery.py
[2024-10-18T23:45:58.018+0000] {logging_mixin.py:137} INFO - [2024-10-18T23:45:58.018+0000] {dag.py:2690} INFO - Sync 1 DAGs
[2024-10-18T23:45:58.037+0000] {logging_mixin.py:137} INFO - [2024-10-18T23:45:58.037+0000] {dag.py:3437} INFO - Setting next_dagrun for ambev_breweries_pipeline to 2024-10-18T09:00:00+00:00, run_after=2024-10-19T09:00:00+00:00
[2024-10-18T23:45:58.051+0000] {processor.py:175} INFO - Processing /opt/airflow/dags/dag_brewery.py took 0.096 seconds
[2024-10-18T23:46:28.205+0000] {processor.py:153} INFO - Started process (PID=10255) to work on /opt/airflow/dags/dag_brewery.py
[2024-10-18T23:46:28.206+0000] {processor.py:743} INFO - Processing file /opt/airflow/dags/dag_brewery.py for tasks to queue
[2024-10-18T23:46:28.207+0000] {logging_mixin.py:137} INFO - [2024-10-18T23:46:28.206+0000] {dagbag.py:538} INFO - Filling up the DagBag from /opt/airflow/dags/dag_brewery.py
[2024-10-18T23:46:28.241+0000] {processor.py:753} INFO - DAG(s) dict_keys(['ambev_breweries_pipeline']) retrieved from /opt/airflow/dags/dag_brewery.py
[2024-10-18T23:46:28.257+0000] {logging_mixin.py:137} INFO - [2024-10-18T23:46:28.256+0000] {dag.py:2690} INFO - Sync 1 DAGs
[2024-10-18T23:46:28.272+0000] {logging_mixin.py:137} INFO - [2024-10-18T23:46:28.272+0000] {dag.py:3437} INFO - Setting next_dagrun for ambev_breweries_pipeline to 2024-10-18T09:00:00+00:00, run_after=2024-10-19T09:00:00+00:00
[2024-10-18T23:46:28.285+0000] {processor.py:175} INFO - Processing /opt/airflow/dags/dag_brewery.py took 0.082 seconds
[2024-10-18T23:46:58.454+0000] {processor.py:153} INFO - Started process (PID=11398) to work on /opt/airflow/dags/dag_brewery.py
[2024-10-18T23:46:58.455+0000] {processor.py:743} INFO - Processing file /opt/airflow/dags/dag_brewery.py for tasks to queue
[2024-10-18T23:46:58.456+0000] {logging_mixin.py:137} INFO - [2024-10-18T23:46:58.456+0000] {dagbag.py:538} INFO - Filling up the DagBag from /opt/airflow/dags/dag_brewery.py
[2024-10-18T23:46:58.491+0000] {processor.py:753} INFO - DAG(s) dict_keys(['ambev_breweries_pipeline']) retrieved from /opt/airflow/dags/dag_brewery.py
[2024-10-18T23:46:58.508+0000] {logging_mixin.py:137} INFO - [2024-10-18T23:46:58.508+0000] {dag.py:2690} INFO - Sync 1 DAGs
[2024-10-18T23:46:58.526+0000] {logging_mixin.py:137} INFO - [2024-10-18T23:46:58.526+0000] {dag.py:3437} INFO - Setting next_dagrun for ambev_breweries_pipeline to 2024-10-18T09:00:00+00:00, run_after=2024-10-19T09:00:00+00:00
[2024-10-18T23:46:58.539+0000] {processor.py:175} INFO - Processing /opt/airflow/dags/dag_brewery.py took 0.088 seconds
[2024-10-18T23:47:28.701+0000] {processor.py:153} INFO - Started process (PID=11987) to work on /opt/airflow/dags/dag_brewery.py
[2024-10-18T23:47:28.702+0000] {processor.py:743} INFO - Processing file /opt/airflow/dags/dag_brewery.py for tasks to queue
[2024-10-18T23:47:28.703+0000] {logging_mixin.py:137} INFO - [2024-10-18T23:47:28.702+0000] {dagbag.py:538} INFO - Filling up the DagBag from /opt/airflow/dags/dag_brewery.py
[2024-10-18T23:47:28.744+0000] {processor.py:753} INFO - DAG(s) dict_keys(['ambev_breweries_pipeline']) retrieved from /opt/airflow/dags/dag_brewery.py
[2024-10-18T23:47:28.766+0000] {logging_mixin.py:137} INFO - [2024-10-18T23:47:28.766+0000] {dag.py:2690} INFO - Sync 1 DAGs
[2024-10-18T23:47:28.790+0000] {logging_mixin.py:137} INFO - [2024-10-18T23:47:28.790+0000] {dag.py:3437} INFO - Setting next_dagrun for ambev_breweries_pipeline to 2024-10-18T09:00:00+00:00, run_after=2024-10-19T09:00:00+00:00
[2024-10-18T23:47:28.810+0000] {processor.py:175} INFO - Processing /opt/airflow/dags/dag_brewery.py took 0.112 seconds
[2024-10-18T23:47:58.962+0000] {processor.py:153} INFO - Started process (PID=12347) to work on /opt/airflow/dags/dag_brewery.py
[2024-10-18T23:47:58.963+0000] {processor.py:743} INFO - Processing file /opt/airflow/dags/dag_brewery.py for tasks to queue
[2024-10-18T23:47:58.963+0000] {logging_mixin.py:137} INFO - [2024-10-18T23:47:58.963+0000] {dagbag.py:538} INFO - Filling up the DagBag from /opt/airflow/dags/dag_brewery.py
[2024-10-18T23:47:59.001+0000] {processor.py:753} INFO - DAG(s) dict_keys(['ambev_breweries_pipeline']) retrieved from /opt/airflow/dags/dag_brewery.py
[2024-10-18T23:47:59.023+0000] {logging_mixin.py:137} INFO - [2024-10-18T23:47:59.023+0000] {dag.py:2690} INFO - Sync 1 DAGs
[2024-10-18T23:47:59.046+0000] {logging_mixin.py:137} INFO - [2024-10-18T23:47:59.045+0000] {dag.py:3437} INFO - Setting next_dagrun for ambev_breweries_pipeline to 2024-10-18T09:00:00+00:00, run_after=2024-10-19T09:00:00+00:00
[2024-10-18T23:47:59.061+0000] {processor.py:175} INFO - Processing /opt/airflow/dags/dag_brewery.py took 0.102 seconds
[2024-10-18T23:48:29.231+0000] {processor.py:153} INFO - Started process (PID=12977) to work on /opt/airflow/dags/dag_brewery.py
[2024-10-18T23:48:29.232+0000] {processor.py:743} INFO - Processing file /opt/airflow/dags/dag_brewery.py for tasks to queue
[2024-10-18T23:48:29.233+0000] {logging_mixin.py:137} INFO - [2024-10-18T23:48:29.233+0000] {dagbag.py:538} INFO - Filling up the DagBag from /opt/airflow/dags/dag_brewery.py
[2024-10-18T23:48:29.266+0000] {processor.py:753} INFO - DAG(s) dict_keys(['ambev_breweries_pipeline']) retrieved from /opt/airflow/dags/dag_brewery.py
[2024-10-18T23:48:29.281+0000] {logging_mixin.py:137} INFO - [2024-10-18T23:48:29.281+0000] {dag.py:2690} INFO - Sync 1 DAGs
[2024-10-18T23:48:29.298+0000] {logging_mixin.py:137} INFO - [2024-10-18T23:48:29.298+0000] {dag.py:3437} INFO - Setting next_dagrun for ambev_breweries_pipeline to 2024-10-18T09:00:00+00:00, run_after=2024-10-19T09:00:00+00:00
[2024-10-18T23:48:29.310+0000] {processor.py:175} INFO - Processing /opt/airflow/dags/dag_brewery.py took 0.081 seconds
[2024-10-18T23:48:59.463+0000] {processor.py:153} INFO - Started process (PID=13301) to work on /opt/airflow/dags/dag_brewery.py
[2024-10-18T23:48:59.464+0000] {processor.py:743} INFO - Processing file /opt/airflow/dags/dag_brewery.py for tasks to queue
[2024-10-18T23:48:59.465+0000] {logging_mixin.py:137} INFO - [2024-10-18T23:48:59.465+0000] {dagbag.py:538} INFO - Filling up the DagBag from /opt/airflow/dags/dag_brewery.py
[2024-10-18T23:48:59.500+0000] {processor.py:753} INFO - DAG(s) dict_keys(['ambev_breweries_pipeline']) retrieved from /opt/airflow/dags/dag_brewery.py
[2024-10-18T23:48:59.519+0000] {logging_mixin.py:137} INFO - [2024-10-18T23:48:59.519+0000] {dag.py:2690} INFO - Sync 1 DAGs
[2024-10-18T23:48:59.541+0000] {logging_mixin.py:137} INFO - [2024-10-18T23:48:59.541+0000] {dag.py:3437} INFO - Setting next_dagrun for ambev_breweries_pipeline to 2024-10-18T09:00:00+00:00, run_after=2024-10-19T09:00:00+00:00
[2024-10-18T23:48:59.558+0000] {processor.py:175} INFO - Processing /opt/airflow/dags/dag_brewery.py took 0.097 seconds
[2024-10-18T23:49:29.726+0000] {processor.py:153} INFO - Started process (PID=13701) to work on /opt/airflow/dags/dag_brewery.py
[2024-10-18T23:49:29.727+0000] {processor.py:743} INFO - Processing file /opt/airflow/dags/dag_brewery.py for tasks to queue
[2024-10-18T23:49:29.727+0000] {logging_mixin.py:137} INFO - [2024-10-18T23:49:29.727+0000] {dagbag.py:538} INFO - Filling up the DagBag from /opt/airflow/dags/dag_brewery.py
[2024-10-18T23:49:29.766+0000] {processor.py:753} INFO - DAG(s) dict_keys(['ambev_breweries_pipeline']) retrieved from /opt/airflow/dags/dag_brewery.py
[2024-10-18T23:49:29.782+0000] {logging_mixin.py:137} INFO - [2024-10-18T23:49:29.782+0000] {dag.py:2690} INFO - Sync 1 DAGs
[2024-10-18T23:49:29.800+0000] {logging_mixin.py:137} INFO - [2024-10-18T23:49:29.800+0000] {dag.py:3437} INFO - Setting next_dagrun for ambev_breweries_pipeline to 2024-10-18T09:00:00+00:00, run_after=2024-10-19T09:00:00+00:00
[2024-10-18T23:49:29.815+0000] {processor.py:175} INFO - Processing /opt/airflow/dags/dag_brewery.py took 0.091 seconds
[2024-10-18T23:49:59.971+0000] {processor.py:153} INFO - Started process (PID=14134) to work on /opt/airflow/dags/dag_brewery.py
[2024-10-18T23:49:59.972+0000] {processor.py:743} INFO - Processing file /opt/airflow/dags/dag_brewery.py for tasks to queue
[2024-10-18T23:49:59.972+0000] {logging_mixin.py:137} INFO - [2024-10-18T23:49:59.972+0000] {dagbag.py:538} INFO - Filling up the DagBag from /opt/airflow/dags/dag_brewery.py
[2024-10-18T23:50:00.011+0000] {processor.py:753} INFO - DAG(s) dict_keys(['ambev_breweries_pipeline']) retrieved from /opt/airflow/dags/dag_brewery.py
[2024-10-18T23:50:00.044+0000] {logging_mixin.py:137} INFO - [2024-10-18T23:50:00.044+0000] {dag.py:2690} INFO - Sync 1 DAGs
[2024-10-18T23:50:00.069+0000] {logging_mixin.py:137} INFO - [2024-10-18T23:50:00.069+0000] {dag.py:3437} INFO - Setting next_dagrun for ambev_breweries_pipeline to 2024-10-18T09:00:00+00:00, run_after=2024-10-19T09:00:00+00:00
[2024-10-18T23:50:00.087+0000] {processor.py:175} INFO - Processing /opt/airflow/dags/dag_brewery.py took 0.117 seconds
[2024-10-18T23:50:30.242+0000] {processor.py:153} INFO - Started process (PID=14511) to work on /opt/airflow/dags/dag_brewery.py
[2024-10-18T23:50:30.242+0000] {processor.py:743} INFO - Processing file /opt/airflow/dags/dag_brewery.py for tasks to queue
[2024-10-18T23:50:30.243+0000] {logging_mixin.py:137} INFO - [2024-10-18T23:50:30.243+0000] {dagbag.py:538} INFO - Filling up the DagBag from /opt/airflow/dags/dag_brewery.py
[2024-10-18T23:50:30.278+0000] {processor.py:753} INFO - DAG(s) dict_keys(['ambev_breweries_pipeline']) retrieved from /opt/airflow/dags/dag_brewery.py
[2024-10-18T23:50:30.293+0000] {logging_mixin.py:137} INFO - [2024-10-18T23:50:30.293+0000] {dag.py:2690} INFO - Sync 1 DAGs
[2024-10-18T23:50:30.310+0000] {logging_mixin.py:137} INFO - [2024-10-18T23:50:30.310+0000] {dag.py:3437} INFO - Setting next_dagrun for ambev_breweries_pipeline to 2024-10-18T09:00:00+00:00, run_after=2024-10-19T09:00:00+00:00
[2024-10-18T23:50:30.323+0000] {processor.py:175} INFO - Processing /opt/airflow/dags/dag_brewery.py took 0.083 seconds
[2024-10-18T23:51:00.841+0000] {processor.py:153} INFO - Started process (PID=14867) to work on /opt/airflow/dags/dag_brewery.py
[2024-10-18T23:51:00.842+0000] {processor.py:743} INFO - Processing file /opt/airflow/dags/dag_brewery.py for tasks to queue
[2024-10-18T23:51:00.842+0000] {logging_mixin.py:137} INFO - [2024-10-18T23:51:00.842+0000] {dagbag.py:538} INFO - Filling up the DagBag from /opt/airflow/dags/dag_brewery.py
[2024-10-18T23:51:00.877+0000] {processor.py:753} INFO - DAG(s) dict_keys(['ambev_breweries_pipeline']) retrieved from /opt/airflow/dags/dag_brewery.py
[2024-10-18T23:51:00.892+0000] {logging_mixin.py:137} INFO - [2024-10-18T23:51:00.892+0000] {dag.py:2690} INFO - Sync 1 DAGs
[2024-10-18T23:51:00.908+0000] {logging_mixin.py:137} INFO - [2024-10-18T23:51:00.908+0000] {dag.py:3437} INFO - Setting next_dagrun for ambev_breweries_pipeline to 2024-10-18T09:00:00+00:00, run_after=2024-10-19T09:00:00+00:00
[2024-10-18T23:51:00.921+0000] {processor.py:175} INFO - Processing /opt/airflow/dags/dag_brewery.py took 0.082 seconds
[2024-10-18T23:51:31.079+0000] {processor.py:153} INFO - Started process (PID=15229) to work on /opt/airflow/dags/dag_brewery.py
[2024-10-18T23:51:31.080+0000] {processor.py:743} INFO - Processing file /opt/airflow/dags/dag_brewery.py for tasks to queue
[2024-10-18T23:51:31.081+0000] {logging_mixin.py:137} INFO - [2024-10-18T23:51:31.081+0000] {dagbag.py:538} INFO - Filling up the DagBag from /opt/airflow/dags/dag_brewery.py
[2024-10-18T23:51:31.118+0000] {processor.py:753} INFO - DAG(s) dict_keys(['ambev_breweries_pipeline']) retrieved from /opt/airflow/dags/dag_brewery.py
[2024-10-18T23:51:31.133+0000] {logging_mixin.py:137} INFO - [2024-10-18T23:51:31.133+0000] {dag.py:2690} INFO - Sync 1 DAGs
[2024-10-18T23:51:31.150+0000] {logging_mixin.py:137} INFO - [2024-10-18T23:51:31.150+0000] {dag.py:3437} INFO - Setting next_dagrun for ambev_breweries_pipeline to 2024-10-18T09:00:00+00:00, run_after=2024-10-19T09:00:00+00:00
[2024-10-18T23:51:31.162+0000] {processor.py:175} INFO - Processing /opt/airflow/dags/dag_brewery.py took 0.085 seconds
[2024-10-18T23:52:01.341+0000] {processor.py:153} INFO - Started process (PID=15542) to work on /opt/airflow/dags/dag_brewery.py
[2024-10-18T23:52:01.342+0000] {processor.py:743} INFO - Processing file /opt/airflow/dags/dag_brewery.py for tasks to queue
[2024-10-18T23:52:01.342+0000] {logging_mixin.py:137} INFO - [2024-10-18T23:52:01.342+0000] {dagbag.py:538} INFO - Filling up the DagBag from /opt/airflow/dags/dag_brewery.py
[2024-10-18T23:52:01.379+0000] {processor.py:753} INFO - DAG(s) dict_keys(['ambev_breweries_pipeline']) retrieved from /opt/airflow/dags/dag_brewery.py
[2024-10-18T23:52:01.395+0000] {logging_mixin.py:137} INFO - [2024-10-18T23:52:01.395+0000] {dag.py:2690} INFO - Sync 1 DAGs
[2024-10-18T23:52:01.412+0000] {logging_mixin.py:137} INFO - [2024-10-18T23:52:01.411+0000] {dag.py:3437} INFO - Setting next_dagrun for ambev_breweries_pipeline to 2024-10-18T09:00:00+00:00, run_after=2024-10-19T09:00:00+00:00
[2024-10-18T23:52:01.425+0000] {processor.py:175} INFO - Processing /opt/airflow/dags/dag_brewery.py took 0.086 seconds
[2024-10-18T23:52:31.590+0000] {processor.py:153} INFO - Started process (PID=15860) to work on /opt/airflow/dags/dag_brewery.py
[2024-10-18T23:52:31.590+0000] {processor.py:743} INFO - Processing file /opt/airflow/dags/dag_brewery.py for tasks to queue
[2024-10-18T23:52:31.591+0000] {logging_mixin.py:137} INFO - [2024-10-18T23:52:31.591+0000] {dagbag.py:538} INFO - Filling up the DagBag from /opt/airflow/dags/dag_brewery.py
[2024-10-18T23:52:31.625+0000] {processor.py:753} INFO - DAG(s) dict_keys(['ambev_breweries_pipeline']) retrieved from /opt/airflow/dags/dag_brewery.py
[2024-10-18T23:52:31.641+0000] {logging_mixin.py:137} INFO - [2024-10-18T23:52:31.640+0000] {dag.py:2690} INFO - Sync 1 DAGs
[2024-10-18T23:52:31.657+0000] {logging_mixin.py:137} INFO - [2024-10-18T23:52:31.657+0000] {dag.py:3437} INFO - Setting next_dagrun for ambev_breweries_pipeline to 2024-10-18T09:00:00+00:00, run_after=2024-10-19T09:00:00+00:00
[2024-10-18T23:52:31.670+0000] {processor.py:175} INFO - Processing /opt/airflow/dags/dag_brewery.py took 0.082 seconds
[2024-10-18T23:53:01.857+0000] {processor.py:153} INFO - Started process (PID=16196) to work on /opt/airflow/dags/dag_brewery.py
[2024-10-18T23:53:01.858+0000] {processor.py:743} INFO - Processing file /opt/airflow/dags/dag_brewery.py for tasks to queue
[2024-10-18T23:53:01.859+0000] {logging_mixin.py:137} INFO - [2024-10-18T23:53:01.859+0000] {dagbag.py:538} INFO - Filling up the DagBag from /opt/airflow/dags/dag_brewery.py
[2024-10-18T23:53:01.906+0000] {processor.py:753} INFO - DAG(s) dict_keys(['ambev_breweries_pipeline']) retrieved from /opt/airflow/dags/dag_brewery.py
[2024-10-18T23:53:01.926+0000] {logging_mixin.py:137} INFO - [2024-10-18T23:53:01.926+0000] {dag.py:2690} INFO - Sync 1 DAGs
[2024-10-18T23:53:01.948+0000] {logging_mixin.py:137} INFO - [2024-10-18T23:53:01.947+0000] {dag.py:3437} INFO - Setting next_dagrun for ambev_breweries_pipeline to 2024-10-18T09:00:00+00:00, run_after=2024-10-19T09:00:00+00:00
[2024-10-18T23:53:01.965+0000] {processor.py:175} INFO - Processing /opt/airflow/dags/dag_brewery.py took 0.112 seconds
[2024-10-18T23:53:32.113+0000] {processor.py:153} INFO - Started process (PID=16510) to work on /opt/airflow/dags/dag_brewery.py
[2024-10-18T23:53:32.113+0000] {processor.py:743} INFO - Processing file /opt/airflow/dags/dag_brewery.py for tasks to queue
[2024-10-18T23:53:32.114+0000] {logging_mixin.py:137} INFO - [2024-10-18T23:53:32.114+0000] {dagbag.py:538} INFO - Filling up the DagBag from /opt/airflow/dags/dag_brewery.py
[2024-10-18T23:53:32.148+0000] {processor.py:753} INFO - DAG(s) dict_keys(['ambev_breweries_pipeline']) retrieved from /opt/airflow/dags/dag_brewery.py
[2024-10-18T23:53:32.164+0000] {logging_mixin.py:137} INFO - [2024-10-18T23:53:32.164+0000] {dag.py:2690} INFO - Sync 1 DAGs
[2024-10-18T23:53:32.181+0000] {logging_mixin.py:137} INFO - [2024-10-18T23:53:32.181+0000] {dag.py:3437} INFO - Setting next_dagrun for ambev_breweries_pipeline to 2024-10-18T09:00:00+00:00, run_after=2024-10-19T09:00:00+00:00
[2024-10-18T23:53:32.193+0000] {processor.py:175} INFO - Processing /opt/airflow/dags/dag_brewery.py took 0.082 seconds
[2024-10-18T23:54:02.336+0000] {processor.py:153} INFO - Started process (PID=16836) to work on /opt/airflow/dags/dag_brewery.py
[2024-10-18T23:54:02.337+0000] {processor.py:743} INFO - Processing file /opt/airflow/dags/dag_brewery.py for tasks to queue
[2024-10-18T23:54:02.337+0000] {logging_mixin.py:137} INFO - [2024-10-18T23:54:02.337+0000] {dagbag.py:538} INFO - Filling up the DagBag from /opt/airflow/dags/dag_brewery.py
[2024-10-18T23:54:02.373+0000] {processor.py:753} INFO - DAG(s) dict_keys(['ambev_breweries_pipeline']) retrieved from /opt/airflow/dags/dag_brewery.py
[2024-10-18T23:54:02.390+0000] {logging_mixin.py:137} INFO - [2024-10-18T23:54:02.390+0000] {dag.py:2690} INFO - Sync 1 DAGs
[2024-10-18T23:54:02.407+0000] {logging_mixin.py:137} INFO - [2024-10-18T23:54:02.407+0000] {dag.py:3437} INFO - Setting next_dagrun for ambev_breweries_pipeline to 2024-10-18T09:00:00+00:00, run_after=2024-10-19T09:00:00+00:00
[2024-10-18T23:54:02.421+0000] {processor.py:175} INFO - Processing /opt/airflow/dags/dag_brewery.py took 0.087 seconds
[2024-10-18T23:54:32.578+0000] {processor.py:153} INFO - Started process (PID=17160) to work on /opt/airflow/dags/dag_brewery.py
[2024-10-18T23:54:32.579+0000] {processor.py:743} INFO - Processing file /opt/airflow/dags/dag_brewery.py for tasks to queue
[2024-10-18T23:54:32.579+0000] {logging_mixin.py:137} INFO - [2024-10-18T23:54:32.579+0000] {dagbag.py:538} INFO - Filling up the DagBag from /opt/airflow/dags/dag_brewery.py
[2024-10-18T23:54:32.613+0000] {processor.py:753} INFO - DAG(s) dict_keys(['ambev_breweries_pipeline']) retrieved from /opt/airflow/dags/dag_brewery.py
[2024-10-18T23:54:32.629+0000] {logging_mixin.py:137} INFO - [2024-10-18T23:54:32.629+0000] {dag.py:2690} INFO - Sync 1 DAGs
[2024-10-18T23:54:32.645+0000] {logging_mixin.py:137} INFO - [2024-10-18T23:54:32.645+0000] {dag.py:3437} INFO - Setting next_dagrun for ambev_breweries_pipeline to 2024-10-18T09:00:00+00:00, run_after=2024-10-19T09:00:00+00:00
[2024-10-18T23:54:32.658+0000] {processor.py:175} INFO - Processing /opt/airflow/dags/dag_brewery.py took 0.082 seconds
[2024-10-18T23:55:02.835+0000] {processor.py:153} INFO - Started process (PID=17511) to work on /opt/airflow/dags/dag_brewery.py
[2024-10-18T23:55:02.836+0000] {processor.py:743} INFO - Processing file /opt/airflow/dags/dag_brewery.py for tasks to queue
[2024-10-18T23:55:02.837+0000] {logging_mixin.py:137} INFO - [2024-10-18T23:55:02.836+0000] {dagbag.py:538} INFO - Filling up the DagBag from /opt/airflow/dags/dag_brewery.py
[2024-10-18T23:55:02.872+0000] {processor.py:753} INFO - DAG(s) dict_keys(['ambev_breweries_pipeline']) retrieved from /opt/airflow/dags/dag_brewery.py
[2024-10-18T23:55:02.887+0000] {logging_mixin.py:137} INFO - [2024-10-18T23:55:02.887+0000] {dag.py:2690} INFO - Sync 1 DAGs
[2024-10-18T23:55:02.904+0000] {logging_mixin.py:137} INFO - [2024-10-18T23:55:02.904+0000] {dag.py:3437} INFO - Setting next_dagrun for ambev_breweries_pipeline to 2024-10-18T09:00:00+00:00, run_after=2024-10-19T09:00:00+00:00
[2024-10-18T23:55:02.916+0000] {processor.py:175} INFO - Processing /opt/airflow/dags/dag_brewery.py took 0.083 seconds
[2024-10-18T23:55:33.079+0000] {processor.py:153} INFO - Started process (PID=17848) to work on /opt/airflow/dags/dag_brewery.py
[2024-10-18T23:55:33.080+0000] {processor.py:743} INFO - Processing file /opt/airflow/dags/dag_brewery.py for tasks to queue
[2024-10-18T23:55:33.081+0000] {logging_mixin.py:137} INFO - [2024-10-18T23:55:33.080+0000] {dagbag.py:538} INFO - Filling up the DagBag from /opt/airflow/dags/dag_brewery.py
[2024-10-18T23:55:33.115+0000] {processor.py:753} INFO - DAG(s) dict_keys(['ambev_breweries_pipeline']) retrieved from /opt/airflow/dags/dag_brewery.py
[2024-10-18T23:55:33.130+0000] {logging_mixin.py:137} INFO - [2024-10-18T23:55:33.130+0000] {dag.py:2690} INFO - Sync 1 DAGs
[2024-10-18T23:55:33.146+0000] {logging_mixin.py:137} INFO - [2024-10-18T23:55:33.146+0000] {dag.py:3437} INFO - Setting next_dagrun for ambev_breweries_pipeline to 2024-10-18T09:00:00+00:00, run_after=2024-10-19T09:00:00+00:00
[2024-10-18T23:55:33.159+0000] {processor.py:175} INFO - Processing /opt/airflow/dags/dag_brewery.py took 0.081 seconds
[2024-10-18T23:56:03.783+0000] {processor.py:153} INFO - Started process (PID=18175) to work on /opt/airflow/dags/dag_brewery.py
[2024-10-18T23:56:03.783+0000] {processor.py:743} INFO - Processing file /opt/airflow/dags/dag_brewery.py for tasks to queue
[2024-10-18T23:56:03.784+0000] {logging_mixin.py:137} INFO - [2024-10-18T23:56:03.784+0000] {dagbag.py:538} INFO - Filling up the DagBag from /opt/airflow/dags/dag_brewery.py
[2024-10-18T23:56:03.820+0000] {processor.py:753} INFO - DAG(s) dict_keys(['ambev_breweries_pipeline']) retrieved from /opt/airflow/dags/dag_brewery.py
[2024-10-18T23:56:03.836+0000] {logging_mixin.py:137} INFO - [2024-10-18T23:56:03.836+0000] {dag.py:2690} INFO - Sync 1 DAGs
[2024-10-18T23:56:03.853+0000] {logging_mixin.py:137} INFO - [2024-10-18T23:56:03.853+0000] {dag.py:3437} INFO - Setting next_dagrun for ambev_breweries_pipeline to 2024-10-18T09:00:00+00:00, run_after=2024-10-19T09:00:00+00:00
[2024-10-18T23:56:03.866+0000] {processor.py:175} INFO - Processing /opt/airflow/dags/dag_brewery.py took 0.085 seconds
[2024-10-18T23:56:34.039+0000] {processor.py:153} INFO - Started process (PID=18496) to work on /opt/airflow/dags/dag_brewery.py
[2024-10-18T23:56:34.040+0000] {processor.py:743} INFO - Processing file /opt/airflow/dags/dag_brewery.py for tasks to queue
[2024-10-18T23:56:34.040+0000] {logging_mixin.py:137} INFO - [2024-10-18T23:56:34.040+0000] {dagbag.py:538} INFO - Filling up the DagBag from /opt/airflow/dags/dag_brewery.py
[2024-10-18T23:56:34.077+0000] {processor.py:753} INFO - DAG(s) dict_keys(['ambev_breweries_pipeline']) retrieved from /opt/airflow/dags/dag_brewery.py
[2024-10-18T23:56:34.092+0000] {logging_mixin.py:137} INFO - [2024-10-18T23:56:34.092+0000] {dag.py:2690} INFO - Sync 1 DAGs
[2024-10-18T23:56:34.109+0000] {logging_mixin.py:137} INFO - [2024-10-18T23:56:34.109+0000] {dag.py:3437} INFO - Setting next_dagrun for ambev_breweries_pipeline to 2024-10-18T09:00:00+00:00, run_after=2024-10-19T09:00:00+00:00
[2024-10-18T23:56:34.121+0000] {processor.py:175} INFO - Processing /opt/airflow/dags/dag_brewery.py took 0.084 seconds
[2024-10-18T23:57:04.308+0000] {processor.py:153} INFO - Started process (PID=19379) to work on /opt/airflow/dags/dag_brewery.py
[2024-10-18T23:57:04.308+0000] {processor.py:743} INFO - Processing file /opt/airflow/dags/dag_brewery.py for tasks to queue
[2024-10-18T23:57:04.309+0000] {logging_mixin.py:137} INFO - [2024-10-18T23:57:04.309+0000] {dagbag.py:538} INFO - Filling up the DagBag from /opt/airflow/dags/dag_brewery.py
[2024-10-18T23:57:04.344+0000] {processor.py:753} INFO - DAG(s) dict_keys(['ambev_breweries_pipeline']) retrieved from /opt/airflow/dags/dag_brewery.py
[2024-10-18T23:57:04.361+0000] {logging_mixin.py:137} INFO - [2024-10-18T23:57:04.361+0000] {dag.py:2690} INFO - Sync 1 DAGs
[2024-10-18T23:57:04.378+0000] {logging_mixin.py:137} INFO - [2024-10-18T23:57:04.378+0000] {dag.py:3437} INFO - Setting next_dagrun for ambev_breweries_pipeline to 2024-10-18T09:00:00+00:00, run_after=2024-10-19T09:00:00+00:00
[2024-10-18T23:57:04.393+0000] {processor.py:175} INFO - Processing /opt/airflow/dags/dag_brewery.py took 0.087 seconds
[2024-10-18T23:57:05.642+0000] {processor.py:153} INFO - Started process (PID=19397) to work on /opt/airflow/dags/dag_brewery.py
[2024-10-18T23:57:05.642+0000] {processor.py:743} INFO - Processing file /opt/airflow/dags/dag_brewery.py for tasks to queue
[2024-10-18T23:57:05.643+0000] {logging_mixin.py:137} INFO - [2024-10-18T23:57:05.643+0000] {dagbag.py:538} INFO - Filling up the DagBag from /opt/airflow/dags/dag_brewery.py
[2024-10-18T23:57:05.678+0000] {processor.py:753} INFO - DAG(s) dict_keys(['ambev_breweries_pipeline']) retrieved from /opt/airflow/dags/dag_brewery.py
[2024-10-18T23:57:05.692+0000] {logging_mixin.py:137} INFO - [2024-10-18T23:57:05.691+0000] {dag.py:1318} INFO - Executing dag callback function: <function log_callback_fail at 0x7f41619db700>
[2024-10-18T23:57:05.700+0000] {logging_mixin.py:137} WARNING - /usr/local/lib/python3.9/site-packages/airflow/utils/sqlalchemy.py:124 DeprecationWarning: The sql_alchemy_conn option in [core] has been moved to the sql_alchemy_conn option in [database] - the old setting has been used, but please update your config.
[2024-10-18T23:57:06.090+0000] {logging_mixin.py:137} INFO - [2024-10-18T23:57:06.090+0000] {dag.py:2690} INFO - Sync 1 DAGs
[2024-10-18T23:57:06.103+0000] {logging_mixin.py:137} INFO - [2024-10-18T23:57:06.103+0000] {dag.py:3437} INFO - Setting next_dagrun for ambev_breweries_pipeline to 2024-10-18T09:00:00+00:00, run_after=2024-10-19T09:00:00+00:00
[2024-10-18T23:57:06.117+0000] {processor.py:175} INFO - Processing /opt/airflow/dags/dag_brewery.py took 0.477 seconds
[2024-10-18T23:57:36.791+0000] {processor.py:153} INFO - Started process (PID=19734) to work on /opt/airflow/dags/dag_brewery.py
[2024-10-18T23:57:36.792+0000] {processor.py:743} INFO - Processing file /opt/airflow/dags/dag_brewery.py for tasks to queue
[2024-10-18T23:57:36.792+0000] {logging_mixin.py:137} INFO - [2024-10-18T23:57:36.792+0000] {dagbag.py:538} INFO - Filling up the DagBag from /opt/airflow/dags/dag_brewery.py
[2024-10-18T23:57:36.826+0000] {processor.py:753} INFO - DAG(s) dict_keys(['ambev_breweries_pipeline']) retrieved from /opt/airflow/dags/dag_brewery.py
[2024-10-18T23:57:36.842+0000] {logging_mixin.py:137} INFO - [2024-10-18T23:57:36.842+0000] {dag.py:2690} INFO - Sync 1 DAGs
[2024-10-18T23:57:36.858+0000] {logging_mixin.py:137} INFO - [2024-10-18T23:57:36.858+0000] {dag.py:3437} INFO - Setting next_dagrun for ambev_breweries_pipeline to 2024-10-18T09:00:00+00:00, run_after=2024-10-19T09:00:00+00:00
[2024-10-18T23:57:36.870+0000] {processor.py:175} INFO - Processing /opt/airflow/dags/dag_brewery.py took 0.081 seconds
[2024-10-18T23:58:07.042+0000] {processor.py:153} INFO - Started process (PID=20044) to work on /opt/airflow/dags/dag_brewery.py
[2024-10-18T23:58:07.042+0000] {processor.py:743} INFO - Processing file /opt/airflow/dags/dag_brewery.py for tasks to queue
[2024-10-18T23:58:07.043+0000] {logging_mixin.py:137} INFO - [2024-10-18T23:58:07.043+0000] {dagbag.py:538} INFO - Filling up the DagBag from /opt/airflow/dags/dag_brewery.py
[2024-10-18T23:58:07.078+0000] {processor.py:753} INFO - DAG(s) dict_keys(['ambev_breweries_pipeline']) retrieved from /opt/airflow/dags/dag_brewery.py
[2024-10-18T23:58:07.094+0000] {logging_mixin.py:137} INFO - [2024-10-18T23:58:07.093+0000] {dag.py:2690} INFO - Sync 1 DAGs
[2024-10-18T23:58:07.110+0000] {logging_mixin.py:137} INFO - [2024-10-18T23:58:07.110+0000] {dag.py:3437} INFO - Setting next_dagrun for ambev_breweries_pipeline to 2024-10-18T09:00:00+00:00, run_after=2024-10-19T09:00:00+00:00
[2024-10-18T23:58:07.122+0000] {processor.py:175} INFO - Processing /opt/airflow/dags/dag_brewery.py took 0.083 seconds
[2024-10-18T23:58:37.286+0000] {processor.py:153} INFO - Started process (PID=20371) to work on /opt/airflow/dags/dag_brewery.py
[2024-10-18T23:58:37.287+0000] {processor.py:743} INFO - Processing file /opt/airflow/dags/dag_brewery.py for tasks to queue
[2024-10-18T23:58:37.288+0000] {logging_mixin.py:137} INFO - [2024-10-18T23:58:37.287+0000] {dagbag.py:538} INFO - Filling up the DagBag from /opt/airflow/dags/dag_brewery.py
[2024-10-18T23:58:37.322+0000] {processor.py:753} INFO - DAG(s) dict_keys(['ambev_breweries_pipeline']) retrieved from /opt/airflow/dags/dag_brewery.py
[2024-10-18T23:58:37.338+0000] {logging_mixin.py:137} INFO - [2024-10-18T23:58:37.338+0000] {dag.py:2690} INFO - Sync 1 DAGs
[2024-10-18T23:58:37.354+0000] {logging_mixin.py:137} INFO - [2024-10-18T23:58:37.354+0000] {dag.py:3437} INFO - Setting next_dagrun for ambev_breweries_pipeline to 2024-10-18T09:00:00+00:00, run_after=2024-10-19T09:00:00+00:00
[2024-10-18T23:58:37.368+0000] {processor.py:175} INFO - Processing /opt/airflow/dags/dag_brewery.py took 0.084 seconds
[2024-10-18T23:59:07.538+0000] {processor.py:153} INFO - Started process (PID=20783) to work on /opt/airflow/dags/dag_brewery.py
[2024-10-18T23:59:07.538+0000] {processor.py:743} INFO - Processing file /opt/airflow/dags/dag_brewery.py for tasks to queue
[2024-10-18T23:59:07.539+0000] {logging_mixin.py:137} INFO - [2024-10-18T23:59:07.539+0000] {dagbag.py:538} INFO - Filling up the DagBag from /opt/airflow/dags/dag_brewery.py
[2024-10-18T23:59:07.574+0000] {processor.py:753} INFO - DAG(s) dict_keys(['ambev_breweries_pipeline']) retrieved from /opt/airflow/dags/dag_brewery.py
[2024-10-18T23:59:07.591+0000] {logging_mixin.py:137} INFO - [2024-10-18T23:59:07.590+0000] {dag.py:2690} INFO - Sync 1 DAGs
[2024-10-18T23:59:07.608+0000] {logging_mixin.py:137} INFO - [2024-10-18T23:59:07.608+0000] {dag.py:3437} INFO - Setting next_dagrun for ambev_breweries_pipeline to 2024-10-18T09:00:00+00:00, run_after=2024-10-19T09:00:00+00:00
[2024-10-18T23:59:07.621+0000] {processor.py:175} INFO - Processing /opt/airflow/dags/dag_brewery.py took 0.086 seconds
[2024-10-18T23:59:37.788+0000] {processor.py:153} INFO - Started process (PID=21164) to work on /opt/airflow/dags/dag_brewery.py
[2024-10-18T23:59:37.789+0000] {processor.py:743} INFO - Processing file /opt/airflow/dags/dag_brewery.py for tasks to queue
[2024-10-18T23:59:37.790+0000] {logging_mixin.py:137} INFO - [2024-10-18T23:59:37.790+0000] {dagbag.py:538} INFO - Filling up the DagBag from /opt/airflow/dags/dag_brewery.py
[2024-10-18T23:59:37.825+0000] {processor.py:753} INFO - DAG(s) dict_keys(['ambev_breweries_pipeline']) retrieved from /opt/airflow/dags/dag_brewery.py
[2024-10-18T23:59:37.841+0000] {logging_mixin.py:137} INFO - [2024-10-18T23:59:37.841+0000] {dag.py:2690} INFO - Sync 1 DAGs
[2024-10-18T23:59:37.858+0000] {logging_mixin.py:137} INFO - [2024-10-18T23:59:37.858+0000] {dag.py:3437} INFO - Setting next_dagrun for ambev_breweries_pipeline to 2024-10-18T09:00:00+00:00, run_after=2024-10-19T09:00:00+00:00
[2024-10-18T23:59:37.871+0000] {processor.py:175} INFO - Processing /opt/airflow/dags/dag_brewery.py took 0.084 seconds
