[2024-10-18T23:35:42.662+0000] {processor.py:153} INFO - Started process (PID=200) to work on /opt/airflow/dags/dag_dataquality.py
[2024-10-18T23:35:42.663+0000] {processor.py:743} INFO - Processing file /opt/airflow/dags/dag_dataquality.py for tasks to queue
[2024-10-18T23:35:42.664+0000] {logging_mixin.py:137} INFO - [2024-10-18T23:35:42.664+0000] {dagbag.py:538} INFO - Filling up the DagBag from /opt/airflow/dags/dag_dataquality.py
[2024-10-18T23:35:42.830+0000] {processor.py:753} INFO - DAG(s) dict_keys(['ambev_data_quality_pipeline']) retrieved from /opt/airflow/dags/dag_dataquality.py
[2024-10-18T23:35:42.917+0000] {logging_mixin.py:137} INFO - [2024-10-18T23:35:42.917+0000] {manager.py:504} INFO - Created Permission View: can read on DAG:ambev_data_quality_pipeline
[2024-10-18T23:35:42.922+0000] {logging_mixin.py:137} INFO - [2024-10-18T23:35:42.921+0000] {manager.py:349} ERROR - Add Permission: (psycopg2.errors.UniqueViolation) duplicate key value violates unique constraint "ab_permission_name_uq"
DETAIL:  Key (name)=(can_delete) already exists.

[SQL: INSERT INTO ab_permission (name) VALUES (%(name)s) RETURNING ab_permission.id]
[parameters: {'name': 'can_delete'}]
(Background on this error at: https://sqlalche.me/e/14/gkpj)
[2024-10-18T23:35:42.925+0000] {logging_mixin.py:137} INFO - [2024-10-18T23:35:42.925+0000] {manager.py:504} INFO - Created Permission View: None on DAG:ambev_data_quality_pipeline
[2024-10-18T23:35:42.932+0000] {logging_mixin.py:137} INFO - [2024-10-18T23:35:42.932+0000] {manager.py:504} INFO - Created Permission View: can edit on DAG:ambev_data_quality_pipeline
[2024-10-18T23:35:42.932+0000] {logging_mixin.py:137} INFO - [2024-10-18T23:35:42.932+0000] {dag.py:2690} INFO - Sync 1 DAGs
[2024-10-18T23:35:42.941+0000] {logging_mixin.py:137} INFO - [2024-10-18T23:35:42.941+0000] {dag.py:2711} INFO - Creating ORM DAG for ambev_data_quality_pipeline
[2024-10-18T23:35:42.949+0000] {logging_mixin.py:137} INFO - [2024-10-18T23:35:42.949+0000] {dag.py:3437} INFO - Setting next_dagrun for ambev_data_quality_pipeline to 2025-12-31T09:00:00+00:00, run_after=2026-01-01T09:00:00+00:00
[2024-10-18T23:35:42.961+0000] {processor.py:175} INFO - Processing /opt/airflow/dags/dag_dataquality.py took 0.307 seconds
[2024-10-18T23:36:13.114+0000] {processor.py:153} INFO - Started process (PID=567) to work on /opt/airflow/dags/dag_dataquality.py
[2024-10-18T23:36:13.114+0000] {processor.py:743} INFO - Processing file /opt/airflow/dags/dag_dataquality.py for tasks to queue
[2024-10-18T23:36:13.115+0000] {logging_mixin.py:137} INFO - [2024-10-18T23:36:13.115+0000] {dagbag.py:538} INFO - Filling up the DagBag from /opt/airflow/dags/dag_dataquality.py
[2024-10-18T23:36:13.151+0000] {processor.py:753} INFO - DAG(s) dict_keys(['ambev_data_quality_pipeline']) retrieved from /opt/airflow/dags/dag_dataquality.py
[2024-10-18T23:36:13.171+0000] {logging_mixin.py:137} INFO - [2024-10-18T23:36:13.171+0000] {dag.py:2690} INFO - Sync 1 DAGs
[2024-10-18T23:36:13.191+0000] {logging_mixin.py:137} INFO - [2024-10-18T23:36:13.191+0000] {dag.py:3437} INFO - Setting next_dagrun for ambev_data_quality_pipeline to 2025-12-31T09:00:00+00:00, run_after=2026-01-01T09:00:00+00:00
[2024-10-18T23:36:13.206+0000] {processor.py:175} INFO - Processing /opt/airflow/dags/dag_dataquality.py took 0.096 seconds
[2024-10-18T23:36:43.604+0000] {processor.py:153} INFO - Started process (PID=840) to work on /opt/airflow/dags/dag_dataquality.py
[2024-10-18T23:36:43.605+0000] {processor.py:743} INFO - Processing file /opt/airflow/dags/dag_dataquality.py for tasks to queue
[2024-10-18T23:36:43.606+0000] {logging_mixin.py:137} INFO - [2024-10-18T23:36:43.605+0000] {dagbag.py:538} INFO - Filling up the DagBag from /opt/airflow/dags/dag_dataquality.py
[2024-10-18T23:36:43.644+0000] {processor.py:753} INFO - DAG(s) dict_keys(['ambev_data_quality_pipeline']) retrieved from /opt/airflow/dags/dag_dataquality.py
[2024-10-18T23:36:43.662+0000] {logging_mixin.py:137} INFO - [2024-10-18T23:36:43.662+0000] {dag.py:2690} INFO - Sync 1 DAGs
[2024-10-18T23:36:43.679+0000] {logging_mixin.py:137} INFO - [2024-10-18T23:36:43.679+0000] {dag.py:3437} INFO - Setting next_dagrun for ambev_data_quality_pipeline to 2025-12-31T09:00:00+00:00, run_after=2026-01-01T09:00:00+00:00
[2024-10-18T23:36:43.693+0000] {processor.py:175} INFO - Processing /opt/airflow/dags/dag_dataquality.py took 0.091 seconds
[2024-10-18T23:37:13.763+0000] {processor.py:153} INFO - Started process (PID=850) to work on /opt/airflow/dags/dag_dataquality.py
[2024-10-18T23:37:13.763+0000] {processor.py:743} INFO - Processing file /opt/airflow/dags/dag_dataquality.py for tasks to queue
[2024-10-18T23:37:13.764+0000] {logging_mixin.py:137} INFO - [2024-10-18T23:37:13.764+0000] {dagbag.py:538} INFO - Filling up the DagBag from /opt/airflow/dags/dag_dataquality.py
[2024-10-18T23:37:13.802+0000] {processor.py:753} INFO - DAG(s) dict_keys(['ambev_data_quality_pipeline']) retrieved from /opt/airflow/dags/dag_dataquality.py
[2024-10-18T23:37:13.819+0000] {logging_mixin.py:137} INFO - [2024-10-18T23:37:13.819+0000] {dag.py:2690} INFO - Sync 1 DAGs
[2024-10-18T23:37:13.837+0000] {logging_mixin.py:137} INFO - [2024-10-18T23:37:13.837+0000] {dag.py:3437} INFO - Setting next_dagrun for ambev_data_quality_pipeline to 2025-12-31T09:00:00+00:00, run_after=2026-01-01T09:00:00+00:00
[2024-10-18T23:37:13.851+0000] {processor.py:175} INFO - Processing /opt/airflow/dags/dag_dataquality.py took 0.090 seconds
[2024-10-18T23:37:44.020+0000] {processor.py:153} INFO - Started process (PID=2089) to work on /opt/airflow/dags/dag_dataquality.py
[2024-10-18T23:37:44.020+0000] {processor.py:743} INFO - Processing file /opt/airflow/dags/dag_dataquality.py for tasks to queue
[2024-10-18T23:37:44.021+0000] {logging_mixin.py:137} INFO - [2024-10-18T23:37:44.021+0000] {dagbag.py:538} INFO - Filling up the DagBag from /opt/airflow/dags/dag_dataquality.py
[2024-10-18T23:37:44.054+0000] {processor.py:753} INFO - DAG(s) dict_keys(['ambev_data_quality_pipeline']) retrieved from /opt/airflow/dags/dag_dataquality.py
[2024-10-18T23:37:44.070+0000] {logging_mixin.py:137} INFO - [2024-10-18T23:37:44.070+0000] {dag.py:2690} INFO - Sync 1 DAGs
[2024-10-18T23:37:44.087+0000] {logging_mixin.py:137} INFO - [2024-10-18T23:37:44.086+0000] {dag.py:3437} INFO - Setting next_dagrun for ambev_data_quality_pipeline to 2025-12-31T09:00:00+00:00, run_after=2026-01-01T09:00:00+00:00
[2024-10-18T23:37:44.100+0000] {processor.py:175} INFO - Processing /opt/airflow/dags/dag_dataquality.py took 0.082 seconds
[2024-10-18T23:38:14.259+0000] {processor.py:153} INFO - Started process (PID=2405) to work on /opt/airflow/dags/dag_dataquality.py
[2024-10-18T23:38:14.260+0000] {processor.py:743} INFO - Processing file /opt/airflow/dags/dag_dataquality.py for tasks to queue
[2024-10-18T23:38:14.260+0000] {logging_mixin.py:137} INFO - [2024-10-18T23:38:14.260+0000] {dagbag.py:538} INFO - Filling up the DagBag from /opt/airflow/dags/dag_dataquality.py
[2024-10-18T23:38:14.294+0000] {processor.py:753} INFO - DAG(s) dict_keys(['ambev_data_quality_pipeline']) retrieved from /opt/airflow/dags/dag_dataquality.py
[2024-10-18T23:38:14.310+0000] {logging_mixin.py:137} INFO - [2024-10-18T23:38:14.310+0000] {dag.py:2690} INFO - Sync 1 DAGs
[2024-10-18T23:38:14.329+0000] {logging_mixin.py:137} INFO - [2024-10-18T23:38:14.329+0000] {dag.py:3437} INFO - Setting next_dagrun for ambev_data_quality_pipeline to 2025-12-31T09:00:00+00:00, run_after=2026-01-01T09:00:00+00:00
[2024-10-18T23:38:14.342+0000] {processor.py:175} INFO - Processing /opt/airflow/dags/dag_dataquality.py took 0.085 seconds
[2024-10-18T23:38:44.509+0000] {processor.py:153} INFO - Started process (PID=2960) to work on /opt/airflow/dags/dag_dataquality.py
[2024-10-18T23:38:44.510+0000] {processor.py:743} INFO - Processing file /opt/airflow/dags/dag_dataquality.py for tasks to queue
[2024-10-18T23:38:44.510+0000] {logging_mixin.py:137} INFO - [2024-10-18T23:38:44.510+0000] {dagbag.py:538} INFO - Filling up the DagBag from /opt/airflow/dags/dag_dataquality.py
[2024-10-18T23:38:44.543+0000] {processor.py:753} INFO - DAG(s) dict_keys(['ambev_data_quality_pipeline']) retrieved from /opt/airflow/dags/dag_dataquality.py
[2024-10-18T23:38:44.564+0000] {logging_mixin.py:137} INFO - [2024-10-18T23:38:44.564+0000] {dag.py:2690} INFO - Sync 1 DAGs
[2024-10-18T23:38:44.583+0000] {logging_mixin.py:137} INFO - [2024-10-18T23:38:44.583+0000] {dag.py:3437} INFO - Setting next_dagrun for ambev_data_quality_pipeline to 2025-12-31T09:00:00+00:00, run_after=2026-01-01T09:00:00+00:00
[2024-10-18T23:38:44.602+0000] {processor.py:175} INFO - Processing /opt/airflow/dags/dag_dataquality.py took 0.095 seconds
[2024-10-18T23:39:14.773+0000] {processor.py:153} INFO - Started process (PID=3480) to work on /opt/airflow/dags/dag_dataquality.py
[2024-10-18T23:39:14.774+0000] {processor.py:743} INFO - Processing file /opt/airflow/dags/dag_dataquality.py for tasks to queue
[2024-10-18T23:39:14.774+0000] {logging_mixin.py:137} INFO - [2024-10-18T23:39:14.774+0000] {dagbag.py:538} INFO - Filling up the DagBag from /opt/airflow/dags/dag_dataquality.py
[2024-10-18T23:39:14.809+0000] {processor.py:753} INFO - DAG(s) dict_keys(['ambev_data_quality_pipeline']) retrieved from /opt/airflow/dags/dag_dataquality.py
[2024-10-18T23:39:14.824+0000] {logging_mixin.py:137} INFO - [2024-10-18T23:39:14.824+0000] {dag.py:2690} INFO - Sync 1 DAGs
[2024-10-18T23:39:14.844+0000] {logging_mixin.py:137} INFO - [2024-10-18T23:39:14.844+0000] {dag.py:3437} INFO - Setting next_dagrun for ambev_data_quality_pipeline to 2025-12-31T09:00:00+00:00, run_after=2026-01-01T09:00:00+00:00
[2024-10-18T23:39:14.860+0000] {processor.py:175} INFO - Processing /opt/airflow/dags/dag_dataquality.py took 0.091 seconds
[2024-10-18T23:39:45.029+0000] {processor.py:153} INFO - Started process (PID=4165) to work on /opt/airflow/dags/dag_dataquality.py
[2024-10-18T23:39:45.030+0000] {processor.py:743} INFO - Processing file /opt/airflow/dags/dag_dataquality.py for tasks to queue
[2024-10-18T23:39:45.030+0000] {logging_mixin.py:137} INFO - [2024-10-18T23:39:45.030+0000] {dagbag.py:538} INFO - Filling up the DagBag from /opt/airflow/dags/dag_dataquality.py
[2024-10-18T23:39:45.067+0000] {processor.py:753} INFO - DAG(s) dict_keys(['ambev_data_quality_pipeline']) retrieved from /opt/airflow/dags/dag_dataquality.py
[2024-10-18T23:39:45.083+0000] {logging_mixin.py:137} INFO - [2024-10-18T23:39:45.083+0000] {dag.py:2690} INFO - Sync 1 DAGs
[2024-10-18T23:39:45.101+0000] {logging_mixin.py:137} INFO - [2024-10-18T23:39:45.101+0000] {dag.py:3437} INFO - Setting next_dagrun for ambev_data_quality_pipeline to 2025-12-31T09:00:00+00:00, run_after=2026-01-01T09:00:00+00:00
[2024-10-18T23:39:45.115+0000] {processor.py:175} INFO - Processing /opt/airflow/dags/dag_dataquality.py took 0.088 seconds
[2024-10-18T23:40:15.292+0000] {processor.py:153} INFO - Started process (PID=5048) to work on /opt/airflow/dags/dag_dataquality.py
[2024-10-18T23:40:15.293+0000] {processor.py:743} INFO - Processing file /opt/airflow/dags/dag_dataquality.py for tasks to queue
[2024-10-18T23:40:15.293+0000] {logging_mixin.py:137} INFO - [2024-10-18T23:40:15.293+0000] {dagbag.py:538} INFO - Filling up the DagBag from /opt/airflow/dags/dag_dataquality.py
[2024-10-18T23:40:15.344+0000] {processor.py:753} INFO - DAG(s) dict_keys(['ambev_data_quality_pipeline']) retrieved from /opt/airflow/dags/dag_dataquality.py
[2024-10-18T23:40:15.363+0000] {logging_mixin.py:137} INFO - [2024-10-18T23:40:15.362+0000] {dag.py:2690} INFO - Sync 1 DAGs
[2024-10-18T23:40:15.380+0000] {logging_mixin.py:137} INFO - [2024-10-18T23:40:15.380+0000] {dag.py:3437} INFO - Setting next_dagrun for ambev_data_quality_pipeline to 2025-12-31T09:00:00+00:00, run_after=2026-01-01T09:00:00+00:00
[2024-10-18T23:40:15.394+0000] {processor.py:175} INFO - Processing /opt/airflow/dags/dag_dataquality.py took 0.108 seconds
[2024-10-18T23:40:46.002+0000] {processor.py:153} INFO - Started process (PID=5800) to work on /opt/airflow/dags/dag_dataquality.py
[2024-10-18T23:40:46.003+0000] {processor.py:743} INFO - Processing file /opt/airflow/dags/dag_dataquality.py for tasks to queue
[2024-10-18T23:40:46.003+0000] {logging_mixin.py:137} INFO - [2024-10-18T23:40:46.003+0000] {dagbag.py:538} INFO - Filling up the DagBag from /opt/airflow/dags/dag_dataquality.py
[2024-10-18T23:40:46.038+0000] {processor.py:753} INFO - DAG(s) dict_keys(['ambev_data_quality_pipeline']) retrieved from /opt/airflow/dags/dag_dataquality.py
[2024-10-18T23:40:46.053+0000] {logging_mixin.py:137} INFO - [2024-10-18T23:40:46.053+0000] {dag.py:2690} INFO - Sync 1 DAGs
[2024-10-18T23:40:46.070+0000] {logging_mixin.py:137} INFO - [2024-10-18T23:40:46.070+0000] {dag.py:3437} INFO - Setting next_dagrun for ambev_data_quality_pipeline to 2025-12-31T09:00:00+00:00, run_after=2026-01-01T09:00:00+00:00
[2024-10-18T23:40:46.084+0000] {processor.py:175} INFO - Processing /opt/airflow/dags/dag_dataquality.py took 0.083 seconds
[2024-10-18T23:41:16.250+0000] {processor.py:153} INFO - Started process (PID=6263) to work on /opt/airflow/dags/dag_dataquality.py
[2024-10-18T23:41:16.251+0000] {processor.py:743} INFO - Processing file /opt/airflow/dags/dag_dataquality.py for tasks to queue
[2024-10-18T23:41:16.251+0000] {logging_mixin.py:137} INFO - [2024-10-18T23:41:16.251+0000] {dagbag.py:538} INFO - Filling up the DagBag from /opt/airflow/dags/dag_dataquality.py
[2024-10-18T23:41:16.288+0000] {processor.py:753} INFO - DAG(s) dict_keys(['ambev_data_quality_pipeline']) retrieved from /opt/airflow/dags/dag_dataquality.py
[2024-10-18T23:41:16.305+0000] {logging_mixin.py:137} INFO - [2024-10-18T23:41:16.305+0000] {dag.py:2690} INFO - Sync 1 DAGs
[2024-10-18T23:41:16.324+0000] {logging_mixin.py:137} INFO - [2024-10-18T23:41:16.324+0000] {dag.py:3437} INFO - Setting next_dagrun for ambev_data_quality_pipeline to 2025-12-31T09:00:00+00:00, run_after=2026-01-01T09:00:00+00:00
[2024-10-18T23:41:16.340+0000] {processor.py:175} INFO - Processing /opt/airflow/dags/dag_dataquality.py took 0.091 seconds
[2024-10-18T23:41:46.508+0000] {processor.py:153} INFO - Started process (PID=6621) to work on /opt/airflow/dags/dag_dataquality.py
[2024-10-18T23:41:46.508+0000] {processor.py:743} INFO - Processing file /opt/airflow/dags/dag_dataquality.py for tasks to queue
[2024-10-18T23:41:46.509+0000] {logging_mixin.py:137} INFO - [2024-10-18T23:41:46.509+0000] {dagbag.py:538} INFO - Filling up the DagBag from /opt/airflow/dags/dag_dataquality.py
[2024-10-18T23:41:46.543+0000] {processor.py:753} INFO - DAG(s) dict_keys(['ambev_data_quality_pipeline']) retrieved from /opt/airflow/dags/dag_dataquality.py
[2024-10-18T23:41:46.558+0000] {logging_mixin.py:137} INFO - [2024-10-18T23:41:46.558+0000] {dag.py:2690} INFO - Sync 1 DAGs
[2024-10-18T23:41:46.576+0000] {logging_mixin.py:137} INFO - [2024-10-18T23:41:46.576+0000] {dag.py:3437} INFO - Setting next_dagrun for ambev_data_quality_pipeline to 2025-12-31T09:00:00+00:00, run_after=2026-01-01T09:00:00+00:00
[2024-10-18T23:41:46.591+0000] {processor.py:175} INFO - Processing /opt/airflow/dags/dag_dataquality.py took 0.085 seconds
[2024-10-18T23:42:16.757+0000] {processor.py:153} INFO - Started process (PID=6932) to work on /opt/airflow/dags/dag_dataquality.py
[2024-10-18T23:42:16.758+0000] {processor.py:743} INFO - Processing file /opt/airflow/dags/dag_dataquality.py for tasks to queue
[2024-10-18T23:42:16.758+0000] {logging_mixin.py:137} INFO - [2024-10-18T23:42:16.758+0000] {dagbag.py:538} INFO - Filling up the DagBag from /opt/airflow/dags/dag_dataquality.py
[2024-10-18T23:42:16.792+0000] {processor.py:753} INFO - DAG(s) dict_keys(['ambev_data_quality_pipeline']) retrieved from /opt/airflow/dags/dag_dataquality.py
[2024-10-18T23:42:16.808+0000] {logging_mixin.py:137} INFO - [2024-10-18T23:42:16.808+0000] {dag.py:2690} INFO - Sync 1 DAGs
[2024-10-18T23:42:16.824+0000] {logging_mixin.py:137} INFO - [2024-10-18T23:42:16.824+0000] {dag.py:3437} INFO - Setting next_dagrun for ambev_data_quality_pipeline to 2025-12-31T09:00:00+00:00, run_after=2026-01-01T09:00:00+00:00
[2024-10-18T23:42:16.837+0000] {processor.py:175} INFO - Processing /opt/airflow/dags/dag_dataquality.py took 0.082 seconds
[2024-10-18T23:42:47.004+0000] {processor.py:153} INFO - Started process (PID=7477) to work on /opt/airflow/dags/dag_dataquality.py
[2024-10-18T23:42:47.005+0000] {processor.py:743} INFO - Processing file /opt/airflow/dags/dag_dataquality.py for tasks to queue
[2024-10-18T23:42:47.005+0000] {logging_mixin.py:137} INFO - [2024-10-18T23:42:47.005+0000] {dagbag.py:538} INFO - Filling up the DagBag from /opt/airflow/dags/dag_dataquality.py
[2024-10-18T23:42:47.041+0000] {processor.py:753} INFO - DAG(s) dict_keys(['ambev_data_quality_pipeline']) retrieved from /opt/airflow/dags/dag_dataquality.py
[2024-10-18T23:42:47.057+0000] {logging_mixin.py:137} INFO - [2024-10-18T23:42:47.057+0000] {dag.py:2690} INFO - Sync 1 DAGs
[2024-10-18T23:42:47.074+0000] {logging_mixin.py:137} INFO - [2024-10-18T23:42:47.073+0000] {dag.py:3437} INFO - Setting next_dagrun for ambev_data_quality_pipeline to 2025-12-31T09:00:00+00:00, run_after=2026-01-01T09:00:00+00:00
[2024-10-18T23:42:47.086+0000] {processor.py:175} INFO - Processing /opt/airflow/dags/dag_dataquality.py took 0.084 seconds
[2024-10-18T23:43:17.251+0000] {processor.py:153} INFO - Started process (PID=7788) to work on /opt/airflow/dags/dag_dataquality.py
[2024-10-18T23:43:17.252+0000] {processor.py:743} INFO - Processing file /opt/airflow/dags/dag_dataquality.py for tasks to queue
[2024-10-18T23:43:17.252+0000] {logging_mixin.py:137} INFO - [2024-10-18T23:43:17.252+0000] {dagbag.py:538} INFO - Filling up the DagBag from /opt/airflow/dags/dag_dataquality.py
[2024-10-18T23:43:17.285+0000] {processor.py:753} INFO - DAG(s) dict_keys(['ambev_data_quality_pipeline']) retrieved from /opt/airflow/dags/dag_dataquality.py
[2024-10-18T23:43:17.300+0000] {logging_mixin.py:137} INFO - [2024-10-18T23:43:17.300+0000] {dag.py:2690} INFO - Sync 1 DAGs
[2024-10-18T23:43:17.316+0000] {logging_mixin.py:137} INFO - [2024-10-18T23:43:17.316+0000] {dag.py:3437} INFO - Setting next_dagrun for ambev_data_quality_pipeline to 2025-12-31T09:00:00+00:00, run_after=2026-01-01T09:00:00+00:00
[2024-10-18T23:43:17.329+0000] {processor.py:175} INFO - Processing /opt/airflow/dags/dag_dataquality.py took 0.079 seconds
[2024-10-18T23:43:47.492+0000] {processor.py:153} INFO - Started process (PID=8112) to work on /opt/airflow/dags/dag_dataquality.py
[2024-10-18T23:43:47.492+0000] {processor.py:743} INFO - Processing file /opt/airflow/dags/dag_dataquality.py for tasks to queue
[2024-10-18T23:43:47.493+0000] {logging_mixin.py:137} INFO - [2024-10-18T23:43:47.493+0000] {dagbag.py:538} INFO - Filling up the DagBag from /opt/airflow/dags/dag_dataquality.py
[2024-10-18T23:43:47.527+0000] {processor.py:753} INFO - DAG(s) dict_keys(['ambev_data_quality_pipeline']) retrieved from /opt/airflow/dags/dag_dataquality.py
[2024-10-18T23:43:47.542+0000] {logging_mixin.py:137} INFO - [2024-10-18T23:43:47.542+0000] {dag.py:2690} INFO - Sync 1 DAGs
[2024-10-18T23:43:47.559+0000] {logging_mixin.py:137} INFO - [2024-10-18T23:43:47.559+0000] {dag.py:3437} INFO - Setting next_dagrun for ambev_data_quality_pipeline to 2025-12-31T09:00:00+00:00, run_after=2026-01-01T09:00:00+00:00
[2024-10-18T23:43:47.572+0000] {processor.py:175} INFO - Processing /opt/airflow/dags/dag_dataquality.py took 0.082 seconds
[2024-10-18T23:44:17.731+0000] {processor.py:153} INFO - Started process (PID=8423) to work on /opt/airflow/dags/dag_dataquality.py
[2024-10-18T23:44:17.732+0000] {processor.py:743} INFO - Processing file /opt/airflow/dags/dag_dataquality.py for tasks to queue
[2024-10-18T23:44:17.732+0000] {logging_mixin.py:137} INFO - [2024-10-18T23:44:17.732+0000] {dagbag.py:538} INFO - Filling up the DagBag from /opt/airflow/dags/dag_dataquality.py
[2024-10-18T23:44:17.766+0000] {processor.py:753} INFO - DAG(s) dict_keys(['ambev_data_quality_pipeline']) retrieved from /opt/airflow/dags/dag_dataquality.py
[2024-10-18T23:44:17.782+0000] {logging_mixin.py:137} INFO - [2024-10-18T23:44:17.782+0000] {dag.py:2690} INFO - Sync 1 DAGs
[2024-10-18T23:44:17.799+0000] {logging_mixin.py:137} INFO - [2024-10-18T23:44:17.798+0000] {dag.py:3437} INFO - Setting next_dagrun for ambev_data_quality_pipeline to 2025-12-31T09:00:00+00:00, run_after=2026-01-01T09:00:00+00:00
[2024-10-18T23:44:17.811+0000] {processor.py:175} INFO - Processing /opt/airflow/dags/dag_dataquality.py took 0.082 seconds
[2024-10-18T23:44:47.976+0000] {processor.py:153} INFO - Started process (PID=8751) to work on /opt/airflow/dags/dag_dataquality.py
[2024-10-18T23:44:47.976+0000] {processor.py:743} INFO - Processing file /opt/airflow/dags/dag_dataquality.py for tasks to queue
[2024-10-18T23:44:47.977+0000] {logging_mixin.py:137} INFO - [2024-10-18T23:44:47.977+0000] {dagbag.py:538} INFO - Filling up the DagBag from /opt/airflow/dags/dag_dataquality.py
[2024-10-18T23:44:48.011+0000] {processor.py:753} INFO - DAG(s) dict_keys(['ambev_data_quality_pipeline']) retrieved from /opt/airflow/dags/dag_dataquality.py
[2024-10-18T23:44:48.026+0000] {logging_mixin.py:137} INFO - [2024-10-18T23:44:48.026+0000] {dag.py:2690} INFO - Sync 1 DAGs
[2024-10-18T23:44:48.043+0000] {logging_mixin.py:137} INFO - [2024-10-18T23:44:48.043+0000] {dag.py:3437} INFO - Setting next_dagrun for ambev_data_quality_pipeline to 2025-12-31T09:00:00+00:00, run_after=2026-01-01T09:00:00+00:00
[2024-10-18T23:44:48.056+0000] {processor.py:175} INFO - Processing /opt/airflow/dags/dag_dataquality.py took 0.082 seconds
[2024-10-18T23:45:18.225+0000] {processor.py:153} INFO - Started process (PID=9069) to work on /opt/airflow/dags/dag_dataquality.py
[2024-10-18T23:45:18.226+0000] {processor.py:743} INFO - Processing file /opt/airflow/dags/dag_dataquality.py for tasks to queue
[2024-10-18T23:45:18.226+0000] {logging_mixin.py:137} INFO - [2024-10-18T23:45:18.226+0000] {dagbag.py:538} INFO - Filling up the DagBag from /opt/airflow/dags/dag_dataquality.py
[2024-10-18T23:45:18.260+0000] {processor.py:753} INFO - DAG(s) dict_keys(['ambev_data_quality_pipeline']) retrieved from /opt/airflow/dags/dag_dataquality.py
[2024-10-18T23:45:18.275+0000] {logging_mixin.py:137} INFO - [2024-10-18T23:45:18.275+0000] {dag.py:2690} INFO - Sync 1 DAGs
[2024-10-18T23:45:18.291+0000] {logging_mixin.py:137} INFO - [2024-10-18T23:45:18.291+0000] {dag.py:3437} INFO - Setting next_dagrun for ambev_data_quality_pipeline to 2025-12-31T09:00:00+00:00, run_after=2026-01-01T09:00:00+00:00
[2024-10-18T23:45:18.304+0000] {processor.py:175} INFO - Processing /opt/airflow/dags/dag_dataquality.py took 0.081 seconds
[2024-10-18T23:45:48.901+0000] {processor.py:153} INFO - Started process (PID=9624) to work on /opt/airflow/dags/dag_dataquality.py
[2024-10-18T23:45:48.902+0000] {processor.py:743} INFO - Processing file /opt/airflow/dags/dag_dataquality.py for tasks to queue
[2024-10-18T23:45:48.903+0000] {logging_mixin.py:137} INFO - [2024-10-18T23:45:48.902+0000] {dagbag.py:538} INFO - Filling up the DagBag from /opt/airflow/dags/dag_dataquality.py
[2024-10-18T23:45:48.940+0000] {processor.py:753} INFO - DAG(s) dict_keys(['ambev_data_quality_pipeline']) retrieved from /opt/airflow/dags/dag_dataquality.py
[2024-10-18T23:45:48.957+0000] {logging_mixin.py:137} INFO - [2024-10-18T23:45:48.957+0000] {dag.py:2690} INFO - Sync 1 DAGs
[2024-10-18T23:45:48.974+0000] {logging_mixin.py:137} INFO - [2024-10-18T23:45:48.974+0000] {dag.py:3437} INFO - Setting next_dagrun for ambev_data_quality_pipeline to 2025-12-31T09:00:00+00:00, run_after=2026-01-01T09:00:00+00:00
[2024-10-18T23:45:48.987+0000] {processor.py:175} INFO - Processing /opt/airflow/dags/dag_dataquality.py took 0.087 seconds
[2024-10-18T23:46:19.149+0000] {processor.py:153} INFO - Started process (PID=10163) to work on /opt/airflow/dags/dag_dataquality.py
[2024-10-18T23:46:19.150+0000] {processor.py:743} INFO - Processing file /opt/airflow/dags/dag_dataquality.py for tasks to queue
[2024-10-18T23:46:19.150+0000] {logging_mixin.py:137} INFO - [2024-10-18T23:46:19.150+0000] {dagbag.py:538} INFO - Filling up the DagBag from /opt/airflow/dags/dag_dataquality.py
[2024-10-18T23:46:19.183+0000] {processor.py:753} INFO - DAG(s) dict_keys(['ambev_data_quality_pipeline']) retrieved from /opt/airflow/dags/dag_dataquality.py
[2024-10-18T23:46:19.198+0000] {logging_mixin.py:137} INFO - [2024-10-18T23:46:19.198+0000] {dag.py:2690} INFO - Sync 1 DAGs
[2024-10-18T23:46:19.213+0000] {logging_mixin.py:137} INFO - [2024-10-18T23:46:19.213+0000] {dag.py:3437} INFO - Setting next_dagrun for ambev_data_quality_pipeline to 2025-12-31T09:00:00+00:00, run_after=2026-01-01T09:00:00+00:00
[2024-10-18T23:46:19.228+0000] {processor.py:175} INFO - Processing /opt/airflow/dags/dag_dataquality.py took 0.080 seconds
[2024-10-18T23:46:49.399+0000] {processor.py:153} INFO - Started process (PID=10938) to work on /opt/airflow/dags/dag_dataquality.py
[2024-10-18T23:46:49.400+0000] {processor.py:743} INFO - Processing file /opt/airflow/dags/dag_dataquality.py for tasks to queue
[2024-10-18T23:46:49.401+0000] {logging_mixin.py:137} INFO - [2024-10-18T23:46:49.401+0000] {dagbag.py:538} INFO - Filling up the DagBag from /opt/airflow/dags/dag_dataquality.py
[2024-10-18T23:46:49.442+0000] {processor.py:753} INFO - DAG(s) dict_keys(['ambev_data_quality_pipeline']) retrieved from /opt/airflow/dags/dag_dataquality.py
[2024-10-18T23:46:49.461+0000] {logging_mixin.py:137} INFO - [2024-10-18T23:46:49.461+0000] {dag.py:2690} INFO - Sync 1 DAGs
[2024-10-18T23:46:49.488+0000] {logging_mixin.py:137} INFO - [2024-10-18T23:46:49.488+0000] {dag.py:3437} INFO - Setting next_dagrun for ambev_data_quality_pipeline to 2025-12-31T09:00:00+00:00, run_after=2026-01-01T09:00:00+00:00
[2024-10-18T23:46:49.508+0000] {processor.py:175} INFO - Processing /opt/airflow/dags/dag_dataquality.py took 0.111 seconds
[2024-10-18T23:47:19.562+0000] {processor.py:153} INFO - Started process (PID=11892) to work on /opt/airflow/dags/dag_dataquality.py
[2024-10-18T23:47:19.563+0000] {processor.py:743} INFO - Processing file /opt/airflow/dags/dag_dataquality.py for tasks to queue
[2024-10-18T23:47:19.563+0000] {logging_mixin.py:137} INFO - [2024-10-18T23:47:19.563+0000] {dagbag.py:538} INFO - Filling up the DagBag from /opt/airflow/dags/dag_dataquality.py
[2024-10-18T23:47:19.603+0000] {processor.py:753} INFO - DAG(s) dict_keys(['ambev_data_quality_pipeline']) retrieved from /opt/airflow/dags/dag_dataquality.py
[2024-10-18T23:47:19.621+0000] {logging_mixin.py:137} INFO - [2024-10-18T23:47:19.621+0000] {dag.py:2690} INFO - Sync 1 DAGs
[2024-10-18T23:47:19.639+0000] {logging_mixin.py:137} INFO - [2024-10-18T23:47:19.639+0000] {dag.py:3437} INFO - Setting next_dagrun for ambev_data_quality_pipeline to 2025-12-31T09:00:00+00:00, run_after=2026-01-01T09:00:00+00:00
[2024-10-18T23:47:19.652+0000] {processor.py:175} INFO - Processing /opt/airflow/dags/dag_dataquality.py took 0.091 seconds
[2024-10-18T23:47:49.821+0000] {processor.py:153} INFO - Started process (PID=12249) to work on /opt/airflow/dags/dag_dataquality.py
[2024-10-18T23:47:49.822+0000] {processor.py:743} INFO - Processing file /opt/airflow/dags/dag_dataquality.py for tasks to queue
[2024-10-18T23:47:49.823+0000] {logging_mixin.py:137} INFO - [2024-10-18T23:47:49.823+0000] {dagbag.py:538} INFO - Filling up the DagBag from /opt/airflow/dags/dag_dataquality.py
[2024-10-18T23:47:49.868+0000] {processor.py:753} INFO - DAG(s) dict_keys(['ambev_data_quality_pipeline']) retrieved from /opt/airflow/dags/dag_dataquality.py
[2024-10-18T23:47:49.891+0000] {logging_mixin.py:137} INFO - [2024-10-18T23:47:49.891+0000] {dag.py:2690} INFO - Sync 1 DAGs
[2024-10-18T23:47:49.915+0000] {logging_mixin.py:137} INFO - [2024-10-18T23:47:49.915+0000] {dag.py:3437} INFO - Setting next_dagrun for ambev_data_quality_pipeline to 2025-12-31T09:00:00+00:00, run_after=2026-01-01T09:00:00+00:00
[2024-10-18T23:47:49.929+0000] {processor.py:175} INFO - Processing /opt/airflow/dags/dag_dataquality.py took 0.111 seconds
[2024-10-18T23:48:20.098+0000] {processor.py:153} INFO - Started process (PID=12855) to work on /opt/airflow/dags/dag_dataquality.py
[2024-10-18T23:48:20.098+0000] {processor.py:743} INFO - Processing file /opt/airflow/dags/dag_dataquality.py for tasks to queue
[2024-10-18T23:48:20.099+0000] {logging_mixin.py:137} INFO - [2024-10-18T23:48:20.099+0000] {dagbag.py:538} INFO - Filling up the DagBag from /opt/airflow/dags/dag_dataquality.py
[2024-10-18T23:48:20.136+0000] {processor.py:753} INFO - DAG(s) dict_keys(['ambev_data_quality_pipeline']) retrieved from /opt/airflow/dags/dag_dataquality.py
[2024-10-18T23:48:20.152+0000] {logging_mixin.py:137} INFO - [2024-10-18T23:48:20.152+0000] {dag.py:2690} INFO - Sync 1 DAGs
[2024-10-18T23:48:20.169+0000] {logging_mixin.py:137} INFO - [2024-10-18T23:48:20.169+0000] {dag.py:3437} INFO - Setting next_dagrun for ambev_data_quality_pipeline to 2025-12-31T09:00:00+00:00, run_after=2026-01-01T09:00:00+00:00
[2024-10-18T23:48:20.181+0000] {processor.py:175} INFO - Processing /opt/airflow/dags/dag_dataquality.py took 0.085 seconds
[2024-10-18T23:48:50.344+0000] {processor.py:153} INFO - Started process (PID=13203) to work on /opt/airflow/dags/dag_dataquality.py
[2024-10-18T23:48:50.344+0000] {processor.py:743} INFO - Processing file /opt/airflow/dags/dag_dataquality.py for tasks to queue
[2024-10-18T23:48:50.345+0000] {logging_mixin.py:137} INFO - [2024-10-18T23:48:50.345+0000] {dagbag.py:538} INFO - Filling up the DagBag from /opt/airflow/dags/dag_dataquality.py
[2024-10-18T23:48:50.378+0000] {processor.py:753} INFO - DAG(s) dict_keys(['ambev_data_quality_pipeline']) retrieved from /opt/airflow/dags/dag_dataquality.py
[2024-10-18T23:48:50.394+0000] {logging_mixin.py:137} INFO - [2024-10-18T23:48:50.394+0000] {dag.py:2690} INFO - Sync 1 DAGs
[2024-10-18T23:48:50.409+0000] {logging_mixin.py:137} INFO - [2024-10-18T23:48:50.409+0000] {dag.py:3437} INFO - Setting next_dagrun for ambev_data_quality_pipeline to 2025-12-31T09:00:00+00:00, run_after=2026-01-01T09:00:00+00:00
[2024-10-18T23:48:50.421+0000] {processor.py:175} INFO - Processing /opt/airflow/dags/dag_dataquality.py took 0.079 seconds
[2024-10-18T23:49:20.584+0000] {processor.py:153} INFO - Started process (PID=13569) to work on /opt/airflow/dags/dag_dataquality.py
[2024-10-18T23:49:20.585+0000] {processor.py:743} INFO - Processing file /opt/airflow/dags/dag_dataquality.py for tasks to queue
[2024-10-18T23:49:20.585+0000] {logging_mixin.py:137} INFO - [2024-10-18T23:49:20.585+0000] {dagbag.py:538} INFO - Filling up the DagBag from /opt/airflow/dags/dag_dataquality.py
[2024-10-18T23:49:20.622+0000] {processor.py:753} INFO - DAG(s) dict_keys(['ambev_data_quality_pipeline']) retrieved from /opt/airflow/dags/dag_dataquality.py
[2024-10-18T23:49:20.637+0000] {logging_mixin.py:137} INFO - [2024-10-18T23:49:20.637+0000] {dag.py:2690} INFO - Sync 1 DAGs
[2024-10-18T23:49:20.654+0000] {logging_mixin.py:137} INFO - [2024-10-18T23:49:20.654+0000] {dag.py:3437} INFO - Setting next_dagrun for ambev_data_quality_pipeline to 2025-12-31T09:00:00+00:00, run_after=2026-01-01T09:00:00+00:00
[2024-10-18T23:49:20.678+0000] {processor.py:175} INFO - Processing /opt/airflow/dags/dag_dataquality.py took 0.096 seconds
[2024-10-18T23:49:50.855+0000] {processor.py:153} INFO - Started process (PID=13998) to work on /opt/airflow/dags/dag_dataquality.py
[2024-10-18T23:49:50.857+0000] {processor.py:743} INFO - Processing file /opt/airflow/dags/dag_dataquality.py for tasks to queue
[2024-10-18T23:49:50.857+0000] {logging_mixin.py:137} INFO - [2024-10-18T23:49:50.857+0000] {dagbag.py:538} INFO - Filling up the DagBag from /opt/airflow/dags/dag_dataquality.py
[2024-10-18T23:49:50.909+0000] {processor.py:753} INFO - DAG(s) dict_keys(['ambev_data_quality_pipeline']) retrieved from /opt/airflow/dags/dag_dataquality.py
[2024-10-18T23:49:50.928+0000] {logging_mixin.py:137} INFO - [2024-10-18T23:49:50.928+0000] {dag.py:2690} INFO - Sync 1 DAGs
[2024-10-18T23:49:50.944+0000] {logging_mixin.py:137} INFO - [2024-10-18T23:49:50.944+0000] {dag.py:3437} INFO - Setting next_dagrun for ambev_data_quality_pipeline to 2025-12-31T09:00:00+00:00, run_after=2026-01-01T09:00:00+00:00
[2024-10-18T23:49:50.956+0000] {processor.py:175} INFO - Processing /opt/airflow/dags/dag_dataquality.py took 0.115 seconds
[2024-10-18T23:50:21.118+0000] {processor.py:153} INFO - Started process (PID=14409) to work on /opt/airflow/dags/dag_dataquality.py
[2024-10-18T23:50:21.119+0000] {processor.py:743} INFO - Processing file /opt/airflow/dags/dag_dataquality.py for tasks to queue
[2024-10-18T23:50:21.119+0000] {logging_mixin.py:137} INFO - [2024-10-18T23:50:21.119+0000] {dagbag.py:538} INFO - Filling up the DagBag from /opt/airflow/dags/dag_dataquality.py
[2024-10-18T23:50:21.151+0000] {processor.py:753} INFO - DAG(s) dict_keys(['ambev_data_quality_pipeline']) retrieved from /opt/airflow/dags/dag_dataquality.py
[2024-10-18T23:50:21.167+0000] {logging_mixin.py:137} INFO - [2024-10-18T23:50:21.167+0000] {dag.py:2690} INFO - Sync 1 DAGs
[2024-10-18T23:50:21.183+0000] {logging_mixin.py:137} INFO - [2024-10-18T23:50:21.183+0000] {dag.py:3437} INFO - Setting next_dagrun for ambev_data_quality_pipeline to 2025-12-31T09:00:00+00:00, run_after=2026-01-01T09:00:00+00:00
[2024-10-18T23:50:21.196+0000] {processor.py:175} INFO - Processing /opt/airflow/dags/dag_dataquality.py took 0.080 seconds
[2024-10-18T23:50:51.787+0000] {processor.py:153} INFO - Started process (PID=14775) to work on /opt/airflow/dags/dag_dataquality.py
[2024-10-18T23:50:51.788+0000] {processor.py:743} INFO - Processing file /opt/airflow/dags/dag_dataquality.py for tasks to queue
[2024-10-18T23:50:51.788+0000] {logging_mixin.py:137} INFO - [2024-10-18T23:50:51.788+0000] {dagbag.py:538} INFO - Filling up the DagBag from /opt/airflow/dags/dag_dataquality.py
[2024-10-18T23:50:51.821+0000] {processor.py:753} INFO - DAG(s) dict_keys(['ambev_data_quality_pipeline']) retrieved from /opt/airflow/dags/dag_dataquality.py
[2024-10-18T23:50:51.835+0000] {logging_mixin.py:137} INFO - [2024-10-18T23:50:51.835+0000] {dag.py:2690} INFO - Sync 1 DAGs
[2024-10-18T23:50:51.851+0000] {logging_mixin.py:137} INFO - [2024-10-18T23:50:51.851+0000] {dag.py:3437} INFO - Setting next_dagrun for ambev_data_quality_pipeline to 2025-12-31T09:00:00+00:00, run_after=2026-01-01T09:00:00+00:00
[2024-10-18T23:50:51.863+0000] {processor.py:175} INFO - Processing /opt/airflow/dags/dag_dataquality.py took 0.077 seconds
[2024-10-18T23:51:22.024+0000] {processor.py:153} INFO - Started process (PID=15123) to work on /opt/airflow/dags/dag_dataquality.py
[2024-10-18T23:51:22.025+0000] {processor.py:743} INFO - Processing file /opt/airflow/dags/dag_dataquality.py for tasks to queue
[2024-10-18T23:51:22.025+0000] {logging_mixin.py:137} INFO - [2024-10-18T23:51:22.025+0000] {dagbag.py:538} INFO - Filling up the DagBag from /opt/airflow/dags/dag_dataquality.py
[2024-10-18T23:51:22.060+0000] {processor.py:753} INFO - DAG(s) dict_keys(['ambev_data_quality_pipeline']) retrieved from /opt/airflow/dags/dag_dataquality.py
[2024-10-18T23:51:22.076+0000] {logging_mixin.py:137} INFO - [2024-10-18T23:51:22.076+0000] {dag.py:2690} INFO - Sync 1 DAGs
[2024-10-18T23:51:22.093+0000] {logging_mixin.py:137} INFO - [2024-10-18T23:51:22.093+0000] {dag.py:3437} INFO - Setting next_dagrun for ambev_data_quality_pipeline to 2025-12-31T09:00:00+00:00, run_after=2026-01-01T09:00:00+00:00
[2024-10-18T23:51:22.114+0000] {processor.py:175} INFO - Processing /opt/airflow/dags/dag_dataquality.py took 0.091 seconds
[2024-10-18T23:51:52.281+0000] {processor.py:153} INFO - Started process (PID=15450) to work on /opt/airflow/dags/dag_dataquality.py
[2024-10-18T23:51:52.282+0000] {processor.py:743} INFO - Processing file /opt/airflow/dags/dag_dataquality.py for tasks to queue
[2024-10-18T23:51:52.282+0000] {logging_mixin.py:137} INFO - [2024-10-18T23:51:52.282+0000] {dagbag.py:538} INFO - Filling up the DagBag from /opt/airflow/dags/dag_dataquality.py
[2024-10-18T23:51:52.317+0000] {processor.py:753} INFO - DAG(s) dict_keys(['ambev_data_quality_pipeline']) retrieved from /opt/airflow/dags/dag_dataquality.py
[2024-10-18T23:51:52.332+0000] {logging_mixin.py:137} INFO - [2024-10-18T23:51:52.332+0000] {dag.py:2690} INFO - Sync 1 DAGs
[2024-10-18T23:51:52.348+0000] {logging_mixin.py:137} INFO - [2024-10-18T23:51:52.348+0000] {dag.py:3437} INFO - Setting next_dagrun for ambev_data_quality_pipeline to 2025-12-31T09:00:00+00:00, run_after=2026-01-01T09:00:00+00:00
[2024-10-18T23:51:52.363+0000] {processor.py:175} INFO - Processing /opt/airflow/dags/dag_dataquality.py took 0.084 seconds
[2024-10-18T23:52:22.533+0000] {processor.py:153} INFO - Started process (PID=15760) to work on /opt/airflow/dags/dag_dataquality.py
[2024-10-18T23:52:22.534+0000] {processor.py:743} INFO - Processing file /opt/airflow/dags/dag_dataquality.py for tasks to queue
[2024-10-18T23:52:22.534+0000] {logging_mixin.py:137} INFO - [2024-10-18T23:52:22.534+0000] {dagbag.py:538} INFO - Filling up the DagBag from /opt/airflow/dags/dag_dataquality.py
[2024-10-18T23:52:22.570+0000] {processor.py:753} INFO - DAG(s) dict_keys(['ambev_data_quality_pipeline']) retrieved from /opt/airflow/dags/dag_dataquality.py
[2024-10-18T23:52:22.586+0000] {logging_mixin.py:137} INFO - [2024-10-18T23:52:22.586+0000] {dag.py:2690} INFO - Sync 1 DAGs
[2024-10-18T23:52:22.603+0000] {logging_mixin.py:137} INFO - [2024-10-18T23:52:22.603+0000] {dag.py:3437} INFO - Setting next_dagrun for ambev_data_quality_pipeline to 2025-12-31T09:00:00+00:00, run_after=2026-01-01T09:00:00+00:00
[2024-10-18T23:52:22.618+0000] {processor.py:175} INFO - Processing /opt/airflow/dags/dag_dataquality.py took 0.087 seconds
[2024-10-18T23:52:52.787+0000] {processor.py:153} INFO - Started process (PID=16084) to work on /opt/airflow/dags/dag_dataquality.py
[2024-10-18T23:52:52.787+0000] {processor.py:743} INFO - Processing file /opt/airflow/dags/dag_dataquality.py for tasks to queue
[2024-10-18T23:52:52.788+0000] {logging_mixin.py:137} INFO - [2024-10-18T23:52:52.788+0000] {dagbag.py:538} INFO - Filling up the DagBag from /opt/airflow/dags/dag_dataquality.py
[2024-10-18T23:52:52.823+0000] {processor.py:753} INFO - DAG(s) dict_keys(['ambev_data_quality_pipeline']) retrieved from /opt/airflow/dags/dag_dataquality.py
[2024-10-18T23:52:52.840+0000] {logging_mixin.py:137} INFO - [2024-10-18T23:52:52.839+0000] {dag.py:2690} INFO - Sync 1 DAGs
[2024-10-18T23:52:52.856+0000] {logging_mixin.py:137} INFO - [2024-10-18T23:52:52.856+0000] {dag.py:3437} INFO - Setting next_dagrun for ambev_data_quality_pipeline to 2025-12-31T09:00:00+00:00, run_after=2026-01-01T09:00:00+00:00
[2024-10-18T23:52:52.869+0000] {processor.py:175} INFO - Processing /opt/airflow/dags/dag_dataquality.py took 0.084 seconds
[2024-10-18T23:53:23.029+0000] {processor.py:153} INFO - Started process (PID=16410) to work on /opt/airflow/dags/dag_dataquality.py
[2024-10-18T23:53:23.030+0000] {processor.py:743} INFO - Processing file /opt/airflow/dags/dag_dataquality.py for tasks to queue
[2024-10-18T23:53:23.030+0000] {logging_mixin.py:137} INFO - [2024-10-18T23:53:23.030+0000] {dagbag.py:538} INFO - Filling up the DagBag from /opt/airflow/dags/dag_dataquality.py
[2024-10-18T23:53:23.064+0000] {processor.py:753} INFO - DAG(s) dict_keys(['ambev_data_quality_pipeline']) retrieved from /opt/airflow/dags/dag_dataquality.py
[2024-10-18T23:53:23.079+0000] {logging_mixin.py:137} INFO - [2024-10-18T23:53:23.078+0000] {dag.py:2690} INFO - Sync 1 DAGs
[2024-10-18T23:53:23.095+0000] {logging_mixin.py:137} INFO - [2024-10-18T23:53:23.094+0000] {dag.py:3437} INFO - Setting next_dagrun for ambev_data_quality_pipeline to 2025-12-31T09:00:00+00:00, run_after=2026-01-01T09:00:00+00:00
[2024-10-18T23:53:23.110+0000] {processor.py:175} INFO - Processing /opt/airflow/dags/dag_dataquality.py took 0.083 seconds
[2024-10-18T23:53:53.274+0000] {processor.py:153} INFO - Started process (PID=16740) to work on /opt/airflow/dags/dag_dataquality.py
[2024-10-18T23:53:53.275+0000] {processor.py:743} INFO - Processing file /opt/airflow/dags/dag_dataquality.py for tasks to queue
[2024-10-18T23:53:53.275+0000] {logging_mixin.py:137} INFO - [2024-10-18T23:53:53.275+0000] {dagbag.py:538} INFO - Filling up the DagBag from /opt/airflow/dags/dag_dataquality.py
[2024-10-18T23:53:53.309+0000] {processor.py:753} INFO - DAG(s) dict_keys(['ambev_data_quality_pipeline']) retrieved from /opt/airflow/dags/dag_dataquality.py
[2024-10-18T23:53:53.324+0000] {logging_mixin.py:137} INFO - [2024-10-18T23:53:53.324+0000] {dag.py:2690} INFO - Sync 1 DAGs
[2024-10-18T23:53:53.340+0000] {logging_mixin.py:137} INFO - [2024-10-18T23:53:53.340+0000] {dag.py:3437} INFO - Setting next_dagrun for ambev_data_quality_pipeline to 2025-12-31T09:00:00+00:00, run_after=2026-01-01T09:00:00+00:00
[2024-10-18T23:53:53.352+0000] {processor.py:175} INFO - Processing /opt/airflow/dags/dag_dataquality.py took 0.080 seconds
[2024-10-18T23:54:23.521+0000] {processor.py:153} INFO - Started process (PID=17050) to work on /opt/airflow/dags/dag_dataquality.py
[2024-10-18T23:54:23.522+0000] {processor.py:743} INFO - Processing file /opt/airflow/dags/dag_dataquality.py for tasks to queue
[2024-10-18T23:54:23.522+0000] {logging_mixin.py:137} INFO - [2024-10-18T23:54:23.522+0000] {dagbag.py:538} INFO - Filling up the DagBag from /opt/airflow/dags/dag_dataquality.py
[2024-10-18T23:54:23.557+0000] {processor.py:753} INFO - DAG(s) dict_keys(['ambev_data_quality_pipeline']) retrieved from /opt/airflow/dags/dag_dataquality.py
[2024-10-18T23:54:23.572+0000] {logging_mixin.py:137} INFO - [2024-10-18T23:54:23.572+0000] {dag.py:2690} INFO - Sync 1 DAGs
[2024-10-18T23:54:23.588+0000] {logging_mixin.py:137} INFO - [2024-10-18T23:54:23.588+0000] {dag.py:3437} INFO - Setting next_dagrun for ambev_data_quality_pipeline to 2025-12-31T09:00:00+00:00, run_after=2026-01-01T09:00:00+00:00
[2024-10-18T23:54:23.601+0000] {processor.py:175} INFO - Processing /opt/airflow/dags/dag_dataquality.py took 0.081 seconds
[2024-10-18T23:54:53.778+0000] {processor.py:153} INFO - Started process (PID=17411) to work on /opt/airflow/dags/dag_dataquality.py
[2024-10-18T23:54:53.778+0000] {processor.py:743} INFO - Processing file /opt/airflow/dags/dag_dataquality.py for tasks to queue
[2024-10-18T23:54:53.779+0000] {logging_mixin.py:137} INFO - [2024-10-18T23:54:53.779+0000] {dagbag.py:538} INFO - Filling up the DagBag from /opt/airflow/dags/dag_dataquality.py
[2024-10-18T23:54:53.812+0000] {processor.py:753} INFO - DAG(s) dict_keys(['ambev_data_quality_pipeline']) retrieved from /opt/airflow/dags/dag_dataquality.py
[2024-10-18T23:54:53.827+0000] {logging_mixin.py:137} INFO - [2024-10-18T23:54:53.827+0000] {dag.py:2690} INFO - Sync 1 DAGs
[2024-10-18T23:54:53.843+0000] {logging_mixin.py:137} INFO - [2024-10-18T23:54:53.843+0000] {dag.py:3437} INFO - Setting next_dagrun for ambev_data_quality_pipeline to 2025-12-31T09:00:00+00:00, run_after=2026-01-01T09:00:00+00:00
[2024-10-18T23:54:53.856+0000] {processor.py:175} INFO - Processing /opt/airflow/dags/dag_dataquality.py took 0.080 seconds
[2024-10-18T23:55:24.023+0000] {processor.py:153} INFO - Started process (PID=17725) to work on /opt/airflow/dags/dag_dataquality.py
[2024-10-18T23:55:24.023+0000] {processor.py:743} INFO - Processing file /opt/airflow/dags/dag_dataquality.py for tasks to queue
[2024-10-18T23:55:24.024+0000] {logging_mixin.py:137} INFO - [2024-10-18T23:55:24.024+0000] {dagbag.py:538} INFO - Filling up the DagBag from /opt/airflow/dags/dag_dataquality.py
[2024-10-18T23:55:24.059+0000] {processor.py:753} INFO - DAG(s) dict_keys(['ambev_data_quality_pipeline']) retrieved from /opt/airflow/dags/dag_dataquality.py
[2024-10-18T23:55:24.075+0000] {logging_mixin.py:137} INFO - [2024-10-18T23:55:24.075+0000] {dag.py:2690} INFO - Sync 1 DAGs
[2024-10-18T23:55:24.093+0000] {logging_mixin.py:137} INFO - [2024-10-18T23:55:24.093+0000] {dag.py:3437} INFO - Setting next_dagrun for ambev_data_quality_pipeline to 2025-12-31T09:00:00+00:00, run_after=2026-01-01T09:00:00+00:00
[2024-10-18T23:55:24.108+0000] {processor.py:175} INFO - Processing /opt/airflow/dags/dag_dataquality.py took 0.087 seconds
[2024-10-18T23:55:54.727+0000] {processor.py:153} INFO - Started process (PID=18074) to work on /opt/airflow/dags/dag_dataquality.py
[2024-10-18T23:55:54.728+0000] {processor.py:743} INFO - Processing file /opt/airflow/dags/dag_dataquality.py for tasks to queue
[2024-10-18T23:55:54.728+0000] {logging_mixin.py:137} INFO - [2024-10-18T23:55:54.728+0000] {dagbag.py:538} INFO - Filling up the DagBag from /opt/airflow/dags/dag_dataquality.py
[2024-10-18T23:55:54.764+0000] {processor.py:753} INFO - DAG(s) dict_keys(['ambev_data_quality_pipeline']) retrieved from /opt/airflow/dags/dag_dataquality.py
[2024-10-18T23:55:54.782+0000] {logging_mixin.py:137} INFO - [2024-10-18T23:55:54.782+0000] {dag.py:2690} INFO - Sync 1 DAGs
[2024-10-18T23:55:54.801+0000] {logging_mixin.py:137} INFO - [2024-10-18T23:55:54.801+0000] {dag.py:3437} INFO - Setting next_dagrun for ambev_data_quality_pipeline to 2025-12-31T09:00:00+00:00, run_after=2026-01-01T09:00:00+00:00
[2024-10-18T23:55:54.815+0000] {processor.py:175} INFO - Processing /opt/airflow/dags/dag_dataquality.py took 0.089 seconds
[2024-10-18T23:56:24.982+0000] {processor.py:153} INFO - Started process (PID=18393) to work on /opt/airflow/dags/dag_dataquality.py
[2024-10-18T23:56:24.983+0000] {processor.py:743} INFO - Processing file /opt/airflow/dags/dag_dataquality.py for tasks to queue
[2024-10-18T23:56:24.983+0000] {logging_mixin.py:137} INFO - [2024-10-18T23:56:24.983+0000] {dagbag.py:538} INFO - Filling up the DagBag from /opt/airflow/dags/dag_dataquality.py
[2024-10-18T23:56:25.019+0000] {processor.py:753} INFO - DAG(s) dict_keys(['ambev_data_quality_pipeline']) retrieved from /opt/airflow/dags/dag_dataquality.py
[2024-10-18T23:56:25.035+0000] {logging_mixin.py:137} INFO - [2024-10-18T23:56:25.034+0000] {dag.py:2690} INFO - Sync 1 DAGs
[2024-10-18T23:56:25.051+0000] {logging_mixin.py:137} INFO - [2024-10-18T23:56:25.051+0000] {dag.py:3437} INFO - Setting next_dagrun for ambev_data_quality_pipeline to 2025-12-31T09:00:00+00:00, run_after=2026-01-01T09:00:00+00:00
[2024-10-18T23:56:25.065+0000] {processor.py:175} INFO - Processing /opt/airflow/dags/dag_dataquality.py took 0.085 seconds
[2024-10-18T23:56:55.249+0000] {processor.py:153} INFO - Started process (PID=18889) to work on /opt/airflow/dags/dag_dataquality.py
[2024-10-18T23:56:55.250+0000] {processor.py:743} INFO - Processing file /opt/airflow/dags/dag_dataquality.py for tasks to queue
[2024-10-18T23:56:55.250+0000] {logging_mixin.py:137} INFO - [2024-10-18T23:56:55.250+0000] {dagbag.py:538} INFO - Filling up the DagBag from /opt/airflow/dags/dag_dataquality.py
[2024-10-18T23:56:55.296+0000] {processor.py:753} INFO - DAG(s) dict_keys(['ambev_data_quality_pipeline']) retrieved from /opt/airflow/dags/dag_dataquality.py
[2024-10-18T23:56:55.316+0000] {logging_mixin.py:137} INFO - [2024-10-18T23:56:55.316+0000] {dag.py:2690} INFO - Sync 1 DAGs
[2024-10-18T23:56:55.345+0000] {logging_mixin.py:137} INFO - [2024-10-18T23:56:55.345+0000] {dag.py:3437} INFO - Setting next_dagrun for ambev_data_quality_pipeline to 2025-12-31T09:00:00+00:00, run_after=2026-01-01T09:00:00+00:00
[2024-10-18T23:56:55.364+0000] {processor.py:175} INFO - Processing /opt/airflow/dags/dag_dataquality.py took 0.117 seconds
[2024-10-18T23:57:25.732+0000] {processor.py:153} INFO - Started process (PID=19596) to work on /opt/airflow/dags/dag_dataquality.py
[2024-10-18T23:57:25.732+0000] {processor.py:743} INFO - Processing file /opt/airflow/dags/dag_dataquality.py for tasks to queue
[2024-10-18T23:57:25.733+0000] {logging_mixin.py:137} INFO - [2024-10-18T23:57:25.732+0000] {dagbag.py:538} INFO - Filling up the DagBag from /opt/airflow/dags/dag_dataquality.py
[2024-10-18T23:57:25.766+0000] {processor.py:753} INFO - DAG(s) dict_keys(['ambev_data_quality_pipeline']) retrieved from /opt/airflow/dags/dag_dataquality.py
[2024-10-18T23:57:25.781+0000] {logging_mixin.py:137} INFO - [2024-10-18T23:57:25.780+0000] {dag.py:2690} INFO - Sync 1 DAGs
[2024-10-18T23:57:25.797+0000] {logging_mixin.py:137} INFO - [2024-10-18T23:57:25.797+0000] {dag.py:3437} INFO - Setting next_dagrun for ambev_data_quality_pipeline to 2025-12-31T09:00:00+00:00, run_after=2026-01-01T09:00:00+00:00
[2024-10-18T23:57:25.809+0000] {processor.py:175} INFO - Processing /opt/airflow/dags/dag_dataquality.py took 0.080 seconds
[2024-10-18T23:57:55.977+0000] {processor.py:153} INFO - Started process (PID=19931) to work on /opt/airflow/dags/dag_dataquality.py
[2024-10-18T23:57:55.978+0000] {processor.py:743} INFO - Processing file /opt/airflow/dags/dag_dataquality.py for tasks to queue
[2024-10-18T23:57:55.978+0000] {logging_mixin.py:137} INFO - [2024-10-18T23:57:55.978+0000] {dagbag.py:538} INFO - Filling up the DagBag from /opt/airflow/dags/dag_dataquality.py
[2024-10-18T23:57:56.013+0000] {processor.py:753} INFO - DAG(s) dict_keys(['ambev_data_quality_pipeline']) retrieved from /opt/airflow/dags/dag_dataquality.py
[2024-10-18T23:57:56.028+0000] {logging_mixin.py:137} INFO - [2024-10-18T23:57:56.028+0000] {dag.py:2690} INFO - Sync 1 DAGs
[2024-10-18T23:57:56.044+0000] {logging_mixin.py:137} INFO - [2024-10-18T23:57:56.044+0000] {dag.py:3437} INFO - Setting next_dagrun for ambev_data_quality_pipeline to 2025-12-31T09:00:00+00:00, run_after=2026-01-01T09:00:00+00:00
[2024-10-18T23:57:56.058+0000] {processor.py:175} INFO - Processing /opt/airflow/dags/dag_dataquality.py took 0.083 seconds
[2024-10-18T23:58:26.222+0000] {processor.py:153} INFO - Started process (PID=20242) to work on /opt/airflow/dags/dag_dataquality.py
[2024-10-18T23:58:26.223+0000] {processor.py:743} INFO - Processing file /opt/airflow/dags/dag_dataquality.py for tasks to queue
[2024-10-18T23:58:26.223+0000] {logging_mixin.py:137} INFO - [2024-10-18T23:58:26.223+0000] {dagbag.py:538} INFO - Filling up the DagBag from /opt/airflow/dags/dag_dataquality.py
[2024-10-18T23:58:26.257+0000] {processor.py:753} INFO - DAG(s) dict_keys(['ambev_data_quality_pipeline']) retrieved from /opt/airflow/dags/dag_dataquality.py
[2024-10-18T23:58:26.272+0000] {logging_mixin.py:137} INFO - [2024-10-18T23:58:26.272+0000] {dag.py:2690} INFO - Sync 1 DAGs
[2024-10-18T23:58:26.288+0000] {logging_mixin.py:137} INFO - [2024-10-18T23:58:26.288+0000] {dag.py:3437} INFO - Setting next_dagrun for ambev_data_quality_pipeline to 2025-12-31T09:00:00+00:00, run_after=2026-01-01T09:00:00+00:00
[2024-10-18T23:58:26.302+0000] {processor.py:175} INFO - Processing /opt/airflow/dags/dag_dataquality.py took 0.081 seconds
[2024-10-18T23:58:56.469+0000] {processor.py:153} INFO - Started process (PID=20567) to work on /opt/airflow/dags/dag_dataquality.py
[2024-10-18T23:58:56.470+0000] {processor.py:743} INFO - Processing file /opt/airflow/dags/dag_dataquality.py for tasks to queue
[2024-10-18T23:58:56.471+0000] {logging_mixin.py:137} INFO - [2024-10-18T23:58:56.471+0000] {dagbag.py:538} INFO - Filling up the DagBag from /opt/airflow/dags/dag_dataquality.py
[2024-10-18T23:58:56.507+0000] {processor.py:753} INFO - DAG(s) dict_keys(['ambev_data_quality_pipeline']) retrieved from /opt/airflow/dags/dag_dataquality.py
[2024-10-18T23:58:56.522+0000] {logging_mixin.py:137} INFO - [2024-10-18T23:58:56.522+0000] {dag.py:2690} INFO - Sync 1 DAGs
[2024-10-18T23:58:56.539+0000] {logging_mixin.py:137} INFO - [2024-10-18T23:58:56.539+0000] {dag.py:3437} INFO - Setting next_dagrun for ambev_data_quality_pipeline to 2025-12-31T09:00:00+00:00, run_after=2026-01-01T09:00:00+00:00
[2024-10-18T23:58:56.553+0000] {processor.py:175} INFO - Processing /opt/airflow/dags/dag_dataquality.py took 0.085 seconds
[2024-10-18T23:59:26.724+0000] {processor.py:153} INFO - Started process (PID=21033) to work on /opt/airflow/dags/dag_dataquality.py
[2024-10-18T23:59:26.724+0000] {processor.py:743} INFO - Processing file /opt/airflow/dags/dag_dataquality.py for tasks to queue
[2024-10-18T23:59:26.725+0000] {logging_mixin.py:137} INFO - [2024-10-18T23:59:26.725+0000] {dagbag.py:538} INFO - Filling up the DagBag from /opt/airflow/dags/dag_dataquality.py
[2024-10-18T23:59:26.758+0000] {processor.py:753} INFO - DAG(s) dict_keys(['ambev_data_quality_pipeline']) retrieved from /opt/airflow/dags/dag_dataquality.py
[2024-10-18T23:59:26.773+0000] {logging_mixin.py:137} INFO - [2024-10-18T23:59:26.773+0000] {dag.py:2690} INFO - Sync 1 DAGs
[2024-10-18T23:59:26.790+0000] {logging_mixin.py:137} INFO - [2024-10-18T23:59:26.790+0000] {dag.py:3437} INFO - Setting next_dagrun for ambev_data_quality_pipeline to 2025-12-31T09:00:00+00:00, run_after=2026-01-01T09:00:00+00:00
[2024-10-18T23:59:26.803+0000] {processor.py:175} INFO - Processing /opt/airflow/dags/dag_dataquality.py took 0.081 seconds
[2024-10-18T23:59:56.973+0000] {processor.py:153} INFO - Started process (PID=21362) to work on /opt/airflow/dags/dag_dataquality.py
[2024-10-18T23:59:56.973+0000] {processor.py:743} INFO - Processing file /opt/airflow/dags/dag_dataquality.py for tasks to queue
[2024-10-18T23:59:56.974+0000] {logging_mixin.py:137} INFO - [2024-10-18T23:59:56.974+0000] {dagbag.py:538} INFO - Filling up the DagBag from /opt/airflow/dags/dag_dataquality.py
[2024-10-18T23:59:57.010+0000] {processor.py:753} INFO - DAG(s) dict_keys(['ambev_data_quality_pipeline']) retrieved from /opt/airflow/dags/dag_dataquality.py
[2024-10-18T23:59:57.027+0000] {logging_mixin.py:137} INFO - [2024-10-18T23:59:57.026+0000] {dag.py:2690} INFO - Sync 1 DAGs
[2024-10-18T23:59:57.044+0000] {logging_mixin.py:137} INFO - [2024-10-18T23:59:57.044+0000] {dag.py:3437} INFO - Setting next_dagrun for ambev_data_quality_pipeline to 2025-12-31T09:00:00+00:00, run_after=2026-01-01T09:00:00+00:00
[2024-10-18T23:59:57.059+0000] {processor.py:175} INFO - Processing /opt/airflow/dags/dag_dataquality.py took 0.088 seconds
