[2024-10-19T14:48:39.456+0000] {taskinstance.py:1083} INFO - Dependencies all met for <TaskInstance: ambev_breweries_pipeline.run_gold manual__2024-10-19T14:48:24.795785+00:00 [queued]>
[2024-10-19T14:48:39.463+0000] {taskinstance.py:1083} INFO - Dependencies all met for <TaskInstance: ambev_breweries_pipeline.run_gold manual__2024-10-19T14:48:24.795785+00:00 [queued]>
[2024-10-19T14:48:39.463+0000] {taskinstance.py:1279} INFO - 
--------------------------------------------------------------------------------
[2024-10-19T14:48:39.464+0000] {taskinstance.py:1280} INFO - Starting attempt 1 of 1
[2024-10-19T14:48:39.464+0000] {taskinstance.py:1281} INFO - 
--------------------------------------------------------------------------------
[2024-10-19T14:48:39.472+0000] {taskinstance.py:1300} INFO - Executing <Task(BashOperator): run_gold> on 2024-10-19 14:48:24.795785+00:00
[2024-10-19T14:48:39.476+0000] {standard_task_runner.py:55} INFO - Started process 16804 to run task
[2024-10-19T14:48:39.478+0000] {standard_task_runner.py:82} INFO - Running: ['***', 'tasks', 'run', 'ambev_breweries_pipeline', 'run_gold', 'manual__2024-10-19T14:48:24.795785+00:00', '--job-id', '30', '--raw', '--subdir', 'DAGS_FOLDER/dag_brewery.py', '--cfg-path', '/tmp/tmp1u9doml4']
[2024-10-19T14:48:39.479+0000] {standard_task_runner.py:83} INFO - Job 30: Subtask run_gold
[2024-10-19T14:48:39.489+0000] {logging_mixin.py:137} WARNING - /usr/local/lib/python3.9/site-packages/***/settings.py:249 DeprecationWarning: The sql_alchemy_conn option in [core] has been moved to the sql_alchemy_conn option in [database] - the old setting has been used, but please update your config.
[2024-10-19T14:48:39.524+0000] {task_command.py:388} INFO - Running <TaskInstance: ambev_breweries_pipeline.run_gold manual__2024-10-19T14:48:24.795785+00:00 [running]> on host 39b0b1bd9d5a
[2024-10-19T14:48:39.570+0000] {taskinstance.py:1507} INFO - Exporting the following env vars:
AIRFLOW_CTX_DAG_OWNER=Klaus_Rezende
AIRFLOW_CTX_DAG_ID=ambev_breweries_pipeline
AIRFLOW_CTX_TASK_ID=run_gold
AIRFLOW_CTX_EXECUTION_DATE=2024-10-19T14:48:24.795785+00:00
AIRFLOW_CTX_TRY_NUMBER=1
AIRFLOW_CTX_DAG_RUN_ID=manual__2024-10-19T14:48:24.795785+00:00
[2024-10-19T14:48:39.571+0000] {subprocess.py:63} INFO - Tmp dir root location: 
 /tmp
[2024-10-19T14:48:39.572+0000] {subprocess.py:75} INFO - Running command: ['/usr/bin/bash', '-c', 'python3 /opt/***/scripts/gold_brewery.py']
[2024-10-19T14:48:39.578+0000] {subprocess.py:86} INFO - Output:
[2024-10-19T14:48:40.893+0000] {subprocess.py:93} INFO - Setting default log level to "WARN".
[2024-10-19T14:48:40.894+0000] {subprocess.py:93} INFO - To adjust logging level use sc.setLogLevel(newLevel). For SparkR, use setLogLevel(newLevel).
[2024-10-19T14:48:40.994+0000] {subprocess.py:93} INFO - 24/10/19 14:48:40 WARN NativeCodeLoader: Unable to load native-hadoop library for your platform... using builtin-java classes where applicable
[2024-10-19T14:48:44.007+0000] {subprocess.py:93} INFO - Traceback (most recent call last):
[2024-10-19T14:48:44.007+0000] {subprocess.py:93} INFO -   File "/opt/***/scripts/gold_brewery.py", line 18, in <module>
[2024-10-19T14:48:44.009+0000] {subprocess.py:93} INFO -     df_gold = df.groupBy(df.name_state, df.brewery_type).count()
[2024-10-19T14:48:44.009+0000] {subprocess.py:93} INFO -   File "/usr/local/lib/python3.9/site-packages/pyspark/sql/dataframe.py", line 3127, in __getattr__
[2024-10-19T14:48:44.010+0000] {subprocess.py:93} INFO -     raise AttributeError(
[2024-10-19T14:48:44.010+0000] {subprocess.py:93} INFO - AttributeError: 'DataFrame' object has no attribute 'name_state'
[2024-10-19T14:48:44.405+0000] {subprocess.py:97} INFO - Command exited with return code 1
[2024-10-19T14:48:44.415+0000] {taskinstance.py:1768} ERROR - Task failed with exception
Traceback (most recent call last):
  File "/usr/local/lib/python3.9/site-packages/airflow/operators/bash.py", line 196, in execute
    raise AirflowException(
airflow.exceptions.AirflowException: Bash command failed. The command returned a non-zero exit code 1.
[2024-10-19T14:48:44.417+0000] {taskinstance.py:1318} INFO - Marking task as FAILED. dag_id=ambev_breweries_pipeline, task_id=run_gold, execution_date=20241019T144824, start_date=20241019T144839, end_date=20241019T144844
[2024-10-19T14:48:44.426+0000] {standard_task_runner.py:100} ERROR - Failed to execute job 30 for task run_gold (Bash command failed. The command returned a non-zero exit code 1.; 16804)
[2024-10-19T14:48:44.463+0000] {local_task_job.py:208} INFO - Task exited with return code 1
[2024-10-19T14:48:44.480+0000] {taskinstance.py:2578} INFO - 0 downstream tasks scheduled from follow-on schedule check
