[2024-10-17T21:25:19.042+0000] {processor.py:153} INFO - Started process (PID=88) to work on /usr/local/lib/python3.9/site-packages/airflow/example_dags/example_short_circuit_decorator.py
[2024-10-17T21:25:19.042+0000] {processor.py:743} INFO - Processing file /usr/local/lib/python3.9/site-packages/airflow/example_dags/example_short_circuit_decorator.py for tasks to queue
[2024-10-17T21:25:19.043+0000] {logging_mixin.py:137} INFO - [2024-10-17T21:25:19.043+0000] {dagbag.py:538} INFO - Filling up the DagBag from /usr/local/lib/python3.9/site-packages/airflow/example_dags/example_short_circuit_decorator.py
[2024-10-17T21:25:19.061+0000] {processor.py:753} INFO - DAG(s) dict_keys(['example_short_circuit_decorator']) retrieved from /usr/local/lib/python3.9/site-packages/airflow/example_dags/example_short_circuit_decorator.py
[2024-10-17T21:25:19.134+0000] {logging_mixin.py:137} INFO - [2024-10-17T21:25:19.134+0000] {manager.py:504} INFO - Created Permission View: can read on DAG:example_short_circuit_decorator
[2024-10-17T21:25:19.140+0000] {logging_mixin.py:137} INFO - [2024-10-17T21:25:19.140+0000] {manager.py:504} INFO - Created Permission View: can delete on DAG:example_short_circuit_decorator
[2024-10-17T21:25:19.145+0000] {logging_mixin.py:137} INFO - [2024-10-17T21:25:19.145+0000] {manager.py:504} INFO - Created Permission View: can edit on DAG:example_short_circuit_decorator
[2024-10-17T21:25:19.145+0000] {logging_mixin.py:137} INFO - [2024-10-17T21:25:19.145+0000] {dag.py:2690} INFO - Sync 1 DAGs
[2024-10-17T21:25:19.154+0000] {logging_mixin.py:137} INFO - [2024-10-17T21:25:19.154+0000] {dag.py:2711} INFO - Creating ORM DAG for example_short_circuit_decorator
[2024-10-17T21:25:19.160+0000] {logging_mixin.py:137} INFO - [2024-10-17T21:25:19.160+0000] {dag.py:3437} INFO - Setting next_dagrun for example_short_circuit_decorator to 2024-10-16T21:25:19.160430+00:00, run_after=2024-10-17T21:25:19.160430+00:00
[2024-10-17T21:25:19.171+0000] {processor.py:175} INFO - Processing /usr/local/lib/python3.9/site-packages/airflow/example_dags/example_short_circuit_decorator.py took 0.132 seconds
[2024-10-17T21:25:50.115+0000] {processor.py:153} INFO - Started process (PID=133) to work on /usr/local/lib/python3.9/site-packages/airflow/example_dags/example_short_circuit_decorator.py
[2024-10-17T21:25:50.116+0000] {processor.py:743} INFO - Processing file /usr/local/lib/python3.9/site-packages/airflow/example_dags/example_short_circuit_decorator.py for tasks to queue
[2024-10-17T21:25:50.116+0000] {logging_mixin.py:137} INFO - [2024-10-17T21:25:50.116+0000] {dagbag.py:538} INFO - Filling up the DagBag from /usr/local/lib/python3.9/site-packages/airflow/example_dags/example_short_circuit_decorator.py
[2024-10-17T21:25:50.135+0000] {processor.py:753} INFO - DAG(s) dict_keys(['example_short_circuit_decorator']) retrieved from /usr/local/lib/python3.9/site-packages/airflow/example_dags/example_short_circuit_decorator.py
[2024-10-17T21:25:50.151+0000] {logging_mixin.py:137} INFO - [2024-10-17T21:25:50.151+0000] {dag.py:2690} INFO - Sync 1 DAGs
[2024-10-17T21:25:50.165+0000] {logging_mixin.py:137} INFO - [2024-10-17T21:25:50.165+0000] {dag.py:3437} INFO - Setting next_dagrun for example_short_circuit_decorator to 2024-10-16T21:25:50.165609+00:00, run_after=2024-10-17T21:25:50.165609+00:00
[2024-10-17T21:25:50.177+0000] {processor.py:175} INFO - Processing /usr/local/lib/python3.9/site-packages/airflow/example_dags/example_short_circuit_decorator.py took 0.065 seconds
[2024-10-17T21:26:20.965+0000] {processor.py:153} INFO - Started process (PID=175) to work on /usr/local/lib/python3.9/site-packages/airflow/example_dags/example_short_circuit_decorator.py
[2024-10-17T21:26:20.965+0000] {processor.py:743} INFO - Processing file /usr/local/lib/python3.9/site-packages/airflow/example_dags/example_short_circuit_decorator.py for tasks to queue
[2024-10-17T21:26:20.966+0000] {logging_mixin.py:137} INFO - [2024-10-17T21:26:20.966+0000] {dagbag.py:538} INFO - Filling up the DagBag from /usr/local/lib/python3.9/site-packages/airflow/example_dags/example_short_circuit_decorator.py
[2024-10-17T21:26:20.984+0000] {processor.py:753} INFO - DAG(s) dict_keys(['example_short_circuit_decorator']) retrieved from /usr/local/lib/python3.9/site-packages/airflow/example_dags/example_short_circuit_decorator.py
[2024-10-17T21:26:21.001+0000] {logging_mixin.py:137} INFO - [2024-10-17T21:26:21.001+0000] {dag.py:2690} INFO - Sync 1 DAGs
[2024-10-17T21:26:21.016+0000] {logging_mixin.py:137} INFO - [2024-10-17T21:26:21.016+0000] {dag.py:3437} INFO - Setting next_dagrun for example_short_circuit_decorator to 2024-10-16T21:26:21.016093+00:00, run_after=2024-10-17T21:26:21.016093+00:00
[2024-10-17T21:26:21.028+0000] {processor.py:175} INFO - Processing /usr/local/lib/python3.9/site-packages/airflow/example_dags/example_short_circuit_decorator.py took 0.065 seconds
