[2024-10-17T21:25:18.714+0000] {processor.py:153} INFO - Started process (PID=83) to work on /usr/local/lib/python3.9/site-packages/airflow/example_dags/example_branch_labels.py
[2024-10-17T21:25:18.715+0000] {processor.py:743} INFO - Processing file /usr/local/lib/python3.9/site-packages/airflow/example_dags/example_branch_labels.py for tasks to queue
[2024-10-17T21:25:18.715+0000] {logging_mixin.py:137} INFO - [2024-10-17T21:25:18.715+0000] {dagbag.py:538} INFO - Filling up the DagBag from /usr/local/lib/python3.9/site-packages/airflow/example_dags/example_branch_labels.py
[2024-10-17T21:25:18.725+0000] {processor.py:753} INFO - DAG(s) dict_keys(['example_branch_labels']) retrieved from /usr/local/lib/python3.9/site-packages/airflow/example_dags/example_branch_labels.py
[2024-10-17T21:25:18.797+0000] {logging_mixin.py:137} INFO - [2024-10-17T21:25:18.797+0000] {manager.py:504} INFO - Created Permission View: can read on DAG:example_branch_labels
[2024-10-17T21:25:18.803+0000] {logging_mixin.py:137} INFO - [2024-10-17T21:25:18.803+0000] {manager.py:504} INFO - Created Permission View: can delete on DAG:example_branch_labels
[2024-10-17T21:25:18.808+0000] {logging_mixin.py:137} INFO - [2024-10-17T21:25:18.808+0000] {manager.py:504} INFO - Created Permission View: can edit on DAG:example_branch_labels
[2024-10-17T21:25:18.808+0000] {logging_mixin.py:137} INFO - [2024-10-17T21:25:18.808+0000] {dag.py:2690} INFO - Sync 1 DAGs
[2024-10-17T21:25:18.815+0000] {logging_mixin.py:137} INFO - [2024-10-17T21:25:18.815+0000] {dag.py:2711} INFO - Creating ORM DAG for example_branch_labels
[2024-10-17T21:25:18.825+0000] {logging_mixin.py:137} INFO - [2024-10-17T21:25:18.825+0000] {dag.py:3437} INFO - Setting next_dagrun for example_branch_labels to 2024-10-16T00:00:00+00:00, run_after=2024-10-17T00:00:00+00:00
[2024-10-17T21:25:18.836+0000] {processor.py:175} INFO - Processing /usr/local/lib/python3.9/site-packages/airflow/example_dags/example_branch_labels.py took 0.124 seconds
[2024-10-17T21:25:48.933+0000] {processor.py:153} INFO - Started process (PID=128) to work on /usr/local/lib/python3.9/site-packages/airflow/example_dags/example_branch_labels.py
[2024-10-17T21:25:48.933+0000] {processor.py:743} INFO - Processing file /usr/local/lib/python3.9/site-packages/airflow/example_dags/example_branch_labels.py for tasks to queue
[2024-10-17T21:25:48.934+0000] {logging_mixin.py:137} INFO - [2024-10-17T21:25:48.934+0000] {dagbag.py:538} INFO - Filling up the DagBag from /usr/local/lib/python3.9/site-packages/airflow/example_dags/example_branch_labels.py
[2024-10-17T21:25:48.944+0000] {processor.py:753} INFO - DAG(s) dict_keys(['example_branch_labels']) retrieved from /usr/local/lib/python3.9/site-packages/airflow/example_dags/example_branch_labels.py
[2024-10-17T21:25:48.959+0000] {logging_mixin.py:137} INFO - [2024-10-17T21:25:48.959+0000] {dag.py:2690} INFO - Sync 1 DAGs
[2024-10-17T21:25:48.974+0000] {logging_mixin.py:137} INFO - [2024-10-17T21:25:48.974+0000] {dag.py:3437} INFO - Setting next_dagrun for example_branch_labels to 2024-10-16T00:00:00+00:00, run_after=2024-10-17T00:00:00+00:00
[2024-10-17T21:25:48.985+0000] {processor.py:175} INFO - Processing /usr/local/lib/python3.9/site-packages/airflow/example_dags/example_branch_labels.py took 0.054 seconds
[2024-10-17T21:26:19.750+0000] {processor.py:153} INFO - Started process (PID=169) to work on /usr/local/lib/python3.9/site-packages/airflow/example_dags/example_branch_labels.py
[2024-10-17T21:26:19.751+0000] {processor.py:743} INFO - Processing file /usr/local/lib/python3.9/site-packages/airflow/example_dags/example_branch_labels.py for tasks to queue
[2024-10-17T21:26:19.751+0000] {logging_mixin.py:137} INFO - [2024-10-17T21:26:19.751+0000] {dagbag.py:538} INFO - Filling up the DagBag from /usr/local/lib/python3.9/site-packages/airflow/example_dags/example_branch_labels.py
[2024-10-17T21:26:19.763+0000] {processor.py:753} INFO - DAG(s) dict_keys(['example_branch_labels']) retrieved from /usr/local/lib/python3.9/site-packages/airflow/example_dags/example_branch_labels.py
[2024-10-17T21:26:19.780+0000] {logging_mixin.py:137} INFO - [2024-10-17T21:26:19.779+0000] {dag.py:2690} INFO - Sync 1 DAGs
[2024-10-17T21:26:19.796+0000] {logging_mixin.py:137} INFO - [2024-10-17T21:26:19.796+0000] {dag.py:3437} INFO - Setting next_dagrun for example_branch_labels to 2024-10-16T00:00:00+00:00, run_after=2024-10-17T00:00:00+00:00
[2024-10-17T21:26:19.808+0000] {processor.py:175} INFO - Processing /usr/local/lib/python3.9/site-packages/airflow/example_dags/example_branch_labels.py took 0.060 seconds
