[2024-10-17T21:25:17.638+0000] {processor.py:153} INFO - Started process (PID=70) to work on /usr/local/lib/python3.9/site-packages/airflow/example_dags/example_trigger_target_dag.py
[2024-10-17T21:25:17.638+0000] {processor.py:743} INFO - Processing file /usr/local/lib/python3.9/site-packages/airflow/example_dags/example_trigger_target_dag.py for tasks to queue
[2024-10-17T21:25:17.639+0000] {logging_mixin.py:137} INFO - [2024-10-17T21:25:17.639+0000] {dagbag.py:538} INFO - Filling up the DagBag from /usr/local/lib/python3.9/site-packages/airflow/example_dags/example_trigger_target_dag.py
[2024-10-17T21:25:17.655+0000] {processor.py:753} INFO - DAG(s) dict_keys(['example_trigger_target_dag']) retrieved from /usr/local/lib/python3.9/site-packages/airflow/example_dags/example_trigger_target_dag.py
[2024-10-17T21:25:17.737+0000] {logging_mixin.py:137} INFO - [2024-10-17T21:25:17.737+0000] {manager.py:504} INFO - Created Permission View: can read on DAG:example_trigger_target_dag
[2024-10-17T21:25:17.744+0000] {logging_mixin.py:137} INFO - [2024-10-17T21:25:17.743+0000] {manager.py:504} INFO - Created Permission View: can delete on DAG:example_trigger_target_dag
[2024-10-17T21:25:17.750+0000] {logging_mixin.py:137} INFO - [2024-10-17T21:25:17.750+0000] {manager.py:504} INFO - Created Permission View: can edit on DAG:example_trigger_target_dag
[2024-10-17T21:25:17.750+0000] {logging_mixin.py:137} INFO - [2024-10-17T21:25:17.750+0000] {dag.py:2690} INFO - Sync 1 DAGs
[2024-10-17T21:25:17.760+0000] {logging_mixin.py:137} INFO - [2024-10-17T21:25:17.759+0000] {dag.py:2711} INFO - Creating ORM DAG for example_trigger_target_dag
[2024-10-17T21:25:17.766+0000] {logging_mixin.py:137} INFO - [2024-10-17T21:25:17.766+0000] {dag.py:3437} INFO - Setting next_dagrun for example_trigger_target_dag to None, run_after=None
[2024-10-17T21:25:17.779+0000] {processor.py:175} INFO - Processing /usr/local/lib/python3.9/site-packages/airflow/example_dags/example_trigger_target_dag.py took 0.143 seconds
[2024-10-17T21:25:48.396+0000] {processor.py:153} INFO - Started process (PID=115) to work on /usr/local/lib/python3.9/site-packages/airflow/example_dags/example_trigger_target_dag.py
[2024-10-17T21:25:48.396+0000] {processor.py:743} INFO - Processing file /usr/local/lib/python3.9/site-packages/airflow/example_dags/example_trigger_target_dag.py for tasks to queue
[2024-10-17T21:25:48.397+0000] {logging_mixin.py:137} INFO - [2024-10-17T21:25:48.397+0000] {dagbag.py:538} INFO - Filling up the DagBag from /usr/local/lib/python3.9/site-packages/airflow/example_dags/example_trigger_target_dag.py
[2024-10-17T21:25:48.412+0000] {processor.py:753} INFO - DAG(s) dict_keys(['example_trigger_target_dag']) retrieved from /usr/local/lib/python3.9/site-packages/airflow/example_dags/example_trigger_target_dag.py
[2024-10-17T21:25:48.428+0000] {logging_mixin.py:137} INFO - [2024-10-17T21:25:48.427+0000] {dag.py:2690} INFO - Sync 1 DAGs
[2024-10-17T21:25:48.441+0000] {logging_mixin.py:137} INFO - [2024-10-17T21:25:48.441+0000] {dag.py:3437} INFO - Setting next_dagrun for example_trigger_target_dag to None, run_after=None
[2024-10-17T21:25:48.453+0000] {processor.py:175} INFO - Processing /usr/local/lib/python3.9/site-packages/airflow/example_dags/example_trigger_target_dag.py took 0.059 seconds
[2024-10-17T21:26:19.116+0000] {processor.py:153} INFO - Started process (PID=156) to work on /usr/local/lib/python3.9/site-packages/airflow/example_dags/example_trigger_target_dag.py
[2024-10-17T21:26:19.117+0000] {processor.py:743} INFO - Processing file /usr/local/lib/python3.9/site-packages/airflow/example_dags/example_trigger_target_dag.py for tasks to queue
[2024-10-17T21:26:19.118+0000] {logging_mixin.py:137} INFO - [2024-10-17T21:26:19.117+0000] {dagbag.py:538} INFO - Filling up the DagBag from /usr/local/lib/python3.9/site-packages/airflow/example_dags/example_trigger_target_dag.py
[2024-10-17T21:26:19.133+0000] {processor.py:753} INFO - DAG(s) dict_keys(['example_trigger_target_dag']) retrieved from /usr/local/lib/python3.9/site-packages/airflow/example_dags/example_trigger_target_dag.py
[2024-10-17T21:26:19.149+0000] {logging_mixin.py:137} INFO - [2024-10-17T21:26:19.148+0000] {dag.py:2690} INFO - Sync 1 DAGs
[2024-10-17T21:26:19.164+0000] {logging_mixin.py:137} INFO - [2024-10-17T21:26:19.164+0000] {dag.py:3437} INFO - Setting next_dagrun for example_trigger_target_dag to None, run_after=None
[2024-10-17T21:26:19.177+0000] {processor.py:175} INFO - Processing /usr/local/lib/python3.9/site-packages/airflow/example_dags/example_trigger_target_dag.py took 0.063 seconds
