[2024-10-17T21:25:18.087+0000] {processor.py:153} INFO - Started process (PID=75) to work on /usr/local/lib/python3.9/site-packages/airflow/example_dags/example_time_delta_sensor_async.py
[2024-10-17T21:25:18.088+0000] {processor.py:743} INFO - Processing file /usr/local/lib/python3.9/site-packages/airflow/example_dags/example_time_delta_sensor_async.py for tasks to queue
[2024-10-17T21:25:18.088+0000] {logging_mixin.py:137} INFO - [2024-10-17T21:25:18.088+0000] {dagbag.py:538} INFO - Filling up the DagBag from /usr/local/lib/python3.9/site-packages/airflow/example_dags/example_time_delta_sensor_async.py
[2024-10-17T21:25:18.098+0000] {processor.py:753} INFO - DAG(s) dict_keys(['example_time_delta_sensor_async']) retrieved from /usr/local/lib/python3.9/site-packages/airflow/example_dags/example_time_delta_sensor_async.py
[2024-10-17T21:25:18.172+0000] {logging_mixin.py:137} INFO - [2024-10-17T21:25:18.172+0000] {manager.py:504} INFO - Created Permission View: can read on DAG:example_time_delta_sensor_async
[2024-10-17T21:25:18.179+0000] {logging_mixin.py:137} INFO - [2024-10-17T21:25:18.178+0000] {manager.py:504} INFO - Created Permission View: can delete on DAG:example_time_delta_sensor_async
[2024-10-17T21:25:18.184+0000] {logging_mixin.py:137} INFO - [2024-10-17T21:25:18.184+0000] {manager.py:504} INFO - Created Permission View: can edit on DAG:example_time_delta_sensor_async
[2024-10-17T21:25:18.184+0000] {logging_mixin.py:137} INFO - [2024-10-17T21:25:18.184+0000] {dag.py:2690} INFO - Sync 1 DAGs
[2024-10-17T21:25:18.192+0000] {logging_mixin.py:137} INFO - [2024-10-17T21:25:18.192+0000] {dag.py:2711} INFO - Creating ORM DAG for example_time_delta_sensor_async
[2024-10-17T21:25:18.199+0000] {logging_mixin.py:137} INFO - [2024-10-17T21:25:18.199+0000] {dag.py:3437} INFO - Setting next_dagrun for example_time_delta_sensor_async to None, run_after=None
[2024-10-17T21:25:18.213+0000] {processor.py:175} INFO - Processing /usr/local/lib/python3.9/site-packages/airflow/example_dags/example_time_delta_sensor_async.py took 0.127 seconds
[2024-10-17T21:25:48.617+0000] {processor.py:153} INFO - Started process (PID=120) to work on /usr/local/lib/python3.9/site-packages/airflow/example_dags/example_time_delta_sensor_async.py
[2024-10-17T21:25:48.618+0000] {processor.py:743} INFO - Processing file /usr/local/lib/python3.9/site-packages/airflow/example_dags/example_time_delta_sensor_async.py for tasks to queue
[2024-10-17T21:25:48.618+0000] {logging_mixin.py:137} INFO - [2024-10-17T21:25:48.618+0000] {dagbag.py:538} INFO - Filling up the DagBag from /usr/local/lib/python3.9/site-packages/airflow/example_dags/example_time_delta_sensor_async.py
[2024-10-17T21:25:48.627+0000] {processor.py:753} INFO - DAG(s) dict_keys(['example_time_delta_sensor_async']) retrieved from /usr/local/lib/python3.9/site-packages/airflow/example_dags/example_time_delta_sensor_async.py
[2024-10-17T21:25:48.642+0000] {logging_mixin.py:137} INFO - [2024-10-17T21:25:48.642+0000] {dag.py:2690} INFO - Sync 1 DAGs
[2024-10-17T21:25:48.657+0000] {logging_mixin.py:137} INFO - [2024-10-17T21:25:48.657+0000] {dag.py:3437} INFO - Setting next_dagrun for example_time_delta_sensor_async to None, run_after=None
[2024-10-17T21:25:48.668+0000] {processor.py:175} INFO - Processing /usr/local/lib/python3.9/site-packages/airflow/example_dags/example_time_delta_sensor_async.py took 0.053 seconds
[2024-10-17T21:26:19.433+0000] {processor.py:153} INFO - Started process (PID=161) to work on /usr/local/lib/python3.9/site-packages/airflow/example_dags/example_time_delta_sensor_async.py
[2024-10-17T21:26:19.434+0000] {processor.py:743} INFO - Processing file /usr/local/lib/python3.9/site-packages/airflow/example_dags/example_time_delta_sensor_async.py for tasks to queue
[2024-10-17T21:26:19.434+0000] {logging_mixin.py:137} INFO - [2024-10-17T21:26:19.434+0000] {dagbag.py:538} INFO - Filling up the DagBag from /usr/local/lib/python3.9/site-packages/airflow/example_dags/example_time_delta_sensor_async.py
[2024-10-17T21:26:19.443+0000] {processor.py:753} INFO - DAG(s) dict_keys(['example_time_delta_sensor_async']) retrieved from /usr/local/lib/python3.9/site-packages/airflow/example_dags/example_time_delta_sensor_async.py
[2024-10-17T21:26:19.459+0000] {logging_mixin.py:137} INFO - [2024-10-17T21:26:19.459+0000] {dag.py:2690} INFO - Sync 1 DAGs
[2024-10-17T21:26:19.474+0000] {logging_mixin.py:137} INFO - [2024-10-17T21:26:19.474+0000] {dag.py:3437} INFO - Setting next_dagrun for example_time_delta_sensor_async to None, run_after=None
[2024-10-17T21:26:19.486+0000] {processor.py:175} INFO - Processing /usr/local/lib/python3.9/site-packages/airflow/example_dags/example_time_delta_sensor_async.py took 0.055 seconds
