[2024-10-17T21:25:18.796+0000] {processor.py:153} INFO - Started process (PID=84) to work on /usr/local/lib/python3.9/site-packages/airflow/example_dags/example_bash_operator.py
[2024-10-17T21:25:18.796+0000] {processor.py:743} INFO - Processing file /usr/local/lib/python3.9/site-packages/airflow/example_dags/example_bash_operator.py for tasks to queue
[2024-10-17T21:25:18.797+0000] {logging_mixin.py:137} INFO - [2024-10-17T21:25:18.797+0000] {dagbag.py:538} INFO - Filling up the DagBag from /usr/local/lib/python3.9/site-packages/airflow/example_dags/example_bash_operator.py
[2024-10-17T21:25:18.809+0000] {processor.py:753} INFO - DAG(s) dict_keys(['example_bash_operator']) retrieved from /usr/local/lib/python3.9/site-packages/airflow/example_dags/example_bash_operator.py
[2024-10-17T21:25:18.886+0000] {logging_mixin.py:137} INFO - [2024-10-17T21:25:18.886+0000] {manager.py:504} INFO - Created Permission View: can read on DAG:example_bash_operator
[2024-10-17T21:25:18.892+0000] {logging_mixin.py:137} INFO - [2024-10-17T21:25:18.892+0000] {manager.py:504} INFO - Created Permission View: can delete on DAG:example_bash_operator
[2024-10-17T21:25:18.897+0000] {logging_mixin.py:137} INFO - [2024-10-17T21:25:18.897+0000] {manager.py:504} INFO - Created Permission View: can edit on DAG:example_bash_operator
[2024-10-17T21:25:18.897+0000] {logging_mixin.py:137} INFO - [2024-10-17T21:25:18.897+0000] {dag.py:2690} INFO - Sync 1 DAGs
[2024-10-17T21:25:18.904+0000] {logging_mixin.py:137} INFO - [2024-10-17T21:25:18.904+0000] {dag.py:2711} INFO - Creating ORM DAG for example_bash_operator
[2024-10-17T21:25:18.913+0000] {logging_mixin.py:137} INFO - [2024-10-17T21:25:18.913+0000] {dag.py:3437} INFO - Setting next_dagrun for example_bash_operator to 2024-10-16T00:00:00+00:00, run_after=2024-10-17T00:00:00+00:00
[2024-10-17T21:25:18.924+0000] {processor.py:175} INFO - Processing /usr/local/lib/python3.9/site-packages/airflow/example_dags/example_bash_operator.py took 0.131 seconds
[2024-10-17T21:25:48.982+0000] {processor.py:153} INFO - Started process (PID=129) to work on /usr/local/lib/python3.9/site-packages/airflow/example_dags/example_bash_operator.py
[2024-10-17T21:25:48.983+0000] {processor.py:743} INFO - Processing file /usr/local/lib/python3.9/site-packages/airflow/example_dags/example_bash_operator.py for tasks to queue
[2024-10-17T21:25:48.983+0000] {logging_mixin.py:137} INFO - [2024-10-17T21:25:48.983+0000] {dagbag.py:538} INFO - Filling up the DagBag from /usr/local/lib/python3.9/site-packages/airflow/example_dags/example_bash_operator.py
[2024-10-17T21:25:48.997+0000] {processor.py:753} INFO - DAG(s) dict_keys(['example_bash_operator']) retrieved from /usr/local/lib/python3.9/site-packages/airflow/example_dags/example_bash_operator.py
[2024-10-17T21:25:49.018+0000] {logging_mixin.py:137} INFO - [2024-10-17T21:25:49.018+0000] {dag.py:2690} INFO - Sync 1 DAGs
[2024-10-17T21:25:49.035+0000] {logging_mixin.py:137} INFO - [2024-10-17T21:25:49.035+0000] {dag.py:3437} INFO - Setting next_dagrun for example_bash_operator to 2024-10-16T00:00:00+00:00, run_after=2024-10-17T00:00:00+00:00
[2024-10-17T21:25:49.047+0000] {processor.py:175} INFO - Processing /usr/local/lib/python3.9/site-packages/airflow/example_dags/example_bash_operator.py took 0.067 seconds
[2024-10-17T21:26:19.823+0000] {processor.py:153} INFO - Started process (PID=170) to work on /usr/local/lib/python3.9/site-packages/airflow/example_dags/example_bash_operator.py
[2024-10-17T21:26:19.824+0000] {processor.py:743} INFO - Processing file /usr/local/lib/python3.9/site-packages/airflow/example_dags/example_bash_operator.py for tasks to queue
[2024-10-17T21:26:19.825+0000] {logging_mixin.py:137} INFO - [2024-10-17T21:26:19.825+0000] {dagbag.py:538} INFO - Filling up the DagBag from /usr/local/lib/python3.9/site-packages/airflow/example_dags/example_bash_operator.py
[2024-10-17T21:26:19.838+0000] {processor.py:753} INFO - DAG(s) dict_keys(['example_bash_operator']) retrieved from /usr/local/lib/python3.9/site-packages/airflow/example_dags/example_bash_operator.py
[2024-10-17T21:26:19.860+0000] {logging_mixin.py:137} INFO - [2024-10-17T21:26:19.860+0000] {dag.py:2690} INFO - Sync 1 DAGs
[2024-10-17T21:26:19.876+0000] {logging_mixin.py:137} INFO - [2024-10-17T21:26:19.876+0000] {dag.py:3437} INFO - Setting next_dagrun for example_bash_operator to 2024-10-16T00:00:00+00:00, run_after=2024-10-17T00:00:00+00:00
[2024-10-17T21:26:19.888+0000] {processor.py:175} INFO - Processing /usr/local/lib/python3.9/site-packages/airflow/example_dags/example_bash_operator.py took 0.066 seconds
