[2024-10-17T21:25:18.268+0000] {processor.py:153} INFO - Started process (PID=78) to work on /usr/local/lib/python3.9/site-packages/airflow/example_dags/example_branch_operator_decorator.py
[2024-10-17T21:25:18.268+0000] {processor.py:743} INFO - Processing file /usr/local/lib/python3.9/site-packages/airflow/example_dags/example_branch_operator_decorator.py for tasks to queue
[2024-10-17T21:25:18.269+0000] {logging_mixin.py:137} INFO - [2024-10-17T21:25:18.269+0000] {dagbag.py:538} INFO - Filling up the DagBag from /usr/local/lib/python3.9/site-packages/airflow/example_dags/example_branch_operator_decorator.py
[2024-10-17T21:25:18.287+0000] {processor.py:753} INFO - DAG(s) dict_keys(['example_branch_python_operator_decorator']) retrieved from /usr/local/lib/python3.9/site-packages/airflow/example_dags/example_branch_operator_decorator.py
[2024-10-17T21:25:18.360+0000] {logging_mixin.py:137} INFO - [2024-10-17T21:25:18.360+0000] {manager.py:504} INFO - Created Permission View: can read on DAG:example_branch_python_operator_decorator
[2024-10-17T21:25:18.367+0000] {logging_mixin.py:137} INFO - [2024-10-17T21:25:18.367+0000] {manager.py:504} INFO - Created Permission View: can delete on DAG:example_branch_python_operator_decorator
[2024-10-17T21:25:18.372+0000] {logging_mixin.py:137} INFO - [2024-10-17T21:25:18.372+0000] {manager.py:504} INFO - Created Permission View: can edit on DAG:example_branch_python_operator_decorator
[2024-10-17T21:25:18.373+0000] {logging_mixin.py:137} INFO - [2024-10-17T21:25:18.372+0000] {dag.py:2690} INFO - Sync 1 DAGs
[2024-10-17T21:25:18.381+0000] {logging_mixin.py:137} INFO - [2024-10-17T21:25:18.381+0000] {dag.py:2711} INFO - Creating ORM DAG for example_branch_python_operator_decorator
[2024-10-17T21:25:18.389+0000] {logging_mixin.py:137} INFO - [2024-10-17T21:25:18.389+0000] {dag.py:3437} INFO - Setting next_dagrun for example_branch_python_operator_decorator to 2024-10-16T00:00:00+00:00, run_after=2024-10-17T00:00:00+00:00
[2024-10-17T21:25:18.403+0000] {processor.py:175} INFO - Processing /usr/local/lib/python3.9/site-packages/airflow/example_dags/example_branch_operator_decorator.py took 0.137 seconds
[2024-10-17T21:25:48.754+0000] {processor.py:153} INFO - Started process (PID=123) to work on /usr/local/lib/python3.9/site-packages/airflow/example_dags/example_branch_operator_decorator.py
[2024-10-17T21:25:48.754+0000] {processor.py:743} INFO - Processing file /usr/local/lib/python3.9/site-packages/airflow/example_dags/example_branch_operator_decorator.py for tasks to queue
[2024-10-17T21:25:48.755+0000] {logging_mixin.py:137} INFO - [2024-10-17T21:25:48.755+0000] {dagbag.py:538} INFO - Filling up the DagBag from /usr/local/lib/python3.9/site-packages/airflow/example_dags/example_branch_operator_decorator.py
[2024-10-17T21:25:48.774+0000] {processor.py:753} INFO - DAG(s) dict_keys(['example_branch_python_operator_decorator']) retrieved from /usr/local/lib/python3.9/site-packages/airflow/example_dags/example_branch_operator_decorator.py
[2024-10-17T21:25:48.790+0000] {logging_mixin.py:137} INFO - [2024-10-17T21:25:48.790+0000] {dag.py:2690} INFO - Sync 1 DAGs
[2024-10-17T21:25:48.805+0000] {logging_mixin.py:137} INFO - [2024-10-17T21:25:48.805+0000] {dag.py:3437} INFO - Setting next_dagrun for example_branch_python_operator_decorator to 2024-10-16T00:00:00+00:00, run_after=2024-10-17T00:00:00+00:00
[2024-10-17T21:25:48.817+0000] {processor.py:175} INFO - Processing /usr/local/lib/python3.9/site-packages/airflow/example_dags/example_branch_operator_decorator.py took 0.065 seconds
[2024-10-17T21:26:19.516+0000] {processor.py:153} INFO - Started process (PID=164) to work on /usr/local/lib/python3.9/site-packages/airflow/example_dags/example_branch_operator_decorator.py
[2024-10-17T21:26:19.517+0000] {processor.py:743} INFO - Processing file /usr/local/lib/python3.9/site-packages/airflow/example_dags/example_branch_operator_decorator.py for tasks to queue
[2024-10-17T21:26:19.517+0000] {logging_mixin.py:137} INFO - [2024-10-17T21:26:19.517+0000] {dagbag.py:538} INFO - Filling up the DagBag from /usr/local/lib/python3.9/site-packages/airflow/example_dags/example_branch_operator_decorator.py
[2024-10-17T21:26:19.536+0000] {processor.py:753} INFO - DAG(s) dict_keys(['example_branch_python_operator_decorator']) retrieved from /usr/local/lib/python3.9/site-packages/airflow/example_dags/example_branch_operator_decorator.py
[2024-10-17T21:26:19.552+0000] {logging_mixin.py:137} INFO - [2024-10-17T21:26:19.552+0000] {dag.py:2690} INFO - Sync 1 DAGs
[2024-10-17T21:26:19.568+0000] {logging_mixin.py:137} INFO - [2024-10-17T21:26:19.568+0000] {dag.py:3437} INFO - Setting next_dagrun for example_branch_python_operator_decorator to 2024-10-16T00:00:00+00:00, run_after=2024-10-17T00:00:00+00:00
[2024-10-17T21:26:19.580+0000] {processor.py:175} INFO - Processing /usr/local/lib/python3.9/site-packages/airflow/example_dags/example_branch_operator_decorator.py took 0.066 seconds
