[2024-10-17T21:25:18.852+0000] {processor.py:153} INFO - Started process (PID=85) to work on /usr/local/lib/python3.9/site-packages/airflow/example_dags/example_complex.py
[2024-10-17T21:25:18.853+0000] {processor.py:743} INFO - Processing file /usr/local/lib/python3.9/site-packages/airflow/example_dags/example_complex.py for tasks to queue
[2024-10-17T21:25:18.854+0000] {logging_mixin.py:137} INFO - [2024-10-17T21:25:18.854+0000] {dagbag.py:538} INFO - Filling up the DagBag from /usr/local/lib/python3.9/site-packages/airflow/example_dags/example_complex.py
[2024-10-17T21:25:18.861+0000] {logging_mixin.py:137} INFO - [2024-10-17T21:25:18.861+0000] {taskmixin.py:205} WARNING - Dependency <Task(BashOperator): create_entry_group>, delete_entry_group already registered for DAG: example_complex
[2024-10-17T21:25:18.861+0000] {logging_mixin.py:137} INFO - [2024-10-17T21:25:18.861+0000] {taskmixin.py:205} WARNING - Dependency <Task(BashOperator): delete_entry_group>, create_entry_group already registered for DAG: example_complex
[2024-10-17T21:25:18.862+0000] {logging_mixin.py:137} INFO - [2024-10-17T21:25:18.861+0000] {taskmixin.py:205} WARNING - Dependency <Task(BashOperator): create_entry_gcs>, delete_entry already registered for DAG: example_complex
[2024-10-17T21:25:18.862+0000] {logging_mixin.py:137} INFO - [2024-10-17T21:25:18.862+0000] {taskmixin.py:205} WARNING - Dependency <Task(BashOperator): delete_entry>, create_entry_gcs already registered for DAG: example_complex
[2024-10-17T21:25:18.862+0000] {logging_mixin.py:137} INFO - [2024-10-17T21:25:18.862+0000] {taskmixin.py:205} WARNING - Dependency <Task(BashOperator): create_tag>, delete_tag already registered for DAG: example_complex
[2024-10-17T21:25:18.862+0000] {logging_mixin.py:137} INFO - [2024-10-17T21:25:18.862+0000] {taskmixin.py:205} WARNING - Dependency <Task(BashOperator): delete_tag>, create_tag already registered for DAG: example_complex
[2024-10-17T21:25:18.868+0000] {processor.py:753} INFO - DAG(s) dict_keys(['example_complex']) retrieved from /usr/local/lib/python3.9/site-packages/airflow/example_dags/example_complex.py
[2024-10-17T21:25:18.944+0000] {logging_mixin.py:137} INFO - [2024-10-17T21:25:18.944+0000] {manager.py:504} INFO - Created Permission View: can read on DAG:example_complex
[2024-10-17T21:25:18.952+0000] {logging_mixin.py:137} INFO - [2024-10-17T21:25:18.951+0000] {manager.py:504} INFO - Created Permission View: can delete on DAG:example_complex
[2024-10-17T21:25:18.956+0000] {logging_mixin.py:137} INFO - [2024-10-17T21:25:18.956+0000] {manager.py:504} INFO - Created Permission View: can edit on DAG:example_complex
[2024-10-17T21:25:18.957+0000] {logging_mixin.py:137} INFO - [2024-10-17T21:25:18.956+0000] {dag.py:2690} INFO - Sync 1 DAGs
[2024-10-17T21:25:18.964+0000] {logging_mixin.py:137} INFO - [2024-10-17T21:25:18.964+0000] {dag.py:2711} INFO - Creating ORM DAG for example_complex
[2024-10-17T21:25:18.971+0000] {logging_mixin.py:137} INFO - [2024-10-17T21:25:18.971+0000] {dag.py:3437} INFO - Setting next_dagrun for example_complex to None, run_after=None
[2024-10-17T21:25:18.983+0000] {processor.py:175} INFO - Processing /usr/local/lib/python3.9/site-packages/airflow/example_dags/example_complex.py took 0.133 seconds
[2024-10-17T21:25:49.002+0000] {processor.py:153} INFO - Started process (PID=130) to work on /usr/local/lib/python3.9/site-packages/airflow/example_dags/example_complex.py
[2024-10-17T21:25:49.003+0000] {processor.py:743} INFO - Processing file /usr/local/lib/python3.9/site-packages/airflow/example_dags/example_complex.py for tasks to queue
[2024-10-17T21:25:49.004+0000] {logging_mixin.py:137} INFO - [2024-10-17T21:25:49.003+0000] {dagbag.py:538} INFO - Filling up the DagBag from /usr/local/lib/python3.9/site-packages/airflow/example_dags/example_complex.py
[2024-10-17T21:25:49.011+0000] {logging_mixin.py:137} INFO - [2024-10-17T21:25:49.011+0000] {taskmixin.py:205} WARNING - Dependency <Task(BashOperator): create_entry_group>, delete_entry_group already registered for DAG: example_complex
[2024-10-17T21:25:49.011+0000] {logging_mixin.py:137} INFO - [2024-10-17T21:25:49.011+0000] {taskmixin.py:205} WARNING - Dependency <Task(BashOperator): delete_entry_group>, create_entry_group already registered for DAG: example_complex
[2024-10-17T21:25:49.012+0000] {logging_mixin.py:137} INFO - [2024-10-17T21:25:49.012+0000] {taskmixin.py:205} WARNING - Dependency <Task(BashOperator): create_entry_gcs>, delete_entry already registered for DAG: example_complex
[2024-10-17T21:25:49.012+0000] {logging_mixin.py:137} INFO - [2024-10-17T21:25:49.012+0000] {taskmixin.py:205} WARNING - Dependency <Task(BashOperator): delete_entry>, create_entry_gcs already registered for DAG: example_complex
[2024-10-17T21:25:49.012+0000] {logging_mixin.py:137} INFO - [2024-10-17T21:25:49.012+0000] {taskmixin.py:205} WARNING - Dependency <Task(BashOperator): create_tag>, delete_tag already registered for DAG: example_complex
[2024-10-17T21:25:49.012+0000] {logging_mixin.py:137} INFO - [2024-10-17T21:25:49.012+0000] {taskmixin.py:205} WARNING - Dependency <Task(BashOperator): delete_tag>, create_tag already registered for DAG: example_complex
[2024-10-17T21:25:49.018+0000] {processor.py:753} INFO - DAG(s) dict_keys(['example_complex']) retrieved from /usr/local/lib/python3.9/site-packages/airflow/example_dags/example_complex.py
[2024-10-17T21:25:49.037+0000] {logging_mixin.py:137} INFO - [2024-10-17T21:25:49.037+0000] {dag.py:2690} INFO - Sync 1 DAGs
[2024-10-17T21:25:49.051+0000] {logging_mixin.py:137} INFO - [2024-10-17T21:25:49.051+0000] {dag.py:3437} INFO - Setting next_dagrun for example_complex to None, run_after=None
[2024-10-17T21:25:49.063+0000] {processor.py:175} INFO - Processing /usr/local/lib/python3.9/site-packages/airflow/example_dags/example_complex.py took 0.063 seconds
[2024-10-17T21:26:19.836+0000] {processor.py:153} INFO - Started process (PID=171) to work on /usr/local/lib/python3.9/site-packages/airflow/example_dags/example_complex.py
[2024-10-17T21:26:19.836+0000] {processor.py:743} INFO - Processing file /usr/local/lib/python3.9/site-packages/airflow/example_dags/example_complex.py for tasks to queue
[2024-10-17T21:26:19.837+0000] {logging_mixin.py:137} INFO - [2024-10-17T21:26:19.836+0000] {dagbag.py:538} INFO - Filling up the DagBag from /usr/local/lib/python3.9/site-packages/airflow/example_dags/example_complex.py
[2024-10-17T21:26:19.844+0000] {logging_mixin.py:137} INFO - [2024-10-17T21:26:19.843+0000] {taskmixin.py:205} WARNING - Dependency <Task(BashOperator): create_entry_group>, delete_entry_group already registered for DAG: example_complex
[2024-10-17T21:26:19.844+0000] {logging_mixin.py:137} INFO - [2024-10-17T21:26:19.844+0000] {taskmixin.py:205} WARNING - Dependency <Task(BashOperator): delete_entry_group>, create_entry_group already registered for DAG: example_complex
[2024-10-17T21:26:19.844+0000] {logging_mixin.py:137} INFO - [2024-10-17T21:26:19.844+0000] {taskmixin.py:205} WARNING - Dependency <Task(BashOperator): create_entry_gcs>, delete_entry already registered for DAG: example_complex
[2024-10-17T21:26:19.844+0000] {logging_mixin.py:137} INFO - [2024-10-17T21:26:19.844+0000] {taskmixin.py:205} WARNING - Dependency <Task(BashOperator): delete_entry>, create_entry_gcs already registered for DAG: example_complex
[2024-10-17T21:26:19.845+0000] {logging_mixin.py:137} INFO - [2024-10-17T21:26:19.845+0000] {taskmixin.py:205} WARNING - Dependency <Task(BashOperator): create_tag>, delete_tag already registered for DAG: example_complex
[2024-10-17T21:26:19.845+0000] {logging_mixin.py:137} INFO - [2024-10-17T21:26:19.845+0000] {taskmixin.py:205} WARNING - Dependency <Task(BashOperator): delete_tag>, create_tag already registered for DAG: example_complex
[2024-10-17T21:26:19.852+0000] {processor.py:753} INFO - DAG(s) dict_keys(['example_complex']) retrieved from /usr/local/lib/python3.9/site-packages/airflow/example_dags/example_complex.py
[2024-10-17T21:26:19.872+0000] {logging_mixin.py:137} INFO - [2024-10-17T21:26:19.872+0000] {dag.py:2690} INFO - Sync 1 DAGs
[2024-10-17T21:26:19.886+0000] {logging_mixin.py:137} INFO - [2024-10-17T21:26:19.886+0000] {dag.py:3437} INFO - Setting next_dagrun for example_complex to None, run_after=None
[2024-10-17T21:26:19.899+0000] {processor.py:175} INFO - Processing /usr/local/lib/python3.9/site-packages/airflow/example_dags/example_complex.py took 0.065 seconds
