[2024-10-17T21:25:16.892+0000] {processor.py:153} INFO - Started process (PID=47) to work on /usr/local/lib/python3.9/site-packages/airflow/example_dags/example_task_group.py
[2024-10-17T21:25:16.893+0000] {processor.py:743} INFO - Processing file /usr/local/lib/python3.9/site-packages/airflow/example_dags/example_task_group.py for tasks to queue
[2024-10-17T21:25:16.894+0000] {logging_mixin.py:137} INFO - [2024-10-17T21:25:16.894+0000] {dagbag.py:538} INFO - Filling up the DagBag from /usr/local/lib/python3.9/site-packages/airflow/example_dags/example_task_group.py
[2024-10-17T21:25:16.907+0000] {processor.py:753} INFO - DAG(s) dict_keys(['example_task_group']) retrieved from /usr/local/lib/python3.9/site-packages/airflow/example_dags/example_task_group.py
[2024-10-17T21:25:17.007+0000] {logging_mixin.py:137} INFO - [2024-10-17T21:25:17.007+0000] {manager.py:504} INFO - Created Permission View: can read on DAG:example_task_group
[2024-10-17T21:25:17.014+0000] {logging_mixin.py:137} INFO - [2024-10-17T21:25:17.014+0000] {manager.py:504} INFO - Created Permission View: can delete on DAG:example_task_group
[2024-10-17T21:25:17.020+0000] {logging_mixin.py:137} INFO - [2024-10-17T21:25:17.020+0000] {manager.py:504} INFO - Created Permission View: can edit on DAG:example_task_group
[2024-10-17T21:25:17.021+0000] {logging_mixin.py:137} INFO - [2024-10-17T21:25:17.021+0000] {dag.py:2690} INFO - Sync 1 DAGs
[2024-10-17T21:25:17.031+0000] {logging_mixin.py:137} INFO - [2024-10-17T21:25:17.031+0000] {dag.py:2711} INFO - Creating ORM DAG for example_task_group
[2024-10-17T21:25:17.042+0000] {logging_mixin.py:137} INFO - [2024-10-17T21:25:17.042+0000] {dag.py:3437} INFO - Setting next_dagrun for example_task_group to 2024-10-16T21:25:17.042041+00:00, run_after=2024-10-17T21:25:17.042041+00:00
[2024-10-17T21:25:17.057+0000] {processor.py:175} INFO - Processing /usr/local/lib/python3.9/site-packages/airflow/example_dags/example_task_group.py took 0.167 seconds
[2024-10-17T21:25:47.946+0000] {processor.py:153} INFO - Started process (PID=107) to work on /usr/local/lib/python3.9/site-packages/airflow/example_dags/example_task_group.py
[2024-10-17T21:25:47.946+0000] {processor.py:743} INFO - Processing file /usr/local/lib/python3.9/site-packages/airflow/example_dags/example_task_group.py for tasks to queue
[2024-10-17T21:25:47.947+0000] {logging_mixin.py:137} INFO - [2024-10-17T21:25:47.947+0000] {dagbag.py:538} INFO - Filling up the DagBag from /usr/local/lib/python3.9/site-packages/airflow/example_dags/example_task_group.py
[2024-10-17T21:25:47.958+0000] {processor.py:753} INFO - DAG(s) dict_keys(['example_task_group']) retrieved from /usr/local/lib/python3.9/site-packages/airflow/example_dags/example_task_group.py
[2024-10-17T21:25:47.973+0000] {logging_mixin.py:137} INFO - [2024-10-17T21:25:47.973+0000] {dag.py:2690} INFO - Sync 1 DAGs
[2024-10-17T21:25:47.988+0000] {logging_mixin.py:137} INFO - [2024-10-17T21:25:47.988+0000] {dag.py:3437} INFO - Setting next_dagrun for example_task_group to 2024-10-16T21:25:47.988428+00:00, run_after=2024-10-17T21:25:47.988428+00:00
[2024-10-17T21:25:48.000+0000] {processor.py:175} INFO - Processing /usr/local/lib/python3.9/site-packages/airflow/example_dags/example_task_group.py took 0.056 seconds
[2024-10-17T21:26:18.788+0000] {processor.py:153} INFO - Started process (PID=148) to work on /usr/local/lib/python3.9/site-packages/airflow/example_dags/example_task_group.py
[2024-10-17T21:26:18.788+0000] {processor.py:743} INFO - Processing file /usr/local/lib/python3.9/site-packages/airflow/example_dags/example_task_group.py for tasks to queue
[2024-10-17T21:26:18.789+0000] {logging_mixin.py:137} INFO - [2024-10-17T21:26:18.788+0000] {dagbag.py:538} INFO - Filling up the DagBag from /usr/local/lib/python3.9/site-packages/airflow/example_dags/example_task_group.py
[2024-10-17T21:26:18.800+0000] {processor.py:753} INFO - DAG(s) dict_keys(['example_task_group']) retrieved from /usr/local/lib/python3.9/site-packages/airflow/example_dags/example_task_group.py
[2024-10-17T21:26:18.818+0000] {logging_mixin.py:137} INFO - [2024-10-17T21:26:18.818+0000] {dag.py:2690} INFO - Sync 1 DAGs
[2024-10-17T21:26:18.834+0000] {logging_mixin.py:137} INFO - [2024-10-17T21:26:18.834+0000] {dag.py:3437} INFO - Setting next_dagrun for example_task_group to 2024-10-16T21:26:18.833874+00:00, run_after=2024-10-17T21:26:18.833874+00:00
[2024-10-17T21:26:18.847+0000] {processor.py:175} INFO - Processing /usr/local/lib/python3.9/site-packages/airflow/example_dags/example_task_group.py took 0.061 seconds
