[2024-10-17T21:25:17.078+0000] {processor.py:153} INFO - Started process (PID=49) to work on /usr/local/lib/python3.9/site-packages/airflow/example_dags/example_sensor_decorator.py
[2024-10-17T21:25:17.079+0000] {processor.py:743} INFO - Processing file /usr/local/lib/python3.9/site-packages/airflow/example_dags/example_sensor_decorator.py for tasks to queue
[2024-10-17T21:25:17.080+0000] {logging_mixin.py:137} INFO - [2024-10-17T21:25:17.079+0000] {dagbag.py:538} INFO - Filling up the DagBag from /usr/local/lib/python3.9/site-packages/airflow/example_dags/example_sensor_decorator.py
[2024-10-17T21:25:17.104+0000] {processor.py:753} INFO - DAG(s) dict_keys(['example_sensor_decorator']) retrieved from /usr/local/lib/python3.9/site-packages/airflow/example_dags/example_sensor_decorator.py
[2024-10-17T21:25:17.199+0000] {logging_mixin.py:137} INFO - [2024-10-17T21:25:17.199+0000] {manager.py:504} INFO - Created Permission View: can read on DAG:example_sensor_decorator
[2024-10-17T21:25:17.207+0000] {logging_mixin.py:137} INFO - [2024-10-17T21:25:17.206+0000] {manager.py:504} INFO - Created Permission View: can delete on DAG:example_sensor_decorator
[2024-10-17T21:25:17.213+0000] {logging_mixin.py:137} INFO - [2024-10-17T21:25:17.212+0000] {manager.py:504} INFO - Created Permission View: can edit on DAG:example_sensor_decorator
[2024-10-17T21:25:17.213+0000] {logging_mixin.py:137} INFO - [2024-10-17T21:25:17.213+0000] {dag.py:2690} INFO - Sync 1 DAGs
[2024-10-17T21:25:17.228+0000] {logging_mixin.py:137} INFO - [2024-10-17T21:25:17.228+0000] {dag.py:2711} INFO - Creating ORM DAG for example_sensor_decorator
[2024-10-17T21:25:17.238+0000] {logging_mixin.py:137} INFO - [2024-10-17T21:25:17.238+0000] {dag.py:3437} INFO - Setting next_dagrun for example_sensor_decorator to None, run_after=None
[2024-10-17T21:25:17.254+0000] {processor.py:175} INFO - Processing /usr/local/lib/python3.9/site-packages/airflow/example_dags/example_sensor_decorator.py took 0.178 seconds
[2024-10-17T21:25:48.099+0000] {processor.py:153} INFO - Started process (PID=109) to work on /usr/local/lib/python3.9/site-packages/airflow/example_dags/example_sensor_decorator.py
[2024-10-17T21:25:48.100+0000] {processor.py:743} INFO - Processing file /usr/local/lib/python3.9/site-packages/airflow/example_dags/example_sensor_decorator.py for tasks to queue
[2024-10-17T21:25:48.100+0000] {logging_mixin.py:137} INFO - [2024-10-17T21:25:48.100+0000] {dagbag.py:538} INFO - Filling up the DagBag from /usr/local/lib/python3.9/site-packages/airflow/example_dags/example_sensor_decorator.py
[2024-10-17T21:25:48.115+0000] {processor.py:753} INFO - DAG(s) dict_keys(['example_sensor_decorator']) retrieved from /usr/local/lib/python3.9/site-packages/airflow/example_dags/example_sensor_decorator.py
[2024-10-17T21:25:48.130+0000] {logging_mixin.py:137} INFO - [2024-10-17T21:25:48.129+0000] {dag.py:2690} INFO - Sync 1 DAGs
[2024-10-17T21:25:48.144+0000] {logging_mixin.py:137} INFO - [2024-10-17T21:25:48.144+0000] {dag.py:3437} INFO - Setting next_dagrun for example_sensor_decorator to None, run_after=None
[2024-10-17T21:25:48.156+0000] {processor.py:175} INFO - Processing /usr/local/lib/python3.9/site-packages/airflow/example_dags/example_sensor_decorator.py took 0.059 seconds
[2024-10-17T21:26:18.863+0000] {processor.py:153} INFO - Started process (PID=150) to work on /usr/local/lib/python3.9/site-packages/airflow/example_dags/example_sensor_decorator.py
[2024-10-17T21:26:18.864+0000] {processor.py:743} INFO - Processing file /usr/local/lib/python3.9/site-packages/airflow/example_dags/example_sensor_decorator.py for tasks to queue
[2024-10-17T21:26:18.864+0000] {logging_mixin.py:137} INFO - [2024-10-17T21:26:18.864+0000] {dagbag.py:538} INFO - Filling up the DagBag from /usr/local/lib/python3.9/site-packages/airflow/example_dags/example_sensor_decorator.py
[2024-10-17T21:26:18.881+0000] {processor.py:753} INFO - DAG(s) dict_keys(['example_sensor_decorator']) retrieved from /usr/local/lib/python3.9/site-packages/airflow/example_dags/example_sensor_decorator.py
[2024-10-17T21:26:18.896+0000] {logging_mixin.py:137} INFO - [2024-10-17T21:26:18.896+0000] {dag.py:2690} INFO - Sync 1 DAGs
[2024-10-17T21:26:18.911+0000] {logging_mixin.py:137} INFO - [2024-10-17T21:26:18.911+0000] {dag.py:3437} INFO - Setting next_dagrun for example_sensor_decorator to None, run_after=None
[2024-10-17T21:26:18.923+0000] {processor.py:175} INFO - Processing /usr/local/lib/python3.9/site-packages/airflow/example_dags/example_sensor_decorator.py took 0.062 seconds
