[2024-10-17T21:25:18.368+0000] {processor.py:153} INFO - Started process (PID=79) to work on /usr/local/lib/python3.9/site-packages/airflow/example_dags/example_datasets.py
[2024-10-17T21:25:18.369+0000] {processor.py:743} INFO - Processing file /usr/local/lib/python3.9/site-packages/airflow/example_dags/example_datasets.py for tasks to queue
[2024-10-17T21:25:18.369+0000] {logging_mixin.py:137} INFO - [2024-10-17T21:25:18.369+0000] {dagbag.py:538} INFO - Filling up the DagBag from /usr/local/lib/python3.9/site-packages/airflow/example_dags/example_datasets.py
[2024-10-17T21:25:18.381+0000] {processor.py:753} INFO - DAG(s) dict_keys(['dataset_consumes_1_and_2', 'dataset_consumes_1', 'dataset_produces_2', 'dataset_consumes_unknown_never_scheduled', 'dataset_produces_1', 'dataset_consumes_1_never_scheduled']) retrieved from /usr/local/lib/python3.9/site-packages/airflow/example_dags/example_datasets.py
[2024-10-17T21:25:18.454+0000] {logging_mixin.py:137} INFO - [2024-10-17T21:25:18.454+0000] {manager.py:504} INFO - Created Permission View: can read on DAG:dataset_consumes_1_and_2
[2024-10-17T21:25:18.461+0000] {logging_mixin.py:137} INFO - [2024-10-17T21:25:18.461+0000] {manager.py:504} INFO - Created Permission View: can delete on DAG:dataset_consumes_1_and_2
[2024-10-17T21:25:18.467+0000] {logging_mixin.py:137} INFO - [2024-10-17T21:25:18.467+0000] {manager.py:504} INFO - Created Permission View: can edit on DAG:dataset_consumes_1_and_2
[2024-10-17T21:25:18.478+0000] {logging_mixin.py:137} INFO - [2024-10-17T21:25:18.478+0000] {manager.py:504} INFO - Created Permission View: can read on DAG:dataset_consumes_1
[2024-10-17T21:25:18.483+0000] {logging_mixin.py:137} INFO - [2024-10-17T21:25:18.483+0000] {manager.py:504} INFO - Created Permission View: can delete on DAG:dataset_consumes_1
[2024-10-17T21:25:18.488+0000] {logging_mixin.py:137} INFO - [2024-10-17T21:25:18.488+0000] {manager.py:504} INFO - Created Permission View: can edit on DAG:dataset_consumes_1
[2024-10-17T21:25:18.498+0000] {logging_mixin.py:137} INFO - [2024-10-17T21:25:18.498+0000] {manager.py:504} INFO - Created Permission View: can read on DAG:dataset_produces_2
[2024-10-17T21:25:18.503+0000] {logging_mixin.py:137} INFO - [2024-10-17T21:25:18.503+0000] {manager.py:504} INFO - Created Permission View: can delete on DAG:dataset_produces_2
[2024-10-17T21:25:18.508+0000] {logging_mixin.py:137} INFO - [2024-10-17T21:25:18.508+0000] {manager.py:504} INFO - Created Permission View: can edit on DAG:dataset_produces_2
[2024-10-17T21:25:18.519+0000] {logging_mixin.py:137} INFO - [2024-10-17T21:25:18.519+0000] {manager.py:504} INFO - Created Permission View: can read on DAG:dataset_consumes_unknown_never_scheduled
[2024-10-17T21:25:18.525+0000] {logging_mixin.py:137} INFO - [2024-10-17T21:25:18.525+0000] {manager.py:504} INFO - Created Permission View: can delete on DAG:dataset_consumes_unknown_never_scheduled
[2024-10-17T21:25:18.530+0000] {logging_mixin.py:137} INFO - [2024-10-17T21:25:18.530+0000] {manager.py:504} INFO - Created Permission View: can edit on DAG:dataset_consumes_unknown_never_scheduled
[2024-10-17T21:25:18.540+0000] {logging_mixin.py:137} INFO - [2024-10-17T21:25:18.540+0000] {manager.py:504} INFO - Created Permission View: can read on DAG:dataset_produces_1
[2024-10-17T21:25:18.545+0000] {logging_mixin.py:137} INFO - [2024-10-17T21:25:18.545+0000] {manager.py:504} INFO - Created Permission View: can delete on DAG:dataset_produces_1
[2024-10-17T21:25:18.550+0000] {logging_mixin.py:137} INFO - [2024-10-17T21:25:18.550+0000] {manager.py:504} INFO - Created Permission View: can edit on DAG:dataset_produces_1
[2024-10-17T21:25:18.561+0000] {logging_mixin.py:137} INFO - [2024-10-17T21:25:18.561+0000] {manager.py:504} INFO - Created Permission View: can read on DAG:dataset_consumes_1_never_scheduled
[2024-10-17T21:25:18.566+0000] {logging_mixin.py:137} INFO - [2024-10-17T21:25:18.565+0000] {manager.py:504} INFO - Created Permission View: can delete on DAG:dataset_consumes_1_never_scheduled
[2024-10-17T21:25:18.570+0000] {logging_mixin.py:137} INFO - [2024-10-17T21:25:18.570+0000] {manager.py:504} INFO - Created Permission View: can edit on DAG:dataset_consumes_1_never_scheduled
[2024-10-17T21:25:18.571+0000] {logging_mixin.py:137} INFO - [2024-10-17T21:25:18.571+0000] {dag.py:2690} INFO - Sync 6 DAGs
[2024-10-17T21:25:18.579+0000] {logging_mixin.py:137} INFO - [2024-10-17T21:25:18.578+0000] {dag.py:2711} INFO - Creating ORM DAG for dataset_consumes_1_never_scheduled
[2024-10-17T21:25:18.579+0000] {logging_mixin.py:137} INFO - [2024-10-17T21:25:18.579+0000] {dag.py:2711} INFO - Creating ORM DAG for dataset_consumes_unknown_never_scheduled
[2024-10-17T21:25:18.579+0000] {logging_mixin.py:137} INFO - [2024-10-17T21:25:18.579+0000] {dag.py:2711} INFO - Creating ORM DAG for dataset_produces_1
[2024-10-17T21:25:18.580+0000] {logging_mixin.py:137} INFO - [2024-10-17T21:25:18.580+0000] {dag.py:2711} INFO - Creating ORM DAG for dataset_consumes_1
[2024-10-17T21:25:18.580+0000] {logging_mixin.py:137} INFO - [2024-10-17T21:25:18.580+0000] {dag.py:2711} INFO - Creating ORM DAG for dataset_consumes_1_and_2
[2024-10-17T21:25:18.581+0000] {logging_mixin.py:137} INFO - [2024-10-17T21:25:18.581+0000] {dag.py:2711} INFO - Creating ORM DAG for dataset_produces_2
[2024-10-17T21:25:18.589+0000] {logging_mixin.py:137} INFO - [2024-10-17T21:25:18.589+0000] {dag.py:3437} INFO - Setting next_dagrun for dataset_consumes_1 to None, run_after=None
[2024-10-17T21:25:18.589+0000] {logging_mixin.py:137} INFO - [2024-10-17T21:25:18.589+0000] {dag.py:3437} INFO - Setting next_dagrun for dataset_consumes_1_and_2 to None, run_after=None
[2024-10-17T21:25:18.590+0000] {logging_mixin.py:137} INFO - [2024-10-17T21:25:18.590+0000] {dag.py:3437} INFO - Setting next_dagrun for dataset_consumes_1_never_scheduled to None, run_after=None
[2024-10-17T21:25:18.590+0000] {logging_mixin.py:137} INFO - [2024-10-17T21:25:18.590+0000] {dag.py:3437} INFO - Setting next_dagrun for dataset_consumes_unknown_never_scheduled to None, run_after=None
[2024-10-17T21:25:18.592+0000] {logging_mixin.py:137} INFO - [2024-10-17T21:25:18.592+0000] {dag.py:3437} INFO - Setting next_dagrun for dataset_produces_1 to 2024-10-16T00:00:00+00:00, run_after=2024-10-17T00:00:00+00:00
[2024-10-17T21:25:18.593+0000] {logging_mixin.py:137} INFO - [2024-10-17T21:25:18.592+0000] {dag.py:3437} INFO - Setting next_dagrun for dataset_produces_2 to None, run_after=None
[2024-10-17T21:25:18.620+0000] {processor.py:175} INFO - Processing /usr/local/lib/python3.9/site-packages/airflow/example_dags/example_datasets.py took 0.253 seconds
[2024-10-17T21:25:48.767+0000] {processor.py:153} INFO - Started process (PID=124) to work on /usr/local/lib/python3.9/site-packages/airflow/example_dags/example_datasets.py
[2024-10-17T21:25:48.767+0000] {processor.py:743} INFO - Processing file /usr/local/lib/python3.9/site-packages/airflow/example_dags/example_datasets.py for tasks to queue
[2024-10-17T21:25:48.768+0000] {logging_mixin.py:137} INFO - [2024-10-17T21:25:48.768+0000] {dagbag.py:538} INFO - Filling up the DagBag from /usr/local/lib/python3.9/site-packages/airflow/example_dags/example_datasets.py
[2024-10-17T21:25:48.780+0000] {processor.py:753} INFO - DAG(s) dict_keys(['dataset_produces_1', 'dataset_produces_2', 'dataset_consumes_1', 'dataset_consumes_unknown_never_scheduled', 'dataset_consumes_1_never_scheduled', 'dataset_consumes_1_and_2']) retrieved from /usr/local/lib/python3.9/site-packages/airflow/example_dags/example_datasets.py
[2024-10-17T21:25:48.804+0000] {logging_mixin.py:137} INFO - [2024-10-17T21:25:48.804+0000] {dag.py:2690} INFO - Sync 6 DAGs
[2024-10-17T21:25:48.819+0000] {logging_mixin.py:137} INFO - [2024-10-17T21:25:48.819+0000] {dag.py:3437} INFO - Setting next_dagrun for dataset_consumes_1 to None, run_after=None
[2024-10-17T21:25:48.822+0000] {logging_mixin.py:137} INFO - [2024-10-17T21:25:48.822+0000] {dag.py:3437} INFO - Setting next_dagrun for dataset_consumes_1_and_2 to None, run_after=None
[2024-10-17T21:25:48.822+0000] {logging_mixin.py:137} INFO - [2024-10-17T21:25:48.822+0000] {dag.py:3437} INFO - Setting next_dagrun for dataset_consumes_1_never_scheduled to None, run_after=None
[2024-10-17T21:25:48.823+0000] {logging_mixin.py:137} INFO - [2024-10-17T21:25:48.823+0000] {dag.py:3437} INFO - Setting next_dagrun for dataset_consumes_unknown_never_scheduled to None, run_after=None
[2024-10-17T21:25:48.825+0000] {logging_mixin.py:137} INFO - [2024-10-17T21:25:48.825+0000] {dag.py:3437} INFO - Setting next_dagrun for dataset_produces_1 to 2024-10-16T00:00:00+00:00, run_after=2024-10-17T00:00:00+00:00
[2024-10-17T21:25:48.826+0000] {logging_mixin.py:137} INFO - [2024-10-17T21:25:48.826+0000] {dag.py:3437} INFO - Setting next_dagrun for dataset_produces_2 to None, run_after=None
[2024-10-17T21:25:48.846+0000] {processor.py:175} INFO - Processing /usr/local/lib/python3.9/site-packages/airflow/example_dags/example_datasets.py took 0.081 seconds
[2024-10-17T21:26:19.572+0000] {processor.py:153} INFO - Started process (PID=165) to work on /usr/local/lib/python3.9/site-packages/airflow/example_dags/example_datasets.py
[2024-10-17T21:26:19.572+0000] {processor.py:743} INFO - Processing file /usr/local/lib/python3.9/site-packages/airflow/example_dags/example_datasets.py for tasks to queue
[2024-10-17T21:26:19.573+0000] {logging_mixin.py:137} INFO - [2024-10-17T21:26:19.573+0000] {dagbag.py:538} INFO - Filling up the DagBag from /usr/local/lib/python3.9/site-packages/airflow/example_dags/example_datasets.py
[2024-10-17T21:26:19.585+0000] {processor.py:753} INFO - DAG(s) dict_keys(['dataset_consumes_1_and_2', 'dataset_produces_1', 'dataset_consumes_unknown_never_scheduled', 'dataset_consumes_1_never_scheduled', 'dataset_produces_2', 'dataset_consumes_1']) retrieved from /usr/local/lib/python3.9/site-packages/airflow/example_dags/example_datasets.py
[2024-10-17T21:26:19.611+0000] {logging_mixin.py:137} INFO - [2024-10-17T21:26:19.611+0000] {dag.py:2690} INFO - Sync 6 DAGs
[2024-10-17T21:26:19.627+0000] {logging_mixin.py:137} INFO - [2024-10-17T21:26:19.626+0000] {dag.py:3437} INFO - Setting next_dagrun for dataset_consumes_1 to None, run_after=None
[2024-10-17T21:26:19.629+0000] {logging_mixin.py:137} INFO - [2024-10-17T21:26:19.629+0000] {dag.py:3437} INFO - Setting next_dagrun for dataset_consumes_1_and_2 to None, run_after=None
[2024-10-17T21:26:19.630+0000] {logging_mixin.py:137} INFO - [2024-10-17T21:26:19.630+0000] {dag.py:3437} INFO - Setting next_dagrun for dataset_consumes_1_never_scheduled to None, run_after=None
[2024-10-17T21:26:19.631+0000] {logging_mixin.py:137} INFO - [2024-10-17T21:26:19.630+0000] {dag.py:3437} INFO - Setting next_dagrun for dataset_consumes_unknown_never_scheduled to None, run_after=None
[2024-10-17T21:26:19.632+0000] {logging_mixin.py:137} INFO - [2024-10-17T21:26:19.632+0000] {dag.py:3437} INFO - Setting next_dagrun for dataset_produces_1 to 2024-10-16T00:00:00+00:00, run_after=2024-10-17T00:00:00+00:00
[2024-10-17T21:26:19.633+0000] {logging_mixin.py:137} INFO - [2024-10-17T21:26:19.633+0000] {dag.py:3437} INFO - Setting next_dagrun for dataset_produces_2 to None, run_after=None
[2024-10-17T21:26:19.654+0000] {processor.py:175} INFO - Processing /usr/local/lib/python3.9/site-packages/airflow/example_dags/example_datasets.py took 0.085 seconds
