[2024-10-17T21:25:18.638+0000] {processor.py:153} INFO - Started process (PID=82) to work on /usr/local/lib/python3.9/site-packages/airflow/example_dags/example_subdag_operator.py
[2024-10-17T21:25:18.639+0000] {processor.py:743} INFO - Processing file /usr/local/lib/python3.9/site-packages/airflow/example_dags/example_subdag_operator.py for tasks to queue
[2024-10-17T21:25:18.640+0000] {logging_mixin.py:137} INFO - [2024-10-17T21:25:18.639+0000] {dagbag.py:538} INFO - Filling up the DagBag from /usr/local/lib/python3.9/site-packages/airflow/example_dags/example_subdag_operator.py
[2024-10-17T21:25:18.662+0000] {processor.py:753} INFO - DAG(s) dict_keys(['example_subdag_operator.section-1', 'example_subdag_operator.section-2', 'example_subdag_operator']) retrieved from /usr/local/lib/python3.9/site-packages/airflow/example_dags/example_subdag_operator.py
[2024-10-17T21:25:18.731+0000] {logging_mixin.py:137} INFO - [2024-10-17T21:25:18.731+0000] {manager.py:504} INFO - Created Permission View: can read on DAG:example_subdag_operator
[2024-10-17T21:25:18.737+0000] {logging_mixin.py:137} INFO - [2024-10-17T21:25:18.737+0000] {manager.py:504} INFO - Created Permission View: can delete on DAG:example_subdag_operator
[2024-10-17T21:25:18.742+0000] {logging_mixin.py:137} INFO - [2024-10-17T21:25:18.742+0000] {manager.py:504} INFO - Created Permission View: can edit on DAG:example_subdag_operator
[2024-10-17T21:25:18.742+0000] {logging_mixin.py:137} INFO - [2024-10-17T21:25:18.742+0000] {dag.py:2690} INFO - Sync 3 DAGs
[2024-10-17T21:25:18.750+0000] {logging_mixin.py:137} INFO - [2024-10-17T21:25:18.750+0000] {dag.py:2711} INFO - Creating ORM DAG for example_subdag_operator.section-1
[2024-10-17T21:25:18.750+0000] {logging_mixin.py:137} INFO - [2024-10-17T21:25:18.750+0000] {dag.py:2711} INFO - Creating ORM DAG for example_subdag_operator.section-2
[2024-10-17T21:25:18.751+0000] {logging_mixin.py:137} INFO - [2024-10-17T21:25:18.750+0000] {dag.py:2711} INFO - Creating ORM DAG for example_subdag_operator
[2024-10-17T21:25:18.758+0000] {logging_mixin.py:137} INFO - [2024-10-17T21:25:18.758+0000] {dag.py:3437} INFO - Setting next_dagrun for example_subdag_operator to 2022-01-01T00:00:00+00:00, run_after=2022-01-01T00:00:00+00:00
[2024-10-17T21:25:18.758+0000] {logging_mixin.py:137} INFO - [2024-10-17T21:25:18.758+0000] {dag.py:3437} INFO - Setting next_dagrun for example_subdag_operator.section-1 to None, run_after=None
[2024-10-17T21:25:18.759+0000] {logging_mixin.py:137} INFO - [2024-10-17T21:25:18.759+0000] {dag.py:3437} INFO - Setting next_dagrun for example_subdag_operator.section-2 to None, run_after=None
[2024-10-17T21:25:18.764+0000] {logging_mixin.py:137} INFO - [2024-10-17T21:25:18.764+0000] {dag.py:2690} INFO - Sync 2 DAGs
[2024-10-17T21:25:18.768+0000] {logging_mixin.py:137} INFO - [2024-10-17T21:25:18.768+0000] {dag.py:3437} INFO - Setting next_dagrun for example_subdag_operator.section-1 to None, run_after=None
[2024-10-17T21:25:18.770+0000] {logging_mixin.py:137} INFO - [2024-10-17T21:25:18.770+0000] {dag.py:3437} INFO - Setting next_dagrun for example_subdag_operator.section-2 to None, run_after=None
[2024-10-17T21:25:18.779+0000] {processor.py:175} INFO - Processing /usr/local/lib/python3.9/site-packages/airflow/example_dags/example_subdag_operator.py took 0.142 seconds
[2024-10-17T21:25:48.900+0000] {processor.py:153} INFO - Started process (PID=127) to work on /usr/local/lib/python3.9/site-packages/airflow/example_dags/example_subdag_operator.py
[2024-10-17T21:25:48.901+0000] {processor.py:743} INFO - Processing file /usr/local/lib/python3.9/site-packages/airflow/example_dags/example_subdag_operator.py for tasks to queue
[2024-10-17T21:25:48.901+0000] {logging_mixin.py:137} INFO - [2024-10-17T21:25:48.901+0000] {dagbag.py:538} INFO - Filling up the DagBag from /usr/local/lib/python3.9/site-packages/airflow/example_dags/example_subdag_operator.py
[2024-10-17T21:25:48.923+0000] {processor.py:753} INFO - DAG(s) dict_keys(['example_subdag_operator.section-1', 'example_subdag_operator.section-2', 'example_subdag_operator']) retrieved from /usr/local/lib/python3.9/site-packages/airflow/example_dags/example_subdag_operator.py
[2024-10-17T21:25:48.933+0000] {logging_mixin.py:137} INFO - [2024-10-17T21:25:48.933+0000] {dag.py:2690} INFO - Sync 3 DAGs
[2024-10-17T21:25:48.948+0000] {logging_mixin.py:137} INFO - [2024-10-17T21:25:48.948+0000] {dag.py:3437} INFO - Setting next_dagrun for example_subdag_operator to 2022-01-01T00:00:00+00:00, run_after=2022-01-01T00:00:00+00:00
[2024-10-17T21:25:48.950+0000] {logging_mixin.py:137} INFO - [2024-10-17T21:25:48.950+0000] {dag.py:3437} INFO - Setting next_dagrun for example_subdag_operator.section-1 to None, run_after=None
[2024-10-17T21:25:48.951+0000] {logging_mixin.py:137} INFO - [2024-10-17T21:25:48.951+0000] {dag.py:3437} INFO - Setting next_dagrun for example_subdag_operator.section-2 to None, run_after=None
[2024-10-17T21:25:48.955+0000] {logging_mixin.py:137} INFO - [2024-10-17T21:25:48.955+0000] {dag.py:2690} INFO - Sync 2 DAGs
[2024-10-17T21:25:48.958+0000] {logging_mixin.py:137} INFO - [2024-10-17T21:25:48.958+0000] {dag.py:3437} INFO - Setting next_dagrun for example_subdag_operator.section-1 to None, run_after=None
[2024-10-17T21:25:48.958+0000] {logging_mixin.py:137} INFO - [2024-10-17T21:25:48.958+0000] {dag.py:3437} INFO - Setting next_dagrun for example_subdag_operator.section-2 to None, run_after=None
[2024-10-17T21:25:48.965+0000] {processor.py:175} INFO - Processing /usr/local/lib/python3.9/site-packages/airflow/example_dags/example_subdag_operator.py took 0.067 seconds
[2024-10-17T21:26:19.750+0000] {processor.py:153} INFO - Started process (PID=168) to work on /usr/local/lib/python3.9/site-packages/airflow/example_dags/example_subdag_operator.py
[2024-10-17T21:26:19.751+0000] {processor.py:743} INFO - Processing file /usr/local/lib/python3.9/site-packages/airflow/example_dags/example_subdag_operator.py for tasks to queue
[2024-10-17T21:26:19.751+0000] {logging_mixin.py:137} INFO - [2024-10-17T21:26:19.751+0000] {dagbag.py:538} INFO - Filling up the DagBag from /usr/local/lib/python3.9/site-packages/airflow/example_dags/example_subdag_operator.py
[2024-10-17T21:26:19.775+0000] {processor.py:753} INFO - DAG(s) dict_keys(['example_subdag_operator.section-1', 'example_subdag_operator.section-2', 'example_subdag_operator']) retrieved from /usr/local/lib/python3.9/site-packages/airflow/example_dags/example_subdag_operator.py
[2024-10-17T21:26:19.786+0000] {logging_mixin.py:137} INFO - [2024-10-17T21:26:19.786+0000] {dag.py:2690} INFO - Sync 3 DAGs
[2024-10-17T21:26:19.800+0000] {logging_mixin.py:137} INFO - [2024-10-17T21:26:19.800+0000] {dag.py:3437} INFO - Setting next_dagrun for example_subdag_operator to 2022-01-01T00:00:00+00:00, run_after=2022-01-01T00:00:00+00:00
[2024-10-17T21:26:19.803+0000] {logging_mixin.py:137} INFO - [2024-10-17T21:26:19.802+0000] {dag.py:3437} INFO - Setting next_dagrun for example_subdag_operator.section-1 to None, run_after=None
[2024-10-17T21:26:19.803+0000] {logging_mixin.py:137} INFO - [2024-10-17T21:26:19.803+0000] {dag.py:3437} INFO - Setting next_dagrun for example_subdag_operator.section-2 to None, run_after=None
[2024-10-17T21:26:19.808+0000] {logging_mixin.py:137} INFO - [2024-10-17T21:26:19.808+0000] {dag.py:2690} INFO - Sync 2 DAGs
[2024-10-17T21:26:19.811+0000] {logging_mixin.py:137} INFO - [2024-10-17T21:26:19.811+0000] {dag.py:3437} INFO - Setting next_dagrun for example_subdag_operator.section-1 to None, run_after=None
[2024-10-17T21:26:19.812+0000] {logging_mixin.py:137} INFO - [2024-10-17T21:26:19.812+0000] {dag.py:3437} INFO - Setting next_dagrun for example_subdag_operator.section-2 to None, run_after=None
[2024-10-17T21:26:19.820+0000] {processor.py:175} INFO - Processing /usr/local/lib/python3.9/site-packages/airflow/example_dags/example_subdag_operator.py took 0.072 seconds
