[2024-10-17T21:25:17.456+0000] {processor.py:153} INFO - Started process (PID=67) to work on /usr/local/lib/python3.9/site-packages/airflow/example_dags/example_task_group_decorator.py
[2024-10-17T21:25:17.457+0000] {processor.py:743} INFO - Processing file /usr/local/lib/python3.9/site-packages/airflow/example_dags/example_task_group_decorator.py for tasks to queue
[2024-10-17T21:25:17.457+0000] {logging_mixin.py:137} INFO - [2024-10-17T21:25:17.457+0000] {dagbag.py:538} INFO - Filling up the DagBag from /usr/local/lib/python3.9/site-packages/airflow/example_dags/example_task_group_decorator.py
[2024-10-17T21:25:17.483+0000] {processor.py:753} INFO - DAG(s) dict_keys(['example_task_group_decorator']) retrieved from /usr/local/lib/python3.9/site-packages/airflow/example_dags/example_task_group_decorator.py
[2024-10-17T21:25:17.561+0000] {logging_mixin.py:137} INFO - [2024-10-17T21:25:17.561+0000] {manager.py:504} INFO - Created Permission View: can read on DAG:example_task_group_decorator
[2024-10-17T21:25:17.567+0000] {logging_mixin.py:137} INFO - [2024-10-17T21:25:17.567+0000] {manager.py:504} INFO - Created Permission View: can delete on DAG:example_task_group_decorator
[2024-10-17T21:25:17.575+0000] {logging_mixin.py:137} INFO - [2024-10-17T21:25:17.574+0000] {manager.py:504} INFO - Created Permission View: can edit on DAG:example_task_group_decorator
[2024-10-17T21:25:17.575+0000] {logging_mixin.py:137} INFO - [2024-10-17T21:25:17.575+0000] {dag.py:2690} INFO - Sync 1 DAGs
[2024-10-17T21:25:17.583+0000] {logging_mixin.py:137} INFO - [2024-10-17T21:25:17.583+0000] {dag.py:2711} INFO - Creating ORM DAG for example_task_group_decorator
[2024-10-17T21:25:17.590+0000] {logging_mixin.py:137} INFO - [2024-10-17T21:25:17.590+0000] {dag.py:3437} INFO - Setting next_dagrun for example_task_group_decorator to 2024-10-16T21:25:17.590556+00:00, run_after=2024-10-17T21:25:17.590556+00:00
[2024-10-17T21:25:17.602+0000] {processor.py:175} INFO - Processing /usr/local/lib/python3.9/site-packages/airflow/example_dags/example_task_group_decorator.py took 0.148 seconds
[2024-10-17T21:25:48.241+0000] {processor.py:153} INFO - Started process (PID=112) to work on /usr/local/lib/python3.9/site-packages/airflow/example_dags/example_task_group_decorator.py
[2024-10-17T21:25:48.242+0000] {processor.py:743} INFO - Processing file /usr/local/lib/python3.9/site-packages/airflow/example_dags/example_task_group_decorator.py for tasks to queue
[2024-10-17T21:25:48.242+0000] {logging_mixin.py:137} INFO - [2024-10-17T21:25:48.242+0000] {dagbag.py:538} INFO - Filling up the DagBag from /usr/local/lib/python3.9/site-packages/airflow/example_dags/example_task_group_decorator.py
[2024-10-17T21:25:48.262+0000] {processor.py:753} INFO - DAG(s) dict_keys(['example_task_group_decorator']) retrieved from /usr/local/lib/python3.9/site-packages/airflow/example_dags/example_task_group_decorator.py
[2024-10-17T21:25:48.278+0000] {logging_mixin.py:137} INFO - [2024-10-17T21:25:48.278+0000] {dag.py:2690} INFO - Sync 1 DAGs
[2024-10-17T21:25:48.292+0000] {logging_mixin.py:137} INFO - [2024-10-17T21:25:48.292+0000] {dag.py:3437} INFO - Setting next_dagrun for example_task_group_decorator to 2024-10-16T21:25:48.292307+00:00, run_after=2024-10-17T21:25:48.292307+00:00
[2024-10-17T21:25:48.303+0000] {processor.py:175} INFO - Processing /usr/local/lib/python3.9/site-packages/airflow/example_dags/example_task_group_decorator.py took 0.064 seconds
[2024-10-17T21:26:19.018+0000] {processor.py:153} INFO - Started process (PID=153) to work on /usr/local/lib/python3.9/site-packages/airflow/example_dags/example_task_group_decorator.py
[2024-10-17T21:26:19.018+0000] {processor.py:743} INFO - Processing file /usr/local/lib/python3.9/site-packages/airflow/example_dags/example_task_group_decorator.py for tasks to queue
[2024-10-17T21:26:19.019+0000] {logging_mixin.py:137} INFO - [2024-10-17T21:26:19.019+0000] {dagbag.py:538} INFO - Filling up the DagBag from /usr/local/lib/python3.9/site-packages/airflow/example_dags/example_task_group_decorator.py
[2024-10-17T21:26:19.040+0000] {processor.py:753} INFO - DAG(s) dict_keys(['example_task_group_decorator']) retrieved from /usr/local/lib/python3.9/site-packages/airflow/example_dags/example_task_group_decorator.py
[2024-10-17T21:26:19.058+0000] {logging_mixin.py:137} INFO - [2024-10-17T21:26:19.058+0000] {dag.py:2690} INFO - Sync 1 DAGs
[2024-10-17T21:26:19.076+0000] {logging_mixin.py:137} INFO - [2024-10-17T21:26:19.076+0000] {dag.py:3437} INFO - Setting next_dagrun for example_task_group_decorator to 2024-10-16T21:26:19.076057+00:00, run_after=2024-10-17T21:26:19.076057+00:00
[2024-10-17T21:26:19.091+0000] {processor.py:175} INFO - Processing /usr/local/lib/python3.9/site-packages/airflow/example_dags/example_task_group_decorator.py took 0.076 seconds
