[2024-10-17T21:25:16.738+0000] {processor.py:153} INFO - Started process (PID=45) to work on /usr/local/lib/python3.9/site-packages/airflow/example_dags/example_sensors.py
[2024-10-17T21:25:16.739+0000] {processor.py:743} INFO - Processing file /usr/local/lib/python3.9/site-packages/airflow/example_dags/example_sensors.py for tasks to queue
[2024-10-17T21:25:16.740+0000] {logging_mixin.py:137} INFO - [2024-10-17T21:25:16.739+0000] {dagbag.py:538} INFO - Filling up the DagBag from /usr/local/lib/python3.9/site-packages/airflow/example_dags/example_sensors.py
[2024-10-17T21:25:16.756+0000] {processor.py:753} INFO - DAG(s) dict_keys(['example_sensors']) retrieved from /usr/local/lib/python3.9/site-packages/airflow/example_dags/example_sensors.py
[2024-10-17T21:25:16.949+0000] {logging_mixin.py:137} INFO - [2024-10-17T21:25:16.949+0000] {manager.py:504} INFO - Created Permission View: can read on DAG:example_sensors
[2024-10-17T21:25:16.956+0000] {logging_mixin.py:137} INFO - [2024-10-17T21:25:16.956+0000] {manager.py:504} INFO - Created Permission View: can delete on DAG:example_sensors
[2024-10-17T21:25:16.963+0000] {logging_mixin.py:137} INFO - [2024-10-17T21:25:16.963+0000] {manager.py:504} INFO - Created Permission View: can edit on DAG:example_sensors
[2024-10-17T21:25:16.963+0000] {logging_mixin.py:137} INFO - [2024-10-17T21:25:16.963+0000] {dag.py:2690} INFO - Sync 1 DAGs
[2024-10-17T21:25:16.974+0000] {logging_mixin.py:137} INFO - [2024-10-17T21:25:16.973+0000] {dag.py:2711} INFO - Creating ORM DAG for example_sensors
[2024-10-17T21:25:16.982+0000] {logging_mixin.py:137} INFO - [2024-10-17T21:25:16.982+0000] {dag.py:3437} INFO - Setting next_dagrun for example_sensors to None, run_after=None
[2024-10-17T21:25:16.998+0000] {processor.py:175} INFO - Processing /usr/local/lib/python3.9/site-packages/airflow/example_dags/example_sensors.py took 0.262 seconds
[2024-10-17T21:25:47.946+0000] {processor.py:153} INFO - Started process (PID=106) to work on /usr/local/lib/python3.9/site-packages/airflow/example_dags/example_sensors.py
[2024-10-17T21:25:47.946+0000] {processor.py:743} INFO - Processing file /usr/local/lib/python3.9/site-packages/airflow/example_dags/example_sensors.py for tasks to queue
[2024-10-17T21:25:47.947+0000] {logging_mixin.py:137} INFO - [2024-10-17T21:25:47.947+0000] {dagbag.py:538} INFO - Filling up the DagBag from /usr/local/lib/python3.9/site-packages/airflow/example_dags/example_sensors.py
[2024-10-17T21:25:47.960+0000] {processor.py:753} INFO - DAG(s) dict_keys(['example_sensors']) retrieved from /usr/local/lib/python3.9/site-packages/airflow/example_dags/example_sensors.py
[2024-10-17T21:25:47.975+0000] {logging_mixin.py:137} INFO - [2024-10-17T21:25:47.975+0000] {dag.py:2690} INFO - Sync 1 DAGs
[2024-10-17T21:25:47.989+0000] {logging_mixin.py:137} INFO - [2024-10-17T21:25:47.989+0000] {dag.py:3437} INFO - Setting next_dagrun for example_sensors to None, run_after=None
[2024-10-17T21:25:48.001+0000] {processor.py:175} INFO - Processing /usr/local/lib/python3.9/site-packages/airflow/example_dags/example_sensors.py took 0.057 seconds
[2024-10-17T21:26:18.788+0000] {processor.py:153} INFO - Started process (PID=147) to work on /usr/local/lib/python3.9/site-packages/airflow/example_dags/example_sensors.py
[2024-10-17T21:26:18.788+0000] {processor.py:743} INFO - Processing file /usr/local/lib/python3.9/site-packages/airflow/example_dags/example_sensors.py for tasks to queue
[2024-10-17T21:26:18.789+0000] {logging_mixin.py:137} INFO - [2024-10-17T21:26:18.788+0000] {dagbag.py:538} INFO - Filling up the DagBag from /usr/local/lib/python3.9/site-packages/airflow/example_dags/example_sensors.py
[2024-10-17T21:26:18.803+0000] {processor.py:753} INFO - DAG(s) dict_keys(['example_sensors']) retrieved from /usr/local/lib/python3.9/site-packages/airflow/example_dags/example_sensors.py
[2024-10-17T21:26:18.819+0000] {logging_mixin.py:137} INFO - [2024-10-17T21:26:18.819+0000] {dag.py:2690} INFO - Sync 1 DAGs
[2024-10-17T21:26:18.833+0000] {logging_mixin.py:137} INFO - [2024-10-17T21:26:18.833+0000] {dag.py:3437} INFO - Setting next_dagrun for example_sensors to None, run_after=None
[2024-10-17T21:26:18.846+0000] {processor.py:175} INFO - Processing /usr/local/lib/python3.9/site-packages/airflow/example_dags/example_sensors.py took 0.060 seconds
