[2024-10-17T21:25:19.188+0000] {processor.py:153} INFO - Started process (PID=90) to work on /usr/local/lib/python3.9/site-packages/airflow/example_dags/example_dag_decorator.py
[2024-10-17T21:25:19.189+0000] {processor.py:743} INFO - Processing file /usr/local/lib/python3.9/site-packages/airflow/example_dags/example_dag_decorator.py for tasks to queue
[2024-10-17T21:25:19.189+0000] {logging_mixin.py:137} INFO - [2024-10-17T21:25:19.189+0000] {dagbag.py:538} INFO - Filling up the DagBag from /usr/local/lib/python3.9/site-packages/airflow/example_dags/example_dag_decorator.py
[2024-10-17T21:25:19.204+0000] {logging_mixin.py:137} INFO - [2024-10-17T21:25:19.203+0000] {taskmixin.py:205} WARNING - Dependency <Task(_PythonDecoratedOperator): prepare_email>, send_email already registered for DAG: example_dag_decorator
[2024-10-17T21:25:19.204+0000] {logging_mixin.py:137} INFO - [2024-10-17T21:25:19.204+0000] {taskmixin.py:205} WARNING - Dependency <Task(EmailOperator): send_email>, prepare_email already registered for DAG: example_dag_decorator
[2024-10-17T21:25:19.211+0000] {processor.py:753} INFO - DAG(s) dict_keys(['example_dag_decorator']) retrieved from /usr/local/lib/python3.9/site-packages/airflow/example_dags/example_dag_decorator.py
[2024-10-17T21:25:19.292+0000] {logging_mixin.py:137} INFO - [2024-10-17T21:25:19.292+0000] {manager.py:504} INFO - Created Permission View: can read on DAG:example_dag_decorator
[2024-10-17T21:25:19.298+0000] {logging_mixin.py:137} INFO - [2024-10-17T21:25:19.298+0000] {manager.py:504} INFO - Created Permission View: can delete on DAG:example_dag_decorator
[2024-10-17T21:25:19.303+0000] {logging_mixin.py:137} INFO - [2024-10-17T21:25:19.303+0000] {manager.py:504} INFO - Created Permission View: can edit on DAG:example_dag_decorator
[2024-10-17T21:25:19.303+0000] {logging_mixin.py:137} INFO - [2024-10-17T21:25:19.303+0000] {dag.py:2690} INFO - Sync 1 DAGs
[2024-10-17T21:25:19.312+0000] {logging_mixin.py:137} INFO - [2024-10-17T21:25:19.312+0000] {dag.py:2711} INFO - Creating ORM DAG for example_dag_decorator
[2024-10-17T21:25:19.319+0000] {logging_mixin.py:137} INFO - [2024-10-17T21:25:19.319+0000] {dag.py:3437} INFO - Setting next_dagrun for example_dag_decorator to None, run_after=None
[2024-10-17T21:25:19.330+0000] {processor.py:175} INFO - Processing /usr/local/lib/python3.9/site-packages/airflow/example_dags/example_dag_decorator.py took 0.144 seconds
[2024-10-17T21:25:50.196+0000] {processor.py:153} INFO - Started process (PID=135) to work on /usr/local/lib/python3.9/site-packages/airflow/example_dags/example_dag_decorator.py
[2024-10-17T21:25:50.197+0000] {processor.py:743} INFO - Processing file /usr/local/lib/python3.9/site-packages/airflow/example_dags/example_dag_decorator.py for tasks to queue
[2024-10-17T21:25:50.197+0000] {logging_mixin.py:137} INFO - [2024-10-17T21:25:50.197+0000] {dagbag.py:538} INFO - Filling up the DagBag from /usr/local/lib/python3.9/site-packages/airflow/example_dags/example_dag_decorator.py
[2024-10-17T21:25:50.209+0000] {logging_mixin.py:137} INFO - [2024-10-17T21:25:50.208+0000] {taskmixin.py:205} WARNING - Dependency <Task(_PythonDecoratedOperator): prepare_email>, send_email already registered for DAG: example_dag_decorator
[2024-10-17T21:25:50.209+0000] {logging_mixin.py:137} INFO - [2024-10-17T21:25:50.209+0000] {taskmixin.py:205} WARNING - Dependency <Task(EmailOperator): send_email>, prepare_email already registered for DAG: example_dag_decorator
[2024-10-17T21:25:50.216+0000] {processor.py:753} INFO - DAG(s) dict_keys(['example_dag_decorator']) retrieved from /usr/local/lib/python3.9/site-packages/airflow/example_dags/example_dag_decorator.py
[2024-10-17T21:25:50.256+0000] {logging_mixin.py:137} INFO - [2024-10-17T21:25:50.256+0000] {dag.py:2690} INFO - Sync 1 DAGs
[2024-10-17T21:25:50.269+0000] {logging_mixin.py:137} INFO - [2024-10-17T21:25:50.269+0000] {dag.py:3437} INFO - Setting next_dagrun for example_dag_decorator to None, run_after=None
[2024-10-17T21:25:50.283+0000] {processor.py:175} INFO - Processing /usr/local/lib/python3.9/site-packages/airflow/example_dags/example_dag_decorator.py took 0.089 seconds
[2024-10-17T21:26:21.126+0000] {processor.py:153} INFO - Started process (PID=177) to work on /usr/local/lib/python3.9/site-packages/airflow/example_dags/example_dag_decorator.py
[2024-10-17T21:26:21.126+0000] {processor.py:743} INFO - Processing file /usr/local/lib/python3.9/site-packages/airflow/example_dags/example_dag_decorator.py for tasks to queue
[2024-10-17T21:26:21.127+0000] {logging_mixin.py:137} INFO - [2024-10-17T21:26:21.126+0000] {dagbag.py:538} INFO - Filling up the DagBag from /usr/local/lib/python3.9/site-packages/airflow/example_dags/example_dag_decorator.py
[2024-10-17T21:26:21.139+0000] {logging_mixin.py:137} INFO - [2024-10-17T21:26:21.139+0000] {taskmixin.py:205} WARNING - Dependency <Task(_PythonDecoratedOperator): prepare_email>, send_email already registered for DAG: example_dag_decorator
[2024-10-17T21:26:21.140+0000] {logging_mixin.py:137} INFO - [2024-10-17T21:26:21.140+0000] {taskmixin.py:205} WARNING - Dependency <Task(EmailOperator): send_email>, prepare_email already registered for DAG: example_dag_decorator
[2024-10-17T21:26:21.148+0000] {processor.py:753} INFO - DAG(s) dict_keys(['example_dag_decorator']) retrieved from /usr/local/lib/python3.9/site-packages/airflow/example_dags/example_dag_decorator.py
[2024-10-17T21:26:21.185+0000] {logging_mixin.py:137} INFO - [2024-10-17T21:26:21.185+0000] {dag.py:2690} INFO - Sync 1 DAGs
[2024-10-17T21:26:21.200+0000] {logging_mixin.py:137} INFO - [2024-10-17T21:26:21.200+0000] {dag.py:3437} INFO - Setting next_dagrun for example_dag_decorator to None, run_after=None
[2024-10-17T21:26:21.213+0000] {processor.py:175} INFO - Processing /usr/local/lib/python3.9/site-packages/airflow/example_dags/example_dag_decorator.py took 0.089 seconds
