[2024-10-17T21:25:19.530+0000] {processor.py:153} INFO - Started process (PID=95) to work on /usr/local/lib/python3.9/site-packages/airflow/example_dags/example_external_task_marker_dag.py
[2024-10-17T21:25:19.531+0000] {processor.py:743} INFO - Processing file /usr/local/lib/python3.9/site-packages/airflow/example_dags/example_external_task_marker_dag.py for tasks to queue
[2024-10-17T21:25:19.531+0000] {logging_mixin.py:137} INFO - [2024-10-17T21:25:19.531+0000] {dagbag.py:538} INFO - Filling up the DagBag from /usr/local/lib/python3.9/site-packages/airflow/example_dags/example_external_task_marker_dag.py
[2024-10-17T21:25:19.541+0000] {processor.py:753} INFO - DAG(s) dict_keys(['example_external_task_marker_parent', 'example_external_task_marker_child']) retrieved from /usr/local/lib/python3.9/site-packages/airflow/example_dags/example_external_task_marker_dag.py
[2024-10-17T21:25:19.610+0000] {logging_mixin.py:137} INFO - [2024-10-17T21:25:19.609+0000] {manager.py:504} INFO - Created Permission View: can read on DAG:example_external_task_marker_parent
[2024-10-17T21:25:19.616+0000] {logging_mixin.py:137} INFO - [2024-10-17T21:25:19.616+0000] {manager.py:504} INFO - Created Permission View: can delete on DAG:example_external_task_marker_parent
[2024-10-17T21:25:19.621+0000] {logging_mixin.py:137} INFO - [2024-10-17T21:25:19.621+0000] {manager.py:504} INFO - Created Permission View: can edit on DAG:example_external_task_marker_parent
[2024-10-17T21:25:19.631+0000] {logging_mixin.py:137} INFO - [2024-10-17T21:25:19.631+0000] {manager.py:504} INFO - Created Permission View: can read on DAG:example_external_task_marker_child
[2024-10-17T21:25:19.637+0000] {logging_mixin.py:137} INFO - [2024-10-17T21:25:19.637+0000] {manager.py:504} INFO - Created Permission View: can delete on DAG:example_external_task_marker_child
[2024-10-17T21:25:19.642+0000] {logging_mixin.py:137} INFO - [2024-10-17T21:25:19.641+0000] {manager.py:504} INFO - Created Permission View: can edit on DAG:example_external_task_marker_child
[2024-10-17T21:25:19.642+0000] {logging_mixin.py:137} INFO - [2024-10-17T21:25:19.642+0000] {dag.py:2690} INFO - Sync 2 DAGs
[2024-10-17T21:25:19.650+0000] {logging_mixin.py:137} INFO - [2024-10-17T21:25:19.649+0000] {dag.py:2711} INFO - Creating ORM DAG for example_external_task_marker_parent
[2024-10-17T21:25:19.650+0000] {logging_mixin.py:137} INFO - [2024-10-17T21:25:19.650+0000] {dag.py:2711} INFO - Creating ORM DAG for example_external_task_marker_child
[2024-10-17T21:25:19.658+0000] {logging_mixin.py:137} INFO - [2024-10-17T21:25:19.658+0000] {dag.py:3437} INFO - Setting next_dagrun for example_external_task_marker_child to None, run_after=None
[2024-10-17T21:25:19.658+0000] {logging_mixin.py:137} INFO - [2024-10-17T21:25:19.658+0000] {dag.py:3437} INFO - Setting next_dagrun for example_external_task_marker_parent to None, run_after=None
[2024-10-17T21:25:19.670+0000] {processor.py:175} INFO - Processing /usr/local/lib/python3.9/site-packages/airflow/example_dags/example_external_task_marker_dag.py took 0.142 seconds
[2024-10-17T21:25:50.422+0000] {processor.py:153} INFO - Started process (PID=140) to work on /usr/local/lib/python3.9/site-packages/airflow/example_dags/example_external_task_marker_dag.py
[2024-10-17T21:25:50.423+0000] {processor.py:743} INFO - Processing file /usr/local/lib/python3.9/site-packages/airflow/example_dags/example_external_task_marker_dag.py for tasks to queue
[2024-10-17T21:25:50.423+0000] {logging_mixin.py:137} INFO - [2024-10-17T21:25:50.423+0000] {dagbag.py:538} INFO - Filling up the DagBag from /usr/local/lib/python3.9/site-packages/airflow/example_dags/example_external_task_marker_dag.py
[2024-10-17T21:25:50.434+0000] {processor.py:753} INFO - DAG(s) dict_keys(['example_external_task_marker_parent', 'example_external_task_marker_child']) retrieved from /usr/local/lib/python3.9/site-packages/airflow/example_dags/example_external_task_marker_dag.py
[2024-10-17T21:25:50.453+0000] {logging_mixin.py:137} INFO - [2024-10-17T21:25:50.453+0000] {dag.py:2690} INFO - Sync 2 DAGs
[2024-10-17T21:25:50.471+0000] {logging_mixin.py:137} INFO - [2024-10-17T21:25:50.471+0000] {dag.py:3437} INFO - Setting next_dagrun for example_external_task_marker_child to None, run_after=None
[2024-10-17T21:25:50.474+0000] {logging_mixin.py:137} INFO - [2024-10-17T21:25:50.474+0000] {dag.py:3437} INFO - Setting next_dagrun for example_external_task_marker_parent to None, run_after=None
[2024-10-17T21:25:50.487+0000] {processor.py:175} INFO - Processing /usr/local/lib/python3.9/site-packages/airflow/example_dags/example_external_task_marker_dag.py took 0.067 seconds
[2024-10-17T21:26:21.345+0000] {processor.py:153} INFO - Started process (PID=182) to work on /usr/local/lib/python3.9/site-packages/airflow/example_dags/example_external_task_marker_dag.py
[2024-10-17T21:26:21.346+0000] {processor.py:743} INFO - Processing file /usr/local/lib/python3.9/site-packages/airflow/example_dags/example_external_task_marker_dag.py for tasks to queue
[2024-10-17T21:26:21.347+0000] {logging_mixin.py:137} INFO - [2024-10-17T21:26:21.347+0000] {dagbag.py:538} INFO - Filling up the DagBag from /usr/local/lib/python3.9/site-packages/airflow/example_dags/example_external_task_marker_dag.py
[2024-10-17T21:26:21.360+0000] {processor.py:753} INFO - DAG(s) dict_keys(['example_external_task_marker_parent', 'example_external_task_marker_child']) retrieved from /usr/local/lib/python3.9/site-packages/airflow/example_dags/example_external_task_marker_dag.py
[2024-10-17T21:26:21.380+0000] {logging_mixin.py:137} INFO - [2024-10-17T21:26:21.380+0000] {dag.py:2690} INFO - Sync 2 DAGs
[2024-10-17T21:26:21.395+0000] {logging_mixin.py:137} INFO - [2024-10-17T21:26:21.395+0000] {dag.py:3437} INFO - Setting next_dagrun for example_external_task_marker_child to None, run_after=None
[2024-10-17T21:26:21.398+0000] {logging_mixin.py:137} INFO - [2024-10-17T21:26:21.398+0000] {dag.py:3437} INFO - Setting next_dagrun for example_external_task_marker_parent to None, run_after=None
[2024-10-17T21:26:21.410+0000] {processor.py:175} INFO - Processing /usr/local/lib/python3.9/site-packages/airflow/example_dags/example_external_task_marker_dag.py took 0.067 seconds
