[2024-10-17T21:25:19.093+0000] {processor.py:153} INFO - Started process (PID=89) to work on /usr/local/lib/python3.9/site-packages/airflow/example_dags/example_nested_branch_dag.py
[2024-10-17T21:25:19.093+0000] {processor.py:743} INFO - Processing file /usr/local/lib/python3.9/site-packages/airflow/example_dags/example_nested_branch_dag.py for tasks to queue
[2024-10-17T21:25:19.094+0000] {logging_mixin.py:137} INFO - [2024-10-17T21:25:19.094+0000] {dagbag.py:538} INFO - Filling up the DagBag from /usr/local/lib/python3.9/site-packages/airflow/example_dags/example_nested_branch_dag.py
[2024-10-17T21:25:19.116+0000] {processor.py:753} INFO - DAG(s) dict_keys(['example_nested_branch_dag']) retrieved from /usr/local/lib/python3.9/site-packages/airflow/example_dags/example_nested_branch_dag.py
[2024-10-17T21:25:19.190+0000] {logging_mixin.py:137} INFO - [2024-10-17T21:25:19.190+0000] {manager.py:504} INFO - Created Permission View: can read on DAG:example_nested_branch_dag
[2024-10-17T21:25:19.196+0000] {logging_mixin.py:137} INFO - [2024-10-17T21:25:19.196+0000] {manager.py:504} INFO - Created Permission View: can delete on DAG:example_nested_branch_dag
[2024-10-17T21:25:19.201+0000] {logging_mixin.py:137} INFO - [2024-10-17T21:25:19.201+0000] {manager.py:504} INFO - Created Permission View: can edit on DAG:example_nested_branch_dag
[2024-10-17T21:25:19.201+0000] {logging_mixin.py:137} INFO - [2024-10-17T21:25:19.201+0000] {dag.py:2690} INFO - Sync 1 DAGs
[2024-10-17T21:25:19.210+0000] {logging_mixin.py:137} INFO - [2024-10-17T21:25:19.210+0000] {dag.py:2711} INFO - Creating ORM DAG for example_nested_branch_dag
[2024-10-17T21:25:19.217+0000] {logging_mixin.py:137} INFO - [2024-10-17T21:25:19.217+0000] {dag.py:3437} INFO - Setting next_dagrun for example_nested_branch_dag to 2024-10-16T00:00:00+00:00, run_after=2024-10-17T00:00:00+00:00
[2024-10-17T21:25:19.228+0000] {processor.py:175} INFO - Processing /usr/local/lib/python3.9/site-packages/airflow/example_dags/example_nested_branch_dag.py took 0.138 seconds
[2024-10-17T21:25:50.115+0000] {processor.py:153} INFO - Started process (PID=134) to work on /usr/local/lib/python3.9/site-packages/airflow/example_dags/example_nested_branch_dag.py
[2024-10-17T21:25:50.116+0000] {processor.py:743} INFO - Processing file /usr/local/lib/python3.9/site-packages/airflow/example_dags/example_nested_branch_dag.py for tasks to queue
[2024-10-17T21:25:50.116+0000] {logging_mixin.py:137} INFO - [2024-10-17T21:25:50.116+0000] {dagbag.py:538} INFO - Filling up the DagBag from /usr/local/lib/python3.9/site-packages/airflow/example_dags/example_nested_branch_dag.py
[2024-10-17T21:25:50.135+0000] {processor.py:753} INFO - DAG(s) dict_keys(['example_nested_branch_dag']) retrieved from /usr/local/lib/python3.9/site-packages/airflow/example_dags/example_nested_branch_dag.py
[2024-10-17T21:25:50.151+0000] {logging_mixin.py:137} INFO - [2024-10-17T21:25:50.151+0000] {dag.py:2690} INFO - Sync 1 DAGs
[2024-10-17T21:25:50.166+0000] {logging_mixin.py:137} INFO - [2024-10-17T21:25:50.166+0000] {dag.py:3437} INFO - Setting next_dagrun for example_nested_branch_dag to 2024-10-16T00:00:00+00:00, run_after=2024-10-17T00:00:00+00:00
[2024-10-17T21:25:50.178+0000] {processor.py:175} INFO - Processing /usr/local/lib/python3.9/site-packages/airflow/example_dags/example_nested_branch_dag.py took 0.066 seconds
[2024-10-17T21:26:21.045+0000] {processor.py:153} INFO - Started process (PID=176) to work on /usr/local/lib/python3.9/site-packages/airflow/example_dags/example_nested_branch_dag.py
[2024-10-17T21:26:21.046+0000] {processor.py:743} INFO - Processing file /usr/local/lib/python3.9/site-packages/airflow/example_dags/example_nested_branch_dag.py for tasks to queue
[2024-10-17T21:26:21.046+0000] {logging_mixin.py:137} INFO - [2024-10-17T21:26:21.046+0000] {dagbag.py:538} INFO - Filling up the DagBag from /usr/local/lib/python3.9/site-packages/airflow/example_dags/example_nested_branch_dag.py
[2024-10-17T21:26:21.065+0000] {processor.py:753} INFO - DAG(s) dict_keys(['example_nested_branch_dag']) retrieved from /usr/local/lib/python3.9/site-packages/airflow/example_dags/example_nested_branch_dag.py
[2024-10-17T21:26:21.080+0000] {logging_mixin.py:137} INFO - [2024-10-17T21:26:21.080+0000] {dag.py:2690} INFO - Sync 1 DAGs
[2024-10-17T21:26:21.096+0000] {logging_mixin.py:137} INFO - [2024-10-17T21:26:21.096+0000] {dag.py:3437} INFO - Setting next_dagrun for example_nested_branch_dag to 2024-10-16T00:00:00+00:00, run_after=2024-10-17T00:00:00+00:00
[2024-10-17T21:26:21.108+0000] {processor.py:175} INFO - Processing /usr/local/lib/python3.9/site-packages/airflow/example_dags/example_nested_branch_dag.py took 0.064 seconds
