[2024-10-17T21:25:19.245+0000] {processor.py:153} INFO - Started process (PID=91) to work on /usr/local/lib/python3.9/site-packages/airflow/example_dags/example_short_circuit_operator.py
[2024-10-17T21:25:19.246+0000] {processor.py:743} INFO - Processing file /usr/local/lib/python3.9/site-packages/airflow/example_dags/example_short_circuit_operator.py for tasks to queue
[2024-10-17T21:25:19.247+0000] {logging_mixin.py:137} INFO - [2024-10-17T21:25:19.247+0000] {dagbag.py:538} INFO - Filling up the DagBag from /usr/local/lib/python3.9/site-packages/airflow/example_dags/example_short_circuit_operator.py
[2024-10-17T21:25:19.258+0000] {processor.py:753} INFO - DAG(s) dict_keys(['example_short_circuit_operator']) retrieved from /usr/local/lib/python3.9/site-packages/airflow/example_dags/example_short_circuit_operator.py
[2024-10-17T21:25:19.331+0000] {logging_mixin.py:137} INFO - [2024-10-17T21:25:19.331+0000] {manager.py:504} INFO - Created Permission View: can read on DAG:example_short_circuit_operator
[2024-10-17T21:25:19.337+0000] {logging_mixin.py:137} INFO - [2024-10-17T21:25:19.337+0000] {manager.py:504} INFO - Created Permission View: can delete on DAG:example_short_circuit_operator
[2024-10-17T21:25:19.342+0000] {logging_mixin.py:137} INFO - [2024-10-17T21:25:19.342+0000] {manager.py:504} INFO - Created Permission View: can edit on DAG:example_short_circuit_operator
[2024-10-17T21:25:19.342+0000] {logging_mixin.py:137} INFO - [2024-10-17T21:25:19.342+0000] {dag.py:2690} INFO - Sync 1 DAGs
[2024-10-17T21:25:19.350+0000] {logging_mixin.py:137} INFO - [2024-10-17T21:25:19.350+0000] {dag.py:2711} INFO - Creating ORM DAG for example_short_circuit_operator
[2024-10-17T21:25:19.358+0000] {logging_mixin.py:137} INFO - [2024-10-17T21:25:19.358+0000] {dag.py:3437} INFO - Setting next_dagrun for example_short_circuit_operator to 2024-10-16T21:25:19.358010+00:00, run_after=2024-10-17T21:25:19.358010+00:00
[2024-10-17T21:25:19.369+0000] {processor.py:175} INFO - Processing /usr/local/lib/python3.9/site-packages/airflow/example_dags/example_short_circuit_operator.py took 0.126 seconds
[2024-10-17T21:25:50.303+0000] {processor.py:153} INFO - Started process (PID=136) to work on /usr/local/lib/python3.9/site-packages/airflow/example_dags/example_short_circuit_operator.py
[2024-10-17T21:25:50.303+0000] {processor.py:743} INFO - Processing file /usr/local/lib/python3.9/site-packages/airflow/example_dags/example_short_circuit_operator.py for tasks to queue
[2024-10-17T21:25:50.304+0000] {logging_mixin.py:137} INFO - [2024-10-17T21:25:50.303+0000] {dagbag.py:538} INFO - Filling up the DagBag from /usr/local/lib/python3.9/site-packages/airflow/example_dags/example_short_circuit_operator.py
[2024-10-17T21:25:50.315+0000] {processor.py:753} INFO - DAG(s) dict_keys(['example_short_circuit_operator']) retrieved from /usr/local/lib/python3.9/site-packages/airflow/example_dags/example_short_circuit_operator.py
[2024-10-17T21:25:50.331+0000] {logging_mixin.py:137} INFO - [2024-10-17T21:25:50.331+0000] {dag.py:2690} INFO - Sync 1 DAGs
[2024-10-17T21:25:50.346+0000] {logging_mixin.py:137} INFO - [2024-10-17T21:25:50.346+0000] {dag.py:3437} INFO - Setting next_dagrun for example_short_circuit_operator to 2024-10-16T21:25:50.346476+00:00, run_after=2024-10-17T21:25:50.346476+00:00
[2024-10-17T21:25:50.359+0000] {processor.py:175} INFO - Processing /usr/local/lib/python3.9/site-packages/airflow/example_dags/example_short_circuit_operator.py took 0.059 seconds
[2024-10-17T21:26:21.138+0000] {processor.py:153} INFO - Started process (PID=178) to work on /usr/local/lib/python3.9/site-packages/airflow/example_dags/example_short_circuit_operator.py
[2024-10-17T21:26:21.139+0000] {processor.py:743} INFO - Processing file /usr/local/lib/python3.9/site-packages/airflow/example_dags/example_short_circuit_operator.py for tasks to queue
[2024-10-17T21:26:21.139+0000] {logging_mixin.py:137} INFO - [2024-10-17T21:26:21.139+0000] {dagbag.py:538} INFO - Filling up the DagBag from /usr/local/lib/python3.9/site-packages/airflow/example_dags/example_short_circuit_operator.py
[2024-10-17T21:26:21.152+0000] {processor.py:753} INFO - DAG(s) dict_keys(['example_short_circuit_operator']) retrieved from /usr/local/lib/python3.9/site-packages/airflow/example_dags/example_short_circuit_operator.py
[2024-10-17T21:26:21.167+0000] {logging_mixin.py:137} INFO - [2024-10-17T21:26:21.167+0000] {dag.py:2690} INFO - Sync 1 DAGs
[2024-10-17T21:26:21.182+0000] {logging_mixin.py:137} INFO - [2024-10-17T21:26:21.182+0000] {dag.py:3437} INFO - Setting next_dagrun for example_short_circuit_operator to 2024-10-16T21:26:21.182284+00:00, run_after=2024-10-17T21:26:21.182284+00:00
[2024-10-17T21:26:21.195+0000] {processor.py:175} INFO - Processing /usr/local/lib/python3.9/site-packages/airflow/example_dags/example_short_circuit_operator.py took 0.059 seconds
