[2024-10-17T21:25:17.798+0000] {processor.py:153} INFO - Started process (PID=72) to work on /usr/local/lib/python3.9/site-packages/airflow/example_dags/example_dynamic_task_mapping.py
[2024-10-17T21:25:17.799+0000] {processor.py:743} INFO - Processing file /usr/local/lib/python3.9/site-packages/airflow/example_dags/example_dynamic_task_mapping.py for tasks to queue
[2024-10-17T21:25:17.799+0000] {logging_mixin.py:137} INFO - [2024-10-17T21:25:17.799+0000] {dagbag.py:538} INFO - Filling up the DagBag from /usr/local/lib/python3.9/site-packages/airflow/example_dags/example_dynamic_task_mapping.py
[2024-10-17T21:25:17.815+0000] {processor.py:753} INFO - DAG(s) dict_keys(['example_dynamic_task_mapping']) retrieved from /usr/local/lib/python3.9/site-packages/airflow/example_dags/example_dynamic_task_mapping.py
[2024-10-17T21:25:17.893+0000] {logging_mixin.py:137} INFO - [2024-10-17T21:25:17.892+0000] {manager.py:504} INFO - Created Permission View: can read on DAG:example_dynamic_task_mapping
[2024-10-17T21:25:17.900+0000] {logging_mixin.py:137} INFO - [2024-10-17T21:25:17.900+0000] {manager.py:504} INFO - Created Permission View: can delete on DAG:example_dynamic_task_mapping
[2024-10-17T21:25:17.906+0000] {logging_mixin.py:137} INFO - [2024-10-17T21:25:17.906+0000] {manager.py:504} INFO - Created Permission View: can edit on DAG:example_dynamic_task_mapping
[2024-10-17T21:25:17.906+0000] {logging_mixin.py:137} INFO - [2024-10-17T21:25:17.906+0000] {dag.py:2690} INFO - Sync 1 DAGs
[2024-10-17T21:25:17.915+0000] {logging_mixin.py:137} INFO - [2024-10-17T21:25:17.915+0000] {dag.py:2711} INFO - Creating ORM DAG for example_dynamic_task_mapping
[2024-10-17T21:25:17.921+0000] {logging_mixin.py:137} INFO - [2024-10-17T21:25:17.921+0000] {dag.py:3437} INFO - Setting next_dagrun for example_dynamic_task_mapping to 2022-03-04T00:00:00+00:00, run_after=2022-03-05T00:00:00+00:00
[2024-10-17T21:25:17.932+0000] {processor.py:175} INFO - Processing /usr/local/lib/python3.9/site-packages/airflow/example_dags/example_dynamic_task_mapping.py took 0.136 seconds
[2024-10-17T21:25:48.474+0000] {processor.py:153} INFO - Started process (PID=117) to work on /usr/local/lib/python3.9/site-packages/airflow/example_dags/example_dynamic_task_mapping.py
[2024-10-17T21:25:48.474+0000] {processor.py:743} INFO - Processing file /usr/local/lib/python3.9/site-packages/airflow/example_dags/example_dynamic_task_mapping.py for tasks to queue
[2024-10-17T21:25:48.475+0000] {logging_mixin.py:137} INFO - [2024-10-17T21:25:48.475+0000] {dagbag.py:538} INFO - Filling up the DagBag from /usr/local/lib/python3.9/site-packages/airflow/example_dags/example_dynamic_task_mapping.py
[2024-10-17T21:25:48.490+0000] {processor.py:753} INFO - DAG(s) dict_keys(['example_dynamic_task_mapping']) retrieved from /usr/local/lib/python3.9/site-packages/airflow/example_dags/example_dynamic_task_mapping.py
[2024-10-17T21:25:48.505+0000] {logging_mixin.py:137} INFO - [2024-10-17T21:25:48.505+0000] {dag.py:2690} INFO - Sync 1 DAGs
[2024-10-17T21:25:48.519+0000] {logging_mixin.py:137} INFO - [2024-10-17T21:25:48.519+0000] {dag.py:3437} INFO - Setting next_dagrun for example_dynamic_task_mapping to 2022-03-04T00:00:00+00:00, run_after=2022-03-05T00:00:00+00:00
[2024-10-17T21:25:48.530+0000] {processor.py:175} INFO - Processing /usr/local/lib/python3.9/site-packages/airflow/example_dags/example_dynamic_task_mapping.py took 0.058 seconds
[2024-10-17T21:26:19.282+0000] {processor.py:153} INFO - Started process (PID=158) to work on /usr/local/lib/python3.9/site-packages/airflow/example_dags/example_dynamic_task_mapping.py
[2024-10-17T21:26:19.283+0000] {processor.py:743} INFO - Processing file /usr/local/lib/python3.9/site-packages/airflow/example_dags/example_dynamic_task_mapping.py for tasks to queue
[2024-10-17T21:26:19.283+0000] {logging_mixin.py:137} INFO - [2024-10-17T21:26:19.283+0000] {dagbag.py:538} INFO - Filling up the DagBag from /usr/local/lib/python3.9/site-packages/airflow/example_dags/example_dynamic_task_mapping.py
[2024-10-17T21:26:19.300+0000] {processor.py:753} INFO - DAG(s) dict_keys(['example_dynamic_task_mapping']) retrieved from /usr/local/lib/python3.9/site-packages/airflow/example_dags/example_dynamic_task_mapping.py
[2024-10-17T21:26:19.316+0000] {logging_mixin.py:137} INFO - [2024-10-17T21:26:19.316+0000] {dag.py:2690} INFO - Sync 1 DAGs
[2024-10-17T21:26:19.331+0000] {logging_mixin.py:137} INFO - [2024-10-17T21:26:19.331+0000] {dag.py:3437} INFO - Setting next_dagrun for example_dynamic_task_mapping to 2022-03-04T00:00:00+00:00, run_after=2022-03-05T00:00:00+00:00
[2024-10-17T21:26:19.343+0000] {processor.py:175} INFO - Processing /usr/local/lib/python3.9/site-packages/airflow/example_dags/example_dynamic_task_mapping.py took 0.064 seconds
