[2024-10-17T21:25:19.347+0000] {processor.py:153} INFO - Started process (PID=92) to work on /usr/local/lib/python3.9/site-packages/airflow/example_dags/example_branch_datetime_operator.py
[2024-10-17T21:25:19.347+0000] {processor.py:743} INFO - Processing file /usr/local/lib/python3.9/site-packages/airflow/example_dags/example_branch_datetime_operator.py for tasks to queue
[2024-10-17T21:25:19.348+0000] {logging_mixin.py:137} INFO - [2024-10-17T21:25:19.348+0000] {dagbag.py:538} INFO - Filling up the DagBag from /usr/local/lib/python3.9/site-packages/airflow/example_dags/example_branch_datetime_operator.py
[2024-10-17T21:25:19.360+0000] {processor.py:753} INFO - DAG(s) dict_keys(['example_branch_datetime_operator', 'example_branch_datetime_operator_2', 'example_branch_datetime_operator_3']) retrieved from /usr/local/lib/python3.9/site-packages/airflow/example_dags/example_branch_datetime_operator.py
[2024-10-17T21:25:19.431+0000] {logging_mixin.py:137} INFO - [2024-10-17T21:25:19.431+0000] {manager.py:504} INFO - Created Permission View: can read on DAG:example_branch_datetime_operator
[2024-10-17T21:25:19.437+0000] {logging_mixin.py:137} INFO - [2024-10-17T21:25:19.437+0000] {manager.py:504} INFO - Created Permission View: can delete on DAG:example_branch_datetime_operator
[2024-10-17T21:25:19.442+0000] {logging_mixin.py:137} INFO - [2024-10-17T21:25:19.441+0000] {manager.py:504} INFO - Created Permission View: can edit on DAG:example_branch_datetime_operator
[2024-10-17T21:25:19.452+0000] {logging_mixin.py:137} INFO - [2024-10-17T21:25:19.452+0000] {manager.py:504} INFO - Created Permission View: can read on DAG:example_branch_datetime_operator_2
[2024-10-17T21:25:19.457+0000] {logging_mixin.py:137} INFO - [2024-10-17T21:25:19.457+0000] {manager.py:504} INFO - Created Permission View: can delete on DAG:example_branch_datetime_operator_2
[2024-10-17T21:25:19.462+0000] {logging_mixin.py:137} INFO - [2024-10-17T21:25:19.462+0000] {manager.py:504} INFO - Created Permission View: can edit on DAG:example_branch_datetime_operator_2
[2024-10-17T21:25:19.472+0000] {logging_mixin.py:137} INFO - [2024-10-17T21:25:19.472+0000] {manager.py:504} INFO - Created Permission View: can read on DAG:example_branch_datetime_operator_3
[2024-10-17T21:25:19.476+0000] {logging_mixin.py:137} INFO - [2024-10-17T21:25:19.476+0000] {manager.py:504} INFO - Created Permission View: can delete on DAG:example_branch_datetime_operator_3
[2024-10-17T21:25:19.481+0000] {logging_mixin.py:137} INFO - [2024-10-17T21:25:19.481+0000] {manager.py:504} INFO - Created Permission View: can edit on DAG:example_branch_datetime_operator_3
[2024-10-17T21:25:19.482+0000] {logging_mixin.py:137} INFO - [2024-10-17T21:25:19.481+0000] {dag.py:2690} INFO - Sync 3 DAGs
[2024-10-17T21:25:19.489+0000] {logging_mixin.py:137} INFO - [2024-10-17T21:25:19.489+0000] {dag.py:2711} INFO - Creating ORM DAG for example_branch_datetime_operator_2
[2024-10-17T21:25:19.489+0000] {logging_mixin.py:137} INFO - [2024-10-17T21:25:19.489+0000] {dag.py:2711} INFO - Creating ORM DAG for example_branch_datetime_operator
[2024-10-17T21:25:19.490+0000] {logging_mixin.py:137} INFO - [2024-10-17T21:25:19.490+0000] {dag.py:2711} INFO - Creating ORM DAG for example_branch_datetime_operator_3
[2024-10-17T21:25:19.498+0000] {logging_mixin.py:137} INFO - [2024-10-17T21:25:19.498+0000] {dag.py:3437} INFO - Setting next_dagrun for example_branch_datetime_operator to 2024-10-16T00:00:00+00:00, run_after=2024-10-17T00:00:00+00:00
[2024-10-17T21:25:19.499+0000] {logging_mixin.py:137} INFO - [2024-10-17T21:25:19.499+0000] {dag.py:3437} INFO - Setting next_dagrun for example_branch_datetime_operator_2 to 2024-10-16T00:00:00+00:00, run_after=2024-10-17T00:00:00+00:00
[2024-10-17T21:25:19.501+0000] {logging_mixin.py:137} INFO - [2024-10-17T21:25:19.501+0000] {dag.py:3437} INFO - Setting next_dagrun for example_branch_datetime_operator_3 to 2024-10-16T00:00:00+00:00, run_after=2024-10-17T00:00:00+00:00
[2024-10-17T21:25:19.514+0000] {processor.py:175} INFO - Processing /usr/local/lib/python3.9/site-packages/airflow/example_dags/example_branch_datetime_operator.py took 0.169 seconds
[2024-10-17T21:25:50.302+0000] {processor.py:153} INFO - Started process (PID=137) to work on /usr/local/lib/python3.9/site-packages/airflow/example_dags/example_branch_datetime_operator.py
[2024-10-17T21:25:50.303+0000] {processor.py:743} INFO - Processing file /usr/local/lib/python3.9/site-packages/airflow/example_dags/example_branch_datetime_operator.py for tasks to queue
[2024-10-17T21:25:50.303+0000] {logging_mixin.py:137} INFO - [2024-10-17T21:25:50.303+0000] {dagbag.py:538} INFO - Filling up the DagBag from /usr/local/lib/python3.9/site-packages/airflow/example_dags/example_branch_datetime_operator.py
[2024-10-17T21:25:50.316+0000] {processor.py:753} INFO - DAG(s) dict_keys(['example_branch_datetime_operator_3', 'example_branch_datetime_operator_2', 'example_branch_datetime_operator']) retrieved from /usr/local/lib/python3.9/site-packages/airflow/example_dags/example_branch_datetime_operator.py
[2024-10-17T21:25:50.335+0000] {logging_mixin.py:137} INFO - [2024-10-17T21:25:50.335+0000] {dag.py:2690} INFO - Sync 3 DAGs
[2024-10-17T21:25:50.351+0000] {logging_mixin.py:137} INFO - [2024-10-17T21:25:50.351+0000] {dag.py:3437} INFO - Setting next_dagrun for example_branch_datetime_operator to 2024-10-16T00:00:00+00:00, run_after=2024-10-17T00:00:00+00:00
[2024-10-17T21:25:50.355+0000] {logging_mixin.py:137} INFO - [2024-10-17T21:25:50.355+0000] {dag.py:3437} INFO - Setting next_dagrun for example_branch_datetime_operator_2 to 2024-10-16T00:00:00+00:00, run_after=2024-10-17T00:00:00+00:00
[2024-10-17T21:25:50.357+0000] {logging_mixin.py:137} INFO - [2024-10-17T21:25:50.357+0000] {dag.py:3437} INFO - Setting next_dagrun for example_branch_datetime_operator_3 to 2024-10-16T00:00:00+00:00, run_after=2024-10-17T00:00:00+00:00
[2024-10-17T21:25:50.368+0000] {processor.py:175} INFO - Processing /usr/local/lib/python3.9/site-packages/airflow/example_dags/example_branch_datetime_operator.py took 0.068 seconds
[2024-10-17T21:26:21.211+0000] {processor.py:153} INFO - Started process (PID=179) to work on /usr/local/lib/python3.9/site-packages/airflow/example_dags/example_branch_datetime_operator.py
[2024-10-17T21:26:21.212+0000] {processor.py:743} INFO - Processing file /usr/local/lib/python3.9/site-packages/airflow/example_dags/example_branch_datetime_operator.py for tasks to queue
[2024-10-17T21:26:21.212+0000] {logging_mixin.py:137} INFO - [2024-10-17T21:26:21.212+0000] {dagbag.py:538} INFO - Filling up the DagBag from /usr/local/lib/python3.9/site-packages/airflow/example_dags/example_branch_datetime_operator.py
[2024-10-17T21:26:21.227+0000] {processor.py:753} INFO - DAG(s) dict_keys(['example_branch_datetime_operator', 'example_branch_datetime_operator_3', 'example_branch_datetime_operator_2']) retrieved from /usr/local/lib/python3.9/site-packages/airflow/example_dags/example_branch_datetime_operator.py
[2024-10-17T21:26:21.247+0000] {logging_mixin.py:137} INFO - [2024-10-17T21:26:21.247+0000] {dag.py:2690} INFO - Sync 3 DAGs
[2024-10-17T21:26:21.264+0000] {logging_mixin.py:137} INFO - [2024-10-17T21:26:21.264+0000] {dag.py:3437} INFO - Setting next_dagrun for example_branch_datetime_operator to 2024-10-16T00:00:00+00:00, run_after=2024-10-17T00:00:00+00:00
[2024-10-17T21:26:21.267+0000] {logging_mixin.py:137} INFO - [2024-10-17T21:26:21.267+0000] {dag.py:3437} INFO - Setting next_dagrun for example_branch_datetime_operator_2 to 2024-10-16T00:00:00+00:00, run_after=2024-10-17T00:00:00+00:00
[2024-10-17T21:26:21.269+0000] {logging_mixin.py:137} INFO - [2024-10-17T21:26:21.269+0000] {dag.py:3437} INFO - Setting next_dagrun for example_branch_datetime_operator_3 to 2024-10-16T00:00:00+00:00, run_after=2024-10-17T00:00:00+00:00
[2024-10-17T21:26:21.281+0000] {processor.py:175} INFO - Processing /usr/local/lib/python3.9/site-packages/airflow/example_dags/example_branch_datetime_operator.py took 0.071 seconds
