[2024-10-17T21:25:17.231+0000] {processor.py:153} INFO - Started process (PID=50) to work on /usr/local/lib/python3.9/site-packages/airflow/example_dags/example_branch_python_dop_operator_3.py
[2024-10-17T21:25:17.232+0000] {processor.py:743} INFO - Processing file /usr/local/lib/python3.9/site-packages/airflow/example_dags/example_branch_python_dop_operator_3.py for tasks to queue
[2024-10-17T21:25:17.232+0000] {logging_mixin.py:137} INFO - [2024-10-17T21:25:17.232+0000] {dagbag.py:538} INFO - Filling up the DagBag from /usr/local/lib/python3.9/site-packages/airflow/example_dags/example_branch_python_dop_operator_3.py
[2024-10-17T21:25:17.256+0000] {processor.py:753} INFO - DAG(s) dict_keys(['example_branch_dop_operator_v3']) retrieved from /usr/local/lib/python3.9/site-packages/airflow/example_dags/example_branch_python_dop_operator_3.py
[2024-10-17T21:25:17.379+0000] {logging_mixin.py:137} INFO - [2024-10-17T21:25:17.379+0000] {manager.py:504} INFO - Created Permission View: can read on DAG:example_branch_dop_operator_v3
[2024-10-17T21:25:17.395+0000] {logging_mixin.py:137} INFO - [2024-10-17T21:25:17.395+0000] {manager.py:504} INFO - Created Permission View: can delete on DAG:example_branch_dop_operator_v3
[2024-10-17T21:25:17.401+0000] {logging_mixin.py:137} INFO - [2024-10-17T21:25:17.401+0000] {manager.py:504} INFO - Created Permission View: can edit on DAG:example_branch_dop_operator_v3
[2024-10-17T21:25:17.401+0000] {logging_mixin.py:137} INFO - [2024-10-17T21:25:17.401+0000] {dag.py:2690} INFO - Sync 1 DAGs
[2024-10-17T21:25:17.413+0000] {logging_mixin.py:137} INFO - [2024-10-17T21:25:17.413+0000] {dag.py:2711} INFO - Creating ORM DAG for example_branch_dop_operator_v3
[2024-10-17T21:25:17.424+0000] {logging_mixin.py:137} INFO - [2024-10-17T21:25:17.424+0000] {dag.py:3437} INFO - Setting next_dagrun for example_branch_dop_operator_v3 to 2024-10-17T21:24:00+00:00, run_after=2024-10-17T21:25:00+00:00
[2024-10-17T21:25:17.437+0000] {processor.py:175} INFO - Processing /usr/local/lib/python3.9/site-packages/airflow/example_dags/example_branch_python_dop_operator_3.py took 0.209 seconds
[2024-10-17T21:25:48.099+0000] {processor.py:153} INFO - Started process (PID=110) to work on /usr/local/lib/python3.9/site-packages/airflow/example_dags/example_branch_python_dop_operator_3.py
[2024-10-17T21:25:48.100+0000] {processor.py:743} INFO - Processing file /usr/local/lib/python3.9/site-packages/airflow/example_dags/example_branch_python_dop_operator_3.py for tasks to queue
[2024-10-17T21:25:48.100+0000] {logging_mixin.py:137} INFO - [2024-10-17T21:25:48.100+0000] {dagbag.py:538} INFO - Filling up the DagBag from /usr/local/lib/python3.9/site-packages/airflow/example_dags/example_branch_python_dop_operator_3.py
[2024-10-17T21:25:48.116+0000] {processor.py:753} INFO - DAG(s) dict_keys(['example_branch_dop_operator_v3']) retrieved from /usr/local/lib/python3.9/site-packages/airflow/example_dags/example_branch_python_dop_operator_3.py
[2024-10-17T21:25:48.130+0000] {logging_mixin.py:137} INFO - [2024-10-17T21:25:48.130+0000] {dag.py:2690} INFO - Sync 1 DAGs
[2024-10-17T21:25:48.148+0000] {logging_mixin.py:137} INFO - [2024-10-17T21:25:48.148+0000] {dag.py:3437} INFO - Setting next_dagrun for example_branch_dop_operator_v3 to 2024-10-17T21:24:00+00:00, run_after=2024-10-17T21:25:00+00:00
[2024-10-17T21:25:48.159+0000] {processor.py:175} INFO - Processing /usr/local/lib/python3.9/site-packages/airflow/example_dags/example_branch_python_dop_operator_3.py took 0.062 seconds
[2024-10-17T21:26:18.944+0000] {processor.py:153} INFO - Started process (PID=151) to work on /usr/local/lib/python3.9/site-packages/airflow/example_dags/example_branch_python_dop_operator_3.py
[2024-10-17T21:26:18.945+0000] {processor.py:743} INFO - Processing file /usr/local/lib/python3.9/site-packages/airflow/example_dags/example_branch_python_dop_operator_3.py for tasks to queue
[2024-10-17T21:26:18.946+0000] {logging_mixin.py:137} INFO - [2024-10-17T21:26:18.945+0000] {dagbag.py:538} INFO - Filling up the DagBag from /usr/local/lib/python3.9/site-packages/airflow/example_dags/example_branch_python_dop_operator_3.py
[2024-10-17T21:26:18.964+0000] {processor.py:753} INFO - DAG(s) dict_keys(['example_branch_dop_operator_v3']) retrieved from /usr/local/lib/python3.9/site-packages/airflow/example_dags/example_branch_python_dop_operator_3.py
[2024-10-17T21:26:18.980+0000] {logging_mixin.py:137} INFO - [2024-10-17T21:26:18.980+0000] {dag.py:2690} INFO - Sync 1 DAGs
[2024-10-17T21:26:18.999+0000] {logging_mixin.py:137} INFO - [2024-10-17T21:26:18.999+0000] {dag.py:3437} INFO - Setting next_dagrun for example_branch_dop_operator_v3 to 2024-10-17T21:25:00+00:00, run_after=2024-10-17T21:26:00+00:00
[2024-10-17T21:26:19.011+0000] {processor.py:175} INFO - Processing /usr/local/lib/python3.9/site-packages/airflow/example_dags/example_branch_python_dop_operator_3.py took 0.069 seconds
