[2024-10-17T21:25:16.846+0000] {processor.py:153} INFO - Started process (PID=46) to work on /usr/local/lib/python3.9/site-packages/airflow/example_dags/example_local_kubernetes_executor.py
[2024-10-17T21:25:16.847+0000] {processor.py:743} INFO - Processing file /usr/local/lib/python3.9/site-packages/airflow/example_dags/example_local_kubernetes_executor.py for tasks to queue
[2024-10-17T21:25:16.847+0000] {logging_mixin.py:137} INFO - [2024-10-17T21:25:16.847+0000] {dagbag.py:538} INFO - Filling up the DagBag from /usr/local/lib/python3.9/site-packages/airflow/example_dags/example_local_kubernetes_executor.py
[2024-10-17T21:25:16.861+0000] {logging_mixin.py:137} INFO - [2024-10-17T21:25:16.860+0000] {example_local_kubernetes_executor.py:39} WARNING - Could not import DAGs in example_local_kubernetes_executor.py
Traceback (most recent call last):
  File "/usr/local/lib/python3.9/site-packages/airflow/example_dags/example_local_kubernetes_executor.py", line 37, in <module>
    from kubernetes.client import models as k8s
ModuleNotFoundError: No module named 'kubernetes'
[2024-10-17T21:25:16.861+0000] {logging_mixin.py:137} INFO - [2024-10-17T21:25:16.861+0000] {example_local_kubernetes_executor.py:40} WARNING - Install Kubernetes dependencies with: pip install apache-airflow[cncf.kubernetes]
[2024-10-17T21:25:16.861+0000] {processor.py:755} WARNING - No viable dags retrieved from /usr/local/lib/python3.9/site-packages/airflow/example_dags/example_local_kubernetes_executor.py
[2024-10-17T21:25:16.874+0000] {processor.py:175} INFO - Processing /usr/local/lib/python3.9/site-packages/airflow/example_dags/example_local_kubernetes_executor.py took 0.029 seconds
[2024-10-17T21:25:46.906+0000] {processor.py:153} INFO - Started process (PID=105) to work on /usr/local/lib/python3.9/site-packages/airflow/example_dags/example_local_kubernetes_executor.py
[2024-10-17T21:25:46.906+0000] {processor.py:743} INFO - Processing file /usr/local/lib/python3.9/site-packages/airflow/example_dags/example_local_kubernetes_executor.py for tasks to queue
[2024-10-17T21:25:46.907+0000] {logging_mixin.py:137} INFO - [2024-10-17T21:25:46.907+0000] {dagbag.py:538} INFO - Filling up the DagBag from /usr/local/lib/python3.9/site-packages/airflow/example_dags/example_local_kubernetes_executor.py
[2024-10-17T21:25:46.920+0000] {logging_mixin.py:137} INFO - [2024-10-17T21:25:46.919+0000] {example_local_kubernetes_executor.py:39} WARNING - Could not import DAGs in example_local_kubernetes_executor.py
Traceback (most recent call last):
  File "/usr/local/lib/python3.9/site-packages/airflow/example_dags/example_local_kubernetes_executor.py", line 37, in <module>
    from kubernetes.client import models as k8s
ModuleNotFoundError: No module named 'kubernetes'
[2024-10-17T21:25:46.920+0000] {logging_mixin.py:137} INFO - [2024-10-17T21:25:46.920+0000] {example_local_kubernetes_executor.py:40} WARNING - Install Kubernetes dependencies with: pip install apache-airflow[cncf.kubernetes]
[2024-10-17T21:25:46.920+0000] {processor.py:755} WARNING - No viable dags retrieved from /usr/local/lib/python3.9/site-packages/airflow/example_dags/example_local_kubernetes_executor.py
[2024-10-17T21:25:46.929+0000] {processor.py:175} INFO - Processing /usr/local/lib/python3.9/site-packages/airflow/example_dags/example_local_kubernetes_executor.py took 0.025 seconds
[2024-10-17T21:26:17.748+0000] {processor.py:153} INFO - Started process (PID=146) to work on /usr/local/lib/python3.9/site-packages/airflow/example_dags/example_local_kubernetes_executor.py
[2024-10-17T21:26:17.749+0000] {processor.py:743} INFO - Processing file /usr/local/lib/python3.9/site-packages/airflow/example_dags/example_local_kubernetes_executor.py for tasks to queue
[2024-10-17T21:26:17.749+0000] {logging_mixin.py:137} INFO - [2024-10-17T21:26:17.749+0000] {dagbag.py:538} INFO - Filling up the DagBag from /usr/local/lib/python3.9/site-packages/airflow/example_dags/example_local_kubernetes_executor.py
[2024-10-17T21:26:17.762+0000] {logging_mixin.py:137} INFO - [2024-10-17T21:26:17.762+0000] {example_local_kubernetes_executor.py:39} WARNING - Could not import DAGs in example_local_kubernetes_executor.py
Traceback (most recent call last):
  File "/usr/local/lib/python3.9/site-packages/airflow/example_dags/example_local_kubernetes_executor.py", line 37, in <module>
    from kubernetes.client import models as k8s
ModuleNotFoundError: No module named 'kubernetes'
[2024-10-17T21:26:17.763+0000] {logging_mixin.py:137} INFO - [2024-10-17T21:26:17.763+0000] {example_local_kubernetes_executor.py:40} WARNING - Install Kubernetes dependencies with: pip install apache-airflow[cncf.kubernetes]
[2024-10-17T21:26:17.763+0000] {processor.py:755} WARNING - No viable dags retrieved from /usr/local/lib/python3.9/site-packages/airflow/example_dags/example_local_kubernetes_executor.py
[2024-10-17T21:26:17.772+0000] {processor.py:175} INFO - Processing /usr/local/lib/python3.9/site-packages/airflow/example_dags/example_local_kubernetes_executor.py took 0.026 seconds
