[2024-10-17T21:25:17.477+0000] {processor.py:153} INFO - Started process (PID=68) to work on /usr/local/lib/python3.9/site-packages/airflow/example_dags/example_sla_dag.py
[2024-10-17T21:25:17.477+0000] {processor.py:743} INFO - Processing file /usr/local/lib/python3.9/site-packages/airflow/example_dags/example_sla_dag.py for tasks to queue
[2024-10-17T21:25:17.478+0000] {logging_mixin.py:137} INFO - [2024-10-17T21:25:17.478+0000] {dagbag.py:538} INFO - Filling up the DagBag from /usr/local/lib/python3.9/site-packages/airflow/example_dags/example_sla_dag.py
[2024-10-17T21:25:17.495+0000] {processor.py:753} INFO - DAG(s) dict_keys(['example_sla_dag']) retrieved from /usr/local/lib/python3.9/site-packages/airflow/example_dags/example_sla_dag.py
[2024-10-17T21:25:17.576+0000] {logging_mixin.py:137} INFO - [2024-10-17T21:25:17.576+0000] {manager.py:504} INFO - Created Permission View: can read on DAG:example_sla_dag
[2024-10-17T21:25:17.581+0000] {logging_mixin.py:137} INFO - [2024-10-17T21:25:17.581+0000] {manager.py:504} INFO - Created Permission View: can delete on DAG:example_sla_dag
[2024-10-17T21:25:17.586+0000] {logging_mixin.py:137} INFO - [2024-10-17T21:25:17.586+0000] {manager.py:504} INFO - Created Permission View: can edit on DAG:example_sla_dag
[2024-10-17T21:25:17.587+0000] {logging_mixin.py:137} INFO - [2024-10-17T21:25:17.587+0000] {dag.py:2690} INFO - Sync 1 DAGs
[2024-10-17T21:25:17.595+0000] {logging_mixin.py:137} INFO - [2024-10-17T21:25:17.595+0000] {dag.py:2711} INFO - Creating ORM DAG for example_sla_dag
[2024-10-17T21:25:17.604+0000] {logging_mixin.py:137} INFO - [2024-10-17T21:25:17.604+0000] {dag.py:3437} INFO - Setting next_dagrun for example_sla_dag to 2024-10-17T21:22:00+00:00, run_after=2024-10-17T21:24:00+00:00
[2024-10-17T21:25:17.618+0000] {processor.py:175} INFO - Processing /usr/local/lib/python3.9/site-packages/airflow/example_dags/example_sla_dag.py took 0.143 seconds
[2024-10-17T21:25:48.241+0000] {processor.py:153} INFO - Started process (PID=113) to work on /usr/local/lib/python3.9/site-packages/airflow/example_dags/example_sla_dag.py
[2024-10-17T21:25:48.242+0000] {processor.py:743} INFO - Processing file /usr/local/lib/python3.9/site-packages/airflow/example_dags/example_sla_dag.py for tasks to queue
[2024-10-17T21:25:48.242+0000] {logging_mixin.py:137} INFO - [2024-10-17T21:25:48.242+0000] {dagbag.py:538} INFO - Filling up the DagBag from /usr/local/lib/python3.9/site-packages/airflow/example_dags/example_sla_dag.py
[2024-10-17T21:25:48.259+0000] {processor.py:753} INFO - DAG(s) dict_keys(['example_sla_dag']) retrieved from /usr/local/lib/python3.9/site-packages/airflow/example_dags/example_sla_dag.py
[2024-10-17T21:25:48.274+0000] {logging_mixin.py:137} INFO - [2024-10-17T21:25:48.274+0000] {dag.py:2690} INFO - Sync 1 DAGs
[2024-10-17T21:25:48.290+0000] {logging_mixin.py:137} INFO - [2024-10-17T21:25:48.290+0000] {dag.py:3437} INFO - Setting next_dagrun for example_sla_dag to 2024-10-17T21:22:00+00:00, run_after=2024-10-17T21:24:00+00:00
[2024-10-17T21:25:48.302+0000] {processor.py:175} INFO - Processing /usr/local/lib/python3.9/site-packages/airflow/example_dags/example_sla_dag.py took 0.062 seconds
[2024-10-17T21:26:19.029+0000] {processor.py:153} INFO - Started process (PID=154) to work on /usr/local/lib/python3.9/site-packages/airflow/example_dags/example_sla_dag.py
[2024-10-17T21:26:19.030+0000] {processor.py:743} INFO - Processing file /usr/local/lib/python3.9/site-packages/airflow/example_dags/example_sla_dag.py for tasks to queue
[2024-10-17T21:26:19.030+0000] {logging_mixin.py:137} INFO - [2024-10-17T21:26:19.030+0000] {dagbag.py:538} INFO - Filling up the DagBag from /usr/local/lib/python3.9/site-packages/airflow/example_dags/example_sla_dag.py
[2024-10-17T21:26:19.047+0000] {processor.py:753} INFO - DAG(s) dict_keys(['example_sla_dag']) retrieved from /usr/local/lib/python3.9/site-packages/airflow/example_dags/example_sla_dag.py
[2024-10-17T21:26:19.064+0000] {logging_mixin.py:137} INFO - [2024-10-17T21:26:19.064+0000] {dag.py:2690} INFO - Sync 1 DAGs
[2024-10-17T21:26:19.083+0000] {logging_mixin.py:137} INFO - [2024-10-17T21:26:19.083+0000] {dag.py:3437} INFO - Setting next_dagrun for example_sla_dag to 2024-10-17T21:24:00+00:00, run_after=2024-10-17T21:26:00+00:00
[2024-10-17T21:26:19.099+0000] {processor.py:175} INFO - Processing /usr/local/lib/python3.9/site-packages/airflow/example_dags/example_sla_dag.py took 0.071 seconds
