[2024-10-17T21:25:18.093+0000] {processor.py:153} INFO - Started process (PID=76) to work on /usr/local/lib/python3.9/site-packages/airflow/example_dags/example_xcomargs.py
[2024-10-17T21:25:18.094+0000] {processor.py:743} INFO - Processing file /usr/local/lib/python3.9/site-packages/airflow/example_dags/example_xcomargs.py for tasks to queue
[2024-10-17T21:25:18.094+0000] {logging_mixin.py:137} INFO - [2024-10-17T21:25:18.094+0000] {dagbag.py:538} INFO - Filling up the DagBag from /usr/local/lib/python3.9/site-packages/airflow/example_dags/example_xcomargs.py
[2024-10-17T21:25:18.114+0000] {processor.py:753} INFO - DAG(s) dict_keys(['example_xcom_args', 'example_xcom_args_with_operators']) retrieved from /usr/local/lib/python3.9/site-packages/airflow/example_dags/example_xcomargs.py
[2024-10-17T21:25:18.187+0000] {logging_mixin.py:137} INFO - [2024-10-17T21:25:18.187+0000] {manager.py:504} INFO - Created Permission View: can read on DAG:example_xcom_args
[2024-10-17T21:25:18.193+0000] {logging_mixin.py:137} INFO - [2024-10-17T21:25:18.193+0000] {manager.py:504} INFO - Created Permission View: can delete on DAG:example_xcom_args
[2024-10-17T21:25:18.198+0000] {logging_mixin.py:137} INFO - [2024-10-17T21:25:18.198+0000] {manager.py:504} INFO - Created Permission View: can edit on DAG:example_xcom_args
[2024-10-17T21:25:18.209+0000] {logging_mixin.py:137} INFO - [2024-10-17T21:25:18.209+0000] {manager.py:504} INFO - Created Permission View: can read on DAG:example_xcom_args_with_operators
[2024-10-17T21:25:18.214+0000] {logging_mixin.py:137} INFO - [2024-10-17T21:25:18.214+0000] {manager.py:504} INFO - Created Permission View: can delete on DAG:example_xcom_args_with_operators
[2024-10-17T21:25:18.219+0000] {logging_mixin.py:137} INFO - [2024-10-17T21:25:18.219+0000] {manager.py:504} INFO - Created Permission View: can edit on DAG:example_xcom_args_with_operators
[2024-10-17T21:25:18.219+0000] {logging_mixin.py:137} INFO - [2024-10-17T21:25:18.219+0000] {dag.py:2690} INFO - Sync 2 DAGs
[2024-10-17T21:25:18.229+0000] {logging_mixin.py:137} INFO - [2024-10-17T21:25:18.229+0000] {dag.py:2711} INFO - Creating ORM DAG for example_xcom_args_with_operators
[2024-10-17T21:25:18.230+0000] {logging_mixin.py:137} INFO - [2024-10-17T21:25:18.230+0000] {dag.py:2711} INFO - Creating ORM DAG for example_xcom_args
[2024-10-17T21:25:18.236+0000] {logging_mixin.py:137} INFO - [2024-10-17T21:25:18.236+0000] {dag.py:3437} INFO - Setting next_dagrun for example_xcom_args to None, run_after=None
[2024-10-17T21:25:18.237+0000] {logging_mixin.py:137} INFO - [2024-10-17T21:25:18.237+0000] {dag.py:3437} INFO - Setting next_dagrun for example_xcom_args_with_operators to None, run_after=None
[2024-10-17T21:25:18.250+0000] {processor.py:175} INFO - Processing /usr/local/lib/python3.9/site-packages/airflow/example_dags/example_xcomargs.py took 0.159 seconds
[2024-10-17T21:25:48.687+0000] {processor.py:153} INFO - Started process (PID=121) to work on /usr/local/lib/python3.9/site-packages/airflow/example_dags/example_xcomargs.py
[2024-10-17T21:25:48.688+0000] {processor.py:743} INFO - Processing file /usr/local/lib/python3.9/site-packages/airflow/example_dags/example_xcomargs.py for tasks to queue
[2024-10-17T21:25:48.688+0000] {logging_mixin.py:137} INFO - [2024-10-17T21:25:48.688+0000] {dagbag.py:538} INFO - Filling up the DagBag from /usr/local/lib/python3.9/site-packages/airflow/example_dags/example_xcomargs.py
[2024-10-17T21:25:48.705+0000] {processor.py:753} INFO - DAG(s) dict_keys(['example_xcom_args_with_operators', 'example_xcom_args']) retrieved from /usr/local/lib/python3.9/site-packages/airflow/example_dags/example_xcomargs.py
[2024-10-17T21:25:48.723+0000] {logging_mixin.py:137} INFO - [2024-10-17T21:25:48.723+0000] {dag.py:2690} INFO - Sync 2 DAGs
[2024-10-17T21:25:48.737+0000] {logging_mixin.py:137} INFO - [2024-10-17T21:25:48.737+0000] {dag.py:3437} INFO - Setting next_dagrun for example_xcom_args to None, run_after=None
[2024-10-17T21:25:48.739+0000] {logging_mixin.py:137} INFO - [2024-10-17T21:25:48.739+0000] {dag.py:3437} INFO - Setting next_dagrun for example_xcom_args_with_operators to None, run_after=None
[2024-10-17T21:25:48.750+0000] {processor.py:175} INFO - Processing /usr/local/lib/python3.9/site-packages/airflow/example_dags/example_xcomargs.py took 0.065 seconds
[2024-10-17T21:26:19.433+0000] {processor.py:153} INFO - Started process (PID=162) to work on /usr/local/lib/python3.9/site-packages/airflow/example_dags/example_xcomargs.py
[2024-10-17T21:26:19.434+0000] {processor.py:743} INFO - Processing file /usr/local/lib/python3.9/site-packages/airflow/example_dags/example_xcomargs.py for tasks to queue
[2024-10-17T21:26:19.434+0000] {logging_mixin.py:137} INFO - [2024-10-17T21:26:19.434+0000] {dagbag.py:538} INFO - Filling up the DagBag from /usr/local/lib/python3.9/site-packages/airflow/example_dags/example_xcomargs.py
[2024-10-17T21:26:19.452+0000] {processor.py:753} INFO - DAG(s) dict_keys(['example_xcom_args_with_operators', 'example_xcom_args']) retrieved from /usr/local/lib/python3.9/site-packages/airflow/example_dags/example_xcomargs.py
[2024-10-17T21:26:19.470+0000] {logging_mixin.py:137} INFO - [2024-10-17T21:26:19.470+0000] {dag.py:2690} INFO - Sync 2 DAGs
[2024-10-17T21:26:19.485+0000] {logging_mixin.py:137} INFO - [2024-10-17T21:26:19.485+0000] {dag.py:3437} INFO - Setting next_dagrun for example_xcom_args to None, run_after=None
[2024-10-17T21:26:19.487+0000] {logging_mixin.py:137} INFO - [2024-10-17T21:26:19.487+0000] {dag.py:3437} INFO - Setting next_dagrun for example_xcom_args_with_operators to None, run_after=None
[2024-10-17T21:26:19.498+0000] {processor.py:175} INFO - Processing /usr/local/lib/python3.9/site-packages/airflow/example_dags/example_xcomargs.py took 0.067 seconds
