[2024-10-17T21:25:17.782+0000] {processor.py:153} INFO - Started process (PID=71) to work on /usr/local/lib/python3.9/site-packages/airflow/example_dags/example_python_operator.py
[2024-10-17T21:25:17.783+0000] {processor.py:743} INFO - Processing file /usr/local/lib/python3.9/site-packages/airflow/example_dags/example_python_operator.py for tasks to queue
[2024-10-17T21:25:17.783+0000] {logging_mixin.py:137} INFO - [2024-10-17T21:25:17.783+0000] {dagbag.py:538} INFO - Filling up the DagBag from /usr/local/lib/python3.9/site-packages/airflow/example_dags/example_python_operator.py
[2024-10-17T21:25:17.796+0000] {logging_mixin.py:137} INFO - [2024-10-17T21:25:17.796+0000] {taskmixin.py:205} WARNING - Dependency <Task(_PythonDecoratedOperator): print_the_context>, log_sql_query already registered for DAG: example_python_operator
[2024-10-17T21:25:17.796+0000] {logging_mixin.py:137} INFO - [2024-10-17T21:25:17.796+0000] {taskmixin.py:205} WARNING - Dependency <Task(_PythonDecoratedOperator): log_sql_query>, print_the_context already registered for DAG: example_python_operator
[2024-10-17T21:25:17.797+0000] {logging_mixin.py:137} INFO - [2024-10-17T21:25:17.797+0000] {taskmixin.py:205} WARNING - Dependency <Task(_PythonDecoratedOperator): print_the_context>, log_sql_query already registered for DAG: example_python_operator
[2024-10-17T21:25:17.797+0000] {logging_mixin.py:137} INFO - [2024-10-17T21:25:17.797+0000] {taskmixin.py:205} WARNING - Dependency <Task(_PythonDecoratedOperator): log_sql_query>, print_the_context already registered for DAG: example_python_operator
[2024-10-17T21:25:17.798+0000] {logging_mixin.py:137} INFO - [2024-10-17T21:25:17.798+0000] {taskmixin.py:205} WARNING - Dependency <Task(_PythonDecoratedOperator): print_the_context>, log_sql_query already registered for DAG: example_python_operator
[2024-10-17T21:25:17.798+0000] {logging_mixin.py:137} INFO - [2024-10-17T21:25:17.798+0000] {taskmixin.py:205} WARNING - Dependency <Task(_PythonDecoratedOperator): log_sql_query>, print_the_context already registered for DAG: example_python_operator
[2024-10-17T21:25:17.799+0000] {logging_mixin.py:137} INFO - [2024-10-17T21:25:17.798+0000] {taskmixin.py:205} WARNING - Dependency <Task(_PythonDecoratedOperator): print_the_context>, log_sql_query already registered for DAG: example_python_operator
[2024-10-17T21:25:17.799+0000] {logging_mixin.py:137} INFO - [2024-10-17T21:25:17.799+0000] {taskmixin.py:205} WARNING - Dependency <Task(_PythonDecoratedOperator): log_sql_query>, print_the_context already registered for DAG: example_python_operator
[2024-10-17T21:25:17.799+0000] {logging_mixin.py:137} INFO - [2024-10-17T21:25:17.799+0000] {example_python_operator.py:90} WARNING - The virtalenv_python example task requires virtualenv, please install it.
[2024-10-17T21:25:17.803+0000] {processor.py:753} INFO - DAG(s) dict_keys(['example_python_operator']) retrieved from /usr/local/lib/python3.9/site-packages/airflow/example_dags/example_python_operator.py
[2024-10-17T21:25:17.885+0000] {logging_mixin.py:137} INFO - [2024-10-17T21:25:17.885+0000] {manager.py:504} INFO - Created Permission View: can read on DAG:example_python_operator
[2024-10-17T21:25:17.891+0000] {logging_mixin.py:137} INFO - [2024-10-17T21:25:17.891+0000] {manager.py:504} INFO - Created Permission View: can delete on DAG:example_python_operator
[2024-10-17T21:25:17.896+0000] {logging_mixin.py:137} INFO - [2024-10-17T21:25:17.896+0000] {manager.py:504} INFO - Created Permission View: can edit on DAG:example_python_operator
[2024-10-17T21:25:17.897+0000] {logging_mixin.py:137} INFO - [2024-10-17T21:25:17.896+0000] {dag.py:2690} INFO - Sync 1 DAGs
[2024-10-17T21:25:17.905+0000] {logging_mixin.py:137} INFO - [2024-10-17T21:25:17.905+0000] {dag.py:2711} INFO - Creating ORM DAG for example_python_operator
[2024-10-17T21:25:17.912+0000] {logging_mixin.py:137} INFO - [2024-10-17T21:25:17.912+0000] {dag.py:3437} INFO - Setting next_dagrun for example_python_operator to None, run_after=None
[2024-10-17T21:25:17.924+0000] {processor.py:175} INFO - Processing /usr/local/lib/python3.9/site-packages/airflow/example_dags/example_python_operator.py took 0.144 seconds
[2024-10-17T21:25:48.396+0000] {processor.py:153} INFO - Started process (PID=116) to work on /usr/local/lib/python3.9/site-packages/airflow/example_dags/example_python_operator.py
[2024-10-17T21:25:48.396+0000] {processor.py:743} INFO - Processing file /usr/local/lib/python3.9/site-packages/airflow/example_dags/example_python_operator.py for tasks to queue
[2024-10-17T21:25:48.397+0000] {logging_mixin.py:137} INFO - [2024-10-17T21:25:48.397+0000] {dagbag.py:538} INFO - Filling up the DagBag from /usr/local/lib/python3.9/site-packages/airflow/example_dags/example_python_operator.py
[2024-10-17T21:25:48.408+0000] {logging_mixin.py:137} INFO - [2024-10-17T21:25:48.408+0000] {taskmixin.py:205} WARNING - Dependency <Task(_PythonDecoratedOperator): print_the_context>, log_sql_query already registered for DAG: example_python_operator
[2024-10-17T21:25:48.408+0000] {logging_mixin.py:137} INFO - [2024-10-17T21:25:48.408+0000] {taskmixin.py:205} WARNING - Dependency <Task(_PythonDecoratedOperator): log_sql_query>, print_the_context already registered for DAG: example_python_operator
[2024-10-17T21:25:48.409+0000] {logging_mixin.py:137} INFO - [2024-10-17T21:25:48.409+0000] {taskmixin.py:205} WARNING - Dependency <Task(_PythonDecoratedOperator): print_the_context>, log_sql_query already registered for DAG: example_python_operator
[2024-10-17T21:25:48.409+0000] {logging_mixin.py:137} INFO - [2024-10-17T21:25:48.409+0000] {taskmixin.py:205} WARNING - Dependency <Task(_PythonDecoratedOperator): log_sql_query>, print_the_context already registered for DAG: example_python_operator
[2024-10-17T21:25:48.410+0000] {logging_mixin.py:137} INFO - [2024-10-17T21:25:48.410+0000] {taskmixin.py:205} WARNING - Dependency <Task(_PythonDecoratedOperator): print_the_context>, log_sql_query already registered for DAG: example_python_operator
[2024-10-17T21:25:48.410+0000] {logging_mixin.py:137} INFO - [2024-10-17T21:25:48.410+0000] {taskmixin.py:205} WARNING - Dependency <Task(_PythonDecoratedOperator): log_sql_query>, print_the_context already registered for DAG: example_python_operator
[2024-10-17T21:25:48.411+0000] {logging_mixin.py:137} INFO - [2024-10-17T21:25:48.410+0000] {taskmixin.py:205} WARNING - Dependency <Task(_PythonDecoratedOperator): print_the_context>, log_sql_query already registered for DAG: example_python_operator
[2024-10-17T21:25:48.411+0000] {logging_mixin.py:137} INFO - [2024-10-17T21:25:48.411+0000] {taskmixin.py:205} WARNING - Dependency <Task(_PythonDecoratedOperator): log_sql_query>, print_the_context already registered for DAG: example_python_operator
[2024-10-17T21:25:48.411+0000] {logging_mixin.py:137} INFO - [2024-10-17T21:25:48.411+0000] {example_python_operator.py:90} WARNING - The virtalenv_python example task requires virtualenv, please install it.
[2024-10-17T21:25:48.415+0000] {processor.py:753} INFO - DAG(s) dict_keys(['example_python_operator']) retrieved from /usr/local/lib/python3.9/site-packages/airflow/example_dags/example_python_operator.py
[2024-10-17T21:25:48.430+0000] {logging_mixin.py:137} INFO - [2024-10-17T21:25:48.430+0000] {dag.py:2690} INFO - Sync 1 DAGs
[2024-10-17T21:25:48.443+0000] {logging_mixin.py:137} INFO - [2024-10-17T21:25:48.443+0000] {dag.py:3437} INFO - Setting next_dagrun for example_python_operator to None, run_after=None
[2024-10-17T21:25:48.454+0000] {processor.py:175} INFO - Processing /usr/local/lib/python3.9/site-packages/airflow/example_dags/example_python_operator.py took 0.060 seconds
[2024-10-17T21:26:19.197+0000] {processor.py:153} INFO - Started process (PID=157) to work on /usr/local/lib/python3.9/site-packages/airflow/example_dags/example_python_operator.py
[2024-10-17T21:26:19.198+0000] {processor.py:743} INFO - Processing file /usr/local/lib/python3.9/site-packages/airflow/example_dags/example_python_operator.py for tasks to queue
[2024-10-17T21:26:19.198+0000] {logging_mixin.py:137} INFO - [2024-10-17T21:26:19.198+0000] {dagbag.py:538} INFO - Filling up the DagBag from /usr/local/lib/python3.9/site-packages/airflow/example_dags/example_python_operator.py
[2024-10-17T21:26:19.210+0000] {logging_mixin.py:137} INFO - [2024-10-17T21:26:19.210+0000] {taskmixin.py:205} WARNING - Dependency <Task(_PythonDecoratedOperator): print_the_context>, log_sql_query already registered for DAG: example_python_operator
[2024-10-17T21:26:19.210+0000] {logging_mixin.py:137} INFO - [2024-10-17T21:26:19.210+0000] {taskmixin.py:205} WARNING - Dependency <Task(_PythonDecoratedOperator): log_sql_query>, print_the_context already registered for DAG: example_python_operator
[2024-10-17T21:26:19.211+0000] {logging_mixin.py:137} INFO - [2024-10-17T21:26:19.211+0000] {taskmixin.py:205} WARNING - Dependency <Task(_PythonDecoratedOperator): print_the_context>, log_sql_query already registered for DAG: example_python_operator
[2024-10-17T21:26:19.211+0000] {logging_mixin.py:137} INFO - [2024-10-17T21:26:19.211+0000] {taskmixin.py:205} WARNING - Dependency <Task(_PythonDecoratedOperator): log_sql_query>, print_the_context already registered for DAG: example_python_operator
[2024-10-17T21:26:19.212+0000] {logging_mixin.py:137} INFO - [2024-10-17T21:26:19.212+0000] {taskmixin.py:205} WARNING - Dependency <Task(_PythonDecoratedOperator): print_the_context>, log_sql_query already registered for DAG: example_python_operator
[2024-10-17T21:26:19.212+0000] {logging_mixin.py:137} INFO - [2024-10-17T21:26:19.212+0000] {taskmixin.py:205} WARNING - Dependency <Task(_PythonDecoratedOperator): log_sql_query>, print_the_context already registered for DAG: example_python_operator
[2024-10-17T21:26:19.213+0000] {logging_mixin.py:137} INFO - [2024-10-17T21:26:19.212+0000] {taskmixin.py:205} WARNING - Dependency <Task(_PythonDecoratedOperator): print_the_context>, log_sql_query already registered for DAG: example_python_operator
[2024-10-17T21:26:19.213+0000] {logging_mixin.py:137} INFO - [2024-10-17T21:26:19.213+0000] {taskmixin.py:205} WARNING - Dependency <Task(_PythonDecoratedOperator): log_sql_query>, print_the_context already registered for DAG: example_python_operator
[2024-10-17T21:26:19.213+0000] {logging_mixin.py:137} INFO - [2024-10-17T21:26:19.213+0000] {example_python_operator.py:90} WARNING - The virtalenv_python example task requires virtualenv, please install it.
[2024-10-17T21:26:19.218+0000] {processor.py:753} INFO - DAG(s) dict_keys(['example_python_operator']) retrieved from /usr/local/lib/python3.9/site-packages/airflow/example_dags/example_python_operator.py
[2024-10-17T21:26:19.234+0000] {logging_mixin.py:137} INFO - [2024-10-17T21:26:19.234+0000] {dag.py:2690} INFO - Sync 1 DAGs
[2024-10-17T21:26:19.249+0000] {logging_mixin.py:137} INFO - [2024-10-17T21:26:19.249+0000] {dag.py:3437} INFO - Setting next_dagrun for example_python_operator to None, run_after=None
[2024-10-17T21:26:19.261+0000] {processor.py:175} INFO - Processing /usr/local/lib/python3.9/site-packages/airflow/example_dags/example_python_operator.py took 0.066 seconds
