[2024-10-17T21:25:17.623+0000] {processor.py:153} INFO - Started process (PID=69) to work on /usr/local/lib/python3.9/site-packages/airflow/example_dags/example_xcom.py
[2024-10-17T21:25:17.624+0000] {processor.py:743} INFO - Processing file /usr/local/lib/python3.9/site-packages/airflow/example_dags/example_xcom.py for tasks to queue
[2024-10-17T21:25:17.624+0000] {logging_mixin.py:137} INFO - [2024-10-17T21:25:17.624+0000] {dagbag.py:538} INFO - Filling up the DagBag from /usr/local/lib/python3.9/site-packages/airflow/example_dags/example_xcom.py
[2024-10-17T21:25:17.642+0000] {processor.py:753} INFO - DAG(s) dict_keys(['example_xcom']) retrieved from /usr/local/lib/python3.9/site-packages/airflow/example_dags/example_xcom.py
[2024-10-17T21:25:17.718+0000] {logging_mixin.py:137} INFO - [2024-10-17T21:25:17.718+0000] {manager.py:504} INFO - Created Permission View: can read on DAG:example_xcom
[2024-10-17T21:25:17.727+0000] {logging_mixin.py:137} INFO - [2024-10-17T21:25:17.727+0000] {manager.py:504} INFO - Created Permission View: can delete on DAG:example_xcom
[2024-10-17T21:25:17.732+0000] {logging_mixin.py:137} INFO - [2024-10-17T21:25:17.732+0000] {manager.py:504} INFO - Created Permission View: can edit on DAG:example_xcom
[2024-10-17T21:25:17.733+0000] {logging_mixin.py:137} INFO - [2024-10-17T21:25:17.732+0000] {dag.py:2690} INFO - Sync 1 DAGs
[2024-10-17T21:25:17.744+0000] {logging_mixin.py:137} INFO - [2024-10-17T21:25:17.743+0000] {dag.py:2711} INFO - Creating ORM DAG for example_xcom
[2024-10-17T21:25:17.752+0000] {logging_mixin.py:137} INFO - [2024-10-17T21:25:17.751+0000] {dag.py:3437} INFO - Setting next_dagrun for example_xcom to 2021-01-01T00:00:00+00:00, run_after=2021-01-01T00:00:00+00:00
[2024-10-17T21:25:17.763+0000] {processor.py:175} INFO - Processing /usr/local/lib/python3.9/site-packages/airflow/example_dags/example_xcom.py took 0.143 seconds
[2024-10-17T21:25:48.320+0000] {processor.py:153} INFO - Started process (PID=114) to work on /usr/local/lib/python3.9/site-packages/airflow/example_dags/example_xcom.py
[2024-10-17T21:25:48.321+0000] {processor.py:743} INFO - Processing file /usr/local/lib/python3.9/site-packages/airflow/example_dags/example_xcom.py for tasks to queue
[2024-10-17T21:25:48.321+0000] {logging_mixin.py:137} INFO - [2024-10-17T21:25:48.321+0000] {dagbag.py:538} INFO - Filling up the DagBag from /usr/local/lib/python3.9/site-packages/airflow/example_dags/example_xcom.py
[2024-10-17T21:25:48.338+0000] {processor.py:753} INFO - DAG(s) dict_keys(['example_xcom']) retrieved from /usr/local/lib/python3.9/site-packages/airflow/example_dags/example_xcom.py
[2024-10-17T21:25:48.353+0000] {logging_mixin.py:137} INFO - [2024-10-17T21:25:48.353+0000] {dag.py:2690} INFO - Sync 1 DAGs
[2024-10-17T21:25:48.367+0000] {logging_mixin.py:137} INFO - [2024-10-17T21:25:48.367+0000] {dag.py:3437} INFO - Setting next_dagrun for example_xcom to 2021-01-01T00:00:00+00:00, run_after=2021-01-01T00:00:00+00:00
[2024-10-17T21:25:48.378+0000] {processor.py:175} INFO - Processing /usr/local/lib/python3.9/site-packages/airflow/example_dags/example_xcom.py took 0.060 seconds
[2024-10-17T21:26:19.113+0000] {processor.py:153} INFO - Started process (PID=155) to work on /usr/local/lib/python3.9/site-packages/airflow/example_dags/example_xcom.py
[2024-10-17T21:26:19.114+0000] {processor.py:743} INFO - Processing file /usr/local/lib/python3.9/site-packages/airflow/example_dags/example_xcom.py for tasks to queue
[2024-10-17T21:26:19.114+0000] {logging_mixin.py:137} INFO - [2024-10-17T21:26:19.114+0000] {dagbag.py:538} INFO - Filling up the DagBag from /usr/local/lib/python3.9/site-packages/airflow/example_dags/example_xcom.py
[2024-10-17T21:26:19.133+0000] {processor.py:753} INFO - DAG(s) dict_keys(['example_xcom']) retrieved from /usr/local/lib/python3.9/site-packages/airflow/example_dags/example_xcom.py
[2024-10-17T21:26:19.149+0000] {logging_mixin.py:137} INFO - [2024-10-17T21:26:19.149+0000] {dag.py:2690} INFO - Sync 1 DAGs
[2024-10-17T21:26:19.164+0000] {logging_mixin.py:137} INFO - [2024-10-17T21:26:19.164+0000] {dag.py:3437} INFO - Setting next_dagrun for example_xcom to 2021-01-01T00:00:00+00:00, run_after=2021-01-01T00:00:00+00:00
[2024-10-17T21:26:19.177+0000] {processor.py:175} INFO - Processing /usr/local/lib/python3.9/site-packages/airflow/example_dags/example_xcom.py took 0.065 seconds
