[2024-10-17T21:25:19.556+0000] {processor.py:153} INFO - Started process (PID=96) to work on /usr/local/lib/python3.9/site-packages/airflow/example_dags/example_branch_operator.py
[2024-10-17T21:25:19.557+0000] {processor.py:743} INFO - Processing file /usr/local/lib/python3.9/site-packages/airflow/example_dags/example_branch_operator.py for tasks to queue
[2024-10-17T21:25:19.558+0000] {logging_mixin.py:137} INFO - [2024-10-17T21:25:19.557+0000] {dagbag.py:538} INFO - Filling up the DagBag from /usr/local/lib/python3.9/site-packages/airflow/example_dags/example_branch_operator.py
[2024-10-17T21:25:19.569+0000] {processor.py:753} INFO - DAG(s) dict_keys(['example_branch_operator']) retrieved from /usr/local/lib/python3.9/site-packages/airflow/example_dags/example_branch_operator.py
[2024-10-17T21:25:19.639+0000] {logging_mixin.py:137} INFO - [2024-10-17T21:25:19.639+0000] {manager.py:504} INFO - Created Permission View: can read on DAG:example_branch_operator
[2024-10-17T21:25:19.645+0000] {logging_mixin.py:137} INFO - [2024-10-17T21:25:19.645+0000] {manager.py:504} INFO - Created Permission View: can delete on DAG:example_branch_operator
[2024-10-17T21:25:19.649+0000] {logging_mixin.py:137} INFO - [2024-10-17T21:25:19.649+0000] {manager.py:504} INFO - Created Permission View: can edit on DAG:example_branch_operator
[2024-10-17T21:25:19.650+0000] {logging_mixin.py:137} INFO - [2024-10-17T21:25:19.650+0000] {dag.py:2690} INFO - Sync 1 DAGs
[2024-10-17T21:25:19.657+0000] {logging_mixin.py:137} INFO - [2024-10-17T21:25:19.657+0000] {dag.py:2711} INFO - Creating ORM DAG for example_branch_operator
[2024-10-17T21:25:19.665+0000] {logging_mixin.py:137} INFO - [2024-10-17T21:25:19.665+0000] {dag.py:3437} INFO - Setting next_dagrun for example_branch_operator to 2024-10-16T00:00:00+00:00, run_after=2024-10-17T00:00:00+00:00
[2024-10-17T21:25:19.677+0000] {processor.py:175} INFO - Processing /usr/local/lib/python3.9/site-packages/airflow/example_dags/example_branch_operator.py took 0.122 seconds
[2024-10-17T21:25:50.449+0000] {processor.py:153} INFO - Started process (PID=141) to work on /usr/local/lib/python3.9/site-packages/airflow/example_dags/example_branch_operator.py
[2024-10-17T21:25:50.450+0000] {processor.py:743} INFO - Processing file /usr/local/lib/python3.9/site-packages/airflow/example_dags/example_branch_operator.py for tasks to queue
[2024-10-17T21:25:50.450+0000] {logging_mixin.py:137} INFO - [2024-10-17T21:25:50.450+0000] {dagbag.py:538} INFO - Filling up the DagBag from /usr/local/lib/python3.9/site-packages/airflow/example_dags/example_branch_operator.py
[2024-10-17T21:25:50.464+0000] {processor.py:753} INFO - DAG(s) dict_keys(['example_branch_operator']) retrieved from /usr/local/lib/python3.9/site-packages/airflow/example_dags/example_branch_operator.py
[2024-10-17T21:25:50.483+0000] {logging_mixin.py:137} INFO - [2024-10-17T21:25:50.483+0000] {dag.py:2690} INFO - Sync 1 DAGs
[2024-10-17T21:25:50.503+0000] {logging_mixin.py:137} INFO - [2024-10-17T21:25:50.503+0000] {dag.py:3437} INFO - Setting next_dagrun for example_branch_operator to 2024-10-16T00:00:00+00:00, run_after=2024-10-17T00:00:00+00:00
[2024-10-17T21:25:50.517+0000] {processor.py:175} INFO - Processing /usr/local/lib/python3.9/site-packages/airflow/example_dags/example_branch_operator.py took 0.070 seconds
[2024-10-17T21:26:21.345+0000] {processor.py:153} INFO - Started process (PID=183) to work on /usr/local/lib/python3.9/site-packages/airflow/example_dags/example_branch_operator.py
[2024-10-17T21:26:21.346+0000] {processor.py:743} INFO - Processing file /usr/local/lib/python3.9/site-packages/airflow/example_dags/example_branch_operator.py for tasks to queue
[2024-10-17T21:26:21.347+0000] {logging_mixin.py:137} INFO - [2024-10-17T21:26:21.347+0000] {dagbag.py:538} INFO - Filling up the DagBag from /usr/local/lib/python3.9/site-packages/airflow/example_dags/example_branch_operator.py
[2024-10-17T21:26:21.364+0000] {processor.py:753} INFO - DAG(s) dict_keys(['example_branch_operator']) retrieved from /usr/local/lib/python3.9/site-packages/airflow/example_dags/example_branch_operator.py
[2024-10-17T21:26:21.380+0000] {logging_mixin.py:137} INFO - [2024-10-17T21:26:21.380+0000] {dag.py:2690} INFO - Sync 1 DAGs
[2024-10-17T21:26:21.396+0000] {logging_mixin.py:137} INFO - [2024-10-17T21:26:21.396+0000] {dag.py:3437} INFO - Setting next_dagrun for example_branch_operator to 2024-10-16T00:00:00+00:00, run_after=2024-10-17T00:00:00+00:00
[2024-10-17T21:26:21.409+0000] {processor.py:175} INFO - Processing /usr/local/lib/python3.9/site-packages/airflow/example_dags/example_branch_operator.py took 0.066 seconds
