[2024-10-17T21:25:18.941+0000] {processor.py:153} INFO - Started process (PID=86) to work on /usr/local/lib/python3.9/site-packages/airflow/example_dags/example_branch_day_of_week_operator.py
[2024-10-17T21:25:18.942+0000] {processor.py:743} INFO - Processing file /usr/local/lib/python3.9/site-packages/airflow/example_dags/example_branch_day_of_week_operator.py for tasks to queue
[2024-10-17T21:25:18.942+0000] {logging_mixin.py:137} INFO - [2024-10-17T21:25:18.942+0000] {dagbag.py:538} INFO - Filling up the DagBag from /usr/local/lib/python3.9/site-packages/airflow/example_dags/example_branch_day_of_week_operator.py
[2024-10-17T21:25:18.953+0000] {processor.py:753} INFO - DAG(s) dict_keys(['example_weekday_branch_operator']) retrieved from /usr/local/lib/python3.9/site-packages/airflow/example_dags/example_branch_day_of_week_operator.py
[2024-10-17T21:25:19.031+0000] {logging_mixin.py:137} INFO - [2024-10-17T21:25:19.030+0000] {manager.py:504} INFO - Created Permission View: can read on DAG:example_weekday_branch_operator
[2024-10-17T21:25:19.037+0000] {logging_mixin.py:137} INFO - [2024-10-17T21:25:19.037+0000] {manager.py:504} INFO - Created Permission View: can delete on DAG:example_weekday_branch_operator
[2024-10-17T21:25:19.043+0000] {logging_mixin.py:137} INFO - [2024-10-17T21:25:19.043+0000] {manager.py:504} INFO - Created Permission View: can edit on DAG:example_weekday_branch_operator
[2024-10-17T21:25:19.044+0000] {logging_mixin.py:137} INFO - [2024-10-17T21:25:19.044+0000] {dag.py:2690} INFO - Sync 1 DAGs
[2024-10-17T21:25:19.052+0000] {logging_mixin.py:137} INFO - [2024-10-17T21:25:19.052+0000] {dag.py:2711} INFO - Creating ORM DAG for example_weekday_branch_operator
[2024-10-17T21:25:19.063+0000] {logging_mixin.py:137} INFO - [2024-10-17T21:25:19.062+0000] {dag.py:3437} INFO - Setting next_dagrun for example_weekday_branch_operator to 2024-10-16T00:00:00+00:00, run_after=2024-10-17T00:00:00+00:00
[2024-10-17T21:25:19.074+0000] {processor.py:175} INFO - Processing /usr/local/lib/python3.9/site-packages/airflow/example_dags/example_branch_day_of_week_operator.py took 0.135 seconds
[2024-10-17T21:25:49.104+0000] {processor.py:153} INFO - Started process (PID=132) to work on /usr/local/lib/python3.9/site-packages/airflow/example_dags/example_branch_day_of_week_operator.py
[2024-10-17T21:25:49.105+0000] {processor.py:743} INFO - Processing file /usr/local/lib/python3.9/site-packages/airflow/example_dags/example_branch_day_of_week_operator.py for tasks to queue
[2024-10-17T21:25:49.105+0000] {logging_mixin.py:137} INFO - [2024-10-17T21:25:49.105+0000] {dagbag.py:538} INFO - Filling up the DagBag from /usr/local/lib/python3.9/site-packages/airflow/example_dags/example_branch_day_of_week_operator.py
[2024-10-17T21:25:49.116+0000] {processor.py:753} INFO - DAG(s) dict_keys(['example_weekday_branch_operator']) retrieved from /usr/local/lib/python3.9/site-packages/airflow/example_dags/example_branch_day_of_week_operator.py
[2024-10-17T21:25:49.131+0000] {logging_mixin.py:137} INFO - [2024-10-17T21:25:49.131+0000] {dag.py:2690} INFO - Sync 1 DAGs
[2024-10-17T21:25:49.147+0000] {logging_mixin.py:137} INFO - [2024-10-17T21:25:49.147+0000] {dag.py:3437} INFO - Setting next_dagrun for example_weekday_branch_operator to 2024-10-16T00:00:00+00:00, run_after=2024-10-17T00:00:00+00:00
[2024-10-17T21:25:49.159+0000] {processor.py:175} INFO - Processing /usr/local/lib/python3.9/site-packages/airflow/example_dags/example_branch_day_of_week_operator.py took 0.056 seconds
[2024-10-17T21:26:19.903+0000] {processor.py:153} INFO - Started process (PID=172) to work on /usr/local/lib/python3.9/site-packages/airflow/example_dags/example_branch_day_of_week_operator.py
[2024-10-17T21:26:19.904+0000] {processor.py:743} INFO - Processing file /usr/local/lib/python3.9/site-packages/airflow/example_dags/example_branch_day_of_week_operator.py for tasks to queue
[2024-10-17T21:26:19.904+0000] {logging_mixin.py:137} INFO - [2024-10-17T21:26:19.904+0000] {dagbag.py:538} INFO - Filling up the DagBag from /usr/local/lib/python3.9/site-packages/airflow/example_dags/example_branch_day_of_week_operator.py
[2024-10-17T21:26:19.916+0000] {processor.py:753} INFO - DAG(s) dict_keys(['example_weekday_branch_operator']) retrieved from /usr/local/lib/python3.9/site-packages/airflow/example_dags/example_branch_day_of_week_operator.py
[2024-10-17T21:26:19.931+0000] {logging_mixin.py:137} INFO - [2024-10-17T21:26:19.931+0000] {dag.py:2690} INFO - Sync 1 DAGs
[2024-10-17T21:26:19.947+0000] {logging_mixin.py:137} INFO - [2024-10-17T21:26:19.947+0000] {dag.py:3437} INFO - Setting next_dagrun for example_weekday_branch_operator to 2024-10-16T00:00:00+00:00, run_after=2024-10-17T00:00:00+00:00
[2024-10-17T21:26:19.959+0000] {processor.py:175} INFO - Processing /usr/local/lib/python3.9/site-packages/airflow/example_dags/example_branch_day_of_week_operator.py took 0.058 seconds
