[2024-10-17T21:25:17.943+0000] {processor.py:153} INFO - Started process (PID=73) to work on /usr/local/lib/python3.9/site-packages/airflow/example_dags/example_skip_dag.py
[2024-10-17T21:25:17.943+0000] {processor.py:743} INFO - Processing file /usr/local/lib/python3.9/site-packages/airflow/example_dags/example_skip_dag.py for tasks to queue
[2024-10-17T21:25:17.944+0000] {logging_mixin.py:137} INFO - [2024-10-17T21:25:17.944+0000] {dagbag.py:538} INFO - Filling up the DagBag from /usr/local/lib/python3.9/site-packages/airflow/example_dags/example_skip_dag.py
[2024-10-17T21:25:17.953+0000] {processor.py:753} INFO - DAG(s) dict_keys(['example_skip_dag']) retrieved from /usr/local/lib/python3.9/site-packages/airflow/example_dags/example_skip_dag.py
[2024-10-17T21:25:18.027+0000] {logging_mixin.py:137} INFO - [2024-10-17T21:25:18.027+0000] {manager.py:504} INFO - Created Permission View: can read on DAG:example_skip_dag
[2024-10-17T21:25:18.033+0000] {logging_mixin.py:137} INFO - [2024-10-17T21:25:18.033+0000] {manager.py:504} INFO - Created Permission View: can delete on DAG:example_skip_dag
[2024-10-17T21:25:18.038+0000] {logging_mixin.py:137} INFO - [2024-10-17T21:25:18.038+0000] {manager.py:504} INFO - Created Permission View: can edit on DAG:example_skip_dag
[2024-10-17T21:25:18.038+0000] {logging_mixin.py:137} INFO - [2024-10-17T21:25:18.038+0000] {dag.py:2690} INFO - Sync 1 DAGs
[2024-10-17T21:25:18.046+0000] {logging_mixin.py:137} INFO - [2024-10-17T21:25:18.046+0000] {dag.py:2711} INFO - Creating ORM DAG for example_skip_dag
[2024-10-17T21:25:18.053+0000] {logging_mixin.py:137} INFO - [2024-10-17T21:25:18.053+0000] {dag.py:3437} INFO - Setting next_dagrun for example_skip_dag to 2024-10-16T21:25:18.053085+00:00, run_after=2024-10-17T21:25:18.053085+00:00
[2024-10-17T21:25:18.065+0000] {processor.py:175} INFO - Processing /usr/local/lib/python3.9/site-packages/airflow/example_dags/example_skip_dag.py took 0.124 seconds
[2024-10-17T21:25:48.548+0000] {processor.py:153} INFO - Started process (PID=118) to work on /usr/local/lib/python3.9/site-packages/airflow/example_dags/example_skip_dag.py
[2024-10-17T21:25:48.548+0000] {processor.py:743} INFO - Processing file /usr/local/lib/python3.9/site-packages/airflow/example_dags/example_skip_dag.py for tasks to queue
[2024-10-17T21:25:48.549+0000] {logging_mixin.py:137} INFO - [2024-10-17T21:25:48.549+0000] {dagbag.py:538} INFO - Filling up the DagBag from /usr/local/lib/python3.9/site-packages/airflow/example_dags/example_skip_dag.py
[2024-10-17T21:25:48.558+0000] {processor.py:753} INFO - DAG(s) dict_keys(['example_skip_dag']) retrieved from /usr/local/lib/python3.9/site-packages/airflow/example_dags/example_skip_dag.py
[2024-10-17T21:25:48.573+0000] {logging_mixin.py:137} INFO - [2024-10-17T21:25:48.573+0000] {dag.py:2690} INFO - Sync 1 DAGs
[2024-10-17T21:25:48.587+0000] {logging_mixin.py:137} INFO - [2024-10-17T21:25:48.587+0000] {dag.py:3437} INFO - Setting next_dagrun for example_skip_dag to 2024-10-16T21:25:48.587765+00:00, run_after=2024-10-17T21:25:48.587765+00:00
[2024-10-17T21:25:48.600+0000] {processor.py:175} INFO - Processing /usr/local/lib/python3.9/site-packages/airflow/example_dags/example_skip_dag.py took 0.054 seconds
[2024-10-17T21:26:19.282+0000] {processor.py:153} INFO - Started process (PID=159) to work on /usr/local/lib/python3.9/site-packages/airflow/example_dags/example_skip_dag.py
[2024-10-17T21:26:19.283+0000] {processor.py:743} INFO - Processing file /usr/local/lib/python3.9/site-packages/airflow/example_dags/example_skip_dag.py for tasks to queue
[2024-10-17T21:26:19.283+0000] {logging_mixin.py:137} INFO - [2024-10-17T21:26:19.283+0000] {dagbag.py:538} INFO - Filling up the DagBag from /usr/local/lib/python3.9/site-packages/airflow/example_dags/example_skip_dag.py
[2024-10-17T21:26:19.294+0000] {processor.py:753} INFO - DAG(s) dict_keys(['example_skip_dag']) retrieved from /usr/local/lib/python3.9/site-packages/airflow/example_dags/example_skip_dag.py
[2024-10-17T21:26:19.310+0000] {logging_mixin.py:137} INFO - [2024-10-17T21:26:19.310+0000] {dag.py:2690} INFO - Sync 1 DAGs
[2024-10-17T21:26:19.327+0000] {logging_mixin.py:137} INFO - [2024-10-17T21:26:19.326+0000] {dag.py:3437} INFO - Setting next_dagrun for example_skip_dag to 2024-10-16T21:26:19.326748+00:00, run_after=2024-10-17T21:26:19.326748+00:00
[2024-10-17T21:26:19.339+0000] {processor.py:175} INFO - Processing /usr/local/lib/python3.9/site-packages/airflow/example_dags/example_skip_dag.py took 0.059 seconds
