[2024-10-17T21:25:18.230+0000] {processor.py:153} INFO - Started process (PID=77) to work on /usr/local/lib/python3.9/site-packages/airflow/example_dags/tutorial_dag.py
[2024-10-17T21:25:18.231+0000] {processor.py:743} INFO - Processing file /usr/local/lib/python3.9/site-packages/airflow/example_dags/tutorial_dag.py for tasks to queue
[2024-10-17T21:25:18.231+0000] {logging_mixin.py:137} INFO - [2024-10-17T21:25:18.231+0000] {dagbag.py:538} INFO - Filling up the DagBag from /usr/local/lib/python3.9/site-packages/airflow/example_dags/tutorial_dag.py
[2024-10-17T21:25:18.240+0000] {processor.py:753} INFO - DAG(s) dict_keys(['tutorial_dag']) retrieved from /usr/local/lib/python3.9/site-packages/airflow/example_dags/tutorial_dag.py
[2024-10-17T21:25:18.313+0000] {logging_mixin.py:137} INFO - [2024-10-17T21:25:18.313+0000] {manager.py:504} INFO - Created Permission View: can read on DAG:tutorial_dag
[2024-10-17T21:25:18.320+0000] {logging_mixin.py:137} INFO - [2024-10-17T21:25:18.319+0000] {manager.py:504} INFO - Created Permission View: can delete on DAG:tutorial_dag
[2024-10-17T21:25:18.324+0000] {logging_mixin.py:137} INFO - [2024-10-17T21:25:18.324+0000] {manager.py:504} INFO - Created Permission View: can edit on DAG:tutorial_dag
[2024-10-17T21:25:18.325+0000] {logging_mixin.py:137} INFO - [2024-10-17T21:25:18.325+0000] {dag.py:2690} INFO - Sync 1 DAGs
[2024-10-17T21:25:18.333+0000] {logging_mixin.py:137} INFO - [2024-10-17T21:25:18.332+0000] {dag.py:2711} INFO - Creating ORM DAG for tutorial_dag
[2024-10-17T21:25:18.340+0000] {logging_mixin.py:137} INFO - [2024-10-17T21:25:18.340+0000] {dag.py:3437} INFO - Setting next_dagrun for tutorial_dag to None, run_after=None
[2024-10-17T21:25:18.351+0000] {processor.py:175} INFO - Processing /usr/local/lib/python3.9/site-packages/airflow/example_dags/tutorial_dag.py took 0.123 seconds
[2024-10-17T21:25:48.687+0000] {processor.py:153} INFO - Started process (PID=122) to work on /usr/local/lib/python3.9/site-packages/airflow/example_dags/tutorial_dag.py
[2024-10-17T21:25:48.688+0000] {processor.py:743} INFO - Processing file /usr/local/lib/python3.9/site-packages/airflow/example_dags/tutorial_dag.py for tasks to queue
[2024-10-17T21:25:48.688+0000] {logging_mixin.py:137} INFO - [2024-10-17T21:25:48.688+0000] {dagbag.py:538} INFO - Filling up the DagBag from /usr/local/lib/python3.9/site-packages/airflow/example_dags/tutorial_dag.py
[2024-10-17T21:25:48.697+0000] {processor.py:753} INFO - DAG(s) dict_keys(['tutorial_dag']) retrieved from /usr/local/lib/python3.9/site-packages/airflow/example_dags/tutorial_dag.py
[2024-10-17T21:25:48.713+0000] {logging_mixin.py:137} INFO - [2024-10-17T21:25:48.713+0000] {dag.py:2690} INFO - Sync 1 DAGs
[2024-10-17T21:25:48.728+0000] {logging_mixin.py:137} INFO - [2024-10-17T21:25:48.728+0000] {dag.py:3437} INFO - Setting next_dagrun for tutorial_dag to None, run_after=None
[2024-10-17T21:25:48.739+0000] {processor.py:175} INFO - Processing /usr/local/lib/python3.9/site-packages/airflow/example_dags/tutorial_dag.py took 0.054 seconds
[2024-10-17T21:26:19.503+0000] {processor.py:153} INFO - Started process (PID=163) to work on /usr/local/lib/python3.9/site-packages/airflow/example_dags/tutorial_dag.py
[2024-10-17T21:26:19.503+0000] {processor.py:743} INFO - Processing file /usr/local/lib/python3.9/site-packages/airflow/example_dags/tutorial_dag.py for tasks to queue
[2024-10-17T21:26:19.504+0000] {logging_mixin.py:137} INFO - [2024-10-17T21:26:19.504+0000] {dagbag.py:538} INFO - Filling up the DagBag from /usr/local/lib/python3.9/site-packages/airflow/example_dags/tutorial_dag.py
[2024-10-17T21:26:19.513+0000] {processor.py:753} INFO - DAG(s) dict_keys(['tutorial_dag']) retrieved from /usr/local/lib/python3.9/site-packages/airflow/example_dags/tutorial_dag.py
[2024-10-17T21:26:19.529+0000] {logging_mixin.py:137} INFO - [2024-10-17T21:26:19.529+0000] {dag.py:2690} INFO - Sync 1 DAGs
[2024-10-17T21:26:19.544+0000] {logging_mixin.py:137} INFO - [2024-10-17T21:26:19.544+0000] {dag.py:3437} INFO - Setting next_dagrun for tutorial_dag to None, run_after=None
[2024-10-17T21:26:19.556+0000] {processor.py:175} INFO - Processing /usr/local/lib/python3.9/site-packages/airflow/example_dags/tutorial_dag.py took 0.055 seconds
