[2024-10-17T21:25:18.564+0000] {processor.py:153} INFO - Started process (PID=81) to work on /usr/local/lib/python3.9/site-packages/airflow/example_dags/tutorial_taskflow_api.py
[2024-10-17T21:25:18.565+0000] {processor.py:743} INFO - Processing file /usr/local/lib/python3.9/site-packages/airflow/example_dags/tutorial_taskflow_api.py for tasks to queue
[2024-10-17T21:25:18.565+0000] {logging_mixin.py:137} INFO - [2024-10-17T21:25:18.565+0000] {dagbag.py:538} INFO - Filling up the DagBag from /usr/local/lib/python3.9/site-packages/airflow/example_dags/tutorial_taskflow_api.py
[2024-10-17T21:25:18.581+0000] {processor.py:753} INFO - DAG(s) dict_keys(['tutorial_taskflow_api']) retrieved from /usr/local/lib/python3.9/site-packages/airflow/example_dags/tutorial_taskflow_api.py
[2024-10-17T21:25:18.654+0000] {logging_mixin.py:137} INFO - [2024-10-17T21:25:18.653+0000] {manager.py:504} INFO - Created Permission View: can read on DAG:tutorial_taskflow_api
[2024-10-17T21:25:18.660+0000] {logging_mixin.py:137} INFO - [2024-10-17T21:25:18.660+0000] {manager.py:504} INFO - Created Permission View: can delete on DAG:tutorial_taskflow_api
[2024-10-17T21:25:18.665+0000] {logging_mixin.py:137} INFO - [2024-10-17T21:25:18.665+0000] {manager.py:504} INFO - Created Permission View: can edit on DAG:tutorial_taskflow_api
[2024-10-17T21:25:18.666+0000] {logging_mixin.py:137} INFO - [2024-10-17T21:25:18.666+0000] {dag.py:2690} INFO - Sync 1 DAGs
[2024-10-17T21:25:18.675+0000] {logging_mixin.py:137} INFO - [2024-10-17T21:25:18.675+0000] {dag.py:2711} INFO - Creating ORM DAG for tutorial_taskflow_api
[2024-10-17T21:25:18.682+0000] {logging_mixin.py:137} INFO - [2024-10-17T21:25:18.682+0000] {dag.py:3437} INFO - Setting next_dagrun for tutorial_taskflow_api to None, run_after=None
[2024-10-17T21:25:18.695+0000] {processor.py:175} INFO - Processing /usr/local/lib/python3.9/site-packages/airflow/example_dags/tutorial_taskflow_api.py took 0.133 seconds
[2024-10-17T21:25:48.861+0000] {processor.py:153} INFO - Started process (PID=126) to work on /usr/local/lib/python3.9/site-packages/airflow/example_dags/tutorial_taskflow_api.py
[2024-10-17T21:25:48.861+0000] {processor.py:743} INFO - Processing file /usr/local/lib/python3.9/site-packages/airflow/example_dags/tutorial_taskflow_api.py for tasks to queue
[2024-10-17T21:25:48.862+0000] {logging_mixin.py:137} INFO - [2024-10-17T21:25:48.862+0000] {dagbag.py:538} INFO - Filling up the DagBag from /usr/local/lib/python3.9/site-packages/airflow/example_dags/tutorial_taskflow_api.py
[2024-10-17T21:25:48.877+0000] {processor.py:753} INFO - DAG(s) dict_keys(['tutorial_taskflow_api']) retrieved from /usr/local/lib/python3.9/site-packages/airflow/example_dags/tutorial_taskflow_api.py
[2024-10-17T21:25:48.892+0000] {logging_mixin.py:137} INFO - [2024-10-17T21:25:48.892+0000] {dag.py:2690} INFO - Sync 1 DAGs
[2024-10-17T21:25:48.907+0000] {logging_mixin.py:137} INFO - [2024-10-17T21:25:48.907+0000] {dag.py:3437} INFO - Setting next_dagrun for tutorial_taskflow_api to None, run_after=None
[2024-10-17T21:25:48.918+0000] {processor.py:175} INFO - Processing /usr/local/lib/python3.9/site-packages/airflow/example_dags/tutorial_taskflow_api.py took 0.060 seconds
[2024-10-17T21:26:19.669+0000] {processor.py:153} INFO - Started process (PID=167) to work on /usr/local/lib/python3.9/site-packages/airflow/example_dags/tutorial_taskflow_api.py
[2024-10-17T21:26:19.669+0000] {processor.py:743} INFO - Processing file /usr/local/lib/python3.9/site-packages/airflow/example_dags/tutorial_taskflow_api.py for tasks to queue
[2024-10-17T21:26:19.670+0000] {logging_mixin.py:137} INFO - [2024-10-17T21:26:19.670+0000] {dagbag.py:538} INFO - Filling up the DagBag from /usr/local/lib/python3.9/site-packages/airflow/example_dags/tutorial_taskflow_api.py
[2024-10-17T21:26:19.686+0000] {processor.py:753} INFO - DAG(s) dict_keys(['tutorial_taskflow_api']) retrieved from /usr/local/lib/python3.9/site-packages/airflow/example_dags/tutorial_taskflow_api.py
[2024-10-17T21:26:19.701+0000] {logging_mixin.py:137} INFO - [2024-10-17T21:26:19.701+0000] {dag.py:2690} INFO - Sync 1 DAGs
[2024-10-17T21:26:19.716+0000] {logging_mixin.py:137} INFO - [2024-10-17T21:26:19.716+0000] {dag.py:3437} INFO - Setting next_dagrun for tutorial_taskflow_api to None, run_after=None
[2024-10-17T21:26:19.728+0000] {processor.py:175} INFO - Processing /usr/local/lib/python3.9/site-packages/airflow/example_dags/tutorial_taskflow_api.py took 0.061 seconds
