[2024-10-17T21:25:18.421+0000] {processor.py:153} INFO - Started process (PID=80) to work on /usr/local/lib/python3.9/site-packages/airflow/example_dags/tutorial.py
[2024-10-17T21:25:18.421+0000] {processor.py:743} INFO - Processing file /usr/local/lib/python3.9/site-packages/airflow/example_dags/tutorial.py for tasks to queue
[2024-10-17T21:25:18.422+0000] {logging_mixin.py:137} INFO - [2024-10-17T21:25:18.422+0000] {dagbag.py:538} INFO - Filling up the DagBag from /usr/local/lib/python3.9/site-packages/airflow/example_dags/tutorial.py
[2024-10-17T21:25:18.432+0000] {processor.py:753} INFO - DAG(s) dict_keys(['tutorial']) retrieved from /usr/local/lib/python3.9/site-packages/airflow/example_dags/tutorial.py
[2024-10-17T21:25:18.508+0000] {logging_mixin.py:137} INFO - [2024-10-17T21:25:18.508+0000] {manager.py:504} INFO - Created Permission View: can read on DAG:tutorial
[2024-10-17T21:25:18.515+0000] {logging_mixin.py:137} INFO - [2024-10-17T21:25:18.514+0000] {manager.py:504} INFO - Created Permission View: can delete on DAG:tutorial
[2024-10-17T21:25:18.520+0000] {logging_mixin.py:137} INFO - [2024-10-17T21:25:18.520+0000] {manager.py:504} INFO - Created Permission View: can edit on DAG:tutorial
[2024-10-17T21:25:18.520+0000] {logging_mixin.py:137} INFO - [2024-10-17T21:25:18.520+0000] {dag.py:2690} INFO - Sync 1 DAGs
[2024-10-17T21:25:18.528+0000] {logging_mixin.py:137} INFO - [2024-10-17T21:25:18.528+0000] {dag.py:2711} INFO - Creating ORM DAG for tutorial
[2024-10-17T21:25:18.535+0000] {logging_mixin.py:137} INFO - [2024-10-17T21:25:18.535+0000] {dag.py:3437} INFO - Setting next_dagrun for tutorial to 2024-10-16T21:25:18.535681+00:00, run_after=2024-10-17T21:25:18.535681+00:00
[2024-10-17T21:25:18.547+0000] {processor.py:175} INFO - Processing /usr/local/lib/python3.9/site-packages/airflow/example_dags/tutorial.py took 0.128 seconds
[2024-10-17T21:25:48.831+0000] {processor.py:153} INFO - Started process (PID=125) to work on /usr/local/lib/python3.9/site-packages/airflow/example_dags/tutorial.py
[2024-10-17T21:25:48.832+0000] {processor.py:743} INFO - Processing file /usr/local/lib/python3.9/site-packages/airflow/example_dags/tutorial.py for tasks to queue
[2024-10-17T21:25:48.832+0000] {logging_mixin.py:137} INFO - [2024-10-17T21:25:48.832+0000] {dagbag.py:538} INFO - Filling up the DagBag from /usr/local/lib/python3.9/site-packages/airflow/example_dags/tutorial.py
[2024-10-17T21:25:48.842+0000] {processor.py:753} INFO - DAG(s) dict_keys(['tutorial']) retrieved from /usr/local/lib/python3.9/site-packages/airflow/example_dags/tutorial.py
[2024-10-17T21:25:48.857+0000] {logging_mixin.py:137} INFO - [2024-10-17T21:25:48.857+0000] {dag.py:2690} INFO - Sync 1 DAGs
[2024-10-17T21:25:48.872+0000] {logging_mixin.py:137} INFO - [2024-10-17T21:25:48.872+0000] {dag.py:3437} INFO - Setting next_dagrun for tutorial to 2024-10-16T21:25:48.872242+00:00, run_after=2024-10-17T21:25:48.872242+00:00
[2024-10-17T21:25:48.883+0000] {processor.py:175} INFO - Processing /usr/local/lib/python3.9/site-packages/airflow/example_dags/tutorial.py took 0.054 seconds
[2024-10-17T21:26:19.597+0000] {processor.py:153} INFO - Started process (PID=166) to work on /usr/local/lib/python3.9/site-packages/airflow/example_dags/tutorial.py
[2024-10-17T21:26:19.597+0000] {processor.py:743} INFO - Processing file /usr/local/lib/python3.9/site-packages/airflow/example_dags/tutorial.py for tasks to queue
[2024-10-17T21:26:19.598+0000] {logging_mixin.py:137} INFO - [2024-10-17T21:26:19.598+0000] {dagbag.py:538} INFO - Filling up the DagBag from /usr/local/lib/python3.9/site-packages/airflow/example_dags/tutorial.py
[2024-10-17T21:26:19.608+0000] {processor.py:753} INFO - DAG(s) dict_keys(['tutorial']) retrieved from /usr/local/lib/python3.9/site-packages/airflow/example_dags/tutorial.py
[2024-10-17T21:26:19.623+0000] {logging_mixin.py:137} INFO - [2024-10-17T21:26:19.623+0000] {dag.py:2690} INFO - Sync 1 DAGs
[2024-10-17T21:26:19.637+0000] {logging_mixin.py:137} INFO - [2024-10-17T21:26:19.637+0000] {dag.py:3437} INFO - Setting next_dagrun for tutorial to 2024-10-16T21:26:19.637736+00:00, run_after=2024-10-17T21:26:19.637736+00:00
[2024-10-17T21:26:19.650+0000] {processor.py:175} INFO - Processing /usr/local/lib/python3.9/site-packages/airflow/example_dags/tutorial.py took 0.055 seconds
