[2024-10-19T15:11:41.373+0000] {taskinstance.py:1083} INFO - Dependencies all met for <TaskInstance: ambev_breweries_pipeline.trigger_dataquality manual__2024-10-19T15:11:20.306407+00:00 [queued]>
[2024-10-19T15:11:41.379+0000] {taskinstance.py:1083} INFO - Dependencies all met for <TaskInstance: ambev_breweries_pipeline.trigger_dataquality manual__2024-10-19T15:11:20.306407+00:00 [queued]>
[2024-10-19T15:11:41.379+0000] {taskinstance.py:1279} INFO - 
--------------------------------------------------------------------------------
[2024-10-19T15:11:41.380+0000] {taskinstance.py:1280} INFO - Starting attempt 1 of 1
[2024-10-19T15:11:41.380+0000] {taskinstance.py:1281} INFO - 
--------------------------------------------------------------------------------
[2024-10-19T15:11:41.388+0000] {taskinstance.py:1300} INFO - Executing <Task(TriggerDagRunOperator): trigger_dataquality> on 2024-10-19 15:11:20.306407+00:00
[2024-10-19T15:11:41.391+0000] {standard_task_runner.py:55} INFO - Started process 36502 to run task
[2024-10-19T15:11:41.393+0000] {standard_task_runner.py:82} INFO - Running: ['***', 'tasks', 'run', 'ambev_breweries_pipeline', 'trigger_dataquality', 'manual__2024-10-19T15:11:20.306407+00:00', '--job-id', '57', '--raw', '--subdir', 'DAGS_FOLDER/dag_brewery.py', '--cfg-path', '/tmp/tmpxbe3eevn']
[2024-10-19T15:11:41.394+0000] {standard_task_runner.py:83} INFO - Job 57: Subtask trigger_dataquality
[2024-10-19T15:11:41.404+0000] {logging_mixin.py:137} WARNING - /usr/local/lib/python3.9/site-packages/***/settings.py:249 DeprecationWarning: The sql_alchemy_conn option in [core] has been moved to the sql_alchemy_conn option in [database] - the old setting has been used, but please update your config.
[2024-10-19T15:11:41.437+0000] {task_command.py:388} INFO - Running <TaskInstance: ambev_breweries_pipeline.trigger_dataquality manual__2024-10-19T15:11:20.306407+00:00 [running]> on host 39b0b1bd9d5a
[2024-10-19T15:11:41.481+0000] {taskinstance.py:1507} INFO - Exporting the following env vars:
AIRFLOW_CTX_DAG_OWNER=Klaus_Rezende
AIRFLOW_CTX_DAG_ID=ambev_breweries_pipeline
AIRFLOW_CTX_TASK_ID=trigger_dataquality
AIRFLOW_CTX_EXECUTION_DATE=2024-10-19T15:11:20.306407+00:00
AIRFLOW_CTX_TRY_NUMBER=1
AIRFLOW_CTX_DAG_RUN_ID=manual__2024-10-19T15:11:20.306407+00:00
[2024-10-19T15:11:41.541+0000] {taskinstance.py:1318} INFO - Marking task as SUCCESS. dag_id=ambev_breweries_pipeline, task_id=trigger_dataquality, execution_date=20241019T151120, start_date=20241019T151141, end_date=20241019T151141
[2024-10-19T15:11:41.565+0000] {local_task_job.py:208} INFO - Task exited with return code 0
[2024-10-19T15:11:41.581+0000] {taskinstance.py:2578} INFO - 1 downstream tasks scheduled from follow-on schedule check
