[2024-10-17T21:20:18.435+0000] {taskinstance.py:1083} INFO - Dependencies all met for <TaskInstance: dataquality_breweries_pipeline.run_data_quality manual__2024-10-17T21:19:55.482967+00:00 [queued]>
[2024-10-17T21:20:18.443+0000] {taskinstance.py:1083} INFO - Dependencies all met for <TaskInstance: dataquality_breweries_pipeline.run_data_quality manual__2024-10-17T21:19:55.482967+00:00 [queued]>
[2024-10-17T21:20:18.443+0000] {taskinstance.py:1279} INFO - 
--------------------------------------------------------------------------------
[2024-10-17T21:20:18.443+0000] {taskinstance.py:1280} INFO - Starting attempt 1 of 1
[2024-10-17T21:20:18.443+0000] {taskinstance.py:1281} INFO - 
--------------------------------------------------------------------------------
[2024-10-17T21:20:18.452+0000] {taskinstance.py:1300} INFO - Executing <Task(BashOperator): run_data_quality> on 2024-10-17 21:19:55.482967+00:00
[2024-10-17T21:20:18.456+0000] {standard_task_runner.py:55} INFO - Started process 831 to run task
[2024-10-17T21:20:18.457+0000] {standard_task_runner.py:82} INFO - Running: ['***', 'tasks', 'run', 'dataquality_breweries_pipeline', 'run_data_quality', 'manual__2024-10-17T21:19:55.482967+00:00', '--job-id', '10', '--raw', '--subdir', 'DAGS_FOLDER/dag_dataquality.py', '--cfg-path', '/tmp/tmpa7lqdfrr']
[2024-10-17T21:20:18.459+0000] {standard_task_runner.py:83} INFO - Job 10: Subtask run_data_quality
[2024-10-17T21:20:18.469+0000] {logging_mixin.py:137} WARNING - /usr/local/lib/python3.9/site-packages/***/settings.py:249 DeprecationWarning: The sql_alchemy_conn option in [core] has been moved to the sql_alchemy_conn option in [database] - the old setting has been used, but please update your config.
[2024-10-17T21:20:18.504+0000] {task_command.py:388} INFO - Running <TaskInstance: dataquality_breweries_pipeline.run_data_quality manual__2024-10-17T21:19:55.482967+00:00 [running]> on host d7db64b64b8c
[2024-10-17T21:20:18.551+0000] {taskinstance.py:1507} INFO - Exporting the following env vars:
AIRFLOW_CTX_DAG_OWNER=Klaus_Rezende
AIRFLOW_CTX_DAG_ID=dataquality_breweries_pipeline
AIRFLOW_CTX_TASK_ID=run_data_quality
AIRFLOW_CTX_EXECUTION_DATE=2024-10-17T21:19:55.482967+00:00
AIRFLOW_CTX_TRY_NUMBER=1
AIRFLOW_CTX_DAG_RUN_ID=manual__2024-10-17T21:19:55.482967+00:00
[2024-10-17T21:20:18.552+0000] {subprocess.py:63} INFO - Tmp dir root location: 
 /tmp
[2024-10-17T21:20:18.553+0000] {subprocess.py:75} INFO - Running command: ['/usr/bin/bash', '-c', 'python3 /opt/***/scripts/data_quality_brewery.py']
[2024-10-17T21:20:18.559+0000] {subprocess.py:86} INFO - Output:
[2024-10-17T21:20:22.196+0000] {subprocess.py:93} INFO - Setting default log level to "WARN".
[2024-10-17T21:20:22.197+0000] {subprocess.py:93} INFO - To adjust logging level use sc.setLogLevel(newLevel). For SparkR, use setLogLevel(newLevel).
[2024-10-17T21:20:22.375+0000] {subprocess.py:93} INFO - 24/10/17 21:20:22 WARN NativeCodeLoader: Unable to load native-hadoop library for your platform... using builtin-java classes where applicable
[2024-10-17T21:20:23.954+0000] {subprocess.py:97} INFO - Command exited with return code 0
[2024-10-17T21:20:23.973+0000] {taskinstance.py:1318} INFO - Marking task as SUCCESS. dag_id=dataquality_breweries_pipeline, task_id=run_data_quality, execution_date=20241017T211955, start_date=20241017T212018, end_date=20241017T212023
[2024-10-17T21:20:23.998+0000] {local_task_job.py:208} INFO - Task exited with return code 0
[2024-10-17T21:20:24.013+0000] {taskinstance.py:2578} INFO - 1 downstream tasks scheduled from follow-on schedule check
